[2024-12-05T18:40:25.935+0000] {local_task_job_runner.py:120} INFO - ::group::Pre task execution logs
[2024-12-05T18:40:25.951+0000] {taskinstance.py:2076} INFO - Dependencies all met for dep_context=non-requeueable deps ti=<TaskInstance: dbt_elt_process.dbt_snapshot manual__2024-12-05T07:08:12.333135+00:00 [queued]>
[2024-12-05T18:40:25.953+0000] {taskinstance.py:2076} INFO - Dependencies all met for dep_context=requeueable deps ti=<TaskInstance: dbt_elt_process.dbt_snapshot manual__2024-12-05T07:08:12.333135+00:00 [queued]>
[2024-12-05T18:40:25.954+0000] {taskinstance.py:2306} INFO - Starting attempt 1 of 1
[2024-12-05T18:40:25.958+0000] {taskinstance.py:2330} INFO - Executing <Task(BashOperator): dbt_snapshot> on 2024-12-05 07:08:12.333135+00:00
[2024-12-05T18:40:25.961+0000] {standard_task_runner.py:90} INFO - Running: ['***', 'tasks', 'run', 'dbt_elt_process', 'dbt_snapshot', 'manual__2024-12-05T07:08:12.333135+00:00', '--job-id', '873', '--raw', '--subdir', 'DAGS_FOLDER/dbt_elt_process.py', '--cfg-path', '/tmp/tmp29wddnmi']
[2024-12-05T18:40:25.962+0000] {logging_mixin.py:188} WARNING - /home/***/.local/lib/python3.12/site-packages/***/task/task_runner/standard_task_runner.py:61 DeprecationWarning: This process (pid=4744) is multi-threaded, use of fork() may lead to deadlocks in the child.
[2024-12-05T18:40:25.963+0000] {standard_task_runner.py:91} INFO - Job 873: Subtask dbt_snapshot
[2024-12-05T18:40:25.963+0000] {standard_task_runner.py:63} INFO - Started process 4745 to run task
[2024-12-05T18:40:25.981+0000] {task_command.py:426} INFO - Running <TaskInstance: dbt_elt_process.dbt_snapshot manual__2024-12-05T07:08:12.333135+00:00 [running]> on host a7c1fb604220
[2024-12-05T18:40:26.009+0000] {taskinstance.py:2648} INFO - Exporting env vars: AIRFLOW_CTX_DAG_OWNER='***' AIRFLOW_CTX_DAG_ID='dbt_elt_process' AIRFLOW_CTX_TASK_ID='dbt_snapshot' AIRFLOW_CTX_EXECUTION_DATE='2024-12-05T07:08:12.333135+00:00' AIRFLOW_CTX_TRY_NUMBER='1' AIRFLOW_CTX_DAG_RUN_ID='manual__2024-12-05T07:08:12.333135+00:00'
[2024-12-05T18:40:26.010+0000] {taskinstance.py:430} INFO - ::endgroup::
[2024-12-05T18:40:26.015+0000] {subprocess.py:63} INFO - Tmp dir root location: /tmp
[2024-12-05T18:40:26.016+0000] {subprocess.py:75} INFO - Running command: ['/usr/bin/bash', '-c', '/home/***/.local/bin/dbt snapshot --profiles-dir /opt/***/dbt_movie/ --project-dir /opt/***/dbt_movie/']
[2024-12-05T18:40:26.018+0000] {subprocess.py:86} INFO - Output:
[2024-12-05T18:40:26.842+0000] {subprocess.py:93} INFO - [0m18:40:26  Running with dbt=1.8.7
[2024-12-05T18:40:27.246+0000] {subprocess.py:93} INFO - [0m18:40:27  Registered adapter: snowflake=1.8.4
[2024-12-05T18:40:27.440+0000] {subprocess.py:93} INFO - [0m18:40:27  Found 7 models, 7 snapshots, 4 data tests, 9 sources, 459 macros
[2024-12-05T18:40:27.442+0000] {subprocess.py:93} INFO - [0m18:40:27
[2024-12-05T18:40:29.264+0000] {subprocess.py:93} INFO - [0m18:40:29  Concurrency: 1 threads (target='dev')
[2024-12-05T18:40:29.268+0000] {subprocess.py:93} INFO - [0m18:40:29
[2024-12-05T18:40:29.270+0000] {subprocess.py:93} INFO - [0m18:40:29  1 of 7 START snapshot snapshots.avg_popularity_by_language_snapshot ............ [RUN]
[2024-12-05T18:40:32.867+0000] {subprocess.py:93} INFO - [0m18:40:32  1 of 7 OK snapshotted snapshots.avg_popularity_by_language_snapshot ............ [[32mSUCCESS 8[0m in 3.59s]
[2024-12-05T18:40:32.869+0000] {subprocess.py:93} INFO - [0m18:40:32  2 of 7 START snapshot snapshots.avg_vote_count_by_genre_snapshot ............... [RUN]
[2024-12-05T18:40:36.494+0000] {subprocess.py:93} INFO - [0m18:40:36  2 of 7 OK snapshotted snapshots.avg_vote_count_by_genre_snapshot ............... [[32mSUCCESS 0[0m in 3.62s]
[2024-12-05T18:40:36.503+0000] {subprocess.py:93} INFO - [0m18:40:36  3 of 7 START snapshot snapshots.most_popular_genres_snapshot ................... [RUN]
[2024-12-05T18:40:39.997+0000] {subprocess.py:93} INFO - [0m18:40:39  3 of 7 OK snapshotted snapshots.most_popular_genres_snapshot ................... [[32mSUCCESS 0[0m in 3.49s]
[2024-12-05T18:40:40.000+0000] {subprocess.py:93} INFO - [0m18:40:40  4 of 7 START snapshot snapshots.movie_analytics_snapshot ....................... [RUN]
[2024-12-05T18:40:41.102+0000] {local_task_job_runner.py:310} WARNING - State of this instance has been externally set to success. Terminating instance.
[2024-12-05T18:40:41.104+0000] {local_task_job_runner.py:222} INFO - ::endgroup::
[2024-12-05T18:40:41.106+0000] {process_utils.py:132} INFO - Sending 15 to group 4745. PIDs of all processes in the group: [4746, 4756, 4745]
[2024-12-05T18:40:41.106+0000] {process_utils.py:87} INFO - Sending the signal 15 to group 4745
[2024-12-05T18:40:41.107+0000] {taskinstance.py:2611} ERROR - Received SIGTERM. Terminating subprocesses.
[2024-12-05T18:40:41.108+0000] {subprocess.py:104} INFO - Sending SIGTERM signal to process group
[2024-12-05T18:40:41.110+0000] {taskinstance.py:441} INFO - ::group::Post task execution logs
[2024-12-05T18:40:41.164+0000] {process_utils.py:80} INFO - Process psutil.Process(pid=4745, status='terminated', exitcode=0, started='18:40:25') (4745) terminated with exit code 0
[2024-12-05T18:40:41.165+0000] {process_utils.py:80} INFO - Process psutil.Process(pid=4756, status='terminated', started='18:40:26') (4756) terminated with exit code None
[2024-12-05T18:40:41.165+0000] {process_utils.py:80} INFO - Process psutil.Process(pid=4746, status='terminated', started='18:40:25') (4746) terminated with exit code None
