[2024-12-04T02:00:05.666+0000] {local_task_job_runner.py:120} INFO - ::group::Pre task execution logs
[2024-12-04T02:00:05.677+0000] {taskinstance.py:2076} INFO - Dependencies all met for dep_context=non-requeueable deps ti=<TaskInstance: etl_tmdb_us_movies.load_tmdb_data_to_snowflake scheduled__2024-12-04T01:00:00+00:00 [queued]>
[2024-12-04T02:00:05.680+0000] {taskinstance.py:2076} INFO - Dependencies all met for dep_context=requeueable deps ti=<TaskInstance: etl_tmdb_us_movies.load_tmdb_data_to_snowflake scheduled__2024-12-04T01:00:00+00:00 [queued]>
[2024-12-04T02:00:05.680+0000] {taskinstance.py:2306} INFO - Starting attempt 1 of 2
[2024-12-04T02:00:05.686+0000] {taskinstance.py:2330} INFO - Executing <Task(_PythonDecoratedOperator): load_tmdb_data_to_snowflake> on 2024-12-04 01:00:00+00:00
[2024-12-04T02:00:05.696+0000] {logging_mixin.py:188} WARNING - /home/***/.local/lib/python3.12/site-packages/***/task/task_runner/standard_task_runner.py:61 DeprecationWarning: This process (pid=54529) is multi-threaded, use of fork() may lead to deadlocks in the child.
[2024-12-04T02:00:05.695+0000] {standard_task_runner.py:90} INFO - Running: ['***', 'tasks', 'run', 'etl_tmdb_us_movies', 'load_tmdb_data_to_snowflake', 'scheduled__2024-12-04T01:00:00+00:00', '--job-id', '763', '--raw', '--subdir', 'DAGS_FOLDER/tmdb_historical.py', '--cfg-path', '/tmp/tmpwxpoeqfm']
[2024-12-04T02:00:05.697+0000] {standard_task_runner.py:91} INFO - Job 763: Subtask load_tmdb_data_to_snowflake
[2024-12-04T02:00:05.697+0000] {standard_task_runner.py:63} INFO - Started process 54532 to run task
[2024-12-04T02:00:05.726+0000] {task_command.py:426} INFO - Running <TaskInstance: etl_tmdb_us_movies.load_tmdb_data_to_snowflake scheduled__2024-12-04T01:00:00+00:00 [running]> on host bbf2723bdd9c
[2024-12-04T02:00:05.772+0000] {taskinstance.py:2648} INFO - Exporting env vars: AIRFLOW_CTX_DAG_OWNER='***' AIRFLOW_CTX_DAG_ID='etl_tmdb_us_movies' AIRFLOW_CTX_TASK_ID='load_tmdb_data_to_snowflake' AIRFLOW_CTX_EXECUTION_DATE='2024-12-04T01:00:00+00:00' AIRFLOW_CTX_TRY_NUMBER='1' AIRFLOW_CTX_DAG_RUN_ID='scheduled__2024-12-04T01:00:00+00:00'
[2024-12-04T02:00:05.773+0000] {taskinstance.py:430} INFO - ::endgroup::
[2024-12-04T02:00:05.778+0000] {base.py:84} INFO - Using connection ID 'snowflake_conn' for task execution.
[2024-12-04T02:00:05.778+0000] {connection.py:399} INFO - Snowflake Connector for Python Version: 3.10.0, Python Version: 3.12.3, Platform: Linux-6.10.14-linuxkit-aarch64-with-glibc2.36
[2024-12-04T02:00:05.779+0000] {connection.py:1239} INFO - This connection is in OCSP Fail Open Mode. TLS Certificates would be checked for validity and revocation status. Any other Certificate Revocation related exceptions or OCSP Responder failures would be disregarded in favor of connectivity.
[2024-12-04T02:00:06.413+0000] {cursor.py:1149} INFO - Number of results in first chunk: 1
[2024-12-04T02:04:21.515+0000] {cursor.py:1149} INFO - Number of results in first chunk: 1
[2024-12-04T02:04:21.524+0000] {logging_mixin.py:188} INFO - Successfully loaded 433 records into Snowflake table: movies.raw_data.tmdb_data.
[2024-12-04T02:04:21.526+0000] {connection.py:762} INFO - closed
[2024-12-04T02:04:21.583+0000] {connection.py:768} INFO - No async queries seem to be running, deleting session
[2024-12-04T02:04:21.645+0000] {python.py:237} INFO - Done. Returned value was: None
[2024-12-04T02:04:21.646+0000] {taskinstance.py:441} INFO - ::group::Post task execution logs
[2024-12-04T02:04:21.662+0000] {taskinstance.py:1206} INFO - Marking task as SUCCESS. dag_id=etl_tmdb_us_movies, task_id=load_tmdb_data_to_snowflake, run_id=scheduled__2024-12-04T01:00:00+00:00, execution_date=20241204T010000, start_date=20241204T020005, end_date=20241204T020421
[2024-12-04T02:04:21.704+0000] {local_task_job_runner.py:240} INFO - Task exited with return code 0
[2024-12-04T02:04:21.720+0000] {local_task_job_runner.py:222} INFO - ::endgroup::
