[2024-12-02T23:33:59.609+0000] {processor.py:161} INFO - Started process (PID=21877) to work on /opt/airflow/dags/tmdb_data_incremental.py
[2024-12-02T23:33:59.610+0000] {processor.py:830} INFO - Processing file /opt/airflow/dags/tmdb_data_incremental.py for tasks to queue
[2024-12-02T23:33:59.610+0000] {logging_mixin.py:188} INFO - [2024-12-02T23:33:59.610+0000] {dagbag.py:545} INFO - Filling up the DagBag from /opt/airflow/dags/tmdb_data_incremental.py
[2024-12-02T23:33:59.618+0000] {processor.py:840} INFO - DAG(s) 'etl_tmdb_data_incremental' retrieved from /opt/airflow/dags/tmdb_data_incremental.py
[2024-12-02T23:33:59.807+0000] {logging_mixin.py:188} INFO - [2024-12-02T23:33:59.807+0000] {dag.py:3096} INFO - Sync 1 DAGs
[2024-12-02T23:33:59.811+0000] {logging_mixin.py:188} INFO - [2024-12-02T23:33:59.811+0000] {dag.py:3954} INFO - Setting next_dagrun for etl_tmdb_data_incremental to None, run_after=None
[2024-12-02T23:33:59.824+0000] {processor.py:183} INFO - Processing /opt/airflow/dags/tmdb_data_incremental.py took 0.217 seconds
[2024-12-02T23:34:30.077+0000] {processor.py:161} INFO - Started process (PID=21903) to work on /opt/airflow/dags/tmdb_data_incremental.py
[2024-12-02T23:34:30.078+0000] {processor.py:830} INFO - Processing file /opt/airflow/dags/tmdb_data_incremental.py for tasks to queue
[2024-12-02T23:34:30.079+0000] {logging_mixin.py:188} INFO - [2024-12-02T23:34:30.079+0000] {dagbag.py:545} INFO - Filling up the DagBag from /opt/airflow/dags/tmdb_data_incremental.py
[2024-12-02T23:34:30.087+0000] {processor.py:840} INFO - DAG(s) 'etl_tmdb_data_incremental' retrieved from /opt/airflow/dags/tmdb_data_incremental.py
[2024-12-02T23:34:30.102+0000] {logging_mixin.py:188} INFO - [2024-12-02T23:34:30.102+0000] {dag.py:3096} INFO - Sync 1 DAGs
[2024-12-02T23:34:30.108+0000] {logging_mixin.py:188} INFO - [2024-12-02T23:34:30.107+0000] {dag.py:3954} INFO - Setting next_dagrun for etl_tmdb_data_incremental to None, run_after=None
[2024-12-02T23:34:30.114+0000] {processor.py:183} INFO - Processing /opt/airflow/dags/tmdb_data_incremental.py took 0.042 seconds
[2024-12-02T23:35:00.644+0000] {processor.py:161} INFO - Started process (PID=21929) to work on /opt/airflow/dags/tmdb_data_incremental.py
[2024-12-02T23:35:00.644+0000] {processor.py:830} INFO - Processing file /opt/airflow/dags/tmdb_data_incremental.py for tasks to queue
[2024-12-02T23:35:00.645+0000] {logging_mixin.py:188} INFO - [2024-12-02T23:35:00.645+0000] {dagbag.py:545} INFO - Filling up the DagBag from /opt/airflow/dags/tmdb_data_incremental.py
[2024-12-02T23:35:00.649+0000] {processor.py:840} INFO - DAG(s) 'etl_tmdb_data_incremental' retrieved from /opt/airflow/dags/tmdb_data_incremental.py
[2024-12-02T23:35:00.653+0000] {logging_mixin.py:188} INFO - [2024-12-02T23:35:00.653+0000] {dag.py:3096} INFO - Sync 1 DAGs
[2024-12-02T23:35:00.658+0000] {logging_mixin.py:188} INFO - [2024-12-02T23:35:00.658+0000] {dag.py:3954} INFO - Setting next_dagrun for etl_tmdb_data_incremental to None, run_after=None
[2024-12-02T23:35:00.664+0000] {processor.py:183} INFO - Processing /opt/airflow/dags/tmdb_data_incremental.py took 0.030 seconds
[2024-12-02T23:35:31.159+0000] {processor.py:161} INFO - Started process (PID=21955) to work on /opt/airflow/dags/tmdb_data_incremental.py
[2024-12-02T23:35:31.160+0000] {processor.py:830} INFO - Processing file /opt/airflow/dags/tmdb_data_incremental.py for tasks to queue
[2024-12-02T23:35:31.161+0000] {logging_mixin.py:188} INFO - [2024-12-02T23:35:31.161+0000] {dagbag.py:545} INFO - Filling up the DagBag from /opt/airflow/dags/tmdb_data_incremental.py
[2024-12-02T23:35:31.169+0000] {processor.py:840} INFO - DAG(s) 'etl_tmdb_data_incremental' retrieved from /opt/airflow/dags/tmdb_data_incremental.py
[2024-12-02T23:35:31.227+0000] {logging_mixin.py:188} INFO - [2024-12-02T23:35:31.227+0000] {dag.py:3096} INFO - Sync 1 DAGs
[2024-12-02T23:35:31.230+0000] {logging_mixin.py:188} INFO - [2024-12-02T23:35:31.230+0000] {dag.py:3954} INFO - Setting next_dagrun for etl_tmdb_data_incremental to None, run_after=None
[2024-12-02T23:35:31.237+0000] {processor.py:183} INFO - Processing /opt/airflow/dags/tmdb_data_incremental.py took 0.082 seconds
[2024-12-02T23:36:01.604+0000] {processor.py:161} INFO - Started process (PID=21981) to work on /opt/airflow/dags/tmdb_data_incremental.py
[2024-12-02T23:36:01.606+0000] {processor.py:830} INFO - Processing file /opt/airflow/dags/tmdb_data_incremental.py for tasks to queue
[2024-12-02T23:36:01.606+0000] {logging_mixin.py:188} INFO - [2024-12-02T23:36:01.606+0000] {dagbag.py:545} INFO - Filling up the DagBag from /opt/airflow/dags/tmdb_data_incremental.py
[2024-12-02T23:36:01.614+0000] {processor.py:840} INFO - DAG(s) 'etl_tmdb_data_incremental' retrieved from /opt/airflow/dags/tmdb_data_incremental.py
[2024-12-02T23:36:01.627+0000] {logging_mixin.py:188} INFO - [2024-12-02T23:36:01.626+0000] {dag.py:3096} INFO - Sync 1 DAGs
[2024-12-02T23:36:01.632+0000] {logging_mixin.py:188} INFO - [2024-12-02T23:36:01.632+0000] {dag.py:3954} INFO - Setting next_dagrun for etl_tmdb_data_incremental to None, run_after=None
[2024-12-02T23:36:01.638+0000] {processor.py:183} INFO - Processing /opt/airflow/dags/tmdb_data_incremental.py took 0.039 seconds
[2024-12-02T23:36:32.068+0000] {processor.py:161} INFO - Started process (PID=22007) to work on /opt/airflow/dags/tmdb_data_incremental.py
[2024-12-02T23:36:32.069+0000] {processor.py:830} INFO - Processing file /opt/airflow/dags/tmdb_data_incremental.py for tasks to queue
[2024-12-02T23:36:32.070+0000] {logging_mixin.py:188} INFO - [2024-12-02T23:36:32.070+0000] {dagbag.py:545} INFO - Filling up the DagBag from /opt/airflow/dags/tmdb_data_incremental.py
[2024-12-02T23:36:32.078+0000] {processor.py:840} INFO - DAG(s) 'etl_tmdb_data_incremental' retrieved from /opt/airflow/dags/tmdb_data_incremental.py
[2024-12-02T23:36:32.087+0000] {logging_mixin.py:188} INFO - [2024-12-02T23:36:32.087+0000] {dag.py:3096} INFO - Sync 1 DAGs
[2024-12-02T23:36:32.095+0000] {logging_mixin.py:188} INFO - [2024-12-02T23:36:32.094+0000] {dag.py:3954} INFO - Setting next_dagrun for etl_tmdb_data_incremental to None, run_after=None
[2024-12-02T23:36:32.101+0000] {processor.py:183} INFO - Processing /opt/airflow/dags/tmdb_data_incremental.py took 0.041 seconds
[2024-12-02T23:37:02.624+0000] {processor.py:161} INFO - Started process (PID=22033) to work on /opt/airflow/dags/tmdb_data_incremental.py
[2024-12-02T23:37:02.625+0000] {processor.py:830} INFO - Processing file /opt/airflow/dags/tmdb_data_incremental.py for tasks to queue
[2024-12-02T23:37:02.625+0000] {logging_mixin.py:188} INFO - [2024-12-02T23:37:02.625+0000] {dagbag.py:545} INFO - Filling up the DagBag from /opt/airflow/dags/tmdb_data_incremental.py
[2024-12-02T23:37:02.632+0000] {processor.py:840} INFO - DAG(s) 'etl_tmdb_data_incremental' retrieved from /opt/airflow/dags/tmdb_data_incremental.py
[2024-12-02T23:37:02.708+0000] {logging_mixin.py:188} INFO - [2024-12-02T23:37:02.707+0000] {dag.py:3096} INFO - Sync 1 DAGs
[2024-12-02T23:37:02.713+0000] {logging_mixin.py:188} INFO - [2024-12-02T23:37:02.713+0000] {dag.py:3954} INFO - Setting next_dagrun for etl_tmdb_data_incremental to None, run_after=None
[2024-12-02T23:37:02.721+0000] {processor.py:183} INFO - Processing /opt/airflow/dags/tmdb_data_incremental.py took 0.101 seconds
[2024-12-02T23:37:33.090+0000] {processor.py:161} INFO - Started process (PID=22059) to work on /opt/airflow/dags/tmdb_data_incremental.py
[2024-12-02T23:37:33.091+0000] {processor.py:830} INFO - Processing file /opt/airflow/dags/tmdb_data_incremental.py for tasks to queue
[2024-12-02T23:37:33.091+0000] {logging_mixin.py:188} INFO - [2024-12-02T23:37:33.091+0000] {dagbag.py:545} INFO - Filling up the DagBag from /opt/airflow/dags/tmdb_data_incremental.py
[2024-12-02T23:37:33.099+0000] {processor.py:840} INFO - DAG(s) 'etl_tmdb_data_incremental' retrieved from /opt/airflow/dags/tmdb_data_incremental.py
[2024-12-02T23:37:33.117+0000] {logging_mixin.py:188} INFO - [2024-12-02T23:37:33.117+0000] {dag.py:3096} INFO - Sync 1 DAGs
[2024-12-02T23:37:33.123+0000] {logging_mixin.py:188} INFO - [2024-12-02T23:37:33.123+0000] {dag.py:3954} INFO - Setting next_dagrun for etl_tmdb_data_incremental to None, run_after=None
[2024-12-02T23:37:33.129+0000] {processor.py:183} INFO - Processing /opt/airflow/dags/tmdb_data_incremental.py took 0.043 seconds
[2024-12-02T23:38:03.681+0000] {processor.py:161} INFO - Started process (PID=22085) to work on /opt/airflow/dags/tmdb_data_incremental.py
[2024-12-02T23:38:03.683+0000] {processor.py:830} INFO - Processing file /opt/airflow/dags/tmdb_data_incremental.py for tasks to queue
[2024-12-02T23:38:03.683+0000] {logging_mixin.py:188} INFO - [2024-12-02T23:38:03.683+0000] {dagbag.py:545} INFO - Filling up the DagBag from /opt/airflow/dags/tmdb_data_incremental.py
[2024-12-02T23:38:03.691+0000] {processor.py:840} INFO - DAG(s) 'etl_tmdb_data_incremental' retrieved from /opt/airflow/dags/tmdb_data_incremental.py
[2024-12-02T23:38:03.702+0000] {logging_mixin.py:188} INFO - [2024-12-02T23:38:03.702+0000] {dag.py:3096} INFO - Sync 1 DAGs
[2024-12-02T23:38:03.709+0000] {logging_mixin.py:188} INFO - [2024-12-02T23:38:03.709+0000] {dag.py:3954} INFO - Setting next_dagrun for etl_tmdb_data_incremental to None, run_after=None
[2024-12-02T23:38:03.716+0000] {processor.py:183} INFO - Processing /opt/airflow/dags/tmdb_data_incremental.py took 0.040 seconds
[2024-12-02T23:38:34.212+0000] {processor.py:161} INFO - Started process (PID=22111) to work on /opt/airflow/dags/tmdb_data_incremental.py
[2024-12-02T23:38:34.214+0000] {processor.py:830} INFO - Processing file /opt/airflow/dags/tmdb_data_incremental.py for tasks to queue
[2024-12-02T23:38:34.214+0000] {logging_mixin.py:188} INFO - [2024-12-02T23:38:34.214+0000] {dagbag.py:545} INFO - Filling up the DagBag from /opt/airflow/dags/tmdb_data_incremental.py
[2024-12-02T23:38:34.222+0000] {processor.py:840} INFO - DAG(s) 'etl_tmdb_data_incremental' retrieved from /opt/airflow/dags/tmdb_data_incremental.py
[2024-12-02T23:38:34.282+0000] {logging_mixin.py:188} INFO - [2024-12-02T23:38:34.282+0000] {dag.py:3096} INFO - Sync 1 DAGs
[2024-12-02T23:38:34.291+0000] {logging_mixin.py:188} INFO - [2024-12-02T23:38:34.291+0000] {dag.py:3954} INFO - Setting next_dagrun for etl_tmdb_data_incremental to None, run_after=None
[2024-12-02T23:38:34.298+0000] {processor.py:183} INFO - Processing /opt/airflow/dags/tmdb_data_incremental.py took 0.090 seconds
[2024-12-02T23:39:04.718+0000] {processor.py:161} INFO - Started process (PID=22137) to work on /opt/airflow/dags/tmdb_data_incremental.py
[2024-12-02T23:39:04.719+0000] {processor.py:830} INFO - Processing file /opt/airflow/dags/tmdb_data_incremental.py for tasks to queue
[2024-12-02T23:39:04.720+0000] {logging_mixin.py:188} INFO - [2024-12-02T23:39:04.719+0000] {dagbag.py:545} INFO - Filling up the DagBag from /opt/airflow/dags/tmdb_data_incremental.py
[2024-12-02T23:39:04.727+0000] {processor.py:840} INFO - DAG(s) 'etl_tmdb_data_incremental' retrieved from /opt/airflow/dags/tmdb_data_incremental.py
[2024-12-02T23:39:04.744+0000] {logging_mixin.py:188} INFO - [2024-12-02T23:39:04.744+0000] {dag.py:3096} INFO - Sync 1 DAGs
[2024-12-02T23:39:04.750+0000] {logging_mixin.py:188} INFO - [2024-12-02T23:39:04.750+0000] {dag.py:3954} INFO - Setting next_dagrun for etl_tmdb_data_incremental to None, run_after=None
[2024-12-02T23:39:04.757+0000] {processor.py:183} INFO - Processing /opt/airflow/dags/tmdb_data_incremental.py took 0.045 seconds
[2024-12-02T23:39:35.212+0000] {processor.py:161} INFO - Started process (PID=22163) to work on /opt/airflow/dags/tmdb_data_incremental.py
[2024-12-02T23:39:35.214+0000] {processor.py:830} INFO - Processing file /opt/airflow/dags/tmdb_data_incremental.py for tasks to queue
[2024-12-02T23:39:35.215+0000] {logging_mixin.py:188} INFO - [2024-12-02T23:39:35.214+0000] {dagbag.py:545} INFO - Filling up the DagBag from /opt/airflow/dags/tmdb_data_incremental.py
[2024-12-02T23:39:35.223+0000] {processor.py:840} INFO - DAG(s) 'etl_tmdb_data_incremental' retrieved from /opt/airflow/dags/tmdb_data_incremental.py
[2024-12-02T23:39:35.234+0000] {logging_mixin.py:188} INFO - [2024-12-02T23:39:35.233+0000] {dag.py:3096} INFO - Sync 1 DAGs
[2024-12-02T23:39:35.242+0000] {logging_mixin.py:188} INFO - [2024-12-02T23:39:35.242+0000] {dag.py:3954} INFO - Setting next_dagrun for etl_tmdb_data_incremental to None, run_after=None
[2024-12-02T23:39:35.248+0000] {processor.py:183} INFO - Processing /opt/airflow/dags/tmdb_data_incremental.py took 0.041 seconds
[2024-12-02T23:40:05.732+0000] {processor.py:161} INFO - Started process (PID=22189) to work on /opt/airflow/dags/tmdb_data_incremental.py
[2024-12-02T23:40:05.734+0000] {processor.py:830} INFO - Processing file /opt/airflow/dags/tmdb_data_incremental.py for tasks to queue
[2024-12-02T23:40:05.734+0000] {logging_mixin.py:188} INFO - [2024-12-02T23:40:05.734+0000] {dagbag.py:545} INFO - Filling up the DagBag from /opt/airflow/dags/tmdb_data_incremental.py
[2024-12-02T23:40:05.742+0000] {processor.py:840} INFO - DAG(s) 'etl_tmdb_data_incremental' retrieved from /opt/airflow/dags/tmdb_data_incremental.py
[2024-12-02T23:40:05.820+0000] {logging_mixin.py:188} INFO - [2024-12-02T23:40:05.820+0000] {dag.py:3096} INFO - Sync 1 DAGs
[2024-12-02T23:40:05.826+0000] {logging_mixin.py:188} INFO - [2024-12-02T23:40:05.825+0000] {dag.py:3954} INFO - Setting next_dagrun for etl_tmdb_data_incremental to None, run_after=None
[2024-12-02T23:40:05.836+0000] {processor.py:183} INFO - Processing /opt/airflow/dags/tmdb_data_incremental.py took 0.109 seconds
[2024-12-02T23:40:36.183+0000] {processor.py:161} INFO - Started process (PID=22215) to work on /opt/airflow/dags/tmdb_data_incremental.py
[2024-12-02T23:40:36.184+0000] {processor.py:830} INFO - Processing file /opt/airflow/dags/tmdb_data_incremental.py for tasks to queue
[2024-12-02T23:40:36.185+0000] {logging_mixin.py:188} INFO - [2024-12-02T23:40:36.185+0000] {dagbag.py:545} INFO - Filling up the DagBag from /opt/airflow/dags/tmdb_data_incremental.py
[2024-12-02T23:40:36.193+0000] {processor.py:840} INFO - DAG(s) 'etl_tmdb_data_incremental' retrieved from /opt/airflow/dags/tmdb_data_incremental.py
[2024-12-02T23:40:36.211+0000] {logging_mixin.py:188} INFO - [2024-12-02T23:40:36.210+0000] {dag.py:3096} INFO - Sync 1 DAGs
[2024-12-02T23:40:36.216+0000] {logging_mixin.py:188} INFO - [2024-12-02T23:40:36.216+0000] {dag.py:3954} INFO - Setting next_dagrun for etl_tmdb_data_incremental to None, run_after=None
[2024-12-02T23:40:36.222+0000] {processor.py:183} INFO - Processing /opt/airflow/dags/tmdb_data_incremental.py took 0.049 seconds
[2024-12-02T23:41:06.790+0000] {processor.py:161} INFO - Started process (PID=22241) to work on /opt/airflow/dags/tmdb_data_incremental.py
[2024-12-02T23:41:06.791+0000] {processor.py:830} INFO - Processing file /opt/airflow/dags/tmdb_data_incremental.py for tasks to queue
[2024-12-02T23:41:06.792+0000] {logging_mixin.py:188} INFO - [2024-12-02T23:41:06.791+0000] {dagbag.py:545} INFO - Filling up the DagBag from /opt/airflow/dags/tmdb_data_incremental.py
[2024-12-02T23:41:06.798+0000] {processor.py:840} INFO - DAG(s) 'etl_tmdb_data_incremental' retrieved from /opt/airflow/dags/tmdb_data_incremental.py
[2024-12-02T23:41:06.805+0000] {logging_mixin.py:188} INFO - [2024-12-02T23:41:06.805+0000] {dag.py:3096} INFO - Sync 1 DAGs
[2024-12-02T23:41:06.811+0000] {logging_mixin.py:188} INFO - [2024-12-02T23:41:06.811+0000] {dag.py:3954} INFO - Setting next_dagrun for etl_tmdb_data_incremental to None, run_after=None
[2024-12-02T23:41:06.819+0000] {processor.py:183} INFO - Processing /opt/airflow/dags/tmdb_data_incremental.py took 0.037 seconds
[2024-12-02T23:41:37.329+0000] {processor.py:161} INFO - Started process (PID=22267) to work on /opt/airflow/dags/tmdb_data_incremental.py
[2024-12-02T23:41:37.331+0000] {processor.py:830} INFO - Processing file /opt/airflow/dags/tmdb_data_incremental.py for tasks to queue
[2024-12-02T23:41:37.331+0000] {logging_mixin.py:188} INFO - [2024-12-02T23:41:37.331+0000] {dagbag.py:545} INFO - Filling up the DagBag from /opt/airflow/dags/tmdb_data_incremental.py
[2024-12-02T23:41:37.340+0000] {processor.py:840} INFO - DAG(s) 'etl_tmdb_data_incremental' retrieved from /opt/airflow/dags/tmdb_data_incremental.py
[2024-12-02T23:41:37.421+0000] {logging_mixin.py:188} INFO - [2024-12-02T23:41:37.421+0000] {dag.py:3096} INFO - Sync 1 DAGs
[2024-12-02T23:41:37.425+0000] {logging_mixin.py:188} INFO - [2024-12-02T23:41:37.425+0000] {dag.py:3954} INFO - Setting next_dagrun for etl_tmdb_data_incremental to None, run_after=None
[2024-12-02T23:41:37.432+0000] {processor.py:183} INFO - Processing /opt/airflow/dags/tmdb_data_incremental.py took 0.110 seconds
[2024-12-02T23:42:07.973+0000] {processor.py:161} INFO - Started process (PID=22293) to work on /opt/airflow/dags/tmdb_data_incremental.py
[2024-12-02T23:42:07.977+0000] {processor.py:830} INFO - Processing file /opt/airflow/dags/tmdb_data_incremental.py for tasks to queue
[2024-12-02T23:42:07.980+0000] {logging_mixin.py:188} INFO - [2024-12-02T23:42:07.979+0000] {dagbag.py:545} INFO - Filling up the DagBag from /opt/airflow/dags/tmdb_data_incremental.py
[2024-12-02T23:42:07.996+0000] {processor.py:840} INFO - DAG(s) 'etl_tmdb_data_incremental' retrieved from /opt/airflow/dags/tmdb_data_incremental.py
[2024-12-02T23:42:08.036+0000] {logging_mixin.py:188} INFO - [2024-12-02T23:42:08.036+0000] {dag.py:3096} INFO - Sync 1 DAGs
[2024-12-02T23:42:08.048+0000] {logging_mixin.py:188} INFO - [2024-12-02T23:42:08.048+0000] {dag.py:3954} INFO - Setting next_dagrun for etl_tmdb_data_incremental to None, run_after=None
[2024-12-02T23:42:08.058+0000] {processor.py:183} INFO - Processing /opt/airflow/dags/tmdb_data_incremental.py took 0.092 seconds
[2024-12-02T23:42:38.526+0000] {processor.py:161} INFO - Started process (PID=22319) to work on /opt/airflow/dags/tmdb_data_incremental.py
[2024-12-02T23:42:38.527+0000] {processor.py:830} INFO - Processing file /opt/airflow/dags/tmdb_data_incremental.py for tasks to queue
[2024-12-02T23:42:38.528+0000] {logging_mixin.py:188} INFO - [2024-12-02T23:42:38.528+0000] {dagbag.py:545} INFO - Filling up the DagBag from /opt/airflow/dags/tmdb_data_incremental.py
[2024-12-02T23:42:38.536+0000] {processor.py:840} INFO - DAG(s) 'etl_tmdb_data_incremental' retrieved from /opt/airflow/dags/tmdb_data_incremental.py
[2024-12-02T23:42:38.547+0000] {logging_mixin.py:188} INFO - [2024-12-02T23:42:38.546+0000] {dag.py:3096} INFO - Sync 1 DAGs
[2024-12-02T23:42:38.554+0000] {logging_mixin.py:188} INFO - [2024-12-02T23:42:38.554+0000] {dag.py:3954} INFO - Setting next_dagrun for etl_tmdb_data_incremental to None, run_after=None
[2024-12-02T23:42:38.561+0000] {processor.py:183} INFO - Processing /opt/airflow/dags/tmdb_data_incremental.py took 0.041 seconds
[2024-12-02T23:43:09.068+0000] {processor.py:161} INFO - Started process (PID=22345) to work on /opt/airflow/dags/tmdb_data_incremental.py
[2024-12-02T23:43:09.069+0000] {processor.py:830} INFO - Processing file /opt/airflow/dags/tmdb_data_incremental.py for tasks to queue
[2024-12-02T23:43:09.070+0000] {logging_mixin.py:188} INFO - [2024-12-02T23:43:09.070+0000] {dagbag.py:545} INFO - Filling up the DagBag from /opt/airflow/dags/tmdb_data_incremental.py
[2024-12-02T23:43:09.078+0000] {processor.py:840} INFO - DAG(s) 'etl_tmdb_data_incremental' retrieved from /opt/airflow/dags/tmdb_data_incremental.py
[2024-12-02T23:43:09.134+0000] {logging_mixin.py:188} INFO - [2024-12-02T23:43:09.133+0000] {dag.py:3096} INFO - Sync 1 DAGs
[2024-12-02T23:43:09.138+0000] {logging_mixin.py:188} INFO - [2024-12-02T23:43:09.138+0000] {dag.py:3954} INFO - Setting next_dagrun for etl_tmdb_data_incremental to None, run_after=None
[2024-12-02T23:43:09.145+0000] {processor.py:183} INFO - Processing /opt/airflow/dags/tmdb_data_incremental.py took 0.084 seconds
[2024-12-02T23:43:39.553+0000] {processor.py:161} INFO - Started process (PID=22371) to work on /opt/airflow/dags/tmdb_data_incremental.py
[2024-12-02T23:43:39.555+0000] {processor.py:830} INFO - Processing file /opt/airflow/dags/tmdb_data_incremental.py for tasks to queue
[2024-12-02T23:43:39.556+0000] {logging_mixin.py:188} INFO - [2024-12-02T23:43:39.555+0000] {dagbag.py:545} INFO - Filling up the DagBag from /opt/airflow/dags/tmdb_data_incremental.py
[2024-12-02T23:43:39.563+0000] {processor.py:840} INFO - DAG(s) 'etl_tmdb_data_incremental' retrieved from /opt/airflow/dags/tmdb_data_incremental.py
[2024-12-02T23:43:39.579+0000] {logging_mixin.py:188} INFO - [2024-12-02T23:43:39.579+0000] {dag.py:3096} INFO - Sync 1 DAGs
[2024-12-02T23:43:39.585+0000] {logging_mixin.py:188} INFO - [2024-12-02T23:43:39.585+0000] {dag.py:3954} INFO - Setting next_dagrun for etl_tmdb_data_incremental to None, run_after=None
[2024-12-02T23:43:39.591+0000] {processor.py:183} INFO - Processing /opt/airflow/dags/tmdb_data_incremental.py took 0.042 seconds
[2024-12-02T23:44:10.171+0000] {processor.py:161} INFO - Started process (PID=22397) to work on /opt/airflow/dags/tmdb_data_incremental.py
[2024-12-02T23:44:10.173+0000] {processor.py:830} INFO - Processing file /opt/airflow/dags/tmdb_data_incremental.py for tasks to queue
[2024-12-02T23:44:10.173+0000] {logging_mixin.py:188} INFO - [2024-12-02T23:44:10.173+0000] {dagbag.py:545} INFO - Filling up the DagBag from /opt/airflow/dags/tmdb_data_incremental.py
[2024-12-02T23:44:10.183+0000] {processor.py:840} INFO - DAG(s) 'etl_tmdb_data_incremental' retrieved from /opt/airflow/dags/tmdb_data_incremental.py
[2024-12-02T23:44:10.199+0000] {logging_mixin.py:188} INFO - [2024-12-02T23:44:10.199+0000] {dag.py:3096} INFO - Sync 1 DAGs
[2024-12-02T23:44:10.209+0000] {logging_mixin.py:188} INFO - [2024-12-02T23:44:10.209+0000] {dag.py:3954} INFO - Setting next_dagrun for etl_tmdb_data_incremental to None, run_after=None
[2024-12-02T23:44:10.217+0000] {processor.py:183} INFO - Processing /opt/airflow/dags/tmdb_data_incremental.py took 0.061 seconds
[2024-12-02T23:44:40.757+0000] {processor.py:161} INFO - Started process (PID=22423) to work on /opt/airflow/dags/tmdb_data_incremental.py
[2024-12-02T23:44:40.758+0000] {processor.py:830} INFO - Processing file /opt/airflow/dags/tmdb_data_incremental.py for tasks to queue
[2024-12-02T23:44:40.758+0000] {logging_mixin.py:188} INFO - [2024-12-02T23:44:40.758+0000] {dagbag.py:545} INFO - Filling up the DagBag from /opt/airflow/dags/tmdb_data_incremental.py
[2024-12-02T23:44:40.765+0000] {processor.py:840} INFO - DAG(s) 'etl_tmdb_data_incremental' retrieved from /opt/airflow/dags/tmdb_data_incremental.py
[2024-12-02T23:44:40.834+0000] {logging_mixin.py:188} INFO - [2024-12-02T23:44:40.834+0000] {dag.py:3096} INFO - Sync 1 DAGs
[2024-12-02T23:44:40.839+0000] {logging_mixin.py:188} INFO - [2024-12-02T23:44:40.839+0000] {dag.py:3954} INFO - Setting next_dagrun for etl_tmdb_data_incremental to None, run_after=None
[2024-12-02T23:44:40.848+0000] {processor.py:183} INFO - Processing /opt/airflow/dags/tmdb_data_incremental.py took 0.095 seconds
[2024-12-02T23:45:11.264+0000] {processor.py:161} INFO - Started process (PID=22449) to work on /opt/airflow/dags/tmdb_data_incremental.py
[2024-12-02T23:45:11.265+0000] {processor.py:830} INFO - Processing file /opt/airflow/dags/tmdb_data_incremental.py for tasks to queue
[2024-12-02T23:45:11.266+0000] {logging_mixin.py:188} INFO - [2024-12-02T23:45:11.265+0000] {dagbag.py:545} INFO - Filling up the DagBag from /opt/airflow/dags/tmdb_data_incremental.py
[2024-12-02T23:45:11.273+0000] {processor.py:840} INFO - DAG(s) 'etl_tmdb_data_incremental' retrieved from /opt/airflow/dags/tmdb_data_incremental.py
[2024-12-02T23:45:11.288+0000] {logging_mixin.py:188} INFO - [2024-12-02T23:45:11.288+0000] {dag.py:3096} INFO - Sync 1 DAGs
[2024-12-02T23:45:11.293+0000] {logging_mixin.py:188} INFO - [2024-12-02T23:45:11.293+0000] {dag.py:3954} INFO - Setting next_dagrun for etl_tmdb_data_incremental to None, run_after=None
[2024-12-02T23:45:11.299+0000] {processor.py:183} INFO - Processing /opt/airflow/dags/tmdb_data_incremental.py took 0.040 seconds
[2024-12-02T23:45:41.788+0000] {processor.py:161} INFO - Started process (PID=22475) to work on /opt/airflow/dags/tmdb_data_incremental.py
[2024-12-02T23:45:41.789+0000] {processor.py:830} INFO - Processing file /opt/airflow/dags/tmdb_data_incremental.py for tasks to queue
[2024-12-02T23:45:41.790+0000] {logging_mixin.py:188} INFO - [2024-12-02T23:45:41.790+0000] {dagbag.py:545} INFO - Filling up the DagBag from /opt/airflow/dags/tmdb_data_incremental.py
[2024-12-02T23:45:41.799+0000] {processor.py:840} INFO - DAG(s) 'etl_tmdb_data_incremental' retrieved from /opt/airflow/dags/tmdb_data_incremental.py
[2024-12-02T23:45:41.807+0000] {logging_mixin.py:188} INFO - [2024-12-02T23:45:41.806+0000] {dag.py:3096} INFO - Sync 1 DAGs
[2024-12-02T23:45:41.813+0000] {logging_mixin.py:188} INFO - [2024-12-02T23:45:41.813+0000] {dag.py:3954} INFO - Setting next_dagrun for etl_tmdb_data_incremental to None, run_after=None
[2024-12-02T23:45:41.819+0000] {processor.py:183} INFO - Processing /opt/airflow/dags/tmdb_data_incremental.py took 0.035 seconds
[2024-12-02T23:46:12.258+0000] {processor.py:161} INFO - Started process (PID=22501) to work on /opt/airflow/dags/tmdb_data_incremental.py
[2024-12-02T23:46:12.260+0000] {processor.py:830} INFO - Processing file /opt/airflow/dags/tmdb_data_incremental.py for tasks to queue
[2024-12-02T23:46:12.261+0000] {logging_mixin.py:188} INFO - [2024-12-02T23:46:12.261+0000] {dagbag.py:545} INFO - Filling up the DagBag from /opt/airflow/dags/tmdb_data_incremental.py
[2024-12-02T23:46:12.268+0000] {processor.py:840} INFO - DAG(s) 'etl_tmdb_data_incremental' retrieved from /opt/airflow/dags/tmdb_data_incremental.py
[2024-12-02T23:46:12.328+0000] {logging_mixin.py:188} INFO - [2024-12-02T23:46:12.327+0000] {dag.py:3096} INFO - Sync 1 DAGs
[2024-12-02T23:46:12.332+0000] {logging_mixin.py:188} INFO - [2024-12-02T23:46:12.331+0000] {dag.py:3954} INFO - Setting next_dagrun for etl_tmdb_data_incremental to None, run_after=None
[2024-12-02T23:46:12.338+0000] {processor.py:183} INFO - Processing /opt/airflow/dags/tmdb_data_incremental.py took 0.093 seconds
[2024-12-02T23:46:42.742+0000] {processor.py:161} INFO - Started process (PID=22527) to work on /opt/airflow/dags/tmdb_data_incremental.py
[2024-12-02T23:46:42.744+0000] {processor.py:830} INFO - Processing file /opt/airflow/dags/tmdb_data_incremental.py for tasks to queue
[2024-12-02T23:46:42.744+0000] {logging_mixin.py:188} INFO - [2024-12-02T23:46:42.744+0000] {dagbag.py:545} INFO - Filling up the DagBag from /opt/airflow/dags/tmdb_data_incremental.py
[2024-12-02T23:46:42.752+0000] {processor.py:840} INFO - DAG(s) 'etl_tmdb_data_incremental' retrieved from /opt/airflow/dags/tmdb_data_incremental.py
[2024-12-02T23:46:42.768+0000] {logging_mixin.py:188} INFO - [2024-12-02T23:46:42.768+0000] {dag.py:3096} INFO - Sync 1 DAGs
[2024-12-02T23:46:42.773+0000] {logging_mixin.py:188} INFO - [2024-12-02T23:46:42.773+0000] {dag.py:3954} INFO - Setting next_dagrun for etl_tmdb_data_incremental to None, run_after=None
[2024-12-02T23:46:42.780+0000] {processor.py:183} INFO - Processing /opt/airflow/dags/tmdb_data_incremental.py took 0.042 seconds
[2024-12-02T23:47:13.324+0000] {processor.py:161} INFO - Started process (PID=22553) to work on /opt/airflow/dags/tmdb_data_incremental.py
[2024-12-02T23:47:13.329+0000] {processor.py:830} INFO - Processing file /opt/airflow/dags/tmdb_data_incremental.py for tasks to queue
[2024-12-02T23:47:13.330+0000] {logging_mixin.py:188} INFO - [2024-12-02T23:47:13.329+0000] {dagbag.py:545} INFO - Filling up the DagBag from /opt/airflow/dags/tmdb_data_incremental.py
[2024-12-02T23:47:13.337+0000] {processor.py:840} INFO - DAG(s) 'etl_tmdb_data_incremental' retrieved from /opt/airflow/dags/tmdb_data_incremental.py
[2024-12-02T23:47:13.347+0000] {logging_mixin.py:188} INFO - [2024-12-02T23:47:13.347+0000] {dag.py:3096} INFO - Sync 1 DAGs
[2024-12-02T23:47:13.355+0000] {logging_mixin.py:188} INFO - [2024-12-02T23:47:13.355+0000] {dag.py:3954} INFO - Setting next_dagrun for etl_tmdb_data_incremental to None, run_after=None
[2024-12-02T23:47:13.362+0000] {processor.py:183} INFO - Processing /opt/airflow/dags/tmdb_data_incremental.py took 0.048 seconds
[2024-12-02T23:47:43.796+0000] {processor.py:161} INFO - Started process (PID=22579) to work on /opt/airflow/dags/tmdb_data_incremental.py
[2024-12-02T23:47:43.797+0000] {processor.py:830} INFO - Processing file /opt/airflow/dags/tmdb_data_incremental.py for tasks to queue
[2024-12-02T23:47:43.797+0000] {logging_mixin.py:188} INFO - [2024-12-02T23:47:43.797+0000] {dagbag.py:545} INFO - Filling up the DagBag from /opt/airflow/dags/tmdb_data_incremental.py
[2024-12-02T23:47:43.803+0000] {processor.py:840} INFO - DAG(s) 'etl_tmdb_data_incremental' retrieved from /opt/airflow/dags/tmdb_data_incremental.py
[2024-12-02T23:47:43.860+0000] {logging_mixin.py:188} INFO - [2024-12-02T23:47:43.859+0000] {dag.py:3096} INFO - Sync 1 DAGs
[2024-12-02T23:47:43.863+0000] {logging_mixin.py:188} INFO - [2024-12-02T23:47:43.863+0000] {dag.py:3954} INFO - Setting next_dagrun for etl_tmdb_data_incremental to None, run_after=None
[2024-12-02T23:47:43.870+0000] {processor.py:183} INFO - Processing /opt/airflow/dags/tmdb_data_incremental.py took 0.078 seconds
[2024-12-02T23:48:14.256+0000] {processor.py:161} INFO - Started process (PID=22605) to work on /opt/airflow/dags/tmdb_data_incremental.py
[2024-12-02T23:48:14.258+0000] {processor.py:830} INFO - Processing file /opt/airflow/dags/tmdb_data_incremental.py for tasks to queue
[2024-12-02T23:48:14.259+0000] {logging_mixin.py:188} INFO - [2024-12-02T23:48:14.259+0000] {dagbag.py:545} INFO - Filling up the DagBag from /opt/airflow/dags/tmdb_data_incremental.py
[2024-12-02T23:48:14.269+0000] {processor.py:840} INFO - DAG(s) 'etl_tmdb_data_incremental' retrieved from /opt/airflow/dags/tmdb_data_incremental.py
[2024-12-02T23:48:14.289+0000] {logging_mixin.py:188} INFO - [2024-12-02T23:48:14.289+0000] {dag.py:3096} INFO - Sync 1 DAGs
[2024-12-02T23:48:14.294+0000] {logging_mixin.py:188} INFO - [2024-12-02T23:48:14.294+0000] {dag.py:3954} INFO - Setting next_dagrun for etl_tmdb_data_incremental to None, run_after=None
[2024-12-02T23:48:14.301+0000] {processor.py:183} INFO - Processing /opt/airflow/dags/tmdb_data_incremental.py took 0.050 seconds
[2024-12-02T23:48:44.779+0000] {processor.py:161} INFO - Started process (PID=22631) to work on /opt/airflow/dags/tmdb_data_incremental.py
[2024-12-02T23:48:44.781+0000] {processor.py:830} INFO - Processing file /opt/airflow/dags/tmdb_data_incremental.py for tasks to queue
[2024-12-02T23:48:44.781+0000] {logging_mixin.py:188} INFO - [2024-12-02T23:48:44.781+0000] {dagbag.py:545} INFO - Filling up the DagBag from /opt/airflow/dags/tmdb_data_incremental.py
[2024-12-02T23:48:44.788+0000] {processor.py:840} INFO - DAG(s) 'etl_tmdb_data_incremental' retrieved from /opt/airflow/dags/tmdb_data_incremental.py
[2024-12-02T23:48:44.796+0000] {logging_mixin.py:188} INFO - [2024-12-02T23:48:44.796+0000] {dag.py:3096} INFO - Sync 1 DAGs
[2024-12-02T23:48:44.802+0000] {logging_mixin.py:188} INFO - [2024-12-02T23:48:44.802+0000] {dag.py:3954} INFO - Setting next_dagrun for etl_tmdb_data_incremental to None, run_after=None
[2024-12-02T23:48:44.809+0000] {processor.py:183} INFO - Processing /opt/airflow/dags/tmdb_data_incremental.py took 0.036 seconds
[2024-12-02T23:49:15.319+0000] {processor.py:161} INFO - Started process (PID=22657) to work on /opt/airflow/dags/tmdb_data_incremental.py
[2024-12-02T23:49:15.322+0000] {processor.py:830} INFO - Processing file /opt/airflow/dags/tmdb_data_incremental.py for tasks to queue
[2024-12-02T23:49:15.322+0000] {logging_mixin.py:188} INFO - [2024-12-02T23:49:15.322+0000] {dagbag.py:545} INFO - Filling up the DagBag from /opt/airflow/dags/tmdb_data_incremental.py
[2024-12-02T23:49:15.330+0000] {processor.py:840} INFO - DAG(s) 'etl_tmdb_data_incremental' retrieved from /opt/airflow/dags/tmdb_data_incremental.py
[2024-12-02T23:49:15.386+0000] {logging_mixin.py:188} INFO - [2024-12-02T23:49:15.386+0000] {dag.py:3096} INFO - Sync 1 DAGs
[2024-12-02T23:49:15.390+0000] {logging_mixin.py:188} INFO - [2024-12-02T23:49:15.390+0000] {dag.py:3954} INFO - Setting next_dagrun for etl_tmdb_data_incremental to None, run_after=None
[2024-12-02T23:49:15.396+0000] {processor.py:183} INFO - Processing /opt/airflow/dags/tmdb_data_incremental.py took 0.082 seconds
[2024-12-02T23:49:45.808+0000] {processor.py:161} INFO - Started process (PID=22683) to work on /opt/airflow/dags/tmdb_data_incremental.py
[2024-12-02T23:49:45.810+0000] {processor.py:830} INFO - Processing file /opt/airflow/dags/tmdb_data_incremental.py for tasks to queue
[2024-12-02T23:49:45.811+0000] {logging_mixin.py:188} INFO - [2024-12-02T23:49:45.811+0000] {dagbag.py:545} INFO - Filling up the DagBag from /opt/airflow/dags/tmdb_data_incremental.py
[2024-12-02T23:49:45.819+0000] {processor.py:840} INFO - DAG(s) 'etl_tmdb_data_incremental' retrieved from /opt/airflow/dags/tmdb_data_incremental.py
[2024-12-02T23:49:45.834+0000] {logging_mixin.py:188} INFO - [2024-12-02T23:49:45.834+0000] {dag.py:3096} INFO - Sync 1 DAGs
[2024-12-02T23:49:45.839+0000] {logging_mixin.py:188} INFO - [2024-12-02T23:49:45.839+0000] {dag.py:3954} INFO - Setting next_dagrun for etl_tmdb_data_incremental to None, run_after=None
[2024-12-02T23:49:45.845+0000] {processor.py:183} INFO - Processing /opt/airflow/dags/tmdb_data_incremental.py took 0.045 seconds
[2024-12-02T23:50:16.313+0000] {processor.py:161} INFO - Started process (PID=22709) to work on /opt/airflow/dags/tmdb_data_incremental.py
[2024-12-02T23:50:16.315+0000] {processor.py:830} INFO - Processing file /opt/airflow/dags/tmdb_data_incremental.py for tasks to queue
[2024-12-02T23:50:16.315+0000] {logging_mixin.py:188} INFO - [2024-12-02T23:50:16.315+0000] {dagbag.py:545} INFO - Filling up the DagBag from /opt/airflow/dags/tmdb_data_incremental.py
[2024-12-02T23:50:16.323+0000] {processor.py:840} INFO - DAG(s) 'etl_tmdb_data_incremental' retrieved from /opt/airflow/dags/tmdb_data_incremental.py
[2024-12-02T23:50:16.331+0000] {logging_mixin.py:188} INFO - [2024-12-02T23:50:16.331+0000] {dag.py:3096} INFO - Sync 1 DAGs
[2024-12-02T23:50:16.338+0000] {logging_mixin.py:188} INFO - [2024-12-02T23:50:16.338+0000] {dag.py:3954} INFO - Setting next_dagrun for etl_tmdb_data_incremental to None, run_after=None
[2024-12-02T23:50:16.344+0000] {processor.py:183} INFO - Processing /opt/airflow/dags/tmdb_data_incremental.py took 0.036 seconds
[2024-12-02T23:50:46.856+0000] {processor.py:161} INFO - Started process (PID=22735) to work on /opt/airflow/dags/tmdb_data_incremental.py
[2024-12-02T23:50:46.857+0000] {processor.py:830} INFO - Processing file /opt/airflow/dags/tmdb_data_incremental.py for tasks to queue
[2024-12-02T23:50:46.858+0000] {logging_mixin.py:188} INFO - [2024-12-02T23:50:46.858+0000] {dagbag.py:545} INFO - Filling up the DagBag from /opt/airflow/dags/tmdb_data_incremental.py
[2024-12-02T23:50:46.866+0000] {processor.py:840} INFO - DAG(s) 'etl_tmdb_data_incremental' retrieved from /opt/airflow/dags/tmdb_data_incremental.py
[2024-12-02T23:50:46.934+0000] {logging_mixin.py:188} INFO - [2024-12-02T23:50:46.933+0000] {dag.py:3096} INFO - Sync 1 DAGs
[2024-12-02T23:50:46.937+0000] {logging_mixin.py:188} INFO - [2024-12-02T23:50:46.937+0000] {dag.py:3954} INFO - Setting next_dagrun for etl_tmdb_data_incremental to None, run_after=None
[2024-12-02T23:50:46.943+0000] {processor.py:183} INFO - Processing /opt/airflow/dags/tmdb_data_incremental.py took 0.093 seconds
[2024-12-02T23:51:17.362+0000] {processor.py:161} INFO - Started process (PID=22761) to work on /opt/airflow/dags/tmdb_data_incremental.py
[2024-12-02T23:51:17.364+0000] {processor.py:830} INFO - Processing file /opt/airflow/dags/tmdb_data_incremental.py for tasks to queue
[2024-12-02T23:51:17.364+0000] {logging_mixin.py:188} INFO - [2024-12-02T23:51:17.364+0000] {dagbag.py:545} INFO - Filling up the DagBag from /opt/airflow/dags/tmdb_data_incremental.py
[2024-12-02T23:51:17.373+0000] {processor.py:840} INFO - DAG(s) 'etl_tmdb_data_incremental' retrieved from /opt/airflow/dags/tmdb_data_incremental.py
[2024-12-02T23:51:17.391+0000] {logging_mixin.py:188} INFO - [2024-12-02T23:51:17.391+0000] {dag.py:3096} INFO - Sync 1 DAGs
[2024-12-02T23:51:17.397+0000] {logging_mixin.py:188} INFO - [2024-12-02T23:51:17.397+0000] {dag.py:3954} INFO - Setting next_dagrun for etl_tmdb_data_incremental to None, run_after=None
[2024-12-02T23:51:17.403+0000] {processor.py:183} INFO - Processing /opt/airflow/dags/tmdb_data_incremental.py took 0.047 seconds
[2024-12-02T23:51:47.887+0000] {processor.py:161} INFO - Started process (PID=22787) to work on /opt/airflow/dags/tmdb_data_incremental.py
[2024-12-02T23:51:47.888+0000] {processor.py:830} INFO - Processing file /opt/airflow/dags/tmdb_data_incremental.py for tasks to queue
[2024-12-02T23:51:47.888+0000] {logging_mixin.py:188} INFO - [2024-12-02T23:51:47.888+0000] {dagbag.py:545} INFO - Filling up the DagBag from /opt/airflow/dags/tmdb_data_incremental.py
[2024-12-02T23:51:47.896+0000] {processor.py:840} INFO - DAG(s) 'etl_tmdb_data_incremental' retrieved from /opt/airflow/dags/tmdb_data_incremental.py
[2024-12-02T23:51:47.906+0000] {logging_mixin.py:188} INFO - [2024-12-02T23:51:47.906+0000] {dag.py:3096} INFO - Sync 1 DAGs
[2024-12-02T23:51:47.913+0000] {logging_mixin.py:188} INFO - [2024-12-02T23:51:47.913+0000] {dag.py:3954} INFO - Setting next_dagrun for etl_tmdb_data_incremental to None, run_after=None
[2024-12-02T23:51:47.919+0000] {processor.py:183} INFO - Processing /opt/airflow/dags/tmdb_data_incremental.py took 0.038 seconds
[2024-12-02T23:52:18.358+0000] {processor.py:161} INFO - Started process (PID=22813) to work on /opt/airflow/dags/tmdb_data_incremental.py
[2024-12-02T23:52:18.360+0000] {processor.py:830} INFO - Processing file /opt/airflow/dags/tmdb_data_incremental.py for tasks to queue
[2024-12-02T23:52:18.360+0000] {logging_mixin.py:188} INFO - [2024-12-02T23:52:18.360+0000] {dagbag.py:545} INFO - Filling up the DagBag from /opt/airflow/dags/tmdb_data_incremental.py
[2024-12-02T23:52:18.366+0000] {processor.py:840} INFO - DAG(s) 'etl_tmdb_data_incremental' retrieved from /opt/airflow/dags/tmdb_data_incremental.py
[2024-12-02T23:52:18.429+0000] {logging_mixin.py:188} INFO - [2024-12-02T23:52:18.429+0000] {dag.py:3096} INFO - Sync 1 DAGs
[2024-12-02T23:52:18.433+0000] {logging_mixin.py:188} INFO - [2024-12-02T23:52:18.433+0000] {dag.py:3954} INFO - Setting next_dagrun for etl_tmdb_data_incremental to None, run_after=None
[2024-12-02T23:52:18.441+0000] {processor.py:183} INFO - Processing /opt/airflow/dags/tmdb_data_incremental.py took 0.087 seconds
[2024-12-02T23:52:48.969+0000] {processor.py:161} INFO - Started process (PID=22839) to work on /opt/airflow/dags/tmdb_data_incremental.py
[2024-12-02T23:52:48.971+0000] {processor.py:830} INFO - Processing file /opt/airflow/dags/tmdb_data_incremental.py for tasks to queue
[2024-12-02T23:52:48.971+0000] {logging_mixin.py:188} INFO - [2024-12-02T23:52:48.971+0000] {dagbag.py:545} INFO - Filling up the DagBag from /opt/airflow/dags/tmdb_data_incremental.py
[2024-12-02T23:52:48.980+0000] {processor.py:840} INFO - DAG(s) 'etl_tmdb_data_incremental' retrieved from /opt/airflow/dags/tmdb_data_incremental.py
[2024-12-02T23:52:49.007+0000] {logging_mixin.py:188} INFO - [2024-12-02T23:52:49.006+0000] {dag.py:3096} INFO - Sync 1 DAGs
[2024-12-02T23:52:49.013+0000] {logging_mixin.py:188} INFO - [2024-12-02T23:52:49.013+0000] {dag.py:3954} INFO - Setting next_dagrun for etl_tmdb_data_incremental to None, run_after=None
[2024-12-02T23:52:49.020+0000] {processor.py:183} INFO - Processing /opt/airflow/dags/tmdb_data_incremental.py took 0.057 seconds
[2024-12-02T23:53:19.623+0000] {processor.py:161} INFO - Started process (PID=22865) to work on /opt/airflow/dags/tmdb_data_incremental.py
[2024-12-02T23:53:19.624+0000] {processor.py:830} INFO - Processing file /opt/airflow/dags/tmdb_data_incremental.py for tasks to queue
[2024-12-02T23:53:19.625+0000] {logging_mixin.py:188} INFO - [2024-12-02T23:53:19.625+0000] {dagbag.py:545} INFO - Filling up the DagBag from /opt/airflow/dags/tmdb_data_incremental.py
[2024-12-02T23:53:19.632+0000] {processor.py:840} INFO - DAG(s) 'etl_tmdb_data_incremental' retrieved from /opt/airflow/dags/tmdb_data_incremental.py
[2024-12-02T23:53:19.643+0000] {logging_mixin.py:188} INFO - [2024-12-02T23:53:19.643+0000] {dag.py:3096} INFO - Sync 1 DAGs
[2024-12-02T23:53:19.650+0000] {logging_mixin.py:188} INFO - [2024-12-02T23:53:19.650+0000] {dag.py:3954} INFO - Setting next_dagrun for etl_tmdb_data_incremental to None, run_after=None
[2024-12-02T23:53:19.657+0000] {processor.py:183} INFO - Processing /opt/airflow/dags/tmdb_data_incremental.py took 0.039 seconds
[2024-12-02T23:53:50.114+0000] {processor.py:161} INFO - Started process (PID=22891) to work on /opt/airflow/dags/tmdb_data_incremental.py
[2024-12-02T23:53:50.116+0000] {processor.py:830} INFO - Processing file /opt/airflow/dags/tmdb_data_incremental.py for tasks to queue
[2024-12-02T23:53:50.116+0000] {logging_mixin.py:188} INFO - [2024-12-02T23:53:50.116+0000] {dagbag.py:545} INFO - Filling up the DagBag from /opt/airflow/dags/tmdb_data_incremental.py
[2024-12-02T23:53:50.125+0000] {processor.py:840} INFO - DAG(s) 'etl_tmdb_data_incremental' retrieved from /opt/airflow/dags/tmdb_data_incremental.py
[2024-12-02T23:53:50.183+0000] {logging_mixin.py:188} INFO - [2024-12-02T23:53:50.183+0000] {dag.py:3096} INFO - Sync 1 DAGs
[2024-12-02T23:53:50.187+0000] {logging_mixin.py:188} INFO - [2024-12-02T23:53:50.187+0000] {dag.py:3954} INFO - Setting next_dagrun for etl_tmdb_data_incremental to None, run_after=None
[2024-12-02T23:53:50.193+0000] {processor.py:183} INFO - Processing /opt/airflow/dags/tmdb_data_incremental.py took 0.084 seconds
[2024-12-02T23:54:20.657+0000] {processor.py:161} INFO - Started process (PID=22917) to work on /opt/airflow/dags/tmdb_data_incremental.py
[2024-12-02T23:54:20.659+0000] {processor.py:830} INFO - Processing file /opt/airflow/dags/tmdb_data_incremental.py for tasks to queue
[2024-12-02T23:54:20.660+0000] {logging_mixin.py:188} INFO - [2024-12-02T23:54:20.659+0000] {dagbag.py:545} INFO - Filling up the DagBag from /opt/airflow/dags/tmdb_data_incremental.py
[2024-12-02T23:54:20.666+0000] {processor.py:840} INFO - DAG(s) 'etl_tmdb_data_incremental' retrieved from /opt/airflow/dags/tmdb_data_incremental.py
[2024-12-02T23:54:20.680+0000] {logging_mixin.py:188} INFO - [2024-12-02T23:54:20.680+0000] {dag.py:3096} INFO - Sync 1 DAGs
[2024-12-02T23:54:20.687+0000] {logging_mixin.py:188} INFO - [2024-12-02T23:54:20.687+0000] {dag.py:3954} INFO - Setting next_dagrun for etl_tmdb_data_incremental to None, run_after=None
[2024-12-02T23:54:20.693+0000] {processor.py:183} INFO - Processing /opt/airflow/dags/tmdb_data_incremental.py took 0.041 seconds
[2024-12-02T23:54:51.414+0000] {processor.py:161} INFO - Started process (PID=22943) to work on /opt/airflow/dags/tmdb_data_incremental.py
[2024-12-02T23:54:51.416+0000] {processor.py:830} INFO - Processing file /opt/airflow/dags/tmdb_data_incremental.py for tasks to queue
[2024-12-02T23:54:51.417+0000] {logging_mixin.py:188} INFO - [2024-12-02T23:54:51.416+0000] {dagbag.py:545} INFO - Filling up the DagBag from /opt/airflow/dags/tmdb_data_incremental.py
[2024-12-02T23:54:51.441+0000] {processor.py:840} INFO - DAG(s) 'etl_tmdb_data_incremental' retrieved from /opt/airflow/dags/tmdb_data_incremental.py
[2024-12-02T23:54:51.464+0000] {logging_mixin.py:188} INFO - [2024-12-02T23:54:51.464+0000] {dag.py:3096} INFO - Sync 1 DAGs
[2024-12-02T23:54:51.489+0000] {logging_mixin.py:188} INFO - [2024-12-02T23:54:51.489+0000] {dag.py:3954} INFO - Setting next_dagrun for etl_tmdb_data_incremental to None, run_after=None
[2024-12-02T23:54:51.506+0000] {processor.py:183} INFO - Processing /opt/airflow/dags/tmdb_data_incremental.py took 0.109 seconds
[2024-12-02T23:55:22.197+0000] {processor.py:161} INFO - Started process (PID=22969) to work on /opt/airflow/dags/tmdb_data_incremental.py
[2024-12-02T23:55:22.198+0000] {processor.py:830} INFO - Processing file /opt/airflow/dags/tmdb_data_incremental.py for tasks to queue
[2024-12-02T23:55:22.199+0000] {logging_mixin.py:188} INFO - [2024-12-02T23:55:22.199+0000] {dagbag.py:545} INFO - Filling up the DagBag from /opt/airflow/dags/tmdb_data_incremental.py
[2024-12-02T23:55:22.207+0000] {processor.py:840} INFO - DAG(s) 'etl_tmdb_data_incremental' retrieved from /opt/airflow/dags/tmdb_data_incremental.py
[2024-12-02T23:55:22.268+0000] {logging_mixin.py:188} INFO - [2024-12-02T23:55:22.268+0000] {dag.py:3096} INFO - Sync 1 DAGs
[2024-12-02T23:55:22.272+0000] {logging_mixin.py:188} INFO - [2024-12-02T23:55:22.272+0000] {dag.py:3954} INFO - Setting next_dagrun for etl_tmdb_data_incremental to None, run_after=None
[2024-12-02T23:55:22.280+0000] {processor.py:183} INFO - Processing /opt/airflow/dags/tmdb_data_incremental.py took 0.088 seconds
[2024-12-02T23:55:52.737+0000] {processor.py:161} INFO - Started process (PID=22995) to work on /opt/airflow/dags/tmdb_data_incremental.py
[2024-12-02T23:55:52.739+0000] {processor.py:830} INFO - Processing file /opt/airflow/dags/tmdb_data_incremental.py for tasks to queue
[2024-12-02T23:55:52.740+0000] {logging_mixin.py:188} INFO - [2024-12-02T23:55:52.740+0000] {dagbag.py:545} INFO - Filling up the DagBag from /opt/airflow/dags/tmdb_data_incremental.py
[2024-12-02T23:55:52.749+0000] {processor.py:840} INFO - DAG(s) 'etl_tmdb_data_incremental' retrieved from /opt/airflow/dags/tmdb_data_incremental.py
[2024-12-02T23:55:52.789+0000] {logging_mixin.py:188} INFO - [2024-12-02T23:55:52.789+0000] {dag.py:3096} INFO - Sync 1 DAGs
[2024-12-02T23:55:52.796+0000] {logging_mixin.py:188} INFO - [2024-12-02T23:55:52.796+0000] {dag.py:3954} INFO - Setting next_dagrun for etl_tmdb_data_incremental to None, run_after=None
[2024-12-02T23:55:52.803+0000] {processor.py:183} INFO - Processing /opt/airflow/dags/tmdb_data_incremental.py took 0.072 seconds
[2024-12-02T23:56:23.349+0000] {processor.py:161} INFO - Started process (PID=23021) to work on /opt/airflow/dags/tmdb_data_incremental.py
[2024-12-02T23:56:23.352+0000] {processor.py:830} INFO - Processing file /opt/airflow/dags/tmdb_data_incremental.py for tasks to queue
[2024-12-02T23:56:23.353+0000] {logging_mixin.py:188} INFO - [2024-12-02T23:56:23.352+0000] {dagbag.py:545} INFO - Filling up the DagBag from /opt/airflow/dags/tmdb_data_incremental.py
[2024-12-02T23:56:23.369+0000] {processor.py:840} INFO - DAG(s) 'etl_tmdb_data_incremental' retrieved from /opt/airflow/dags/tmdb_data_incremental.py
[2024-12-02T23:56:23.381+0000] {logging_mixin.py:188} INFO - [2024-12-02T23:56:23.381+0000] {dag.py:3096} INFO - Sync 1 DAGs
[2024-12-02T23:56:23.387+0000] {logging_mixin.py:188} INFO - [2024-12-02T23:56:23.387+0000] {dag.py:3954} INFO - Setting next_dagrun for etl_tmdb_data_incremental to None, run_after=None
[2024-12-02T23:56:23.394+0000] {processor.py:183} INFO - Processing /opt/airflow/dags/tmdb_data_incremental.py took 0.049 seconds
[2024-12-02T23:56:53.836+0000] {processor.py:161} INFO - Started process (PID=23047) to work on /opt/airflow/dags/tmdb_data_incremental.py
[2024-12-02T23:56:53.839+0000] {processor.py:830} INFO - Processing file /opt/airflow/dags/tmdb_data_incremental.py for tasks to queue
[2024-12-02T23:56:53.839+0000] {logging_mixin.py:188} INFO - [2024-12-02T23:56:53.839+0000] {dagbag.py:545} INFO - Filling up the DagBag from /opt/airflow/dags/tmdb_data_incremental.py
[2024-12-02T23:56:53.847+0000] {processor.py:840} INFO - DAG(s) 'etl_tmdb_data_incremental' retrieved from /opt/airflow/dags/tmdb_data_incremental.py
[2024-12-02T23:56:53.908+0000] {logging_mixin.py:188} INFO - [2024-12-02T23:56:53.908+0000] {dag.py:3096} INFO - Sync 1 DAGs
[2024-12-02T23:56:53.913+0000] {logging_mixin.py:188} INFO - [2024-12-02T23:56:53.913+0000] {dag.py:3954} INFO - Setting next_dagrun for etl_tmdb_data_incremental to None, run_after=None
[2024-12-02T23:56:53.919+0000] {processor.py:183} INFO - Processing /opt/airflow/dags/tmdb_data_incremental.py took 0.088 seconds
[2024-12-02T23:57:24.293+0000] {processor.py:161} INFO - Started process (PID=23073) to work on /opt/airflow/dags/tmdb_data_incremental.py
[2024-12-02T23:57:24.294+0000] {processor.py:830} INFO - Processing file /opt/airflow/dags/tmdb_data_incremental.py for tasks to queue
[2024-12-02T23:57:24.295+0000] {logging_mixin.py:188} INFO - [2024-12-02T23:57:24.294+0000] {dagbag.py:545} INFO - Filling up the DagBag from /opt/airflow/dags/tmdb_data_incremental.py
[2024-12-02T23:57:24.302+0000] {processor.py:840} INFO - DAG(s) 'etl_tmdb_data_incremental' retrieved from /opt/airflow/dags/tmdb_data_incremental.py
[2024-12-02T23:57:24.319+0000] {logging_mixin.py:188} INFO - [2024-12-02T23:57:24.319+0000] {dag.py:3096} INFO - Sync 1 DAGs
[2024-12-02T23:57:24.324+0000] {logging_mixin.py:188} INFO - [2024-12-02T23:57:24.324+0000] {dag.py:3954} INFO - Setting next_dagrun for etl_tmdb_data_incremental to None, run_after=None
[2024-12-02T23:57:24.331+0000] {processor.py:183} INFO - Processing /opt/airflow/dags/tmdb_data_incremental.py took 0.042 seconds
[2024-12-02T23:57:54.794+0000] {processor.py:161} INFO - Started process (PID=23099) to work on /opt/airflow/dags/tmdb_data_incremental.py
[2024-12-02T23:57:54.795+0000] {processor.py:830} INFO - Processing file /opt/airflow/dags/tmdb_data_incremental.py for tasks to queue
[2024-12-02T23:57:54.796+0000] {logging_mixin.py:188} INFO - [2024-12-02T23:57:54.796+0000] {dagbag.py:545} INFO - Filling up the DagBag from /opt/airflow/dags/tmdb_data_incremental.py
[2024-12-02T23:57:54.803+0000] {processor.py:840} INFO - DAG(s) 'etl_tmdb_data_incremental' retrieved from /opt/airflow/dags/tmdb_data_incremental.py
[2024-12-02T23:57:54.813+0000] {logging_mixin.py:188} INFO - [2024-12-02T23:57:54.812+0000] {dag.py:3096} INFO - Sync 1 DAGs
[2024-12-02T23:57:54.821+0000] {logging_mixin.py:188} INFO - [2024-12-02T23:57:54.821+0000] {dag.py:3954} INFO - Setting next_dagrun for etl_tmdb_data_incremental to None, run_after=None
[2024-12-02T23:57:54.828+0000] {processor.py:183} INFO - Processing /opt/airflow/dags/tmdb_data_incremental.py took 0.040 seconds
[2024-12-02T23:58:25.360+0000] {processor.py:161} INFO - Started process (PID=23132) to work on /opt/airflow/dags/tmdb_data_incremental.py
[2024-12-02T23:58:25.362+0000] {processor.py:830} INFO - Processing file /opt/airflow/dags/tmdb_data_incremental.py for tasks to queue
[2024-12-02T23:58:25.362+0000] {logging_mixin.py:188} INFO - [2024-12-02T23:58:25.362+0000] {dagbag.py:545} INFO - Filling up the DagBag from /opt/airflow/dags/tmdb_data_incremental.py
[2024-12-02T23:58:25.370+0000] {processor.py:840} INFO - DAG(s) 'etl_tmdb_data_incremental' retrieved from /opt/airflow/dags/tmdb_data_incremental.py
[2024-12-02T23:58:25.434+0000] {logging_mixin.py:188} INFO - [2024-12-02T23:58:25.434+0000] {dag.py:3096} INFO - Sync 1 DAGs
[2024-12-02T23:58:25.438+0000] {logging_mixin.py:188} INFO - [2024-12-02T23:58:25.438+0000] {dag.py:3954} INFO - Setting next_dagrun for etl_tmdb_data_incremental to None, run_after=None
[2024-12-02T23:58:25.445+0000] {processor.py:183} INFO - Processing /opt/airflow/dags/tmdb_data_incremental.py took 0.091 seconds
[2024-12-02T23:58:50.654+0000] {processor.py:161} INFO - Started process (PID=23137) to work on /opt/airflow/dags/tmdb_data_incremental.py
[2024-12-02T23:58:50.657+0000] {processor.py:830} INFO - Processing file /opt/airflow/dags/tmdb_data_incremental.py for tasks to queue
[2024-12-02T23:58:50.658+0000] {logging_mixin.py:188} INFO - [2024-12-02T23:58:50.658+0000] {dagbag.py:545} INFO - Filling up the DagBag from /opt/airflow/dags/tmdb_data_incremental.py
[2024-12-02T23:58:50.685+0000] {processor.py:840} INFO - DAG(s) 'etl_tmdb_data_incremental' retrieved from /opt/airflow/dags/tmdb_data_incremental.py
[2024-12-02T23:58:50.699+0000] {logging_mixin.py:188} INFO - [2024-12-02T23:58:50.699+0000] {dag.py:3096} INFO - Sync 1 DAGs
[2024-12-02T23:58:50.713+0000] {logging_mixin.py:188} INFO - [2024-12-02T23:58:50.713+0000] {dag.py:3954} INFO - Setting next_dagrun for etl_tmdb_data_incremental to None, run_after=None
[2024-12-02T23:58:50.729+0000] {processor.py:183} INFO - Processing /opt/airflow/dags/tmdb_data_incremental.py took 0.087 seconds
[2024-12-02T23:58:53.751+0000] {processor.py:161} INFO - Started process (PID=23142) to work on /opt/airflow/dags/tmdb_data_incremental.py
[2024-12-02T23:58:53.754+0000] {processor.py:830} INFO - Processing file /opt/airflow/dags/tmdb_data_incremental.py for tasks to queue
[2024-12-02T23:58:53.755+0000] {logging_mixin.py:188} INFO - [2024-12-02T23:58:53.755+0000] {dagbag.py:545} INFO - Filling up the DagBag from /opt/airflow/dags/tmdb_data_incremental.py
[2024-12-02T23:58:53.764+0000] {processor.py:840} INFO - DAG(s) 'etl_tmdb_data_incremental' retrieved from /opt/airflow/dags/tmdb_data_incremental.py
[2024-12-02T23:58:53.777+0000] {logging_mixin.py:188} INFO - [2024-12-02T23:58:53.777+0000] {dag.py:3096} INFO - Sync 1 DAGs
[2024-12-02T23:58:53.790+0000] {logging_mixin.py:188} INFO - [2024-12-02T23:58:53.790+0000] {dag.py:3954} INFO - Setting next_dagrun for etl_tmdb_data_incremental to None, run_after=None
[2024-12-02T23:58:53.801+0000] {processor.py:183} INFO - Processing /opt/airflow/dags/tmdb_data_incremental.py took 0.057 seconds
[2024-12-02T23:58:54.856+0000] {processor.py:161} INFO - Started process (PID=23162) to work on /opt/airflow/dags/tmdb_data_incremental.py
[2024-12-02T23:58:54.856+0000] {processor.py:830} INFO - Processing file /opt/airflow/dags/tmdb_data_incremental.py for tasks to queue
[2024-12-02T23:58:54.857+0000] {logging_mixin.py:188} INFO - [2024-12-02T23:58:54.857+0000] {dagbag.py:545} INFO - Filling up the DagBag from /opt/airflow/dags/tmdb_data_incremental.py
[2024-12-02T23:58:54.868+0000] {processor.py:840} INFO - DAG(s) 'etl_tmdb_data_incremental' retrieved from /opt/airflow/dags/tmdb_data_incremental.py
[2024-12-02T23:58:54.877+0000] {logging_mixin.py:188} INFO - [2024-12-02T23:58:54.877+0000] {dag.py:3096} INFO - Sync 1 DAGs
[2024-12-02T23:58:54.885+0000] {logging_mixin.py:188} INFO - [2024-12-02T23:58:54.885+0000] {dag.py:3954} INFO - Setting next_dagrun for etl_tmdb_data_incremental to None, run_after=None
[2024-12-02T23:58:54.893+0000] {processor.py:183} INFO - Processing /opt/airflow/dags/tmdb_data_incremental.py took 0.043 seconds
[2024-12-02T23:58:55.903+0000] {processor.py:161} INFO - Started process (PID=23173) to work on /opt/airflow/dags/tmdb_data_incremental.py
[2024-12-02T23:58:55.904+0000] {processor.py:830} INFO - Processing file /opt/airflow/dags/tmdb_data_incremental.py for tasks to queue
[2024-12-02T23:58:55.905+0000] {logging_mixin.py:188} INFO - [2024-12-02T23:58:55.905+0000] {dagbag.py:545} INFO - Filling up the DagBag from /opt/airflow/dags/tmdb_data_incremental.py
[2024-12-02T23:58:55.918+0000] {processor.py:840} INFO - DAG(s) 'etl_tmdb_data_incremental' retrieved from /opt/airflow/dags/tmdb_data_incremental.py
[2024-12-02T23:58:55.975+0000] {logging_mixin.py:188} INFO - [2024-12-02T23:58:55.974+0000] {dag.py:3096} INFO - Sync 1 DAGs
[2024-12-02T23:58:55.979+0000] {logging_mixin.py:188} INFO - [2024-12-02T23:58:55.979+0000] {dag.py:3954} INFO - Setting next_dagrun for etl_tmdb_data_incremental to None, run_after=None
[2024-12-02T23:58:55.986+0000] {processor.py:183} INFO - Processing /opt/airflow/dags/tmdb_data_incremental.py took 0.092 seconds
[2024-12-02T23:58:56.937+0000] {processor.py:161} INFO - Started process (PID=23178) to work on /opt/airflow/dags/tmdb_data_incremental.py
[2024-12-02T23:58:56.938+0000] {processor.py:830} INFO - Processing file /opt/airflow/dags/tmdb_data_incremental.py for tasks to queue
[2024-12-02T23:58:56.939+0000] {logging_mixin.py:188} INFO - [2024-12-02T23:58:56.938+0000] {dagbag.py:545} INFO - Filling up the DagBag from /opt/airflow/dags/tmdb_data_incremental.py
[2024-12-02T23:58:56.953+0000] {processor.py:840} INFO - DAG(s) 'etl_tmdb_data_incremental' retrieved from /opt/airflow/dags/tmdb_data_incremental.py
[2024-12-02T23:58:56.963+0000] {logging_mixin.py:188} INFO - [2024-12-02T23:58:56.963+0000] {dag.py:3096} INFO - Sync 1 DAGs
[2024-12-02T23:58:56.969+0000] {logging_mixin.py:188} INFO - [2024-12-02T23:58:56.969+0000] {dag.py:3954} INFO - Setting next_dagrun for etl_tmdb_data_incremental to None, run_after=None
[2024-12-02T23:58:56.976+0000] {processor.py:183} INFO - Processing /opt/airflow/dags/tmdb_data_incremental.py took 0.044 seconds
[2024-12-02T23:59:05.066+0000] {processor.py:161} INFO - Started process (PID=23183) to work on /opt/airflow/dags/tmdb_data_incremental.py
[2024-12-02T23:59:05.068+0000] {processor.py:830} INFO - Processing file /opt/airflow/dags/tmdb_data_incremental.py for tasks to queue
[2024-12-02T23:59:05.068+0000] {logging_mixin.py:188} INFO - [2024-12-02T23:59:05.068+0000] {dagbag.py:545} INFO - Filling up the DagBag from /opt/airflow/dags/tmdb_data_incremental.py
[2024-12-02T23:59:05.081+0000] {processor.py:840} INFO - DAG(s) 'etl_tmdb_data_incremental' retrieved from /opt/airflow/dags/tmdb_data_incremental.py
[2024-12-02T23:59:05.093+0000] {logging_mixin.py:188} INFO - [2024-12-02T23:59:05.093+0000] {dag.py:3096} INFO - Sync 1 DAGs
[2024-12-02T23:59:05.104+0000] {logging_mixin.py:188} INFO - [2024-12-02T23:59:05.104+0000] {dag.py:3954} INFO - Setting next_dagrun for etl_tmdb_data_incremental to None, run_after=None
[2024-12-02T23:59:05.114+0000] {processor.py:183} INFO - Processing /opt/airflow/dags/tmdb_data_incremental.py took 0.055 seconds
[2024-12-02T23:59:35.712+0000] {processor.py:161} INFO - Started process (PID=23209) to work on /opt/airflow/dags/tmdb_data_incremental.py
[2024-12-02T23:59:35.713+0000] {processor.py:830} INFO - Processing file /opt/airflow/dags/tmdb_data_incremental.py for tasks to queue
[2024-12-02T23:59:35.714+0000] {logging_mixin.py:188} INFO - [2024-12-02T23:59:35.714+0000] {dagbag.py:545} INFO - Filling up the DagBag from /opt/airflow/dags/tmdb_data_incremental.py
[2024-12-02T23:59:35.743+0000] {processor.py:840} INFO - DAG(s) 'etl_tmdb_data_incremental' retrieved from /opt/airflow/dags/tmdb_data_incremental.py
[2024-12-02T23:59:35.824+0000] {logging_mixin.py:188} INFO - [2024-12-02T23:59:35.823+0000] {dag.py:3096} INFO - Sync 1 DAGs
[2024-12-02T23:59:35.846+0000] {logging_mixin.py:188} INFO - [2024-12-02T23:59:35.846+0000] {dag.py:3954} INFO - Setting next_dagrun for etl_tmdb_data_incremental to None, run_after=None
[2024-12-02T23:59:35.856+0000] {processor.py:183} INFO - Processing /opt/airflow/dags/tmdb_data_incremental.py took 0.157 seconds
