[2024-12-03T23:42:41.759+0000] {processor.py:161} INFO - Started process (PID=46092) to work on /opt/airflow/dags/imdb_historical.py
[2024-12-03T23:42:41.760+0000] {processor.py:830} INFO - Processing file /opt/airflow/dags/imdb_historical.py for tasks to queue
[2024-12-03T23:42:41.761+0000] {logging_mixin.py:188} INFO - [2024-12-03T23:42:41.760+0000] {dagbag.py:545} INFO - Filling up the DagBag from /opt/airflow/dags/imdb_historical.py
[2024-12-03T23:42:41.779+0000] {processor.py:840} INFO - DAG(s) 'etl_imdb_historical' retrieved from /opt/airflow/dags/imdb_historical.py
[2024-12-03T23:42:41.899+0000] {logging_mixin.py:188} INFO - [2024-12-03T23:42:41.899+0000] {override.py:1829} INFO - Created Permission View: can edit on DAG:etl_imdb_historical
[2024-12-03T23:42:41.903+0000] {logging_mixin.py:188} INFO - [2024-12-03T23:42:41.903+0000] {override.py:1829} INFO - Created Permission View: can delete on DAG:etl_imdb_historical
[2024-12-03T23:42:41.906+0000] {logging_mixin.py:188} INFO - [2024-12-03T23:42:41.906+0000] {override.py:1829} INFO - Created Permission View: can read on DAG:etl_imdb_historical
[2024-12-03T23:42:41.906+0000] {logging_mixin.py:188} INFO - [2024-12-03T23:42:41.906+0000] {dag.py:3096} INFO - Sync 1 DAGs
[2024-12-03T23:42:41.911+0000] {logging_mixin.py:188} INFO - [2024-12-03T23:42:41.911+0000] {dag.py:3118} INFO - Creating ORM DAG for etl_imdb_historical
[2024-12-03T23:42:41.912+0000] {logging_mixin.py:188} INFO - [2024-12-03T23:42:41.912+0000] {dag.py:3954} INFO - Setting next_dagrun for etl_imdb_historical to None, run_after=None
[2024-12-03T23:42:41.922+0000] {processor.py:183} INFO - Processing /opt/airflow/dags/imdb_historical.py took 0.166 seconds
[2024-12-03T23:43:12.485+0000] {processor.py:161} INFO - Started process (PID=46134) to work on /opt/airflow/dags/imdb_historical.py
[2024-12-03T23:43:12.487+0000] {processor.py:830} INFO - Processing file /opt/airflow/dags/imdb_historical.py for tasks to queue
[2024-12-03T23:43:12.489+0000] {logging_mixin.py:188} INFO - [2024-12-03T23:43:12.488+0000] {dagbag.py:545} INFO - Filling up the DagBag from /opt/airflow/dags/imdb_historical.py
[2024-12-03T23:43:12.511+0000] {processor.py:840} INFO - DAG(s) 'etl_imdb_historical' retrieved from /opt/airflow/dags/imdb_historical.py
[2024-12-03T23:43:12.543+0000] {logging_mixin.py:188} INFO - [2024-12-03T23:43:12.543+0000] {dag.py:3096} INFO - Sync 1 DAGs
[2024-12-03T23:43:12.554+0000] {logging_mixin.py:188} INFO - [2024-12-03T23:43:12.554+0000] {dag.py:3954} INFO - Setting next_dagrun for etl_imdb_historical to None, run_after=None
[2024-12-03T23:43:12.568+0000] {processor.py:183} INFO - Processing /opt/airflow/dags/imdb_historical.py took 0.096 seconds
[2024-12-03T23:43:43.010+0000] {processor.py:161} INFO - Started process (PID=46182) to work on /opt/airflow/dags/imdb_historical.py
[2024-12-03T23:43:43.011+0000] {processor.py:830} INFO - Processing file /opt/airflow/dags/imdb_historical.py for tasks to queue
[2024-12-03T23:43:43.012+0000] {logging_mixin.py:188} INFO - [2024-12-03T23:43:43.011+0000] {dagbag.py:545} INFO - Filling up the DagBag from /opt/airflow/dags/imdb_historical.py
[2024-12-03T23:43:43.020+0000] {processor.py:840} INFO - DAG(s) 'etl_imdb_historical' retrieved from /opt/airflow/dags/imdb_historical.py
[2024-12-03T23:43:43.047+0000] {logging_mixin.py:188} INFO - [2024-12-03T23:43:43.047+0000] {dag.py:3096} INFO - Sync 1 DAGs
[2024-12-03T23:43:43.054+0000] {logging_mixin.py:188} INFO - [2024-12-03T23:43:43.054+0000] {dag.py:3954} INFO - Setting next_dagrun for etl_imdb_historical to None, run_after=None
[2024-12-03T23:43:43.066+0000] {processor.py:183} INFO - Processing /opt/airflow/dags/imdb_historical.py took 0.062 seconds
[2024-12-03T23:44:13.741+0000] {processor.py:161} INFO - Started process (PID=46222) to work on /opt/airflow/dags/imdb_historical.py
[2024-12-03T23:44:13.743+0000] {processor.py:830} INFO - Processing file /opt/airflow/dags/imdb_historical.py for tasks to queue
[2024-12-03T23:44:13.745+0000] {logging_mixin.py:188} INFO - [2024-12-03T23:44:13.744+0000] {dagbag.py:545} INFO - Filling up the DagBag from /opt/airflow/dags/imdb_historical.py
[2024-12-03T23:44:13.785+0000] {processor.py:840} INFO - DAG(s) 'etl_imdb_historical' retrieved from /opt/airflow/dags/imdb_historical.py
[2024-12-03T23:44:13.908+0000] {logging_mixin.py:188} INFO - [2024-12-03T23:44:13.908+0000] {dag.py:3096} INFO - Sync 1 DAGs
[2024-12-03T23:44:13.933+0000] {logging_mixin.py:188} INFO - [2024-12-03T23:44:13.933+0000] {dag.py:3954} INFO - Setting next_dagrun for etl_imdb_historical to None, run_after=None
[2024-12-03T23:44:13.956+0000] {processor.py:183} INFO - Processing /opt/airflow/dags/imdb_historical.py took 0.233 seconds
[2024-12-03T23:44:44.428+0000] {processor.py:161} INFO - Started process (PID=46264) to work on /opt/airflow/dags/imdb_historical.py
[2024-12-03T23:44:44.430+0000] {processor.py:830} INFO - Processing file /opt/airflow/dags/imdb_historical.py for tasks to queue
[2024-12-03T23:44:44.431+0000] {logging_mixin.py:188} INFO - [2024-12-03T23:44:44.431+0000] {dagbag.py:545} INFO - Filling up the DagBag from /opt/airflow/dags/imdb_historical.py
[2024-12-03T23:44:44.451+0000] {processor.py:840} INFO - DAG(s) 'etl_imdb_historical' retrieved from /opt/airflow/dags/imdb_historical.py
[2024-12-03T23:44:44.482+0000] {logging_mixin.py:188} INFO - [2024-12-03T23:44:44.482+0000] {dag.py:3096} INFO - Sync 1 DAGs
[2024-12-03T23:44:44.495+0000] {logging_mixin.py:188} INFO - [2024-12-03T23:44:44.495+0000] {dag.py:3954} INFO - Setting next_dagrun for etl_imdb_historical to None, run_after=None
[2024-12-03T23:44:44.508+0000] {processor.py:183} INFO - Processing /opt/airflow/dags/imdb_historical.py took 0.093 seconds
[2024-12-03T23:45:15.088+0000] {processor.py:161} INFO - Started process (PID=46303) to work on /opt/airflow/dags/imdb_historical.py
[2024-12-03T23:45:15.090+0000] {processor.py:830} INFO - Processing file /opt/airflow/dags/imdb_historical.py for tasks to queue
[2024-12-03T23:45:15.092+0000] {logging_mixin.py:188} INFO - [2024-12-03T23:45:15.090+0000] {dagbag.py:545} INFO - Filling up the DagBag from /opt/airflow/dags/imdb_historical.py
[2024-12-03T23:45:15.121+0000] {processor.py:840} INFO - DAG(s) 'etl_imdb_historical' retrieved from /opt/airflow/dags/imdb_historical.py
[2024-12-03T23:45:15.160+0000] {logging_mixin.py:188} INFO - [2024-12-03T23:45:15.160+0000] {dag.py:3096} INFO - Sync 1 DAGs
[2024-12-03T23:45:15.174+0000] {logging_mixin.py:188} INFO - [2024-12-03T23:45:15.174+0000] {dag.py:3954} INFO - Setting next_dagrun for etl_imdb_historical to None, run_after=None
[2024-12-03T23:45:15.190+0000] {processor.py:183} INFO - Processing /opt/airflow/dags/imdb_historical.py took 0.115 seconds
[2024-12-03T23:45:45.905+0000] {processor.py:161} INFO - Started process (PID=46348) to work on /opt/airflow/dags/imdb_historical.py
[2024-12-03T23:45:45.907+0000] {processor.py:830} INFO - Processing file /opt/airflow/dags/imdb_historical.py for tasks to queue
[2024-12-03T23:45:45.908+0000] {logging_mixin.py:188} INFO - [2024-12-03T23:45:45.908+0000] {dagbag.py:545} INFO - Filling up the DagBag from /opt/airflow/dags/imdb_historical.py
[2024-12-03T23:45:45.932+0000] {processor.py:840} INFO - DAG(s) 'etl_imdb_historical' retrieved from /opt/airflow/dags/imdb_historical.py
[2024-12-03T23:45:45.969+0000] {logging_mixin.py:188} INFO - [2024-12-03T23:45:45.969+0000] {dag.py:3096} INFO - Sync 1 DAGs
[2024-12-03T23:45:45.982+0000] {logging_mixin.py:188} INFO - [2024-12-03T23:45:45.981+0000] {dag.py:3954} INFO - Setting next_dagrun for etl_imdb_historical to None, run_after=None
[2024-12-03T23:45:45.993+0000] {processor.py:183} INFO - Processing /opt/airflow/dags/imdb_historical.py took 0.101 seconds
[2024-12-03T23:46:16.469+0000] {processor.py:161} INFO - Started process (PID=46384) to work on /opt/airflow/dags/imdb_historical.py
[2024-12-03T23:46:16.472+0000] {processor.py:830} INFO - Processing file /opt/airflow/dags/imdb_historical.py for tasks to queue
[2024-12-03T23:46:16.474+0000] {logging_mixin.py:188} INFO - [2024-12-03T23:46:16.474+0000] {dagbag.py:545} INFO - Filling up the DagBag from /opt/airflow/dags/imdb_historical.py
[2024-12-03T23:46:16.479+0000] {processor.py:840} INFO - DAG(s) 'etl_imdb_historical' retrieved from /opt/airflow/dags/imdb_historical.py
[2024-12-03T23:46:16.497+0000] {logging_mixin.py:188} INFO - [2024-12-03T23:46:16.497+0000] {dag.py:3096} INFO - Sync 1 DAGs
[2024-12-03T23:46:16.509+0000] {logging_mixin.py:188} INFO - [2024-12-03T23:46:16.509+0000] {dag.py:3954} INFO - Setting next_dagrun for etl_imdb_historical to None, run_after=None
[2024-12-03T23:46:16.523+0000] {processor.py:183} INFO - Processing /opt/airflow/dags/imdb_historical.py took 0.060 seconds
[2024-12-03T23:46:47.175+0000] {processor.py:161} INFO - Started process (PID=46420) to work on /opt/airflow/dags/imdb_historical.py
[2024-12-03T23:46:47.178+0000] {processor.py:830} INFO - Processing file /opt/airflow/dags/imdb_historical.py for tasks to queue
[2024-12-03T23:46:47.179+0000] {logging_mixin.py:188} INFO - [2024-12-03T23:46:47.178+0000] {dagbag.py:545} INFO - Filling up the DagBag from /opt/airflow/dags/imdb_historical.py
[2024-12-03T23:46:47.203+0000] {processor.py:840} INFO - DAG(s) 'etl_imdb_historical' retrieved from /opt/airflow/dags/imdb_historical.py
[2024-12-03T23:46:47.251+0000] {logging_mixin.py:188} INFO - [2024-12-03T23:46:47.251+0000] {dag.py:3096} INFO - Sync 1 DAGs
[2024-12-03T23:46:47.269+0000] {logging_mixin.py:188} INFO - [2024-12-03T23:46:47.268+0000] {dag.py:3954} INFO - Setting next_dagrun for etl_imdb_historical to None, run_after=None
[2024-12-03T23:46:47.283+0000] {processor.py:183} INFO - Processing /opt/airflow/dags/imdb_historical.py took 0.126 seconds
[2024-12-03T23:47:17.982+0000] {processor.py:161} INFO - Started process (PID=46456) to work on /opt/airflow/dags/imdb_historical.py
[2024-12-03T23:47:17.985+0000] {processor.py:830} INFO - Processing file /opt/airflow/dags/imdb_historical.py for tasks to queue
[2024-12-03T23:47:17.987+0000] {logging_mixin.py:188} INFO - [2024-12-03T23:47:17.986+0000] {dagbag.py:545} INFO - Filling up the DagBag from /opt/airflow/dags/imdb_historical.py
[2024-12-03T23:47:18.013+0000] {processor.py:840} INFO - DAG(s) 'etl_imdb_historical' retrieved from /opt/airflow/dags/imdb_historical.py
[2024-12-03T23:47:18.061+0000] {logging_mixin.py:188} INFO - [2024-12-03T23:47:18.060+0000] {dag.py:3096} INFO - Sync 1 DAGs
[2024-12-03T23:47:18.080+0000] {logging_mixin.py:188} INFO - [2024-12-03T23:47:18.080+0000] {dag.py:3954} INFO - Setting next_dagrun for etl_imdb_historical to None, run_after=None
[2024-12-03T23:47:18.094+0000] {processor.py:183} INFO - Processing /opt/airflow/dags/imdb_historical.py took 0.124 seconds
[2024-12-03T23:47:48.705+0000] {processor.py:161} INFO - Started process (PID=46492) to work on /opt/airflow/dags/imdb_historical.py
[2024-12-03T23:47:48.710+0000] {processor.py:830} INFO - Processing file /opt/airflow/dags/imdb_historical.py for tasks to queue
[2024-12-03T23:47:48.712+0000] {logging_mixin.py:188} INFO - [2024-12-03T23:47:48.712+0000] {dagbag.py:545} INFO - Filling up the DagBag from /opt/airflow/dags/imdb_historical.py
[2024-12-03T23:47:48.737+0000] {processor.py:840} INFO - DAG(s) 'etl_imdb_historical' retrieved from /opt/airflow/dags/imdb_historical.py
[2024-12-03T23:47:48.779+0000] {logging_mixin.py:188} INFO - [2024-12-03T23:47:48.778+0000] {dag.py:3096} INFO - Sync 1 DAGs
[2024-12-03T23:47:48.794+0000] {logging_mixin.py:188} INFO - [2024-12-03T23:47:48.794+0000] {dag.py:3954} INFO - Setting next_dagrun for etl_imdb_historical to None, run_after=None
[2024-12-03T23:47:48.809+0000] {processor.py:183} INFO - Processing /opt/airflow/dags/imdb_historical.py took 0.116 seconds
[2024-12-03T23:48:19.349+0000] {processor.py:161} INFO - Started process (PID=46528) to work on /opt/airflow/dags/imdb_historical.py
[2024-12-03T23:48:19.352+0000] {processor.py:830} INFO - Processing file /opt/airflow/dags/imdb_historical.py for tasks to queue
[2024-12-03T23:48:19.354+0000] {logging_mixin.py:188} INFO - [2024-12-03T23:48:19.353+0000] {dagbag.py:545} INFO - Filling up the DagBag from /opt/airflow/dags/imdb_historical.py
[2024-12-03T23:48:19.383+0000] {processor.py:840} INFO - DAG(s) 'etl_imdb_historical' retrieved from /opt/airflow/dags/imdb_historical.py
[2024-12-03T23:48:19.428+0000] {logging_mixin.py:188} INFO - [2024-12-03T23:48:19.428+0000] {dag.py:3096} INFO - Sync 1 DAGs
[2024-12-03T23:48:19.449+0000] {logging_mixin.py:188} INFO - [2024-12-03T23:48:19.449+0000] {dag.py:3954} INFO - Setting next_dagrun for etl_imdb_historical to None, run_after=None
[2024-12-03T23:48:19.508+0000] {processor.py:183} INFO - Processing /opt/airflow/dags/imdb_historical.py took 0.173 seconds
[2024-12-03T23:48:50.112+0000] {processor.py:161} INFO - Started process (PID=46564) to work on /opt/airflow/dags/imdb_historical.py
[2024-12-03T23:48:50.113+0000] {processor.py:830} INFO - Processing file /opt/airflow/dags/imdb_historical.py for tasks to queue
[2024-12-03T23:48:50.114+0000] {logging_mixin.py:188} INFO - [2024-12-03T23:48:50.114+0000] {dagbag.py:545} INFO - Filling up the DagBag from /opt/airflow/dags/imdb_historical.py
[2024-12-03T23:48:50.126+0000] {processor.py:840} INFO - DAG(s) 'etl_imdb_historical' retrieved from /opt/airflow/dags/imdb_historical.py
[2024-12-03T23:48:50.143+0000] {logging_mixin.py:188} INFO - [2024-12-03T23:48:50.143+0000] {dag.py:3096} INFO - Sync 1 DAGs
[2024-12-03T23:48:50.151+0000] {logging_mixin.py:188} INFO - [2024-12-03T23:48:50.151+0000] {dag.py:3954} INFO - Setting next_dagrun for etl_imdb_historical to None, run_after=None
[2024-12-03T23:48:50.159+0000] {processor.py:183} INFO - Processing /opt/airflow/dags/imdb_historical.py took 0.051 seconds
[2024-12-03T23:49:20.752+0000] {processor.py:161} INFO - Started process (PID=46614) to work on /opt/airflow/dags/imdb_historical.py
[2024-12-03T23:49:20.760+0000] {processor.py:830} INFO - Processing file /opt/airflow/dags/imdb_historical.py for tasks to queue
[2024-12-03T23:49:20.764+0000] {logging_mixin.py:188} INFO - [2024-12-03T23:49:20.761+0000] {dagbag.py:545} INFO - Filling up the DagBag from /opt/airflow/dags/imdb_historical.py
[2024-12-03T23:49:20.805+0000] {processor.py:840} INFO - DAG(s) 'etl_imdb_historical' retrieved from /opt/airflow/dags/imdb_historical.py
[2024-12-03T23:49:20.879+0000] {logging_mixin.py:188} INFO - [2024-12-03T23:49:20.878+0000] {dag.py:3096} INFO - Sync 1 DAGs
[2024-12-03T23:49:20.904+0000] {logging_mixin.py:188} INFO - [2024-12-03T23:49:20.904+0000] {dag.py:3954} INFO - Setting next_dagrun for etl_imdb_historical to None, run_after=None
[2024-12-03T23:49:20.924+0000] {processor.py:183} INFO - Processing /opt/airflow/dags/imdb_historical.py took 0.193 seconds
[2024-12-03T23:49:51.730+0000] {processor.py:161} INFO - Started process (PID=46650) to work on /opt/airflow/dags/imdb_historical.py
[2024-12-03T23:49:51.736+0000] {processor.py:830} INFO - Processing file /opt/airflow/dags/imdb_historical.py for tasks to queue
[2024-12-03T23:49:51.741+0000] {logging_mixin.py:188} INFO - [2024-12-03T23:49:51.739+0000] {dagbag.py:545} INFO - Filling up the DagBag from /opt/airflow/dags/imdb_historical.py
[2024-12-03T23:49:52.237+0000] {processor.py:840} INFO - DAG(s) 'etl_imdb_historical' retrieved from /opt/airflow/dags/imdb_historical.py
[2024-12-03T23:49:52.770+0000] {logging_mixin.py:188} INFO - [2024-12-03T23:49:52.769+0000] {dag.py:3096} INFO - Sync 1 DAGs
[2024-12-03T23:49:53.146+0000] {logging_mixin.py:188} INFO - [2024-12-03T23:49:53.146+0000] {dag.py:3954} INFO - Setting next_dagrun for etl_imdb_historical to None, run_after=None
[2024-12-03T23:49:53.384+0000] {processor.py:183} INFO - Processing /opt/airflow/dags/imdb_historical.py took 1.710 seconds
[2024-12-03T23:50:24.018+0000] {processor.py:161} INFO - Started process (PID=46686) to work on /opt/airflow/dags/imdb_historical.py
[2024-12-03T23:50:24.021+0000] {processor.py:830} INFO - Processing file /opt/airflow/dags/imdb_historical.py for tasks to queue
[2024-12-03T23:50:24.026+0000] {logging_mixin.py:188} INFO - [2024-12-03T23:50:24.023+0000] {dagbag.py:545} INFO - Filling up the DagBag from /opt/airflow/dags/imdb_historical.py
[2024-12-03T23:50:24.070+0000] {processor.py:840} INFO - DAG(s) 'etl_imdb_historical' retrieved from /opt/airflow/dags/imdb_historical.py
[2024-12-03T23:50:24.146+0000] {logging_mixin.py:188} INFO - [2024-12-03T23:50:24.146+0000] {dag.py:3096} INFO - Sync 1 DAGs
[2024-12-03T23:50:24.170+0000] {logging_mixin.py:188} INFO - [2024-12-03T23:50:24.170+0000] {dag.py:3954} INFO - Setting next_dagrun for etl_imdb_historical to None, run_after=None
[2024-12-03T23:50:24.200+0000] {processor.py:183} INFO - Processing /opt/airflow/dags/imdb_historical.py took 0.214 seconds
[2024-12-03T23:50:54.967+0000] {processor.py:161} INFO - Started process (PID=46735) to work on /opt/airflow/dags/imdb_historical.py
[2024-12-03T23:50:54.971+0000] {processor.py:830} INFO - Processing file /opt/airflow/dags/imdb_historical.py for tasks to queue
[2024-12-03T23:50:54.975+0000] {logging_mixin.py:188} INFO - [2024-12-03T23:50:54.973+0000] {dagbag.py:545} INFO - Filling up the DagBag from /opt/airflow/dags/imdb_historical.py
[2024-12-03T23:50:55.018+0000] {processor.py:840} INFO - DAG(s) 'etl_imdb_historical' retrieved from /opt/airflow/dags/imdb_historical.py
[2024-12-03T23:50:55.061+0000] {logging_mixin.py:188} INFO - [2024-12-03T23:50:55.061+0000] {dag.py:3096} INFO - Sync 1 DAGs
[2024-12-03T23:50:55.083+0000] {logging_mixin.py:188} INFO - [2024-12-03T23:50:55.082+0000] {dag.py:3954} INFO - Setting next_dagrun for etl_imdb_historical to None, run_after=None
[2024-12-03T23:50:55.093+0000] {processor.py:183} INFO - Processing /opt/airflow/dags/imdb_historical.py took 0.143 seconds
[2024-12-03T23:51:25.749+0000] {processor.py:161} INFO - Started process (PID=46770) to work on /opt/airflow/dags/imdb_historical.py
[2024-12-03T23:51:25.750+0000] {processor.py:830} INFO - Processing file /opt/airflow/dags/imdb_historical.py for tasks to queue
[2024-12-03T23:51:25.752+0000] {logging_mixin.py:188} INFO - [2024-12-03T23:51:25.751+0000] {dagbag.py:545} INFO - Filling up the DagBag from /opt/airflow/dags/imdb_historical.py
[2024-12-03T23:51:25.778+0000] {processor.py:840} INFO - DAG(s) 'etl_imdb_historical' retrieved from /opt/airflow/dags/imdb_historical.py
[2024-12-03T23:51:25.824+0000] {logging_mixin.py:188} INFO - [2024-12-03T23:51:25.824+0000] {dag.py:3096} INFO - Sync 1 DAGs
[2024-12-03T23:51:25.846+0000] {logging_mixin.py:188} INFO - [2024-12-03T23:51:25.845+0000] {dag.py:3954} INFO - Setting next_dagrun for etl_imdb_historical to None, run_after=None
[2024-12-03T23:51:25.862+0000] {processor.py:183} INFO - Processing /opt/airflow/dags/imdb_historical.py took 0.126 seconds
[2024-12-03T23:51:56.497+0000] {processor.py:161} INFO - Started process (PID=46807) to work on /opt/airflow/dags/imdb_historical.py
[2024-12-03T23:51:56.498+0000] {processor.py:830} INFO - Processing file /opt/airflow/dags/imdb_historical.py for tasks to queue
[2024-12-03T23:51:56.499+0000] {logging_mixin.py:188} INFO - [2024-12-03T23:51:56.498+0000] {dagbag.py:545} INFO - Filling up the DagBag from /opt/airflow/dags/imdb_historical.py
[2024-12-03T23:51:56.520+0000] {processor.py:840} INFO - DAG(s) 'etl_imdb_historical' retrieved from /opt/airflow/dags/imdb_historical.py
[2024-12-03T23:51:56.555+0000] {logging_mixin.py:188} INFO - [2024-12-03T23:51:56.555+0000] {dag.py:3096} INFO - Sync 1 DAGs
[2024-12-03T23:51:56.933+0000] {logging_mixin.py:188} INFO - [2024-12-03T23:51:56.933+0000] {dag.py:3954} INFO - Setting next_dagrun for etl_imdb_historical to None, run_after=None
[2024-12-03T23:51:56.942+0000] {processor.py:183} INFO - Processing /opt/airflow/dags/imdb_historical.py took 0.453 seconds
[2024-12-03T23:52:27.596+0000] {processor.py:161} INFO - Started process (PID=46845) to work on /opt/airflow/dags/imdb_historical.py
[2024-12-03T23:52:27.598+0000] {processor.py:830} INFO - Processing file /opt/airflow/dags/imdb_historical.py for tasks to queue
[2024-12-03T23:52:27.599+0000] {logging_mixin.py:188} INFO - [2024-12-03T23:52:27.598+0000] {dagbag.py:545} INFO - Filling up the DagBag from /opt/airflow/dags/imdb_historical.py
[2024-12-03T23:52:27.619+0000] {processor.py:840} INFO - DAG(s) 'etl_imdb_historical' retrieved from /opt/airflow/dags/imdb_historical.py
[2024-12-03T23:52:27.650+0000] {logging_mixin.py:188} INFO - [2024-12-03T23:52:27.650+0000] {dag.py:3096} INFO - Sync 1 DAGs
[2024-12-03T23:52:27.668+0000] {logging_mixin.py:188} INFO - [2024-12-03T23:52:27.668+0000] {dag.py:3954} INFO - Setting next_dagrun for etl_imdb_historical to None, run_after=None
[2024-12-03T23:52:27.681+0000] {processor.py:183} INFO - Processing /opt/airflow/dags/imdb_historical.py took 0.094 seconds
[2024-12-03T23:52:58.144+0000] {processor.py:161} INFO - Started process (PID=46881) to work on /opt/airflow/dags/imdb_historical.py
[2024-12-03T23:52:58.145+0000] {processor.py:830} INFO - Processing file /opt/airflow/dags/imdb_historical.py for tasks to queue
[2024-12-03T23:52:58.146+0000] {logging_mixin.py:188} INFO - [2024-12-03T23:52:58.146+0000] {dagbag.py:545} INFO - Filling up the DagBag from /opt/airflow/dags/imdb_historical.py
[2024-12-03T23:52:58.154+0000] {processor.py:840} INFO - DAG(s) 'etl_imdb_historical' retrieved from /opt/airflow/dags/imdb_historical.py
[2024-12-03T23:52:58.175+0000] {logging_mixin.py:188} INFO - [2024-12-03T23:52:58.175+0000] {dag.py:3096} INFO - Sync 1 DAGs
[2024-12-03T23:52:58.254+0000] {logging_mixin.py:188} INFO - [2024-12-03T23:52:58.254+0000] {dag.py:3954} INFO - Setting next_dagrun for etl_imdb_historical to None, run_after=None
[2024-12-03T23:52:58.259+0000] {processor.py:183} INFO - Processing /opt/airflow/dags/imdb_historical.py took 0.123 seconds
[2024-12-03T23:53:05.296+0000] {processor.py:161} INFO - Started process (PID=46886) to work on /opt/airflow/dags/imdb_historical.py
[2024-12-03T23:53:05.298+0000] {processor.py:830} INFO - Processing file /opt/airflow/dags/imdb_historical.py for tasks to queue
[2024-12-03T23:53:05.300+0000] {logging_mixin.py:188} INFO - [2024-12-03T23:53:05.299+0000] {dagbag.py:545} INFO - Filling up the DagBag from /opt/airflow/dags/imdb_historical.py
[2024-12-03T23:53:05.325+0000] {processor.py:840} INFO - DAG(s) 'etl_imdb_historical' retrieved from /opt/airflow/dags/imdb_historical.py
[2024-12-03T23:53:05.655+0000] {logging_mixin.py:188} INFO - [2024-12-03T23:53:05.655+0000] {dag.py:3096} INFO - Sync 1 DAGs
[2024-12-03T23:53:05.659+0000] {logging_mixin.py:188} INFO - [2024-12-03T23:53:05.659+0000] {dag.py:3954} INFO - Setting next_dagrun for etl_imdb_historical to None, run_after=None
[2024-12-03T23:53:05.666+0000] {processor.py:183} INFO - Processing /opt/airflow/dags/imdb_historical.py took 0.391 seconds
[2024-12-03T23:53:35.993+0000] {processor.py:161} INFO - Started process (PID=46930) to work on /opt/airflow/dags/imdb_historical.py
[2024-12-03T23:53:35.994+0000] {processor.py:830} INFO - Processing file /opt/airflow/dags/imdb_historical.py for tasks to queue
[2024-12-03T23:53:35.996+0000] {logging_mixin.py:188} INFO - [2024-12-03T23:53:35.995+0000] {dagbag.py:545} INFO - Filling up the DagBag from /opt/airflow/dags/imdb_historical.py
[2024-12-03T23:53:36.013+0000] {processor.py:840} INFO - DAG(s) 'etl_imdb_historical' retrieved from /opt/airflow/dags/imdb_historical.py
[2024-12-03T23:53:36.048+0000] {logging_mixin.py:188} INFO - [2024-12-03T23:53:36.048+0000] {dag.py:3096} INFO - Sync 1 DAGs
[2024-12-03T23:53:36.064+0000] {logging_mixin.py:188} INFO - [2024-12-03T23:53:36.064+0000] {dag.py:3954} INFO - Setting next_dagrun for etl_imdb_historical to None, run_after=None
[2024-12-03T23:53:36.078+0000] {processor.py:183} INFO - Processing /opt/airflow/dags/imdb_historical.py took 0.096 seconds
[2024-12-03T23:54:07.060+0000] {processor.py:161} INFO - Started process (PID=46966) to work on /opt/airflow/dags/imdb_historical.py
[2024-12-03T23:54:07.065+0000] {processor.py:830} INFO - Processing file /opt/airflow/dags/imdb_historical.py for tasks to queue
[2024-12-03T23:54:07.068+0000] {logging_mixin.py:188} INFO - [2024-12-03T23:54:07.066+0000] {dagbag.py:545} INFO - Filling up the DagBag from /opt/airflow/dags/imdb_historical.py
[2024-12-03T23:54:07.121+0000] {processor.py:840} INFO - DAG(s) 'etl_imdb_historical' retrieved from /opt/airflow/dags/imdb_historical.py
[2024-12-03T23:54:07.223+0000] {logging_mixin.py:188} INFO - [2024-12-03T23:54:07.222+0000] {dag.py:3096} INFO - Sync 1 DAGs
[2024-12-03T23:54:08.444+0000] {logging_mixin.py:188} INFO - [2024-12-03T23:54:08.443+0000] {dag.py:3954} INFO - Setting next_dagrun for etl_imdb_historical to None, run_after=None
[2024-12-03T23:54:08.468+0000] {processor.py:183} INFO - Processing /opt/airflow/dags/imdb_historical.py took 1.452 seconds
[2024-12-03T23:54:39.528+0000] {processor.py:161} INFO - Started process (PID=47003) to work on /opt/airflow/dags/imdb_historical.py
[2024-12-03T23:54:39.534+0000] {processor.py:830} INFO - Processing file /opt/airflow/dags/imdb_historical.py for tasks to queue
[2024-12-03T23:54:39.536+0000] {logging_mixin.py:188} INFO - [2024-12-03T23:54:39.535+0000] {dagbag.py:545} INFO - Filling up the DagBag from /opt/airflow/dags/imdb_historical.py
[2024-12-03T23:54:39.585+0000] {processor.py:840} INFO - DAG(s) 'etl_imdb_historical' retrieved from /opt/airflow/dags/imdb_historical.py
[2024-12-03T23:54:39.641+0000] {logging_mixin.py:188} INFO - [2024-12-03T23:54:39.641+0000] {dag.py:3096} INFO - Sync 1 DAGs
[2024-12-03T23:54:39.666+0000] {logging_mixin.py:188} INFO - [2024-12-03T23:54:39.666+0000] {dag.py:3954} INFO - Setting next_dagrun for etl_imdb_historical to None, run_after=None
[2024-12-03T23:54:39.683+0000] {processor.py:183} INFO - Processing /opt/airflow/dags/imdb_historical.py took 0.183 seconds
[2024-12-03T23:55:08.283+0000] {processor.py:161} INFO - Started process (PID=47043) to work on /opt/airflow/dags/imdb_historical.py
[2024-12-03T23:55:08.285+0000] {processor.py:830} INFO - Processing file /opt/airflow/dags/imdb_historical.py for tasks to queue
[2024-12-03T23:55:08.286+0000] {logging_mixin.py:188} INFO - [2024-12-03T23:55:08.285+0000] {dagbag.py:545} INFO - Filling up the DagBag from /opt/airflow/dags/imdb_historical.py
[2024-12-03T23:55:08.308+0000] {processor.py:840} INFO - DAG(s) 'etl_imdb_historical' retrieved from /opt/airflow/dags/imdb_historical.py
[2024-12-03T23:55:08.340+0000] {logging_mixin.py:188} INFO - [2024-12-03T23:55:08.340+0000] {dag.py:3096} INFO - Sync 1 DAGs
[2024-12-03T23:55:08.351+0000] {logging_mixin.py:188} INFO - [2024-12-03T23:55:08.350+0000] {dag.py:3954} INFO - Setting next_dagrun for etl_imdb_historical to None, run_after=None
[2024-12-03T23:55:08.721+0000] {processor.py:183} INFO - Processing /opt/airflow/dags/imdb_historical.py took 0.448 seconds
[2024-12-03T23:55:39.276+0000] {processor.py:161} INFO - Started process (PID=47084) to work on /opt/airflow/dags/imdb_historical.py
[2024-12-03T23:55:39.278+0000] {processor.py:830} INFO - Processing file /opt/airflow/dags/imdb_historical.py for tasks to queue
[2024-12-03T23:55:39.279+0000] {logging_mixin.py:188} INFO - [2024-12-03T23:55:39.279+0000] {dagbag.py:545} INFO - Filling up the DagBag from /opt/airflow/dags/imdb_historical.py
[2024-12-03T23:55:39.302+0000] {processor.py:840} INFO - DAG(s) 'etl_imdb_historical' retrieved from /opt/airflow/dags/imdb_historical.py
[2024-12-03T23:55:39.335+0000] {logging_mixin.py:188} INFO - [2024-12-03T23:55:39.334+0000] {dag.py:3096} INFO - Sync 1 DAGs
[2024-12-03T23:55:39.349+0000] {logging_mixin.py:188} INFO - [2024-12-03T23:55:39.349+0000] {dag.py:3954} INFO - Setting next_dagrun for etl_imdb_historical to None, run_after=None
[2024-12-03T23:55:39.359+0000] {processor.py:183} INFO - Processing /opt/airflow/dags/imdb_historical.py took 0.095 seconds
[2024-12-03T23:56:09.914+0000] {processor.py:161} INFO - Started process (PID=47120) to work on /opt/airflow/dags/imdb_historical.py
[2024-12-03T23:56:09.915+0000] {processor.py:830} INFO - Processing file /opt/airflow/dags/imdb_historical.py for tasks to queue
[2024-12-03T23:56:09.916+0000] {logging_mixin.py:188} INFO - [2024-12-03T23:56:09.916+0000] {dagbag.py:545} INFO - Filling up the DagBag from /opt/airflow/dags/imdb_historical.py
[2024-12-03T23:56:09.932+0000] {processor.py:840} INFO - DAG(s) 'etl_imdb_historical' retrieved from /opt/airflow/dags/imdb_historical.py
[2024-12-03T23:56:09.963+0000] {logging_mixin.py:188} INFO - [2024-12-03T23:56:09.963+0000] {dag.py:3096} INFO - Sync 1 DAGs
[2024-12-03T23:56:09.984+0000] {logging_mixin.py:188} INFO - [2024-12-03T23:56:09.984+0000] {dag.py:3954} INFO - Setting next_dagrun for etl_imdb_historical to None, run_after=None
[2024-12-03T23:56:09.999+0000] {processor.py:183} INFO - Processing /opt/airflow/dags/imdb_historical.py took 0.093 seconds
[2024-12-03T23:56:40.199+0000] {processor.py:161} INFO - Started process (PID=47156) to work on /opt/airflow/dags/imdb_historical.py
[2024-12-03T23:56:40.203+0000] {processor.py:830} INFO - Processing file /opt/airflow/dags/imdb_historical.py for tasks to queue
[2024-12-03T23:56:40.204+0000] {logging_mixin.py:188} INFO - [2024-12-03T23:56:40.203+0000] {dagbag.py:545} INFO - Filling up the DagBag from /opt/airflow/dags/imdb_historical.py
[2024-12-03T23:56:40.227+0000] {processor.py:840} INFO - DAG(s) 'etl_imdb_historical' retrieved from /opt/airflow/dags/imdb_historical.py
[2024-12-03T23:56:40.559+0000] {logging_mixin.py:188} INFO - [2024-12-03T23:56:40.558+0000] {dag.py:3096} INFO - Sync 1 DAGs
[2024-12-03T23:56:40.567+0000] {logging_mixin.py:188} INFO - [2024-12-03T23:56:40.566+0000] {dag.py:3954} INFO - Setting next_dagrun for etl_imdb_historical to None, run_after=None
[2024-12-03T23:56:40.573+0000] {processor.py:183} INFO - Processing /opt/airflow/dags/imdb_historical.py took 0.389 seconds
[2024-12-03T23:57:11.492+0000] {processor.py:161} INFO - Started process (PID=47192) to work on /opt/airflow/dags/imdb_historical.py
[2024-12-03T23:57:11.494+0000] {processor.py:830} INFO - Processing file /opt/airflow/dags/imdb_historical.py for tasks to queue
[2024-12-03T23:57:11.496+0000] {logging_mixin.py:188} INFO - [2024-12-03T23:57:11.495+0000] {dagbag.py:545} INFO - Filling up the DagBag from /opt/airflow/dags/imdb_historical.py
[2024-12-03T23:57:11.518+0000] {processor.py:840} INFO - DAG(s) 'etl_imdb_historical' retrieved from /opt/airflow/dags/imdb_historical.py
[2024-12-03T23:57:11.549+0000] {logging_mixin.py:188} INFO - [2024-12-03T23:57:11.549+0000] {dag.py:3096} INFO - Sync 1 DAGs
[2024-12-03T23:57:11.561+0000] {logging_mixin.py:188} INFO - [2024-12-03T23:57:11.561+0000] {dag.py:3954} INFO - Setting next_dagrun for etl_imdb_historical to None, run_after=None
[2024-12-03T23:57:11.575+0000] {processor.py:183} INFO - Processing /opt/airflow/dags/imdb_historical.py took 0.093 seconds
[2024-12-03T23:57:42.159+0000] {processor.py:161} INFO - Started process (PID=47228) to work on /opt/airflow/dags/imdb_historical.py
[2024-12-03T23:57:42.161+0000] {processor.py:830} INFO - Processing file /opt/airflow/dags/imdb_historical.py for tasks to queue
[2024-12-03T23:57:42.162+0000] {logging_mixin.py:188} INFO - [2024-12-03T23:57:42.161+0000] {dagbag.py:545} INFO - Filling up the DagBag from /opt/airflow/dags/imdb_historical.py
[2024-12-03T23:57:42.173+0000] {processor.py:840} INFO - DAG(s) 'etl_imdb_historical' retrieved from /opt/airflow/dags/imdb_historical.py
[2024-12-03T23:57:42.201+0000] {logging_mixin.py:188} INFO - [2024-12-03T23:57:42.201+0000] {dag.py:3096} INFO - Sync 1 DAGs
[2024-12-03T23:57:42.210+0000] {logging_mixin.py:188} INFO - [2024-12-03T23:57:42.210+0000] {dag.py:3954} INFO - Setting next_dagrun for etl_imdb_historical to None, run_after=None
[2024-12-03T23:57:42.217+0000] {processor.py:183} INFO - Processing /opt/airflow/dags/imdb_historical.py took 0.069 seconds
[2024-12-03T23:58:12.846+0000] {processor.py:161} INFO - Started process (PID=47264) to work on /opt/airflow/dags/imdb_historical.py
[2024-12-03T23:58:12.848+0000] {processor.py:830} INFO - Processing file /opt/airflow/dags/imdb_historical.py for tasks to queue
[2024-12-03T23:58:12.849+0000] {logging_mixin.py:188} INFO - [2024-12-03T23:58:12.849+0000] {dagbag.py:545} INFO - Filling up the DagBag from /opt/airflow/dags/imdb_historical.py
[2024-12-03T23:58:12.865+0000] {processor.py:840} INFO - DAG(s) 'etl_imdb_historical' retrieved from /opt/airflow/dags/imdb_historical.py
[2024-12-03T23:58:12.891+0000] {logging_mixin.py:188} INFO - [2024-12-03T23:58:12.891+0000] {dag.py:3096} INFO - Sync 1 DAGs
[2024-12-03T23:58:12.911+0000] {logging_mixin.py:188} INFO - [2024-12-03T23:58:12.911+0000] {dag.py:3954} INFO - Setting next_dagrun for etl_imdb_historical to None, run_after=None
[2024-12-03T23:58:12.924+0000] {processor.py:183} INFO - Processing /opt/airflow/dags/imdb_historical.py took 0.092 seconds
[2024-12-03T23:58:43.567+0000] {processor.py:161} INFO - Started process (PID=47300) to work on /opt/airflow/dags/imdb_historical.py
[2024-12-03T23:58:43.570+0000] {processor.py:830} INFO - Processing file /opt/airflow/dags/imdb_historical.py for tasks to queue
[2024-12-03T23:58:43.571+0000] {logging_mixin.py:188} INFO - [2024-12-03T23:58:43.571+0000] {dagbag.py:545} INFO - Filling up the DagBag from /opt/airflow/dags/imdb_historical.py
[2024-12-03T23:58:43.589+0000] {processor.py:840} INFO - DAG(s) 'etl_imdb_historical' retrieved from /opt/airflow/dags/imdb_historical.py
[2024-12-03T23:58:43.620+0000] {logging_mixin.py:188} INFO - [2024-12-03T23:58:43.620+0000] {dag.py:3096} INFO - Sync 1 DAGs
[2024-12-03T23:58:43.631+0000] {logging_mixin.py:188} INFO - [2024-12-03T23:58:43.631+0000] {dag.py:3954} INFO - Setting next_dagrun for etl_imdb_historical to None, run_after=None
[2024-12-03T23:58:43.640+0000] {processor.py:183} INFO - Processing /opt/airflow/dags/imdb_historical.py took 0.084 seconds
[2024-12-03T23:59:14.084+0000] {processor.py:161} INFO - Started process (PID=47336) to work on /opt/airflow/dags/imdb_historical.py
[2024-12-03T23:59:14.086+0000] {processor.py:830} INFO - Processing file /opt/airflow/dags/imdb_historical.py for tasks to queue
[2024-12-03T23:59:14.086+0000] {logging_mixin.py:188} INFO - [2024-12-03T23:59:14.086+0000] {dagbag.py:545} INFO - Filling up the DagBag from /opt/airflow/dags/imdb_historical.py
[2024-12-03T23:59:14.100+0000] {processor.py:840} INFO - DAG(s) 'etl_imdb_historical' retrieved from /opt/airflow/dags/imdb_historical.py
[2024-12-03T23:59:14.122+0000] {logging_mixin.py:188} INFO - [2024-12-03T23:59:14.122+0000] {dag.py:3096} INFO - Sync 1 DAGs
[2024-12-03T23:59:14.128+0000] {logging_mixin.py:188} INFO - [2024-12-03T23:59:14.128+0000] {dag.py:3954} INFO - Setting next_dagrun for etl_imdb_historical to None, run_after=None
[2024-12-03T23:59:14.135+0000] {processor.py:183} INFO - Processing /opt/airflow/dags/imdb_historical.py took 0.058 seconds
[2024-12-03T23:59:44.698+0000] {processor.py:161} INFO - Started process (PID=47372) to work on /opt/airflow/dags/imdb_historical.py
[2024-12-03T23:59:44.701+0000] {processor.py:830} INFO - Processing file /opt/airflow/dags/imdb_historical.py for tasks to queue
[2024-12-03T23:59:44.703+0000] {logging_mixin.py:188} INFO - [2024-12-03T23:59:44.702+0000] {dagbag.py:545} INFO - Filling up the DagBag from /opt/airflow/dags/imdb_historical.py
[2024-12-03T23:59:44.729+0000] {processor.py:840} INFO - DAG(s) 'etl_imdb_historical' retrieved from /opt/airflow/dags/imdb_historical.py
[2024-12-03T23:59:44.771+0000] {logging_mixin.py:188} INFO - [2024-12-03T23:59:44.770+0000] {dag.py:3096} INFO - Sync 1 DAGs
[2024-12-03T23:59:44.789+0000] {logging_mixin.py:188} INFO - [2024-12-03T23:59:44.789+0000] {dag.py:3954} INFO - Setting next_dagrun for etl_imdb_historical to None, run_after=None
[2024-12-03T23:59:44.805+0000] {processor.py:183} INFO - Processing /opt/airflow/dags/imdb_historical.py took 0.124 seconds
