[2024-12-03T02:34:16.182+0000] {processor.py:161} INFO - Started process (PID=31429) to work on /opt/airflow/dags/tmdb_etl.py
[2024-12-03T02:34:16.182+0000] {processor.py:830} INFO - Processing file /opt/airflow/dags/tmdb_etl.py for tasks to queue
[2024-12-03T02:34:16.183+0000] {logging_mixin.py:188} INFO - [2024-12-03T02:34:16.183+0000] {dagbag.py:545} INFO - Filling up the DagBag from /opt/airflow/dags/tmdb_etl.py
[2024-12-03T02:34:16.260+0000] {processor.py:840} INFO - DAG(s) 'etl_tmdb_realtime_data' retrieved from /opt/airflow/dags/tmdb_etl.py
[2024-12-03T02:34:16.785+0000] {logging_mixin.py:188} INFO - [2024-12-03T02:34:16.785+0000] {override.py:1829} INFO - Created Permission View: can edit on DAG:etl_tmdb_realtime_data
[2024-12-03T02:34:16.795+0000] {logging_mixin.py:188} INFO - [2024-12-03T02:34:16.795+0000] {override.py:1829} INFO - Created Permission View: can delete on DAG:etl_tmdb_realtime_data
[2024-12-03T02:34:16.800+0000] {logging_mixin.py:188} INFO - [2024-12-03T02:34:16.800+0000] {override.py:1829} INFO - Created Permission View: can read on DAG:etl_tmdb_realtime_data
[2024-12-03T02:34:16.801+0000] {logging_mixin.py:188} INFO - [2024-12-03T02:34:16.801+0000] {dag.py:3096} INFO - Sync 1 DAGs
[2024-12-03T02:34:16.819+0000] {logging_mixin.py:188} INFO - [2024-12-03T02:34:16.819+0000] {dag.py:3118} INFO - Creating ORM DAG for etl_tmdb_realtime_data
[2024-12-03T02:34:16.884+0000] {logging_mixin.py:188} INFO - [2024-12-03T02:34:16.884+0000] {dag.py:3954} INFO - Setting next_dagrun for etl_tmdb_realtime_data to 2024-12-03 01:00:00+00:00, run_after=2024-12-03 02:00:00+00:00
[2024-12-03T02:34:16.905+0000] {processor.py:183} INFO - Processing /opt/airflow/dags/tmdb_etl.py took 0.730 seconds
[2024-12-03T02:34:47.061+0000] {processor.py:161} INFO - Started process (PID=31460) to work on /opt/airflow/dags/tmdb_etl.py
[2024-12-03T02:34:47.062+0000] {processor.py:830} INFO - Processing file /opt/airflow/dags/tmdb_etl.py for tasks to queue
[2024-12-03T02:34:47.064+0000] {logging_mixin.py:188} INFO - [2024-12-03T02:34:47.063+0000] {dagbag.py:545} INFO - Filling up the DagBag from /opt/airflow/dags/tmdb_etl.py
[2024-12-03T02:34:47.095+0000] {processor.py:840} INFO - DAG(s) 'etl_tmdb_realtime_data' retrieved from /opt/airflow/dags/tmdb_etl.py
[2024-12-03T02:34:47.139+0000] {logging_mixin.py:188} INFO - [2024-12-03T02:34:47.139+0000] {dag.py:3096} INFO - Sync 1 DAGs
[2024-12-03T02:34:47.210+0000] {logging_mixin.py:188} INFO - [2024-12-03T02:34:47.209+0000] {dag.py:3954} INFO - Setting next_dagrun for etl_tmdb_realtime_data to 2024-12-03 01:00:00+00:00, run_after=2024-12-03 02:00:00+00:00
[2024-12-03T02:34:47.235+0000] {processor.py:183} INFO - Processing /opt/airflow/dags/tmdb_etl.py took 0.186 seconds
[2024-12-03T02:35:17.720+0000] {processor.py:161} INFO - Started process (PID=31491) to work on /opt/airflow/dags/tmdb_etl.py
[2024-12-03T02:35:17.725+0000] {processor.py:830} INFO - Processing file /opt/airflow/dags/tmdb_etl.py for tasks to queue
[2024-12-03T02:35:17.727+0000] {logging_mixin.py:188} INFO - [2024-12-03T02:35:17.726+0000] {dagbag.py:545} INFO - Filling up the DagBag from /opt/airflow/dags/tmdb_etl.py
[2024-12-03T02:35:17.766+0000] {processor.py:840} INFO - DAG(s) 'etl_tmdb_realtime_data' retrieved from /opt/airflow/dags/tmdb_etl.py
[2024-12-03T02:35:17.819+0000] {logging_mixin.py:188} INFO - [2024-12-03T02:35:17.819+0000] {dag.py:3096} INFO - Sync 1 DAGs
[2024-12-03T02:35:17.867+0000] {logging_mixin.py:188} INFO - [2024-12-03T02:35:17.866+0000] {dag.py:3954} INFO - Setting next_dagrun for etl_tmdb_realtime_data to 2024-12-03 01:00:00+00:00, run_after=2024-12-03 02:00:00+00:00
[2024-12-03T02:35:17.884+0000] {processor.py:183} INFO - Processing /opt/airflow/dags/tmdb_etl.py took 0.180 seconds
[2024-12-03T02:35:48.342+0000] {processor.py:161} INFO - Started process (PID=31522) to work on /opt/airflow/dags/tmdb_etl.py
[2024-12-03T02:35:48.343+0000] {processor.py:830} INFO - Processing file /opt/airflow/dags/tmdb_etl.py for tasks to queue
[2024-12-03T02:35:48.345+0000] {logging_mixin.py:188} INFO - [2024-12-03T02:35:48.344+0000] {dagbag.py:545} INFO - Filling up the DagBag from /opt/airflow/dags/tmdb_etl.py
[2024-12-03T02:35:48.379+0000] {processor.py:840} INFO - DAG(s) 'etl_tmdb_realtime_data' retrieved from /opt/airflow/dags/tmdb_etl.py
[2024-12-03T02:35:48.420+0000] {logging_mixin.py:188} INFO - [2024-12-03T02:35:48.420+0000] {dag.py:3096} INFO - Sync 1 DAGs
[2024-12-03T02:35:48.449+0000] {logging_mixin.py:188} INFO - [2024-12-03T02:35:48.449+0000] {dag.py:3954} INFO - Setting next_dagrun for etl_tmdb_realtime_data to 2024-12-03 01:00:00+00:00, run_after=2024-12-03 02:00:00+00:00
[2024-12-03T02:35:48.463+0000] {processor.py:183} INFO - Processing /opt/airflow/dags/tmdb_etl.py took 0.134 seconds
[2024-12-03T02:36:18.932+0000] {processor.py:161} INFO - Started process (PID=31554) to work on /opt/airflow/dags/tmdb_etl.py
[2024-12-03T02:36:18.935+0000] {processor.py:830} INFO - Processing file /opt/airflow/dags/tmdb_etl.py for tasks to queue
[2024-12-03T02:36:18.936+0000] {logging_mixin.py:188} INFO - [2024-12-03T02:36:18.936+0000] {dagbag.py:545} INFO - Filling up the DagBag from /opt/airflow/dags/tmdb_etl.py
[2024-12-03T02:36:18.962+0000] {processor.py:840} INFO - DAG(s) 'etl_tmdb_realtime_data' retrieved from /opt/airflow/dags/tmdb_etl.py
[2024-12-03T02:36:18.994+0000] {logging_mixin.py:188} INFO - [2024-12-03T02:36:18.994+0000] {dag.py:3096} INFO - Sync 1 DAGs
[2024-12-03T02:36:19.026+0000] {logging_mixin.py:188} INFO - [2024-12-03T02:36:19.025+0000] {dag.py:3954} INFO - Setting next_dagrun for etl_tmdb_realtime_data to 2024-12-03 01:00:00+00:00, run_after=2024-12-03 02:00:00+00:00
[2024-12-03T02:36:19.045+0000] {processor.py:183} INFO - Processing /opt/airflow/dags/tmdb_etl.py took 0.126 seconds
[2024-12-03T02:36:49.584+0000] {processor.py:161} INFO - Started process (PID=31585) to work on /opt/airflow/dags/tmdb_etl.py
[2024-12-03T02:36:49.586+0000] {processor.py:830} INFO - Processing file /opt/airflow/dags/tmdb_etl.py for tasks to queue
[2024-12-03T02:36:49.588+0000] {logging_mixin.py:188} INFO - [2024-12-03T02:36:49.587+0000] {dagbag.py:545} INFO - Filling up the DagBag from /opt/airflow/dags/tmdb_etl.py
[2024-12-03T02:36:49.620+0000] {processor.py:840} INFO - DAG(s) 'etl_tmdb_realtime_data' retrieved from /opt/airflow/dags/tmdb_etl.py
[2024-12-03T02:36:49.658+0000] {logging_mixin.py:188} INFO - [2024-12-03T02:36:49.658+0000] {dag.py:3096} INFO - Sync 1 DAGs
[2024-12-03T02:36:49.683+0000] {logging_mixin.py:188} INFO - [2024-12-03T02:36:49.682+0000] {dag.py:3954} INFO - Setting next_dagrun for etl_tmdb_realtime_data to 2024-12-03 01:00:00+00:00, run_after=2024-12-03 02:00:00+00:00
[2024-12-03T02:36:49.695+0000] {processor.py:183} INFO - Processing /opt/airflow/dags/tmdb_etl.py took 0.124 seconds
[2024-12-03T02:37:20.259+0000] {processor.py:161} INFO - Started process (PID=31616) to work on /opt/airflow/dags/tmdb_etl.py
[2024-12-03T02:37:20.262+0000] {processor.py:830} INFO - Processing file /opt/airflow/dags/tmdb_etl.py for tasks to queue
[2024-12-03T02:37:20.266+0000] {logging_mixin.py:188} INFO - [2024-12-03T02:37:20.264+0000] {dagbag.py:545} INFO - Filling up the DagBag from /opt/airflow/dags/tmdb_etl.py
[2024-12-03T02:37:20.294+0000] {processor.py:840} INFO - DAG(s) 'etl_tmdb_realtime_data' retrieved from /opt/airflow/dags/tmdb_etl.py
[2024-12-03T02:37:20.350+0000] {logging_mixin.py:188} INFO - [2024-12-03T02:37:20.349+0000] {dag.py:3096} INFO - Sync 1 DAGs
[2024-12-03T02:37:20.376+0000] {logging_mixin.py:188} INFO - [2024-12-03T02:37:20.375+0000] {dag.py:3954} INFO - Setting next_dagrun for etl_tmdb_realtime_data to 2024-12-03 01:00:00+00:00, run_after=2024-12-03 02:00:00+00:00
[2024-12-03T02:37:20.394+0000] {processor.py:183} INFO - Processing /opt/airflow/dags/tmdb_etl.py took 0.154 seconds
[2024-12-03T02:37:51.054+0000] {processor.py:161} INFO - Started process (PID=31647) to work on /opt/airflow/dags/tmdb_etl.py
[2024-12-03T02:37:51.063+0000] {processor.py:830} INFO - Processing file /opt/airflow/dags/tmdb_etl.py for tasks to queue
[2024-12-03T02:37:51.067+0000] {logging_mixin.py:188} INFO - [2024-12-03T02:37:51.065+0000] {dagbag.py:545} INFO - Filling up the DagBag from /opt/airflow/dags/tmdb_etl.py
[2024-12-03T02:37:51.123+0000] {processor.py:840} INFO - DAG(s) 'etl_tmdb_realtime_data' retrieved from /opt/airflow/dags/tmdb_etl.py
[2024-12-03T02:37:51.263+0000] {logging_mixin.py:188} INFO - [2024-12-03T02:37:51.263+0000] {dag.py:3096} INFO - Sync 1 DAGs
[2024-12-03T02:37:51.295+0000] {logging_mixin.py:188} INFO - [2024-12-03T02:37:51.295+0000] {dag.py:3954} INFO - Setting next_dagrun for etl_tmdb_realtime_data to 2024-12-03 01:00:00+00:00, run_after=2024-12-03 02:00:00+00:00
[2024-12-03T02:37:51.311+0000] {processor.py:183} INFO - Processing /opt/airflow/dags/tmdb_etl.py took 0.290 seconds
[2024-12-03T02:38:21.919+0000] {processor.py:161} INFO - Started process (PID=31678) to work on /opt/airflow/dags/tmdb_etl.py
[2024-12-03T02:38:21.922+0000] {processor.py:830} INFO - Processing file /opt/airflow/dags/tmdb_etl.py for tasks to queue
[2024-12-03T02:38:21.922+0000] {logging_mixin.py:188} INFO - [2024-12-03T02:38:21.922+0000] {dagbag.py:545} INFO - Filling up the DagBag from /opt/airflow/dags/tmdb_etl.py
[2024-12-03T02:38:21.935+0000] {processor.py:840} INFO - DAG(s) 'etl_tmdb_realtime_data' retrieved from /opt/airflow/dags/tmdb_etl.py
[2024-12-03T02:38:21.960+0000] {logging_mixin.py:188} INFO - [2024-12-03T02:38:21.960+0000] {dag.py:3096} INFO - Sync 1 DAGs
[2024-12-03T02:38:21.989+0000] {logging_mixin.py:188} INFO - [2024-12-03T02:38:21.989+0000] {dag.py:3954} INFO - Setting next_dagrun for etl_tmdb_realtime_data to 2024-12-03 01:00:00+00:00, run_after=2024-12-03 02:00:00+00:00
[2024-12-03T02:38:22.003+0000] {processor.py:183} INFO - Processing /opt/airflow/dags/tmdb_etl.py took 0.106 seconds
[2024-12-03T02:38:52.520+0000] {processor.py:161} INFO - Started process (PID=31709) to work on /opt/airflow/dags/tmdb_etl.py
[2024-12-03T02:38:52.522+0000] {processor.py:830} INFO - Processing file /opt/airflow/dags/tmdb_etl.py for tasks to queue
[2024-12-03T02:38:52.524+0000] {logging_mixin.py:188} INFO - [2024-12-03T02:38:52.522+0000] {dagbag.py:545} INFO - Filling up the DagBag from /opt/airflow/dags/tmdb_etl.py
[2024-12-03T02:38:52.569+0000] {processor.py:840} INFO - DAG(s) 'etl_tmdb_realtime_data' retrieved from /opt/airflow/dags/tmdb_etl.py
[2024-12-03T02:38:52.613+0000] {logging_mixin.py:188} INFO - [2024-12-03T02:38:52.613+0000] {dag.py:3096} INFO - Sync 1 DAGs
[2024-12-03T02:38:52.637+0000] {logging_mixin.py:188} INFO - [2024-12-03T02:38:52.637+0000] {dag.py:3954} INFO - Setting next_dagrun for etl_tmdb_realtime_data to 2024-12-03 01:00:00+00:00, run_after=2024-12-03 02:00:00+00:00
[2024-12-03T02:38:52.648+0000] {processor.py:183} INFO - Processing /opt/airflow/dags/tmdb_etl.py took 0.144 seconds
[2024-12-03T02:39:23.368+0000] {processor.py:161} INFO - Started process (PID=31740) to work on /opt/airflow/dags/tmdb_etl.py
[2024-12-03T02:39:23.370+0000] {processor.py:830} INFO - Processing file /opt/airflow/dags/tmdb_etl.py for tasks to queue
[2024-12-03T02:39:23.371+0000] {logging_mixin.py:188} INFO - [2024-12-03T02:39:23.370+0000] {dagbag.py:545} INFO - Filling up the DagBag from /opt/airflow/dags/tmdb_etl.py
[2024-12-03T02:39:23.391+0000] {processor.py:840} INFO - DAG(s) 'etl_tmdb_realtime_data' retrieved from /opt/airflow/dags/tmdb_etl.py
[2024-12-03T02:39:23.419+0000] {logging_mixin.py:188} INFO - [2024-12-03T02:39:23.419+0000] {dag.py:3096} INFO - Sync 1 DAGs
[2024-12-03T02:39:23.436+0000] {logging_mixin.py:188} INFO - [2024-12-03T02:39:23.436+0000] {dag.py:3954} INFO - Setting next_dagrun for etl_tmdb_realtime_data to 2024-12-03 01:00:00+00:00, run_after=2024-12-03 02:00:00+00:00
[2024-12-03T02:39:23.445+0000] {processor.py:183} INFO - Processing /opt/airflow/dags/tmdb_etl.py took 0.089 seconds
[2024-12-03T02:39:53.969+0000] {processor.py:161} INFO - Started process (PID=31771) to work on /opt/airflow/dags/tmdb_etl.py
[2024-12-03T02:39:53.970+0000] {processor.py:830} INFO - Processing file /opt/airflow/dags/tmdb_etl.py for tasks to queue
[2024-12-03T02:39:53.973+0000] {logging_mixin.py:188} INFO - [2024-12-03T02:39:53.972+0000] {dagbag.py:545} INFO - Filling up the DagBag from /opt/airflow/dags/tmdb_etl.py
[2024-12-03T02:39:53.994+0000] {processor.py:840} INFO - DAG(s) 'etl_tmdb_realtime_data' retrieved from /opt/airflow/dags/tmdb_etl.py
[2024-12-03T02:39:54.024+0000] {logging_mixin.py:188} INFO - [2024-12-03T02:39:54.024+0000] {dag.py:3096} INFO - Sync 1 DAGs
[2024-12-03T02:39:54.042+0000] {logging_mixin.py:188} INFO - [2024-12-03T02:39:54.042+0000] {dag.py:3954} INFO - Setting next_dagrun for etl_tmdb_realtime_data to 2024-12-03 01:00:00+00:00, run_after=2024-12-03 02:00:00+00:00
[2024-12-03T02:39:54.052+0000] {processor.py:183} INFO - Processing /opt/airflow/dags/tmdb_etl.py took 0.096 seconds
[2024-12-03T02:40:24.423+0000] {processor.py:161} INFO - Started process (PID=31802) to work on /opt/airflow/dags/tmdb_etl.py
[2024-12-03T02:40:24.424+0000] {processor.py:830} INFO - Processing file /opt/airflow/dags/tmdb_etl.py for tasks to queue
[2024-12-03T02:40:24.425+0000] {logging_mixin.py:188} INFO - [2024-12-03T02:40:24.424+0000] {dagbag.py:545} INFO - Filling up the DagBag from /opt/airflow/dags/tmdb_etl.py
[2024-12-03T02:40:24.434+0000] {processor.py:840} INFO - DAG(s) 'etl_tmdb_realtime_data' retrieved from /opt/airflow/dags/tmdb_etl.py
[2024-12-03T02:40:24.464+0000] {logging_mixin.py:188} INFO - [2024-12-03T02:40:24.464+0000] {dag.py:3096} INFO - Sync 1 DAGs
[2024-12-03T02:40:24.479+0000] {logging_mixin.py:188} INFO - [2024-12-03T02:40:24.479+0000] {dag.py:3954} INFO - Setting next_dagrun for etl_tmdb_realtime_data to 2024-12-03 01:00:00+00:00, run_after=2024-12-03 02:00:00+00:00
[2024-12-03T02:40:24.489+0000] {processor.py:183} INFO - Processing /opt/airflow/dags/tmdb_etl.py took 0.088 seconds
[2024-12-03T02:40:54.958+0000] {processor.py:161} INFO - Started process (PID=31833) to work on /opt/airflow/dags/tmdb_etl.py
[2024-12-03T02:40:54.959+0000] {processor.py:830} INFO - Processing file /opt/airflow/dags/tmdb_etl.py for tasks to queue
[2024-12-03T02:40:54.960+0000] {logging_mixin.py:188} INFO - [2024-12-03T02:40:54.959+0000] {dagbag.py:545} INFO - Filling up the DagBag from /opt/airflow/dags/tmdb_etl.py
[2024-12-03T02:40:54.978+0000] {processor.py:840} INFO - DAG(s) 'etl_tmdb_realtime_data' retrieved from /opt/airflow/dags/tmdb_etl.py
[2024-12-03T02:40:55.007+0000] {logging_mixin.py:188} INFO - [2024-12-03T02:40:55.007+0000] {dag.py:3096} INFO - Sync 1 DAGs
[2024-12-03T02:40:55.022+0000] {logging_mixin.py:188} INFO - [2024-12-03T02:40:55.022+0000] {dag.py:3954} INFO - Setting next_dagrun for etl_tmdb_realtime_data to 2024-12-03 01:00:00+00:00, run_after=2024-12-03 02:00:00+00:00
[2024-12-03T02:40:55.032+0000] {processor.py:183} INFO - Processing /opt/airflow/dags/tmdb_etl.py took 0.087 seconds
[2024-12-03T02:41:25.581+0000] {processor.py:161} INFO - Started process (PID=31864) to work on /opt/airflow/dags/tmdb_etl.py
[2024-12-03T02:41:25.583+0000] {processor.py:830} INFO - Processing file /opt/airflow/dags/tmdb_etl.py for tasks to queue
[2024-12-03T02:41:25.584+0000] {logging_mixin.py:188} INFO - [2024-12-03T02:41:25.583+0000] {dagbag.py:545} INFO - Filling up the DagBag from /opt/airflow/dags/tmdb_etl.py
[2024-12-03T02:41:25.603+0000] {processor.py:840} INFO - DAG(s) 'etl_tmdb_realtime_data' retrieved from /opt/airflow/dags/tmdb_etl.py
[2024-12-03T02:41:25.637+0000] {logging_mixin.py:188} INFO - [2024-12-03T02:41:25.637+0000] {dag.py:3096} INFO - Sync 1 DAGs
[2024-12-03T02:41:25.653+0000] {logging_mixin.py:188} INFO - [2024-12-03T02:41:25.653+0000] {dag.py:3954} INFO - Setting next_dagrun for etl_tmdb_realtime_data to 2024-12-03 01:00:00+00:00, run_after=2024-12-03 02:00:00+00:00
[2024-12-03T02:41:25.664+0000] {processor.py:183} INFO - Processing /opt/airflow/dags/tmdb_etl.py took 0.098 seconds
[2024-12-03T02:41:56.049+0000] {processor.py:161} INFO - Started process (PID=31895) to work on /opt/airflow/dags/tmdb_etl.py
[2024-12-03T02:41:56.050+0000] {processor.py:830} INFO - Processing file /opt/airflow/dags/tmdb_etl.py for tasks to queue
[2024-12-03T02:41:56.051+0000] {logging_mixin.py:188} INFO - [2024-12-03T02:41:56.050+0000] {dagbag.py:545} INFO - Filling up the DagBag from /opt/airflow/dags/tmdb_etl.py
[2024-12-03T02:41:56.065+0000] {processor.py:840} INFO - DAG(s) 'etl_tmdb_realtime_data' retrieved from /opt/airflow/dags/tmdb_etl.py
[2024-12-03T02:41:56.086+0000] {logging_mixin.py:188} INFO - [2024-12-03T02:41:56.086+0000] {dag.py:3096} INFO - Sync 1 DAGs
[2024-12-03T02:41:56.099+0000] {logging_mixin.py:188} INFO - [2024-12-03T02:41:56.098+0000] {dag.py:3954} INFO - Setting next_dagrun for etl_tmdb_realtime_data to 2024-12-03 01:00:00+00:00, run_after=2024-12-03 02:00:00+00:00
[2024-12-03T02:41:56.107+0000] {processor.py:183} INFO - Processing /opt/airflow/dags/tmdb_etl.py took 0.070 seconds
[2024-12-03T02:42:26.457+0000] {processor.py:161} INFO - Started process (PID=31936) to work on /opt/airflow/dags/tmdb_etl.py
[2024-12-03T02:42:26.459+0000] {processor.py:830} INFO - Processing file /opt/airflow/dags/tmdb_etl.py for tasks to queue
[2024-12-03T02:42:26.460+0000] {logging_mixin.py:188} INFO - [2024-12-03T02:42:26.460+0000] {dagbag.py:545} INFO - Filling up the DagBag from /opt/airflow/dags/tmdb_etl.py
[2024-12-03T02:42:26.476+0000] {processor.py:840} INFO - DAG(s) 'etl_tmdb_realtime_data' retrieved from /opt/airflow/dags/tmdb_etl.py
[2024-12-03T02:42:26.506+0000] {logging_mixin.py:188} INFO - [2024-12-03T02:42:26.506+0000] {dag.py:3096} INFO - Sync 1 DAGs
[2024-12-03T02:42:26.522+0000] {logging_mixin.py:188} INFO - [2024-12-03T02:42:26.522+0000] {dag.py:3954} INFO - Setting next_dagrun for etl_tmdb_realtime_data to 2024-12-03 02:00:00+00:00, run_after=2024-12-03 03:00:00+00:00
[2024-12-03T02:42:26.533+0000] {processor.py:183} INFO - Processing /opt/airflow/dags/tmdb_etl.py took 0.083 seconds
[2024-12-03T02:42:56.997+0000] {processor.py:161} INFO - Started process (PID=31981) to work on /opt/airflow/dags/tmdb_etl.py
[2024-12-03T02:42:56.999+0000] {processor.py:830} INFO - Processing file /opt/airflow/dags/tmdb_etl.py for tasks to queue
[2024-12-03T02:42:57.002+0000] {logging_mixin.py:188} INFO - [2024-12-03T02:42:57.001+0000] {dagbag.py:545} INFO - Filling up the DagBag from /opt/airflow/dags/tmdb_etl.py
[2024-12-03T02:42:57.032+0000] {processor.py:840} INFO - DAG(s) 'etl_tmdb_realtime_data' retrieved from /opt/airflow/dags/tmdb_etl.py
[2024-12-03T02:42:57.062+0000] {logging_mixin.py:188} INFO - [2024-12-03T02:42:57.062+0000] {dag.py:3096} INFO - Sync 1 DAGs
[2024-12-03T02:42:57.096+0000] {logging_mixin.py:188} INFO - [2024-12-03T02:42:57.096+0000] {dag.py:3954} INFO - Setting next_dagrun for etl_tmdb_realtime_data to 2024-12-03 02:00:00+00:00, run_after=2024-12-03 03:00:00+00:00
[2024-12-03T02:42:57.216+0000] {processor.py:183} INFO - Processing /opt/airflow/dags/tmdb_etl.py took 0.230 seconds
[2024-12-03T02:43:27.476+0000] {processor.py:161} INFO - Started process (PID=32012) to work on /opt/airflow/dags/tmdb_etl.py
[2024-12-03T02:43:27.478+0000] {processor.py:830} INFO - Processing file /opt/airflow/dags/tmdb_etl.py for tasks to queue
[2024-12-03T02:43:27.480+0000] {logging_mixin.py:188} INFO - [2024-12-03T02:43:27.479+0000] {dagbag.py:545} INFO - Filling up the DagBag from /opt/airflow/dags/tmdb_etl.py
[2024-12-03T02:43:27.502+0000] {processor.py:840} INFO - DAG(s) 'etl_tmdb_realtime_data' retrieved from /opt/airflow/dags/tmdb_etl.py
[2024-12-03T02:43:27.533+0000] {logging_mixin.py:188} INFO - [2024-12-03T02:43:27.533+0000] {dag.py:3096} INFO - Sync 1 DAGs
[2024-12-03T02:43:27.552+0000] {logging_mixin.py:188} INFO - [2024-12-03T02:43:27.552+0000] {dag.py:3954} INFO - Setting next_dagrun for etl_tmdb_realtime_data to 2024-12-03 02:00:00+00:00, run_after=2024-12-03 03:00:00+00:00
[2024-12-03T02:43:27.564+0000] {processor.py:183} INFO - Processing /opt/airflow/dags/tmdb_etl.py took 0.099 seconds
[2024-12-03T02:43:58.105+0000] {processor.py:161} INFO - Started process (PID=32043) to work on /opt/airflow/dags/tmdb_etl.py
[2024-12-03T02:43:58.107+0000] {processor.py:830} INFO - Processing file /opt/airflow/dags/tmdb_etl.py for tasks to queue
[2024-12-03T02:43:58.108+0000] {logging_mixin.py:188} INFO - [2024-12-03T02:43:58.108+0000] {dagbag.py:545} INFO - Filling up the DagBag from /opt/airflow/dags/tmdb_etl.py
[2024-12-03T02:43:58.128+0000] {processor.py:840} INFO - DAG(s) 'etl_tmdb_realtime_data' retrieved from /opt/airflow/dags/tmdb_etl.py
[2024-12-03T02:43:58.166+0000] {logging_mixin.py:188} INFO - [2024-12-03T02:43:58.166+0000] {dag.py:3096} INFO - Sync 1 DAGs
[2024-12-03T02:43:58.181+0000] {logging_mixin.py:188} INFO - [2024-12-03T02:43:58.181+0000] {dag.py:3954} INFO - Setting next_dagrun for etl_tmdb_realtime_data to 2024-12-03 02:00:00+00:00, run_after=2024-12-03 03:00:00+00:00
[2024-12-03T02:43:58.190+0000] {processor.py:183} INFO - Processing /opt/airflow/dags/tmdb_etl.py took 0.101 seconds
