[2024-12-03T23:42:41.758+0000] {processor.py:161} INFO - Started process (PID=46089) to work on /opt/airflow/dags/tmdb_historical.py
[2024-12-03T23:42:41.760+0000] {processor.py:830} INFO - Processing file /opt/airflow/dags/tmdb_historical.py for tasks to queue
[2024-12-03T23:42:41.761+0000] {logging_mixin.py:188} INFO - [2024-12-03T23:42:41.761+0000] {dagbag.py:545} INFO - Filling up the DagBag from /opt/airflow/dags/tmdb_historical.py
[2024-12-03T23:42:41.782+0000] {processor.py:840} INFO - DAG(s) 'etl_tmdb_currently_playing' retrieved from /opt/airflow/dags/tmdb_historical.py
[2024-12-03T23:42:41.896+0000] {logging_mixin.py:188} INFO - [2024-12-03T23:42:41.896+0000] {dag.py:3096} INFO - Sync 1 DAGs
[2024-12-03T23:42:41.913+0000] {logging_mixin.py:188} INFO - [2024-12-03T23:42:41.913+0000] {dag.py:3954} INFO - Setting next_dagrun for etl_tmdb_currently_playing to 2024-12-02 00:00:00+00:00, run_after=2024-12-03 00:00:00+00:00
[2024-12-03T23:42:41.925+0000] {processor.py:183} INFO - Processing /opt/airflow/dags/tmdb_historical.py took 0.173 seconds
[2024-12-03T23:43:07.387+0000] {processor.py:161} INFO - Started process (PID=46129) to work on /opt/airflow/dags/tmdb_historical.py
[2024-12-03T23:43:07.390+0000] {processor.py:830} INFO - Processing file /opt/airflow/dags/tmdb_historical.py for tasks to queue
[2024-12-03T23:43:07.392+0000] {logging_mixin.py:188} INFO - [2024-12-03T23:43:07.391+0000] {dagbag.py:545} INFO - Filling up the DagBag from /opt/airflow/dags/tmdb_historical.py
[2024-12-03T23:43:07.478+0000] {processor.py:840} INFO - DAG(s) 'etl_tmdb_currently_playing' retrieved from /opt/airflow/dags/tmdb_historical.py
[2024-12-03T23:43:07.522+0000] {logging_mixin.py:188} INFO - [2024-12-03T23:43:07.522+0000] {dag.py:3096} INFO - Sync 1 DAGs
[2024-12-03T23:43:07.561+0000] {logging_mixin.py:188} INFO - [2024-12-03T23:43:07.561+0000] {dag.py:3954} INFO - Setting next_dagrun for etl_tmdb_currently_playing to 2024-12-03 00:00:00+00:00, run_after=2024-12-04 00:00:00+00:00
[2024-12-03T23:43:07.580+0000] {processor.py:183} INFO - Processing /opt/airflow/dags/tmdb_historical.py took 0.206 seconds
[2024-12-03T23:43:37.951+0000] {processor.py:161} INFO - Started process (PID=46177) to work on /opt/airflow/dags/tmdb_historical.py
[2024-12-03T23:43:37.955+0000] {processor.py:830} INFO - Processing file /opt/airflow/dags/tmdb_historical.py for tasks to queue
[2024-12-03T23:43:37.958+0000] {logging_mixin.py:188} INFO - [2024-12-03T23:43:37.956+0000] {dagbag.py:545} INFO - Filling up the DagBag from /opt/airflow/dags/tmdb_historical.py
[2024-12-03T23:43:37.988+0000] {processor.py:840} INFO - DAG(s) 'etl_tmdb_currently_playing' retrieved from /opt/airflow/dags/tmdb_historical.py
[2024-12-03T23:43:38.001+0000] {logging_mixin.py:188} INFO - [2024-12-03T23:43:38.001+0000] {dag.py:3096} INFO - Sync 1 DAGs
[2024-12-03T23:43:38.021+0000] {logging_mixin.py:188} INFO - [2024-12-03T23:43:38.021+0000] {dag.py:3954} INFO - Setting next_dagrun for etl_tmdb_currently_playing to 2024-12-03 00:00:00+00:00, run_after=2024-12-04 00:00:00+00:00
[2024-12-03T23:43:38.033+0000] {processor.py:183} INFO - Processing /opt/airflow/dags/tmdb_historical.py took 0.110 seconds
[2024-12-03T23:44:08.642+0000] {processor.py:161} INFO - Started process (PID=46213) to work on /opt/airflow/dags/tmdb_historical.py
[2024-12-03T23:44:08.647+0000] {processor.py:830} INFO - Processing file /opt/airflow/dags/tmdb_historical.py for tasks to queue
[2024-12-03T23:44:08.649+0000] {logging_mixin.py:188} INFO - [2024-12-03T23:44:08.648+0000] {dagbag.py:545} INFO - Filling up the DagBag from /opt/airflow/dags/tmdb_historical.py
[2024-12-03T23:44:08.695+0000] {processor.py:840} INFO - DAG(s) 'etl_tmdb_currently_playing' retrieved from /opt/airflow/dags/tmdb_historical.py
[2024-12-03T23:44:08.808+0000] {logging_mixin.py:188} INFO - [2024-12-03T23:44:08.807+0000] {dag.py:3096} INFO - Sync 1 DAGs
[2024-12-03T23:44:08.825+0000] {logging_mixin.py:188} INFO - [2024-12-03T23:44:08.825+0000] {dag.py:3954} INFO - Setting next_dagrun for etl_tmdb_currently_playing to 2024-12-03 00:00:00+00:00, run_after=2024-12-04 00:00:00+00:00
[2024-12-03T23:44:08.835+0000] {processor.py:183} INFO - Processing /opt/airflow/dags/tmdb_historical.py took 0.203 seconds
[2024-12-03T23:44:36.313+0000] {processor.py:161} INFO - Started process (PID=46253) to work on /opt/airflow/dags/tmdb_historical.py
[2024-12-03T23:44:36.314+0000] {processor.py:830} INFO - Processing file /opt/airflow/dags/tmdb_historical.py for tasks to queue
[2024-12-03T23:44:36.315+0000] {logging_mixin.py:188} INFO - [2024-12-03T23:44:36.315+0000] {dagbag.py:545} INFO - Filling up the DagBag from /opt/airflow/dags/tmdb_historical.py
[2024-12-03T23:44:36.331+0000] {processor.py:840} INFO - DAG(s) 'etl_tmdb_currently_playing' retrieved from /opt/airflow/dags/tmdb_historical.py
[2024-12-03T23:44:36.340+0000] {logging_mixin.py:188} INFO - [2024-12-03T23:44:36.340+0000] {dag.py:3096} INFO - Sync 1 DAGs
[2024-12-03T23:44:36.354+0000] {logging_mixin.py:188} INFO - [2024-12-03T23:44:36.354+0000] {dag.py:3954} INFO - Setting next_dagrun for etl_tmdb_currently_playing to 2024-12-03 00:00:00+00:00, run_after=2024-12-04 00:00:00+00:00
[2024-12-03T23:44:36.364+0000] {processor.py:183} INFO - Processing /opt/airflow/dags/tmdb_historical.py took 0.059 seconds
[2024-12-03T23:44:44.428+0000] {processor.py:161} INFO - Started process (PID=46261) to work on /opt/airflow/dags/tmdb_historical.py
[2024-12-03T23:44:44.430+0000] {processor.py:830} INFO - Processing file /opt/airflow/dags/tmdb_historical.py for tasks to queue
[2024-12-03T23:44:44.431+0000] {logging_mixin.py:188} INFO - [2024-12-03T23:44:44.430+0000] {dagbag.py:545} INFO - Filling up the DagBag from /opt/airflow/dags/tmdb_historical.py
[2024-12-03T23:44:44.459+0000] {processor.py:840} INFO - DAG(s) 'etl_tmdb_currently_playing' retrieved from /opt/airflow/dags/tmdb_historical.py
[2024-12-03T23:44:44.534+0000] {logging_mixin.py:188} INFO - [2024-12-03T23:44:44.534+0000] {dag.py:3096} INFO - Sync 1 DAGs
[2024-12-03T23:44:44.806+0000] {logging_mixin.py:188} INFO - [2024-12-03T23:44:44.806+0000] {dag.py:3954} INFO - Setting next_dagrun for etl_tmdb_currently_playing to 2024-12-03 00:00:00+00:00, run_after=2024-12-04 00:00:00+00:00
[2024-12-03T23:44:44.812+0000] {processor.py:183} INFO - Processing /opt/airflow/dags/tmdb_historical.py took 0.397 seconds
[2024-12-03T23:45:15.088+0000] {processor.py:161} INFO - Started process (PID=46301) to work on /opt/airflow/dags/tmdb_historical.py
[2024-12-03T23:45:15.090+0000] {processor.py:830} INFO - Processing file /opt/airflow/dags/tmdb_historical.py for tasks to queue
[2024-12-03T23:45:15.092+0000] {logging_mixin.py:188} INFO - [2024-12-03T23:45:15.091+0000] {dagbag.py:545} INFO - Filling up the DagBag from /opt/airflow/dags/tmdb_historical.py
[2024-12-03T23:45:15.121+0000] {processor.py:840} INFO - DAG(s) 'etl_tmdb_currently_playing' retrieved from /opt/airflow/dags/tmdb_historical.py
[2024-12-03T23:45:15.159+0000] {logging_mixin.py:188} INFO - [2024-12-03T23:45:15.159+0000] {dag.py:3096} INFO - Sync 1 DAGs
[2024-12-03T23:45:15.181+0000] {logging_mixin.py:188} INFO - [2024-12-03T23:45:15.181+0000] {dag.py:3954} INFO - Setting next_dagrun for etl_tmdb_currently_playing to 2024-12-03 00:00:00+00:00, run_after=2024-12-04 00:00:00+00:00
[2024-12-03T23:45:15.192+0000] {processor.py:183} INFO - Processing /opt/airflow/dags/tmdb_historical.py took 0.117 seconds
[2024-12-03T23:45:45.905+0000] {processor.py:161} INFO - Started process (PID=46345) to work on /opt/airflow/dags/tmdb_historical.py
[2024-12-03T23:45:45.907+0000] {processor.py:830} INFO - Processing file /opt/airflow/dags/tmdb_historical.py for tasks to queue
[2024-12-03T23:45:45.908+0000] {logging_mixin.py:188} INFO - [2024-12-03T23:45:45.908+0000] {dagbag.py:545} INFO - Filling up the DagBag from /opt/airflow/dags/tmdb_historical.py
[2024-12-03T23:45:45.932+0000] {processor.py:840} INFO - DAG(s) 'etl_tmdb_currently_playing' retrieved from /opt/airflow/dags/tmdb_historical.py
[2024-12-03T23:45:45.949+0000] {logging_mixin.py:188} INFO - [2024-12-03T23:45:45.949+0000] {dag.py:3096} INFO - Sync 1 DAGs
[2024-12-03T23:45:45.974+0000] {logging_mixin.py:188} INFO - [2024-12-03T23:45:45.974+0000] {dag.py:3954} INFO - Setting next_dagrun for etl_tmdb_currently_playing to 2024-12-03 00:00:00+00:00, run_after=2024-12-04 00:00:00+00:00
[2024-12-03T23:45:45.992+0000] {processor.py:183} INFO - Processing /opt/airflow/dags/tmdb_historical.py took 0.103 seconds
[2024-12-03T23:46:16.461+0000] {processor.py:161} INFO - Started process (PID=46381) to work on /opt/airflow/dags/tmdb_historical.py
[2024-12-03T23:46:16.463+0000] {processor.py:830} INFO - Processing file /opt/airflow/dags/tmdb_historical.py for tasks to queue
[2024-12-03T23:46:16.463+0000] {logging_mixin.py:188} INFO - [2024-12-03T23:46:16.463+0000] {dagbag.py:545} INFO - Filling up the DagBag from /opt/airflow/dags/tmdb_historical.py
[2024-12-03T23:46:16.472+0000] {processor.py:840} INFO - DAG(s) 'etl_tmdb_currently_playing' retrieved from /opt/airflow/dags/tmdb_historical.py
[2024-12-03T23:46:16.728+0000] {logging_mixin.py:188} INFO - [2024-12-03T23:46:16.728+0000] {dag.py:3096} INFO - Sync 1 DAGs
[2024-12-03T23:46:16.735+0000] {logging_mixin.py:188} INFO - [2024-12-03T23:46:16.735+0000] {dag.py:3954} INFO - Setting next_dagrun for etl_tmdb_currently_playing to 2024-12-03 00:00:00+00:00, run_after=2024-12-04 00:00:00+00:00
[2024-12-03T23:46:16.742+0000] {processor.py:183} INFO - Processing /opt/airflow/dags/tmdb_historical.py took 0.288 seconds
[2024-12-03T23:46:47.175+0000] {processor.py:161} INFO - Started process (PID=46417) to work on /opt/airflow/dags/tmdb_historical.py
[2024-12-03T23:46:47.178+0000] {processor.py:830} INFO - Processing file /opt/airflow/dags/tmdb_historical.py for tasks to queue
[2024-12-03T23:46:47.180+0000] {logging_mixin.py:188} INFO - [2024-12-03T23:46:47.179+0000] {dagbag.py:545} INFO - Filling up the DagBag from /opt/airflow/dags/tmdb_historical.py
[2024-12-03T23:46:47.207+0000] {processor.py:840} INFO - DAG(s) 'etl_tmdb_currently_playing_movies' retrieved from /opt/airflow/dags/tmdb_historical.py
[2024-12-03T23:46:47.313+0000] {logging_mixin.py:188} INFO - [2024-12-03T23:46:47.312+0000] {override.py:1829} INFO - Created Permission View: can edit on DAG:etl_tmdb_currently_playing_movies
[2024-12-03T23:46:47.315+0000] {logging_mixin.py:188} INFO - [2024-12-03T23:46:47.315+0000] {override.py:1829} INFO - Created Permission View: can delete on DAG:etl_tmdb_currently_playing_movies
[2024-12-03T23:46:47.317+0000] {logging_mixin.py:188} INFO - [2024-12-03T23:46:47.317+0000] {override.py:1829} INFO - Created Permission View: can read on DAG:etl_tmdb_currently_playing_movies
[2024-12-03T23:46:47.317+0000] {logging_mixin.py:188} INFO - [2024-12-03T23:46:47.317+0000] {dag.py:3096} INFO - Sync 1 DAGs
[2024-12-03T23:46:47.320+0000] {logging_mixin.py:188} INFO - [2024-12-03T23:46:47.320+0000] {dag.py:3118} INFO - Creating ORM DAG for etl_tmdb_currently_playing_movies
[2024-12-03T23:46:47.325+0000] {logging_mixin.py:188} INFO - [2024-12-03T23:46:47.325+0000] {dag.py:3954} INFO - Setting next_dagrun for etl_tmdb_currently_playing_movies to 2024-12-02 00:00:00+00:00, run_after=2024-12-03 00:00:00+00:00
[2024-12-03T23:46:47.332+0000] {processor.py:183} INFO - Processing /opt/airflow/dags/tmdb_historical.py took 0.179 seconds
[2024-12-03T23:47:17.981+0000] {processor.py:161} INFO - Started process (PID=46453) to work on /opt/airflow/dags/tmdb_historical.py
[2024-12-03T23:47:17.985+0000] {processor.py:830} INFO - Processing file /opt/airflow/dags/tmdb_historical.py for tasks to queue
[2024-12-03T23:47:17.986+0000] {logging_mixin.py:188} INFO - [2024-12-03T23:47:17.986+0000] {dagbag.py:545} INFO - Filling up the DagBag from /opt/airflow/dags/tmdb_historical.py
[2024-12-03T23:47:18.014+0000] {processor.py:840} INFO - DAG(s) 'etl_tmdb_currently_playing_movies' retrieved from /opt/airflow/dags/tmdb_historical.py
[2024-12-03T23:47:18.062+0000] {logging_mixin.py:188} INFO - [2024-12-03T23:47:18.061+0000] {dag.py:3096} INFO - Sync 1 DAGs
[2024-12-03T23:47:18.087+0000] {logging_mixin.py:188} INFO - [2024-12-03T23:47:18.087+0000] {dag.py:3954} INFO - Setting next_dagrun for etl_tmdb_currently_playing_movies to 2024-12-02 00:00:00+00:00, run_after=2024-12-03 00:00:00+00:00
[2024-12-03T23:47:18.099+0000] {processor.py:183} INFO - Processing /opt/airflow/dags/tmdb_historical.py took 0.134 seconds
[2024-12-03T23:47:48.703+0000] {processor.py:161} INFO - Started process (PID=46489) to work on /opt/airflow/dags/tmdb_historical.py
[2024-12-03T23:47:48.705+0000] {processor.py:830} INFO - Processing file /opt/airflow/dags/tmdb_historical.py for tasks to queue
[2024-12-03T23:47:48.709+0000] {logging_mixin.py:188} INFO - [2024-12-03T23:47:48.705+0000] {dagbag.py:545} INFO - Filling up the DagBag from /opt/airflow/dags/tmdb_historical.py
[2024-12-03T23:47:48.736+0000] {processor.py:840} INFO - DAG(s) 'etl_tmdb_currently_playing_movies' retrieved from /opt/airflow/dags/tmdb_historical.py
[2024-12-03T23:47:48.779+0000] {logging_mixin.py:188} INFO - [2024-12-03T23:47:48.779+0000] {dag.py:3096} INFO - Sync 1 DAGs
[2024-12-03T23:47:48.801+0000] {logging_mixin.py:188} INFO - [2024-12-03T23:47:48.801+0000] {dag.py:3954} INFO - Setting next_dagrun for etl_tmdb_currently_playing_movies to 2024-12-02 00:00:00+00:00, run_after=2024-12-03 00:00:00+00:00
[2024-12-03T23:47:48.816+0000] {processor.py:183} INFO - Processing /opt/airflow/dags/tmdb_historical.py took 0.129 seconds
[2024-12-03T23:48:19.343+0000] {processor.py:161} INFO - Started process (PID=46525) to work on /opt/airflow/dags/tmdb_historical.py
[2024-12-03T23:48:19.347+0000] {processor.py:830} INFO - Processing file /opt/airflow/dags/tmdb_historical.py for tasks to queue
[2024-12-03T23:48:19.351+0000] {logging_mixin.py:188} INFO - [2024-12-03T23:48:19.350+0000] {dagbag.py:545} INFO - Filling up the DagBag from /opt/airflow/dags/tmdb_historical.py
[2024-12-03T23:48:19.381+0000] {processor.py:840} INFO - DAG(s) 'etl_tmdb_currently_playing_movies' retrieved from /opt/airflow/dags/tmdb_historical.py
[2024-12-03T23:48:19.428+0000] {logging_mixin.py:188} INFO - [2024-12-03T23:48:19.427+0000] {dag.py:3096} INFO - Sync 1 DAGs
[2024-12-03T23:48:19.455+0000] {logging_mixin.py:188} INFO - [2024-12-03T23:48:19.455+0000] {dag.py:3954} INFO - Setting next_dagrun for etl_tmdb_currently_playing_movies to 2024-12-02 00:00:00+00:00, run_after=2024-12-03 00:00:00+00:00
[2024-12-03T23:48:19.511+0000] {processor.py:183} INFO - Processing /opt/airflow/dags/tmdb_historical.py took 0.184 seconds
[2024-12-03T23:48:50.111+0000] {processor.py:161} INFO - Started process (PID=46561) to work on /opt/airflow/dags/tmdb_historical.py
[2024-12-03T23:48:50.113+0000] {processor.py:830} INFO - Processing file /opt/airflow/dags/tmdb_historical.py for tasks to queue
[2024-12-03T23:48:50.114+0000] {logging_mixin.py:188} INFO - [2024-12-03T23:48:50.114+0000] {dagbag.py:545} INFO - Filling up the DagBag from /opt/airflow/dags/tmdb_historical.py
[2024-12-03T23:48:50.126+0000] {processor.py:840} INFO - DAG(s) 'etl_tmdb_currently_playing_movies' retrieved from /opt/airflow/dags/tmdb_historical.py
[2024-12-03T23:48:50.141+0000] {logging_mixin.py:188} INFO - [2024-12-03T23:48:50.141+0000] {dag.py:3096} INFO - Sync 1 DAGs
[2024-12-03T23:48:50.152+0000] {logging_mixin.py:188} INFO - [2024-12-03T23:48:50.152+0000] {dag.py:3954} INFO - Setting next_dagrun for etl_tmdb_currently_playing_movies to 2024-12-02 00:00:00+00:00, run_after=2024-12-03 00:00:00+00:00
[2024-12-03T23:48:50.162+0000] {processor.py:183} INFO - Processing /opt/airflow/dags/tmdb_historical.py took 0.058 seconds
[2024-12-03T23:48:52.213+0000] {processor.py:161} INFO - Started process (PID=46571) to work on /opt/airflow/dags/tmdb_historical.py
[2024-12-03T23:48:52.214+0000] {processor.py:830} INFO - Processing file /opt/airflow/dags/tmdb_historical.py for tasks to queue
[2024-12-03T23:48:52.215+0000] {logging_mixin.py:188} INFO - [2024-12-03T23:48:52.215+0000] {dagbag.py:545} INFO - Filling up the DagBag from /opt/airflow/dags/tmdb_historical.py
[2024-12-03T23:48:52.230+0000] {processor.py:840} INFO - DAG(s) 'etl_tmdb_currently_playing_movies' retrieved from /opt/airflow/dags/tmdb_historical.py
[2024-12-03T23:48:52.260+0000] {logging_mixin.py:188} INFO - [2024-12-03T23:48:52.260+0000] {dag.py:3096} INFO - Sync 1 DAGs
[2024-12-03T23:48:52.278+0000] {logging_mixin.py:188} INFO - [2024-12-03T23:48:52.278+0000] {dag.py:3954} INFO - Setting next_dagrun for etl_tmdb_currently_playing_movies to 2024-12-02 00:00:00+00:00, run_after=2024-12-03 00:00:00+00:00
[2024-12-03T23:48:52.290+0000] {processor.py:183} INFO - Processing /opt/airflow/dags/tmdb_historical.py took 0.087 seconds
[2024-12-03T23:49:22.796+0000] {processor.py:161} INFO - Started process (PID=46619) to work on /opt/airflow/dags/tmdb_historical.py
[2024-12-03T23:49:22.797+0000] {processor.py:830} INFO - Processing file /opt/airflow/dags/tmdb_historical.py for tasks to queue
[2024-12-03T23:49:22.798+0000] {logging_mixin.py:188} INFO - [2024-12-03T23:49:22.798+0000] {dagbag.py:545} INFO - Filling up the DagBag from /opt/airflow/dags/tmdb_historical.py
[2024-12-03T23:49:22.823+0000] {processor.py:840} INFO - DAG(s) 'etl_tmdb_currently_playing_movies' retrieved from /opt/airflow/dags/tmdb_historical.py
[2024-12-03T23:49:22.862+0000] {logging_mixin.py:188} INFO - [2024-12-03T23:49:22.861+0000] {dag.py:3096} INFO - Sync 1 DAGs
[2024-12-03T23:49:22.883+0000] {logging_mixin.py:188} INFO - [2024-12-03T23:49:22.883+0000] {dag.py:3954} INFO - Setting next_dagrun for etl_tmdb_currently_playing_movies to 2024-12-03 00:00:00+00:00, run_after=2024-12-04 00:00:00+00:00
[2024-12-03T23:49:22.892+0000] {processor.py:183} INFO - Processing /opt/airflow/dags/tmdb_historical.py took 0.108 seconds
[2024-12-03T23:49:53.561+0000] {processor.py:161} INFO - Started process (PID=46655) to work on /opt/airflow/dags/tmdb_historical.py
[2024-12-03T23:49:53.568+0000] {processor.py:830} INFO - Processing file /opt/airflow/dags/tmdb_historical.py for tasks to queue
[2024-12-03T23:49:53.570+0000] {logging_mixin.py:188} INFO - [2024-12-03T23:49:53.569+0000] {dagbag.py:545} INFO - Filling up the DagBag from /opt/airflow/dags/tmdb_historical.py
[2024-12-03T23:49:53.620+0000] {processor.py:840} INFO - DAG(s) 'etl_tmdb_currently_playing_movies' retrieved from /opt/airflow/dags/tmdb_historical.py
[2024-12-03T23:49:53.811+0000] {logging_mixin.py:188} INFO - [2024-12-03T23:49:53.811+0000] {dag.py:3096} INFO - Sync 1 DAGs
[2024-12-03T23:49:53.912+0000] {logging_mixin.py:188} INFO - [2024-12-03T23:49:53.912+0000] {dag.py:3954} INFO - Setting next_dagrun for etl_tmdb_currently_playing_movies to 2024-12-03 00:00:00+00:00, run_after=2024-12-04 00:00:00+00:00
[2024-12-03T23:49:53.930+0000] {processor.py:183} INFO - Processing /opt/airflow/dags/tmdb_historical.py took 0.464 seconds
[2024-12-03T23:50:24.018+0000] {processor.py:161} INFO - Started process (PID=46689) to work on /opt/airflow/dags/tmdb_historical.py
[2024-12-03T23:50:24.020+0000] {processor.py:830} INFO - Processing file /opt/airflow/dags/tmdb_historical.py for tasks to queue
[2024-12-03T23:50:24.026+0000] {logging_mixin.py:188} INFO - [2024-12-03T23:50:24.023+0000] {dagbag.py:545} INFO - Filling up the DagBag from /opt/airflow/dags/tmdb_historical.py
[2024-12-03T23:50:24.070+0000] {processor.py:840} INFO - DAG(s) 'etl_tmdb_currently_playing_movies' retrieved from /opt/airflow/dags/tmdb_historical.py
[2024-12-03T23:50:24.146+0000] {logging_mixin.py:188} INFO - [2024-12-03T23:50:24.146+0000] {dag.py:3096} INFO - Sync 1 DAGs
[2024-12-03T23:50:24.194+0000] {logging_mixin.py:188} INFO - [2024-12-03T23:50:24.193+0000] {dag.py:3954} INFO - Setting next_dagrun for etl_tmdb_currently_playing_movies to 2024-12-03 00:00:00+00:00, run_after=2024-12-04 00:00:00+00:00
[2024-12-03T23:50:24.214+0000] {processor.py:183} INFO - Processing /opt/airflow/dags/tmdb_historical.py took 0.211 seconds
[2024-12-03T23:50:54.976+0000] {processor.py:161} INFO - Started process (PID=46732) to work on /opt/airflow/dags/tmdb_historical.py
[2024-12-03T23:50:54.977+0000] {processor.py:830} INFO - Processing file /opt/airflow/dags/tmdb_historical.py for tasks to queue
[2024-12-03T23:50:54.980+0000] {logging_mixin.py:188} INFO - [2024-12-03T23:50:54.979+0000] {dagbag.py:545} INFO - Filling up the DagBag from /opt/airflow/dags/tmdb_historical.py
[2024-12-03T23:50:55.007+0000] {processor.py:840} INFO - DAG(s) 'etl_tmdb_currently_playing_movies' retrieved from /opt/airflow/dags/tmdb_historical.py
[2024-12-03T23:50:55.061+0000] {logging_mixin.py:188} INFO - [2024-12-03T23:50:55.060+0000] {dag.py:3096} INFO - Sync 1 DAGs
[2024-12-03T23:50:55.091+0000] {logging_mixin.py:188} INFO - [2024-12-03T23:50:55.090+0000] {dag.py:3954} INFO - Setting next_dagrun for etl_tmdb_currently_playing_movies to 2024-12-03 00:00:00+00:00, run_after=2024-12-04 00:00:00+00:00
[2024-12-03T23:50:55.099+0000] {processor.py:183} INFO - Processing /opt/airflow/dags/tmdb_historical.py took 0.148 seconds
[2024-12-03T23:51:25.749+0000] {processor.py:161} INFO - Started process (PID=46768) to work on /opt/airflow/dags/tmdb_historical.py
[2024-12-03T23:51:25.750+0000] {processor.py:830} INFO - Processing file /opt/airflow/dags/tmdb_historical.py for tasks to queue
[2024-12-03T23:51:25.752+0000] {logging_mixin.py:188} INFO - [2024-12-03T23:51:25.751+0000] {dagbag.py:545} INFO - Filling up the DagBag from /opt/airflow/dags/tmdb_historical.py
[2024-12-03T23:51:25.779+0000] {processor.py:840} INFO - DAG(s) 'etl_tmdb_currently_playing_movies' retrieved from /opt/airflow/dags/tmdb_historical.py
[2024-12-03T23:51:25.823+0000] {logging_mixin.py:188} INFO - [2024-12-03T23:51:25.823+0000] {dag.py:3096} INFO - Sync 1 DAGs
[2024-12-03T23:51:25.851+0000] {logging_mixin.py:188} INFO - [2024-12-03T23:51:25.851+0000] {dag.py:3954} INFO - Setting next_dagrun for etl_tmdb_currently_playing_movies to 2024-12-03 00:00:00+00:00, run_after=2024-12-04 00:00:00+00:00
[2024-12-03T23:51:25.864+0000] {processor.py:183} INFO - Processing /opt/airflow/dags/tmdb_historical.py took 0.130 seconds
[2024-12-03T23:51:56.497+0000] {processor.py:161} INFO - Started process (PID=46804) to work on /opt/airflow/dags/tmdb_historical.py
[2024-12-03T23:51:56.498+0000] {processor.py:830} INFO - Processing file /opt/airflow/dags/tmdb_historical.py for tasks to queue
[2024-12-03T23:51:56.500+0000] {logging_mixin.py:188} INFO - [2024-12-03T23:51:56.499+0000] {dagbag.py:545} INFO - Filling up the DagBag from /opt/airflow/dags/tmdb_historical.py
[2024-12-03T23:51:56.521+0000] {processor.py:840} INFO - DAG(s) 'etl_tmdb_currently_playing_movies' retrieved from /opt/airflow/dags/tmdb_historical.py
[2024-12-03T23:51:56.554+0000] {logging_mixin.py:188} INFO - [2024-12-03T23:51:56.554+0000] {dag.py:3096} INFO - Sync 1 DAGs
[2024-12-03T23:51:56.944+0000] {logging_mixin.py:188} INFO - [2024-12-03T23:51:56.944+0000] {dag.py:3954} INFO - Setting next_dagrun for etl_tmdb_currently_playing_movies to 2024-12-03 00:00:00+00:00, run_after=2024-12-04 00:00:00+00:00
[2024-12-03T23:51:56.956+0000] {processor.py:183} INFO - Processing /opt/airflow/dags/tmdb_historical.py took 0.471 seconds
[2024-12-03T23:52:20.429+0000] {processor.py:161} INFO - Started process (PID=46834) to work on /opt/airflow/dags/tmdb_historical.py
[2024-12-03T23:52:20.430+0000] {processor.py:830} INFO - Processing file /opt/airflow/dags/tmdb_historical.py for tasks to queue
[2024-12-03T23:52:20.431+0000] {logging_mixin.py:188} INFO - [2024-12-03T23:52:20.431+0000] {dagbag.py:545} INFO - Filling up the DagBag from /opt/airflow/dags/tmdb_historical.py
[2024-12-03T23:52:20.451+0000] {processor.py:840} INFO - DAG(s) 'etl_tmdb_currently_playing_movies' retrieved from /opt/airflow/dags/tmdb_historical.py
[2024-12-03T23:52:20.472+0000] {logging_mixin.py:188} INFO - [2024-12-03T23:52:20.471+0000] {dag.py:3096} INFO - Sync 1 DAGs
[2024-12-03T23:52:20.483+0000] {logging_mixin.py:188} INFO - [2024-12-03T23:52:20.483+0000] {dag.py:3954} INFO - Setting next_dagrun for etl_tmdb_currently_playing_movies to 2024-12-03 00:00:00+00:00, run_after=2024-12-04 00:00:00+00:00
[2024-12-03T23:52:20.490+0000] {processor.py:183} INFO - Processing /opt/airflow/dags/tmdb_historical.py took 0.071 seconds
[2024-12-03T23:52:51.054+0000] {processor.py:161} INFO - Started process (PID=46870) to work on /opt/airflow/dags/tmdb_historical.py
[2024-12-03T23:52:51.055+0000] {processor.py:830} INFO - Processing file /opt/airflow/dags/tmdb_historical.py for tasks to queue
[2024-12-03T23:52:51.056+0000] {logging_mixin.py:188} INFO - [2024-12-03T23:52:51.055+0000] {dagbag.py:545} INFO - Filling up the DagBag from /opt/airflow/dags/tmdb_historical.py
[2024-12-03T23:52:51.066+0000] {processor.py:840} INFO - DAG(s) 'etl_tmdb_currently_playing_movies' retrieved from /opt/airflow/dags/tmdb_historical.py
[2024-12-03T23:52:51.084+0000] {logging_mixin.py:188} INFO - [2024-12-03T23:52:51.084+0000] {dag.py:3096} INFO - Sync 1 DAGs
[2024-12-03T23:52:51.299+0000] {logging_mixin.py:188} INFO - [2024-12-03T23:52:51.299+0000] {dag.py:3954} INFO - Setting next_dagrun for etl_tmdb_currently_playing_movies to 2024-12-03 00:00:00+00:00, run_after=2024-12-04 00:00:00+00:00
[2024-12-03T23:52:51.305+0000] {processor.py:183} INFO - Processing /opt/airflow/dags/tmdb_historical.py took 0.256 seconds
[2024-12-03T23:53:21.791+0000] {processor.py:161} INFO - Started process (PID=46911) to work on /opt/airflow/dags/tmdb_historical.py
[2024-12-03T23:53:21.796+0000] {processor.py:830} INFO - Processing file /opt/airflow/dags/tmdb_historical.py for tasks to queue
[2024-12-03T23:53:21.798+0000] {logging_mixin.py:188} INFO - [2024-12-03T23:53:21.797+0000] {dagbag.py:545} INFO - Filling up the DagBag from /opt/airflow/dags/tmdb_historical.py
[2024-12-03T23:53:21.823+0000] {processor.py:840} INFO - DAG(s) 'etl_tmdb_currently_playing_movies' retrieved from /opt/airflow/dags/tmdb_historical.py
[2024-12-03T23:53:21.861+0000] {logging_mixin.py:188} INFO - [2024-12-03T23:53:21.861+0000] {dag.py:3096} INFO - Sync 1 DAGs
[2024-12-03T23:53:21.884+0000] {logging_mixin.py:188} INFO - [2024-12-03T23:53:21.884+0000] {dag.py:3954} INFO - Setting next_dagrun for etl_tmdb_currently_playing_movies to 2024-12-03 00:00:00+00:00, run_after=2024-12-04 00:00:00+00:00
[2024-12-03T23:53:21.892+0000] {processor.py:183} INFO - Processing /opt/airflow/dags/tmdb_historical.py took 0.117 seconds
[2024-12-03T23:53:52.487+0000] {processor.py:161} INFO - Started process (PID=46955) to work on /opt/airflow/dags/tmdb_historical.py
[2024-12-03T23:53:52.489+0000] {processor.py:830} INFO - Processing file /opt/airflow/dags/tmdb_historical.py for tasks to queue
[2024-12-03T23:53:52.490+0000] {logging_mixin.py:188} INFO - [2024-12-03T23:53:52.489+0000] {dagbag.py:545} INFO - Filling up the DagBag from /opt/airflow/dags/tmdb_historical.py
[2024-12-03T23:53:52.526+0000] {processor.py:840} INFO - DAG(s) 'etl_tmdb_currently_playing_movies' retrieved from /opt/airflow/dags/tmdb_historical.py
[2024-12-03T23:53:52.568+0000] {logging_mixin.py:188} INFO - [2024-12-03T23:53:52.568+0000] {dag.py:3096} INFO - Sync 1 DAGs
[2024-12-03T23:53:53.580+0000] {logging_mixin.py:188} INFO - [2024-12-03T23:53:53.579+0000] {dag.py:3954} INFO - Setting next_dagrun for etl_tmdb_currently_playing_movies to 2024-12-03 00:00:00+00:00, run_after=2024-12-04 00:00:00+00:00
[2024-12-03T23:53:53.595+0000] {processor.py:183} INFO - Processing /opt/airflow/dags/tmdb_historical.py took 1.130 seconds
[2024-12-03T23:54:24.188+0000] {processor.py:161} INFO - Started process (PID=46991) to work on /opt/airflow/dags/tmdb_historical.py
[2024-12-03T23:54:24.190+0000] {processor.py:830} INFO - Processing file /opt/airflow/dags/tmdb_historical.py for tasks to queue
[2024-12-03T23:54:24.192+0000] {logging_mixin.py:188} INFO - [2024-12-03T23:54:24.191+0000] {dagbag.py:545} INFO - Filling up the DagBag from /opt/airflow/dags/tmdb_historical.py
[2024-12-03T23:54:24.242+0000] {processor.py:840} INFO - DAG(s) 'etl_tmdb_currently_playing_movies' retrieved from /opt/airflow/dags/tmdb_historical.py
[2024-12-03T23:54:24.280+0000] {logging_mixin.py:188} INFO - [2024-12-03T23:54:24.280+0000] {dag.py:3096} INFO - Sync 1 DAGs
[2024-12-03T23:54:24.307+0000] {logging_mixin.py:188} INFO - [2024-12-03T23:54:24.307+0000] {dag.py:3954} INFO - Setting next_dagrun for etl_tmdb_currently_playing_movies to 2024-12-03 00:00:00+00:00, run_after=2024-12-04 00:00:00+00:00
[2024-12-03T23:54:24.320+0000] {processor.py:183} INFO - Processing /opt/airflow/dags/tmdb_historical.py took 0.151 seconds
[2024-12-03T23:54:55.104+0000] {processor.py:161} INFO - Started process (PID=47032) to work on /opt/airflow/dags/tmdb_historical.py
[2024-12-03T23:54:55.112+0000] {processor.py:830} INFO - Processing file /opt/airflow/dags/tmdb_historical.py for tasks to queue
[2024-12-03T23:54:55.113+0000] {logging_mixin.py:188} INFO - [2024-12-03T23:54:55.113+0000] {dagbag.py:545} INFO - Filling up the DagBag from /opt/airflow/dags/tmdb_historical.py
[2024-12-03T23:54:55.138+0000] {processor.py:840} INFO - DAG(s) 'etl_tmdb_currently_playing_movies' retrieved from /opt/airflow/dags/tmdb_historical.py
[2024-12-03T23:54:55.210+0000] {logging_mixin.py:188} INFO - [2024-12-03T23:54:55.210+0000] {dag.py:3096} INFO - Sync 1 DAGs
[2024-12-03T23:54:55.243+0000] {logging_mixin.py:188} INFO - [2024-12-03T23:54:55.242+0000] {dag.py:3954} INFO - Setting next_dagrun for etl_tmdb_currently_playing_movies to 2024-12-03 00:00:00+00:00, run_after=2024-12-04 00:00:00+00:00
[2024-12-03T23:54:56.147+0000] {processor.py:183} INFO - Processing /opt/airflow/dags/tmdb_historical.py took 1.051 seconds
[2024-12-03T23:55:27.080+0000] {processor.py:161} INFO - Started process (PID=47074) to work on /opt/airflow/dags/tmdb_historical.py
[2024-12-03T23:55:27.082+0000] {processor.py:830} INFO - Processing file /opt/airflow/dags/tmdb_historical.py for tasks to queue
[2024-12-03T23:55:27.084+0000] {logging_mixin.py:188} INFO - [2024-12-03T23:55:27.083+0000] {dagbag.py:545} INFO - Filling up the DagBag from /opt/airflow/dags/tmdb_historical.py
[2024-12-03T23:55:27.104+0000] {processor.py:840} INFO - DAG(s) 'etl_tmdb_currently_playing_movies' retrieved from /opt/airflow/dags/tmdb_historical.py
[2024-12-03T23:55:27.132+0000] {logging_mixin.py:188} INFO - [2024-12-03T23:55:27.132+0000] {dag.py:3096} INFO - Sync 1 DAGs
[2024-12-03T23:55:27.149+0000] {logging_mixin.py:188} INFO - [2024-12-03T23:55:27.149+0000] {dag.py:3954} INFO - Setting next_dagrun for etl_tmdb_currently_playing_movies to 2024-12-03 00:00:00+00:00, run_after=2024-12-04 00:00:00+00:00
[2024-12-03T23:55:27.161+0000] {processor.py:183} INFO - Processing /opt/airflow/dags/tmdb_historical.py took 0.091 seconds
[2024-12-03T23:55:29.104+0000] {processor.py:161} INFO - Started process (PID=47079) to work on /opt/airflow/dags/tmdb_historical.py
[2024-12-03T23:55:29.105+0000] {processor.py:830} INFO - Processing file /opt/airflow/dags/tmdb_historical.py for tasks to queue
[2024-12-03T23:55:29.106+0000] {logging_mixin.py:188} INFO - [2024-12-03T23:55:29.106+0000] {dagbag.py:545} INFO - Filling up the DagBag from /opt/airflow/dags/tmdb_historical.py
[2024-12-03T23:55:29.118+0000] {processor.py:840} INFO - DAG(s) 'etl_tmdb_currently_playing_movies' retrieved from /opt/airflow/dags/tmdb_historical.py
[2024-12-03T23:55:29.137+0000] {logging_mixin.py:188} INFO - [2024-12-03T23:55:29.137+0000] {dag.py:3096} INFO - Sync 1 DAGs
[2024-12-03T23:55:29.153+0000] {logging_mixin.py:188} INFO - [2024-12-03T23:55:29.153+0000] {dag.py:3954} INFO - Setting next_dagrun for etl_tmdb_currently_playing_movies to 2024-12-03 00:00:00+00:00, run_after=2024-12-04 00:00:00+00:00
[2024-12-03T23:55:29.162+0000] {processor.py:183} INFO - Processing /opt/airflow/dags/tmdb_historical.py took 0.062 seconds
[2024-12-03T23:55:59.764+0000] {processor.py:161} INFO - Started process (PID=47115) to work on /opt/airflow/dags/tmdb_historical.py
[2024-12-03T23:55:59.766+0000] {processor.py:830} INFO - Processing file /opt/airflow/dags/tmdb_historical.py for tasks to queue
[2024-12-03T23:55:59.768+0000] {logging_mixin.py:188} INFO - [2024-12-03T23:55:59.767+0000] {dagbag.py:545} INFO - Filling up the DagBag from /opt/airflow/dags/tmdb_historical.py
[2024-12-03T23:55:59.794+0000] {processor.py:840} INFO - DAG(s) 'etl_tmdb_currently_playing_movies' retrieved from /opt/airflow/dags/tmdb_historical.py
[2024-12-03T23:55:59.816+0000] {logging_mixin.py:188} INFO - [2024-12-03T23:55:59.816+0000] {dag.py:3096} INFO - Sync 1 DAGs
[2024-12-03T23:55:59.831+0000] {logging_mixin.py:188} INFO - [2024-12-03T23:55:59.831+0000] {dag.py:3954} INFO - Setting next_dagrun for etl_tmdb_currently_playing_movies to 2024-12-03 00:00:00+00:00, run_after=2024-12-04 00:00:00+00:00
[2024-12-03T23:55:59.841+0000] {processor.py:183} INFO - Processing /opt/airflow/dags/tmdb_historical.py took 0.090 seconds
[2024-12-03T23:56:30.757+0000] {processor.py:161} INFO - Started process (PID=47151) to work on /opt/airflow/dags/tmdb_historical.py
[2024-12-03T23:56:30.759+0000] {processor.py:830} INFO - Processing file /opt/airflow/dags/tmdb_historical.py for tasks to queue
[2024-12-03T23:56:30.760+0000] {logging_mixin.py:188} INFO - [2024-12-03T23:56:30.759+0000] {dagbag.py:545} INFO - Filling up the DagBag from /opt/airflow/dags/tmdb_historical.py
[2024-12-03T23:56:30.785+0000] {processor.py:840} INFO - DAG(s) 'etl_tmdb_currently_playing_movies' retrieved from /opt/airflow/dags/tmdb_historical.py
[2024-12-03T23:56:30.824+0000] {logging_mixin.py:188} INFO - [2024-12-03T23:56:30.823+0000] {dag.py:3096} INFO - Sync 1 DAGs
[2024-12-03T23:56:31.035+0000] {logging_mixin.py:188} INFO - [2024-12-03T23:56:31.034+0000] {dag.py:3954} INFO - Setting next_dagrun for etl_tmdb_currently_playing_movies to 2024-12-03 00:00:00+00:00, run_after=2024-12-04 00:00:00+00:00
[2024-12-03T23:56:31.040+0000] {processor.py:183} INFO - Processing /opt/airflow/dags/tmdb_historical.py took 0.305 seconds
[2024-12-03T23:57:01.281+0000] {processor.py:161} INFO - Started process (PID=47187) to work on /opt/airflow/dags/tmdb_historical.py
[2024-12-03T23:57:01.282+0000] {processor.py:830} INFO - Processing file /opt/airflow/dags/tmdb_historical.py for tasks to queue
[2024-12-03T23:57:01.283+0000] {logging_mixin.py:188} INFO - [2024-12-03T23:57:01.283+0000] {dagbag.py:545} INFO - Filling up the DagBag from /opt/airflow/dags/tmdb_historical.py
[2024-12-03T23:57:01.307+0000] {processor.py:840} INFO - DAG(s) 'etl_tmdb_currently_playing_movies' retrieved from /opt/airflow/dags/tmdb_historical.py
[2024-12-03T23:57:01.333+0000] {logging_mixin.py:188} INFO - [2024-12-03T23:57:01.333+0000] {dag.py:3096} INFO - Sync 1 DAGs
[2024-12-03T23:57:01.348+0000] {logging_mixin.py:188} INFO - [2024-12-03T23:57:01.348+0000] {dag.py:3954} INFO - Setting next_dagrun for etl_tmdb_currently_playing_movies to 2024-12-03 00:00:00+00:00, run_after=2024-12-04 00:00:00+00:00
[2024-12-03T23:57:01.356+0000] {processor.py:183} INFO - Processing /opt/airflow/dags/tmdb_historical.py took 0.086 seconds
[2024-12-03T23:57:32.003+0000] {processor.py:161} INFO - Started process (PID=47223) to work on /opt/airflow/dags/tmdb_historical.py
[2024-12-03T23:57:32.004+0000] {processor.py:830} INFO - Processing file /opt/airflow/dags/tmdb_historical.py for tasks to queue
[2024-12-03T23:57:32.005+0000] {logging_mixin.py:188} INFO - [2024-12-03T23:57:32.005+0000] {dagbag.py:545} INFO - Filling up the DagBag from /opt/airflow/dags/tmdb_historical.py
[2024-12-03T23:57:32.022+0000] {processor.py:840} INFO - DAG(s) 'etl_tmdb_currently_playing_movies' retrieved from /opt/airflow/dags/tmdb_historical.py
[2024-12-03T23:57:32.056+0000] {logging_mixin.py:188} INFO - [2024-12-03T23:57:32.055+0000] {dag.py:3096} INFO - Sync 1 DAGs
[2024-12-03T23:57:32.077+0000] {logging_mixin.py:188} INFO - [2024-12-03T23:57:32.076+0000] {dag.py:3954} INFO - Setting next_dagrun for etl_tmdb_currently_playing_movies to 2024-12-03 00:00:00+00:00, run_after=2024-12-04 00:00:00+00:00
[2024-12-03T23:57:32.085+0000] {processor.py:183} INFO - Processing /opt/airflow/dags/tmdb_historical.py took 0.095 seconds
[2024-12-03T23:58:02.659+0000] {processor.py:161} INFO - Started process (PID=47259) to work on /opt/airflow/dags/tmdb_historical.py
[2024-12-03T23:58:02.659+0000] {processor.py:830} INFO - Processing file /opt/airflow/dags/tmdb_historical.py for tasks to queue
[2024-12-03T23:58:02.661+0000] {logging_mixin.py:188} INFO - [2024-12-03T23:58:02.660+0000] {dagbag.py:545} INFO - Filling up the DagBag from /opt/airflow/dags/tmdb_historical.py
[2024-12-03T23:58:02.681+0000] {processor.py:840} INFO - DAG(s) 'etl_tmdb_currently_playing_movies' retrieved from /opt/airflow/dags/tmdb_historical.py
[2024-12-03T23:58:02.711+0000] {logging_mixin.py:188} INFO - [2024-12-03T23:58:02.711+0000] {dag.py:3096} INFO - Sync 1 DAGs
[2024-12-03T23:58:02.729+0000] {logging_mixin.py:188} INFO - [2024-12-03T23:58:02.729+0000] {dag.py:3954} INFO - Setting next_dagrun for etl_tmdb_currently_playing_movies to 2024-12-03 00:00:00+00:00, run_after=2024-12-04 00:00:00+00:00
[2024-12-03T23:58:02.743+0000] {processor.py:183} INFO - Processing /opt/airflow/dags/tmdb_historical.py took 0.097 seconds
[2024-12-03T23:58:33.409+0000] {processor.py:161} INFO - Started process (PID=47295) to work on /opt/airflow/dags/tmdb_historical.py
[2024-12-03T23:58:33.411+0000] {processor.py:830} INFO - Processing file /opt/airflow/dags/tmdb_historical.py for tasks to queue
[2024-12-03T23:58:33.412+0000] {logging_mixin.py:188} INFO - [2024-12-03T23:58:33.411+0000] {dagbag.py:545} INFO - Filling up the DagBag from /opt/airflow/dags/tmdb_historical.py
[2024-12-03T23:58:33.434+0000] {processor.py:840} INFO - DAG(s) 'etl_tmdb_currently_playing_movies' retrieved from /opt/airflow/dags/tmdb_historical.py
[2024-12-03T23:58:33.482+0000] {logging_mixin.py:188} INFO - [2024-12-03T23:58:33.482+0000] {dag.py:3096} INFO - Sync 1 DAGs
[2024-12-03T23:58:33.503+0000] {logging_mixin.py:188} INFO - [2024-12-03T23:58:33.503+0000] {dag.py:3954} INFO - Setting next_dagrun for etl_tmdb_currently_playing_movies to 2024-12-03 00:00:00+00:00, run_after=2024-12-04 00:00:00+00:00
[2024-12-03T23:58:33.516+0000] {processor.py:183} INFO - Processing /opt/airflow/dags/tmdb_historical.py took 0.122 seconds
[2024-12-03T23:59:03.965+0000] {processor.py:161} INFO - Started process (PID=47331) to work on /opt/airflow/dags/tmdb_historical.py
[2024-12-03T23:59:03.966+0000] {processor.py:830} INFO - Processing file /opt/airflow/dags/tmdb_historical.py for tasks to queue
[2024-12-03T23:59:03.968+0000] {logging_mixin.py:188} INFO - [2024-12-03T23:59:03.967+0000] {dagbag.py:545} INFO - Filling up the DagBag from /opt/airflow/dags/tmdb_historical.py
[2024-12-03T23:59:03.985+0000] {processor.py:840} INFO - DAG(s) 'etl_tmdb_currently_playing_movies' retrieved from /opt/airflow/dags/tmdb_historical.py
[2024-12-03T23:59:04.007+0000] {logging_mixin.py:188} INFO - [2024-12-03T23:59:04.007+0000] {dag.py:3096} INFO - Sync 1 DAGs
[2024-12-03T23:59:04.025+0000] {logging_mixin.py:188} INFO - [2024-12-03T23:59:04.025+0000] {dag.py:3954} INFO - Setting next_dagrun for etl_tmdb_currently_playing_movies to 2024-12-03 00:00:00+00:00, run_after=2024-12-04 00:00:00+00:00
[2024-12-03T23:59:04.033+0000] {processor.py:183} INFO - Processing /opt/airflow/dags/tmdb_historical.py took 0.082 seconds
[2024-12-03T23:59:34.544+0000] {processor.py:161} INFO - Started process (PID=47367) to work on /opt/airflow/dags/tmdb_historical.py
[2024-12-03T23:59:34.546+0000] {processor.py:830} INFO - Processing file /opt/airflow/dags/tmdb_historical.py for tasks to queue
[2024-12-03T23:59:34.548+0000] {logging_mixin.py:188} INFO - [2024-12-03T23:59:34.546+0000] {dagbag.py:545} INFO - Filling up the DagBag from /opt/airflow/dags/tmdb_historical.py
[2024-12-03T23:59:34.568+0000] {processor.py:840} INFO - DAG(s) 'etl_tmdb_currently_playing_movies' retrieved from /opt/airflow/dags/tmdb_historical.py
[2024-12-03T23:59:34.606+0000] {logging_mixin.py:188} INFO - [2024-12-03T23:59:34.606+0000] {dag.py:3096} INFO - Sync 1 DAGs
[2024-12-03T23:59:34.628+0000] {logging_mixin.py:188} INFO - [2024-12-03T23:59:34.628+0000] {dag.py:3954} INFO - Setting next_dagrun for etl_tmdb_currently_playing_movies to 2024-12-03 00:00:00+00:00, run_after=2024-12-04 00:00:00+00:00
[2024-12-03T23:59:34.636+0000] {processor.py:183} INFO - Processing /opt/airflow/dags/tmdb_historical.py took 0.112 seconds
