[2024-12-05T07:16:22.904+0000] {processor.py:161} INFO - Started process (PID=153) to work on /home/airflow/.local/lib/python3.12/site-packages/airflow/example_dags/example_short_circuit_operator.py
[2024-12-05T07:16:22.905+0000] {processor.py:830} INFO - Processing file /home/airflow/.local/lib/python3.12/site-packages/airflow/example_dags/example_short_circuit_operator.py for tasks to queue
[2024-12-05T07:16:22.906+0000] {logging_mixin.py:188} INFO - [2024-12-05T07:16:22.906+0000] {dagbag.py:545} INFO - Filling up the DagBag from /home/airflow/.local/lib/python3.12/site-packages/airflow/example_dags/example_short_circuit_operator.py
[2024-12-05T07:16:22.912+0000] {processor.py:840} INFO - DAG(s) 'example_short_circuit_operator' retrieved from /home/airflow/.local/lib/python3.12/site-packages/airflow/example_dags/example_short_circuit_operator.py
[2024-12-05T07:16:22.960+0000] {logging_mixin.py:188} INFO - [2024-12-05T07:16:22.960+0000] {dag.py:3096} INFO - Sync 1 DAGs
[2024-12-05T07:16:22.969+0000] {logging_mixin.py:188} INFO - [2024-12-05T07:16:22.968+0000] {dag.py:3954} INFO - Setting next_dagrun for example_short_circuit_operator to 2024-12-04 00:00:00+00:00, run_after=2024-12-05 00:00:00+00:00
[2024-12-05T07:16:22.981+0000] {processor.py:183} INFO - Processing /home/airflow/.local/lib/python3.12/site-packages/airflow/example_dags/example_short_circuit_operator.py took 0.080 seconds
[2024-12-05T07:16:53.396+0000] {processor.py:161} INFO - Started process (PID=214) to work on /home/airflow/.local/lib/python3.12/site-packages/airflow/example_dags/example_short_circuit_operator.py
[2024-12-05T07:16:53.397+0000] {processor.py:830} INFO - Processing file /home/airflow/.local/lib/python3.12/site-packages/airflow/example_dags/example_short_circuit_operator.py for tasks to queue
[2024-12-05T07:16:53.398+0000] {logging_mixin.py:188} INFO - [2024-12-05T07:16:53.397+0000] {dagbag.py:545} INFO - Filling up the DagBag from /home/airflow/.local/lib/python3.12/site-packages/airflow/example_dags/example_short_circuit_operator.py
[2024-12-05T07:16:53.401+0000] {processor.py:840} INFO - DAG(s) 'example_short_circuit_operator' retrieved from /home/airflow/.local/lib/python3.12/site-packages/airflow/example_dags/example_short_circuit_operator.py
[2024-12-05T07:16:53.414+0000] {logging_mixin.py:188} INFO - [2024-12-05T07:16:53.414+0000] {dag.py:3096} INFO - Sync 1 DAGs
[2024-12-05T07:16:53.429+0000] {logging_mixin.py:188} INFO - [2024-12-05T07:16:53.429+0000] {dag.py:3954} INFO - Setting next_dagrun for example_short_circuit_operator to 2024-12-04 00:00:00+00:00, run_after=2024-12-05 00:00:00+00:00
[2024-12-05T07:16:53.441+0000] {processor.py:183} INFO - Processing /home/airflow/.local/lib/python3.12/site-packages/airflow/example_dags/example_short_circuit_operator.py took 0.048 seconds
[2024-12-05T07:17:24.221+0000] {processor.py:161} INFO - Started process (PID=275) to work on /home/airflow/.local/lib/python3.12/site-packages/airflow/example_dags/example_short_circuit_operator.py
[2024-12-05T07:17:24.222+0000] {processor.py:830} INFO - Processing file /home/airflow/.local/lib/python3.12/site-packages/airflow/example_dags/example_short_circuit_operator.py for tasks to queue
[2024-12-05T07:17:24.224+0000] {logging_mixin.py:188} INFO - [2024-12-05T07:17:24.224+0000] {dagbag.py:545} INFO - Filling up the DagBag from /home/airflow/.local/lib/python3.12/site-packages/airflow/example_dags/example_short_circuit_operator.py
[2024-12-05T07:17:24.228+0000] {processor.py:840} INFO - DAG(s) 'example_short_circuit_operator' retrieved from /home/airflow/.local/lib/python3.12/site-packages/airflow/example_dags/example_short_circuit_operator.py
[2024-12-05T07:17:24.242+0000] {logging_mixin.py:188} INFO - [2024-12-05T07:17:24.242+0000] {dag.py:3096} INFO - Sync 1 DAGs
[2024-12-05T07:17:24.253+0000] {logging_mixin.py:188} INFO - [2024-12-05T07:17:24.253+0000] {dag.py:3954} INFO - Setting next_dagrun for example_short_circuit_operator to 2024-12-04 00:00:00+00:00, run_after=2024-12-05 00:00:00+00:00
[2024-12-05T07:17:24.261+0000] {processor.py:183} INFO - Processing /home/airflow/.local/lib/python3.12/site-packages/airflow/example_dags/example_short_circuit_operator.py took 0.043 seconds
[2024-12-05T07:17:54.877+0000] {processor.py:161} INFO - Started process (PID=336) to work on /home/airflow/.local/lib/python3.12/site-packages/airflow/example_dags/example_short_circuit_operator.py
[2024-12-05T07:17:54.878+0000] {processor.py:830} INFO - Processing file /home/airflow/.local/lib/python3.12/site-packages/airflow/example_dags/example_short_circuit_operator.py for tasks to queue
[2024-12-05T07:17:54.879+0000] {logging_mixin.py:188} INFO - [2024-12-05T07:17:54.878+0000] {dagbag.py:545} INFO - Filling up the DagBag from /home/airflow/.local/lib/python3.12/site-packages/airflow/example_dags/example_short_circuit_operator.py
[2024-12-05T07:17:54.882+0000] {processor.py:840} INFO - DAG(s) 'example_short_circuit_operator' retrieved from /home/airflow/.local/lib/python3.12/site-packages/airflow/example_dags/example_short_circuit_operator.py
[2024-12-05T07:17:54.901+0000] {logging_mixin.py:188} INFO - [2024-12-05T07:17:54.901+0000] {dag.py:3096} INFO - Sync 1 DAGs
[2024-12-05T07:17:54.912+0000] {logging_mixin.py:188} INFO - [2024-12-05T07:17:54.912+0000] {dag.py:3954} INFO - Setting next_dagrun for example_short_circuit_operator to 2024-12-04 00:00:00+00:00, run_after=2024-12-05 00:00:00+00:00
[2024-12-05T07:17:54.921+0000] {processor.py:183} INFO - Processing /home/airflow/.local/lib/python3.12/site-packages/airflow/example_dags/example_short_circuit_operator.py took 0.047 seconds
