[2024-12-05T07:16:19.753+0000] {processor.py:161} INFO - Started process (PID=124) to work on /home/airflow/.local/lib/python3.12/site-packages/airflow/example_dags/example_python_operator.py
[2024-12-05T07:16:19.758+0000] {processor.py:830} INFO - Processing file /home/airflow/.local/lib/python3.12/site-packages/airflow/example_dags/example_python_operator.py for tasks to queue
[2024-12-05T07:16:19.760+0000] {logging_mixin.py:188} INFO - [2024-12-05T07:16:19.760+0000] {dagbag.py:545} INFO - Filling up the DagBag from /home/airflow/.local/lib/python3.12/site-packages/airflow/example_dags/example_python_operator.py
[2024-12-05T07:16:19.821+0000] {processor.py:840} INFO - DAG(s) 'example_python_operator' retrieved from /home/airflow/.local/lib/python3.12/site-packages/airflow/example_dags/example_python_operator.py
[2024-12-05T07:16:20.101+0000] {logging_mixin.py:188} INFO - [2024-12-05T07:16:20.098+0000] {dag.py:3096} INFO - Sync 1 DAGs
[2024-12-05T07:16:20.135+0000] {logging_mixin.py:188} INFO - [2024-12-05T07:16:20.135+0000] {dag.py:3954} INFO - Setting next_dagrun for example_python_operator to None, run_after=None
[2024-12-05T07:16:20.192+0000] {processor.py:183} INFO - Processing /home/airflow/.local/lib/python3.12/site-packages/airflow/example_dags/example_python_operator.py took 0.488 seconds
[2024-12-05T07:16:50.406+0000] {processor.py:161} INFO - Started process (PID=185) to work on /home/airflow/.local/lib/python3.12/site-packages/airflow/example_dags/example_python_operator.py
[2024-12-05T07:16:50.406+0000] {processor.py:830} INFO - Processing file /home/airflow/.local/lib/python3.12/site-packages/airflow/example_dags/example_python_operator.py for tasks to queue
[2024-12-05T07:16:50.407+0000] {logging_mixin.py:188} INFO - [2024-12-05T07:16:50.407+0000] {dagbag.py:545} INFO - Filling up the DagBag from /home/airflow/.local/lib/python3.12/site-packages/airflow/example_dags/example_python_operator.py
[2024-12-05T07:16:50.412+0000] {processor.py:840} INFO - DAG(s) 'example_python_operator' retrieved from /home/airflow/.local/lib/python3.12/site-packages/airflow/example_dags/example_python_operator.py
[2024-12-05T07:16:50.422+0000] {logging_mixin.py:188} INFO - [2024-12-05T07:16:50.422+0000] {dag.py:3096} INFO - Sync 1 DAGs
[2024-12-05T07:16:50.426+0000] {logging_mixin.py:188} INFO - [2024-12-05T07:16:50.426+0000] {dag.py:3954} INFO - Setting next_dagrun for example_python_operator to None, run_after=None
[2024-12-05T07:16:50.432+0000] {processor.py:183} INFO - Processing /home/airflow/.local/lib/python3.12/site-packages/airflow/example_dags/example_python_operator.py took 0.030 seconds
[2024-12-05T07:17:20.786+0000] {processor.py:161} INFO - Started process (PID=246) to work on /home/airflow/.local/lib/python3.12/site-packages/airflow/example_dags/example_python_operator.py
[2024-12-05T07:17:20.787+0000] {processor.py:830} INFO - Processing file /home/airflow/.local/lib/python3.12/site-packages/airflow/example_dags/example_python_operator.py for tasks to queue
[2024-12-05T07:17:20.789+0000] {logging_mixin.py:188} INFO - [2024-12-05T07:17:20.788+0000] {dagbag.py:545} INFO - Filling up the DagBag from /home/airflow/.local/lib/python3.12/site-packages/airflow/example_dags/example_python_operator.py
[2024-12-05T07:17:20.796+0000] {processor.py:840} INFO - DAG(s) 'example_python_operator' retrieved from /home/airflow/.local/lib/python3.12/site-packages/airflow/example_dags/example_python_operator.py
[2024-12-05T07:17:20.810+0000] {logging_mixin.py:188} INFO - [2024-12-05T07:17:20.810+0000] {dag.py:3096} INFO - Sync 1 DAGs
[2024-12-05T07:17:20.816+0000] {logging_mixin.py:188} INFO - [2024-12-05T07:17:20.816+0000] {dag.py:3954} INFO - Setting next_dagrun for example_python_operator to None, run_after=None
[2024-12-05T07:17:20.824+0000] {processor.py:183} INFO - Processing /home/airflow/.local/lib/python3.12/site-packages/airflow/example_dags/example_python_operator.py took 0.041 seconds
[2024-12-05T07:17:51.700+0000] {processor.py:161} INFO - Started process (PID=307) to work on /home/airflow/.local/lib/python3.12/site-packages/airflow/example_dags/example_python_operator.py
[2024-12-05T07:17:51.701+0000] {processor.py:830} INFO - Processing file /home/airflow/.local/lib/python3.12/site-packages/airflow/example_dags/example_python_operator.py for tasks to queue
[2024-12-05T07:17:51.702+0000] {logging_mixin.py:188} INFO - [2024-12-05T07:17:51.702+0000] {dagbag.py:545} INFO - Filling up the DagBag from /home/airflow/.local/lib/python3.12/site-packages/airflow/example_dags/example_python_operator.py
[2024-12-05T07:17:51.716+0000] {processor.py:840} INFO - DAG(s) 'example_python_operator' retrieved from /home/airflow/.local/lib/python3.12/site-packages/airflow/example_dags/example_python_operator.py
[2024-12-05T07:17:51.739+0000] {logging_mixin.py:188} INFO - [2024-12-05T07:17:51.738+0000] {dag.py:3096} INFO - Sync 1 DAGs
[2024-12-05T07:17:51.751+0000] {logging_mixin.py:188} INFO - [2024-12-05T07:17:51.751+0000] {dag.py:3954} INFO - Setting next_dagrun for example_python_operator to None, run_after=None
[2024-12-05T07:17:51.759+0000] {processor.py:183} INFO - Processing /home/airflow/.local/lib/python3.12/site-packages/airflow/example_dags/example_python_operator.py took 0.062 seconds
