[2024-12-05T07:16:20.811+0000] {processor.py:161} INFO - Started process (PID=130) to work on /home/airflow/.local/lib/python3.12/site-packages/airflow/example_dags/example_trigger_target_dag.py
[2024-12-05T07:16:20.812+0000] {processor.py:830} INFO - Processing file /home/airflow/.local/lib/python3.12/site-packages/airflow/example_dags/example_trigger_target_dag.py for tasks to queue
[2024-12-05T07:16:20.814+0000] {logging_mixin.py:188} INFO - [2024-12-05T07:16:20.814+0000] {dagbag.py:545} INFO - Filling up the DagBag from /home/airflow/.local/lib/python3.12/site-packages/airflow/example_dags/example_trigger_target_dag.py
[2024-12-05T07:16:20.825+0000] {processor.py:840} INFO - DAG(s) 'example_trigger_target_dag' retrieved from /home/airflow/.local/lib/python3.12/site-packages/airflow/example_dags/example_trigger_target_dag.py
[2024-12-05T07:16:20.958+0000] {logging_mixin.py:188} INFO - [2024-12-05T07:16:20.957+0000] {dag.py:3096} INFO - Sync 1 DAGs
[2024-12-05T07:16:20.971+0000] {logging_mixin.py:188} INFO - [2024-12-05T07:16:20.970+0000] {dag.py:3954} INFO - Setting next_dagrun for example_trigger_target_dag to None, run_after=None
[2024-12-05T07:16:20.995+0000] {processor.py:183} INFO - Processing /home/airflow/.local/lib/python3.12/site-packages/airflow/example_dags/example_trigger_target_dag.py took 0.191 seconds
[2024-12-05T07:16:51.646+0000] {processor.py:161} INFO - Started process (PID=191) to work on /home/airflow/.local/lib/python3.12/site-packages/airflow/example_dags/example_trigger_target_dag.py
[2024-12-05T07:16:51.647+0000] {processor.py:830} INFO - Processing file /home/airflow/.local/lib/python3.12/site-packages/airflow/example_dags/example_trigger_target_dag.py for tasks to queue
[2024-12-05T07:16:51.648+0000] {logging_mixin.py:188} INFO - [2024-12-05T07:16:51.648+0000] {dagbag.py:545} INFO - Filling up the DagBag from /home/airflow/.local/lib/python3.12/site-packages/airflow/example_dags/example_trigger_target_dag.py
[2024-12-05T07:16:51.652+0000] {processor.py:840} INFO - DAG(s) 'example_trigger_target_dag' retrieved from /home/airflow/.local/lib/python3.12/site-packages/airflow/example_dags/example_trigger_target_dag.py
[2024-12-05T07:16:51.662+0000] {logging_mixin.py:188} INFO - [2024-12-05T07:16:51.662+0000] {dag.py:3096} INFO - Sync 1 DAGs
[2024-12-05T07:16:51.673+0000] {logging_mixin.py:188} INFO - [2024-12-05T07:16:51.673+0000] {dag.py:3954} INFO - Setting next_dagrun for example_trigger_target_dag to None, run_after=None
[2024-12-05T07:16:51.682+0000] {processor.py:183} INFO - Processing /home/airflow/.local/lib/python3.12/site-packages/airflow/example_dags/example_trigger_target_dag.py took 0.038 seconds
[2024-12-05T07:17:22.017+0000] {processor.py:161} INFO - Started process (PID=252) to work on /home/airflow/.local/lib/python3.12/site-packages/airflow/example_dags/example_trigger_target_dag.py
[2024-12-05T07:17:22.018+0000] {processor.py:830} INFO - Processing file /home/airflow/.local/lib/python3.12/site-packages/airflow/example_dags/example_trigger_target_dag.py for tasks to queue
[2024-12-05T07:17:22.019+0000] {logging_mixin.py:188} INFO - [2024-12-05T07:17:22.019+0000] {dagbag.py:545} INFO - Filling up the DagBag from /home/airflow/.local/lib/python3.12/site-packages/airflow/example_dags/example_trigger_target_dag.py
[2024-12-05T07:17:22.023+0000] {processor.py:840} INFO - DAG(s) 'example_trigger_target_dag' retrieved from /home/airflow/.local/lib/python3.12/site-packages/airflow/example_dags/example_trigger_target_dag.py
[2024-12-05T07:17:22.039+0000] {logging_mixin.py:188} INFO - [2024-12-05T07:17:22.039+0000] {dag.py:3096} INFO - Sync 1 DAGs
[2024-12-05T07:17:22.047+0000] {logging_mixin.py:188} INFO - [2024-12-05T07:17:22.046+0000] {dag.py:3954} INFO - Setting next_dagrun for example_trigger_target_dag to None, run_after=None
[2024-12-05T07:17:22.059+0000] {processor.py:183} INFO - Processing /home/airflow/.local/lib/python3.12/site-packages/airflow/example_dags/example_trigger_target_dag.py took 0.045 seconds
[2024-12-05T07:17:52.969+0000] {processor.py:161} INFO - Started process (PID=313) to work on /home/airflow/.local/lib/python3.12/site-packages/airflow/example_dags/example_trigger_target_dag.py
[2024-12-05T07:17:52.970+0000] {processor.py:830} INFO - Processing file /home/airflow/.local/lib/python3.12/site-packages/airflow/example_dags/example_trigger_target_dag.py for tasks to queue
[2024-12-05T07:17:52.971+0000] {logging_mixin.py:188} INFO - [2024-12-05T07:17:52.971+0000] {dagbag.py:545} INFO - Filling up the DagBag from /home/airflow/.local/lib/python3.12/site-packages/airflow/example_dags/example_trigger_target_dag.py
[2024-12-05T07:17:52.976+0000] {processor.py:840} INFO - DAG(s) 'example_trigger_target_dag' retrieved from /home/airflow/.local/lib/python3.12/site-packages/airflow/example_dags/example_trigger_target_dag.py
[2024-12-05T07:17:52.992+0000] {logging_mixin.py:188} INFO - [2024-12-05T07:17:52.991+0000] {dag.py:3096} INFO - Sync 1 DAGs
[2024-12-05T07:17:53.000+0000] {logging_mixin.py:188} INFO - [2024-12-05T07:17:53.000+0000] {dag.py:3954} INFO - Setting next_dagrun for example_trigger_target_dag to None, run_after=None
[2024-12-05T07:17:53.016+0000] {processor.py:183} INFO - Processing /home/airflow/.local/lib/python3.12/site-packages/airflow/example_dags/example_trigger_target_dag.py took 0.051 seconds
