[2024-12-05T07:16:20.500+0000] {processor.py:161} INFO - Started process (PID=128) to work on /home/airflow/.local/lib/python3.12/site-packages/airflow/example_dags/example_branch_labels.py
[2024-12-05T07:16:20.505+0000] {processor.py:830} INFO - Processing file /home/airflow/.local/lib/python3.12/site-packages/airflow/example_dags/example_branch_labels.py for tasks to queue
[2024-12-05T07:16:20.506+0000] {logging_mixin.py:188} INFO - [2024-12-05T07:16:20.506+0000] {dagbag.py:545} INFO - Filling up the DagBag from /home/airflow/.local/lib/python3.12/site-packages/airflow/example_dags/example_branch_labels.py
[2024-12-05T07:16:20.528+0000] {processor.py:840} INFO - DAG(s) 'example_branch_labels' retrieved from /home/airflow/.local/lib/python3.12/site-packages/airflow/example_dags/example_branch_labels.py
[2024-12-05T07:16:20.717+0000] {logging_mixin.py:188} INFO - [2024-12-05T07:16:20.716+0000] {dag.py:3096} INFO - Sync 1 DAGs
[2024-12-05T07:16:20.744+0000] {logging_mixin.py:188} INFO - [2024-12-05T07:16:20.744+0000] {dag.py:3954} INFO - Setting next_dagrun for example_branch_labels to 2024-12-04 00:00:00+00:00, run_after=2024-12-05 00:00:00+00:00
[2024-12-05T07:16:20.769+0000] {processor.py:183} INFO - Processing /home/airflow/.local/lib/python3.12/site-packages/airflow/example_dags/example_branch_labels.py took 0.280 seconds
[2024-12-05T07:16:51.541+0000] {processor.py:161} INFO - Started process (PID=189) to work on /home/airflow/.local/lib/python3.12/site-packages/airflow/example_dags/example_branch_labels.py
[2024-12-05T07:16:51.543+0000] {processor.py:830} INFO - Processing file /home/airflow/.local/lib/python3.12/site-packages/airflow/example_dags/example_branch_labels.py for tasks to queue
[2024-12-05T07:16:51.545+0000] {logging_mixin.py:188} INFO - [2024-12-05T07:16:51.545+0000] {dagbag.py:545} INFO - Filling up the DagBag from /home/airflow/.local/lib/python3.12/site-packages/airflow/example_dags/example_branch_labels.py
[2024-12-05T07:16:51.550+0000] {processor.py:840} INFO - DAG(s) 'example_branch_labels' retrieved from /home/airflow/.local/lib/python3.12/site-packages/airflow/example_dags/example_branch_labels.py
[2024-12-05T07:16:51.566+0000] {logging_mixin.py:188} INFO - [2024-12-05T07:16:51.566+0000] {dag.py:3096} INFO - Sync 1 DAGs
[2024-12-05T07:16:51.577+0000] {logging_mixin.py:188} INFO - [2024-12-05T07:16:51.577+0000] {dag.py:3954} INFO - Setting next_dagrun for example_branch_labels to 2024-12-04 00:00:00+00:00, run_after=2024-12-05 00:00:00+00:00
[2024-12-05T07:16:51.585+0000] {processor.py:183} INFO - Processing /home/airflow/.local/lib/python3.12/site-packages/airflow/example_dags/example_branch_labels.py took 0.048 seconds
[2024-12-05T07:17:21.892+0000] {processor.py:161} INFO - Started process (PID=250) to work on /home/airflow/.local/lib/python3.12/site-packages/airflow/example_dags/example_branch_labels.py
[2024-12-05T07:17:21.893+0000] {processor.py:830} INFO - Processing file /home/airflow/.local/lib/python3.12/site-packages/airflow/example_dags/example_branch_labels.py for tasks to queue
[2024-12-05T07:17:21.896+0000] {logging_mixin.py:188} INFO - [2024-12-05T07:17:21.895+0000] {dagbag.py:545} INFO - Filling up the DagBag from /home/airflow/.local/lib/python3.12/site-packages/airflow/example_dags/example_branch_labels.py
[2024-12-05T07:17:21.904+0000] {processor.py:840} INFO - DAG(s) 'example_branch_labels' retrieved from /home/airflow/.local/lib/python3.12/site-packages/airflow/example_dags/example_branch_labels.py
[2024-12-05T07:17:21.920+0000] {logging_mixin.py:188} INFO - [2024-12-05T07:17:21.920+0000] {dag.py:3096} INFO - Sync 1 DAGs
[2024-12-05T07:17:21.932+0000] {logging_mixin.py:188} INFO - [2024-12-05T07:17:21.932+0000] {dag.py:3954} INFO - Setting next_dagrun for example_branch_labels to 2024-12-04 00:00:00+00:00, run_after=2024-12-05 00:00:00+00:00
[2024-12-05T07:17:21.944+0000] {processor.py:183} INFO - Processing /home/airflow/.local/lib/python3.12/site-packages/airflow/example_dags/example_branch_labels.py took 0.058 seconds
[2024-12-05T07:17:52.856+0000] {processor.py:161} INFO - Started process (PID=311) to work on /home/airflow/.local/lib/python3.12/site-packages/airflow/example_dags/example_branch_labels.py
[2024-12-05T07:17:52.858+0000] {processor.py:830} INFO - Processing file /home/airflow/.local/lib/python3.12/site-packages/airflow/example_dags/example_branch_labels.py for tasks to queue
[2024-12-05T07:17:52.859+0000] {logging_mixin.py:188} INFO - [2024-12-05T07:17:52.859+0000] {dagbag.py:545} INFO - Filling up the DagBag from /home/airflow/.local/lib/python3.12/site-packages/airflow/example_dags/example_branch_labels.py
[2024-12-05T07:17:52.863+0000] {processor.py:840} INFO - DAG(s) 'example_branch_labels' retrieved from /home/airflow/.local/lib/python3.12/site-packages/airflow/example_dags/example_branch_labels.py
[2024-12-05T07:17:52.875+0000] {logging_mixin.py:188} INFO - [2024-12-05T07:17:52.875+0000] {dag.py:3096} INFO - Sync 1 DAGs
[2024-12-05T07:17:52.884+0000] {logging_mixin.py:188} INFO - [2024-12-05T07:17:52.884+0000] {dag.py:3954} INFO - Setting next_dagrun for example_branch_labels to 2024-12-04 00:00:00+00:00, run_after=2024-12-05 00:00:00+00:00
[2024-12-05T07:17:52.894+0000] {processor.py:183} INFO - Processing /home/airflow/.local/lib/python3.12/site-packages/airflow/example_dags/example_branch_labels.py took 0.041 seconds
