[2024-12-05T07:16:21.453+0000] {processor.py:161} INFO - Started process (PID=137) to work on /home/airflow/.local/lib/python3.12/site-packages/airflow/example_dags/example_task_group_decorator.py
[2024-12-05T07:16:21.454+0000] {processor.py:830} INFO - Processing file /home/airflow/.local/lib/python3.12/site-packages/airflow/example_dags/example_task_group_decorator.py for tasks to queue
[2024-12-05T07:16:21.454+0000] {logging_mixin.py:188} INFO - [2024-12-05T07:16:21.454+0000] {dagbag.py:545} INFO - Filling up the DagBag from /home/airflow/.local/lib/python3.12/site-packages/airflow/example_dags/example_task_group_decorator.py
[2024-12-05T07:16:21.461+0000] {processor.py:840} INFO - DAG(s) 'example_task_group_decorator' retrieved from /home/airflow/.local/lib/python3.12/site-packages/airflow/example_dags/example_task_group_decorator.py
[2024-12-05T07:16:21.509+0000] {logging_mixin.py:188} INFO - [2024-12-05T07:16:21.508+0000] {dag.py:3096} INFO - Sync 1 DAGs
[2024-12-05T07:16:21.517+0000] {logging_mixin.py:188} INFO - [2024-12-05T07:16:21.517+0000] {dag.py:3954} INFO - Setting next_dagrun for example_task_group_decorator to 2024-12-04 00:00:00+00:00, run_after=2024-12-05 00:00:00+00:00
[2024-12-05T07:16:21.530+0000] {processor.py:183} INFO - Processing /home/airflow/.local/lib/python3.12/site-packages/airflow/example_dags/example_task_group_decorator.py took 0.081 seconds
[2024-12-05T07:16:51.818+0000] {processor.py:161} INFO - Started process (PID=198) to work on /home/airflow/.local/lib/python3.12/site-packages/airflow/example_dags/example_task_group_decorator.py
[2024-12-05T07:16:51.819+0000] {processor.py:830} INFO - Processing file /home/airflow/.local/lib/python3.12/site-packages/airflow/example_dags/example_task_group_decorator.py for tasks to queue
[2024-12-05T07:16:51.820+0000] {logging_mixin.py:188} INFO - [2024-12-05T07:16:51.819+0000] {dagbag.py:545} INFO - Filling up the DagBag from /home/airflow/.local/lib/python3.12/site-packages/airflow/example_dags/example_task_group_decorator.py
[2024-12-05T07:16:51.827+0000] {processor.py:840} INFO - DAG(s) 'example_task_group_decorator' retrieved from /home/airflow/.local/lib/python3.12/site-packages/airflow/example_dags/example_task_group_decorator.py
[2024-12-05T07:16:51.837+0000] {logging_mixin.py:188} INFO - [2024-12-05T07:16:51.837+0000] {dag.py:3096} INFO - Sync 1 DAGs
[2024-12-05T07:16:51.845+0000] {logging_mixin.py:188} INFO - [2024-12-05T07:16:51.845+0000] {dag.py:3954} INFO - Setting next_dagrun for example_task_group_decorator to 2024-12-04 00:00:00+00:00, run_after=2024-12-05 00:00:00+00:00
[2024-12-05T07:16:51.854+0000] {processor.py:183} INFO - Processing /home/airflow/.local/lib/python3.12/site-packages/airflow/example_dags/example_task_group_decorator.py took 0.040 seconds
[2024-12-05T07:17:22.346+0000] {processor.py:161} INFO - Started process (PID=259) to work on /home/airflow/.local/lib/python3.12/site-packages/airflow/example_dags/example_task_group_decorator.py
[2024-12-05T07:17:22.349+0000] {processor.py:830} INFO - Processing file /home/airflow/.local/lib/python3.12/site-packages/airflow/example_dags/example_task_group_decorator.py for tasks to queue
[2024-12-05T07:17:22.353+0000] {logging_mixin.py:188} INFO - [2024-12-05T07:17:22.353+0000] {dagbag.py:545} INFO - Filling up the DagBag from /home/airflow/.local/lib/python3.12/site-packages/airflow/example_dags/example_task_group_decorator.py
[2024-12-05T07:17:22.368+0000] {processor.py:840} INFO - DAG(s) 'example_task_group_decorator' retrieved from /home/airflow/.local/lib/python3.12/site-packages/airflow/example_dags/example_task_group_decorator.py
[2024-12-05T07:17:22.394+0000] {logging_mixin.py:188} INFO - [2024-12-05T07:17:22.393+0000] {dag.py:3096} INFO - Sync 1 DAGs
[2024-12-05T07:17:22.414+0000] {logging_mixin.py:188} INFO - [2024-12-05T07:17:22.413+0000] {dag.py:3954} INFO - Setting next_dagrun for example_task_group_decorator to 2024-12-04 00:00:00+00:00, run_after=2024-12-05 00:00:00+00:00
[2024-12-05T07:17:22.422+0000] {processor.py:183} INFO - Processing /home/airflow/.local/lib/python3.12/site-packages/airflow/example_dags/example_task_group_decorator.py took 0.085 seconds
[2024-12-05T07:17:53.214+0000] {processor.py:161} INFO - Started process (PID=320) to work on /home/airflow/.local/lib/python3.12/site-packages/airflow/example_dags/example_task_group_decorator.py
[2024-12-05T07:17:53.214+0000] {processor.py:830} INFO - Processing file /home/airflow/.local/lib/python3.12/site-packages/airflow/example_dags/example_task_group_decorator.py for tasks to queue
[2024-12-05T07:17:53.215+0000] {logging_mixin.py:188} INFO - [2024-12-05T07:17:53.215+0000] {dagbag.py:545} INFO - Filling up the DagBag from /home/airflow/.local/lib/python3.12/site-packages/airflow/example_dags/example_task_group_decorator.py
[2024-12-05T07:17:53.220+0000] {processor.py:840} INFO - DAG(s) 'example_task_group_decorator' retrieved from /home/airflow/.local/lib/python3.12/site-packages/airflow/example_dags/example_task_group_decorator.py
[2024-12-05T07:17:53.230+0000] {logging_mixin.py:188} INFO - [2024-12-05T07:17:53.230+0000] {dag.py:3096} INFO - Sync 1 DAGs
[2024-12-05T07:17:53.238+0000] {logging_mixin.py:188} INFO - [2024-12-05T07:17:53.238+0000] {dag.py:3954} INFO - Setting next_dagrun for example_task_group_decorator to 2024-12-04 00:00:00+00:00, run_after=2024-12-05 00:00:00+00:00
[2024-12-05T07:17:53.244+0000] {processor.py:183} INFO - Processing /home/airflow/.local/lib/python3.12/site-packages/airflow/example_dags/example_task_group_decorator.py took 0.033 seconds
