[2024-12-05T07:16:21.628+0000] {processor.py:161} INFO - Started process (PID=140) to work on /home/airflow/.local/lib/python3.12/site-packages/airflow/example_dags/example_latest_only.py
[2024-12-05T07:16:21.628+0000] {processor.py:830} INFO - Processing file /home/airflow/.local/lib/python3.12/site-packages/airflow/example_dags/example_latest_only.py for tasks to queue
[2024-12-05T07:16:21.630+0000] {logging_mixin.py:188} INFO - [2024-12-05T07:16:21.630+0000] {dagbag.py:545} INFO - Filling up the DagBag from /home/airflow/.local/lib/python3.12/site-packages/airflow/example_dags/example_latest_only.py
[2024-12-05T07:16:21.633+0000] {processor.py:840} INFO - DAG(s) 'latest_only' retrieved from /home/airflow/.local/lib/python3.12/site-packages/airflow/example_dags/example_latest_only.py
[2024-12-05T07:16:21.686+0000] {logging_mixin.py:188} INFO - [2024-12-05T07:16:21.685+0000] {dag.py:3096} INFO - Sync 1 DAGs
[2024-12-05T07:16:21.695+0000] {logging_mixin.py:188} INFO - [2024-12-05T07:16:21.695+0000] {dag.py:3954} INFO - Setting next_dagrun for latest_only to 2024-12-05 00:00:00+00:00, run_after=2024-12-05 04:00:00+00:00
[2024-12-05T07:16:21.709+0000] {processor.py:183} INFO - Processing /home/airflow/.local/lib/python3.12/site-packages/airflow/example_dags/example_latest_only.py took 0.084 seconds
[2024-12-05T07:16:51.901+0000] {processor.py:161} INFO - Started process (PID=201) to work on /home/airflow/.local/lib/python3.12/site-packages/airflow/example_dags/example_latest_only.py
[2024-12-05T07:16:51.903+0000] {processor.py:830} INFO - Processing file /home/airflow/.local/lib/python3.12/site-packages/airflow/example_dags/example_latest_only.py for tasks to queue
[2024-12-05T07:16:51.905+0000] {logging_mixin.py:188} INFO - [2024-12-05T07:16:51.905+0000] {dagbag.py:545} INFO - Filling up the DagBag from /home/airflow/.local/lib/python3.12/site-packages/airflow/example_dags/example_latest_only.py
[2024-12-05T07:16:51.907+0000] {processor.py:840} INFO - DAG(s) 'latest_only' retrieved from /home/airflow/.local/lib/python3.12/site-packages/airflow/example_dags/example_latest_only.py
[2024-12-05T07:16:51.921+0000] {logging_mixin.py:188} INFO - [2024-12-05T07:16:51.921+0000] {dag.py:3096} INFO - Sync 1 DAGs
[2024-12-05T07:16:51.929+0000] {logging_mixin.py:188} INFO - [2024-12-05T07:16:51.928+0000] {dag.py:3954} INFO - Setting next_dagrun for latest_only to 2024-12-05 00:00:00+00:00, run_after=2024-12-05 04:00:00+00:00
[2024-12-05T07:16:51.938+0000] {processor.py:183} INFO - Processing /home/airflow/.local/lib/python3.12/site-packages/airflow/example_dags/example_latest_only.py took 0.039 seconds
[2024-12-05T07:17:22.497+0000] {processor.py:161} INFO - Started process (PID=262) to work on /home/airflow/.local/lib/python3.12/site-packages/airflow/example_dags/example_latest_only.py
[2024-12-05T07:17:22.499+0000] {processor.py:830} INFO - Processing file /home/airflow/.local/lib/python3.12/site-packages/airflow/example_dags/example_latest_only.py for tasks to queue
[2024-12-05T07:17:22.500+0000] {logging_mixin.py:188} INFO - [2024-12-05T07:17:22.500+0000] {dagbag.py:545} INFO - Filling up the DagBag from /home/airflow/.local/lib/python3.12/site-packages/airflow/example_dags/example_latest_only.py
[2024-12-05T07:17:22.506+0000] {processor.py:840} INFO - DAG(s) 'latest_only' retrieved from /home/airflow/.local/lib/python3.12/site-packages/airflow/example_dags/example_latest_only.py
[2024-12-05T07:17:22.525+0000] {logging_mixin.py:188} INFO - [2024-12-05T07:17:22.525+0000] {dag.py:3096} INFO - Sync 1 DAGs
[2024-12-05T07:17:22.535+0000] {logging_mixin.py:188} INFO - [2024-12-05T07:17:22.535+0000] {dag.py:3954} INFO - Setting next_dagrun for latest_only to 2024-12-05 00:00:00+00:00, run_after=2024-12-05 04:00:00+00:00
[2024-12-05T07:17:22.545+0000] {processor.py:183} INFO - Processing /home/airflow/.local/lib/python3.12/site-packages/airflow/example_dags/example_latest_only.py took 0.052 seconds
[2024-12-05T07:17:53.313+0000] {processor.py:161} INFO - Started process (PID=323) to work on /home/airflow/.local/lib/python3.12/site-packages/airflow/example_dags/example_latest_only.py
[2024-12-05T07:17:53.314+0000] {processor.py:830} INFO - Processing file /home/airflow/.local/lib/python3.12/site-packages/airflow/example_dags/example_latest_only.py for tasks to queue
[2024-12-05T07:17:53.315+0000] {logging_mixin.py:188} INFO - [2024-12-05T07:17:53.314+0000] {dagbag.py:545} INFO - Filling up the DagBag from /home/airflow/.local/lib/python3.12/site-packages/airflow/example_dags/example_latest_only.py
[2024-12-05T07:17:53.317+0000] {processor.py:840} INFO - DAG(s) 'latest_only' retrieved from /home/airflow/.local/lib/python3.12/site-packages/airflow/example_dags/example_latest_only.py
[2024-12-05T07:17:53.329+0000] {logging_mixin.py:188} INFO - [2024-12-05T07:17:53.329+0000] {dag.py:3096} INFO - Sync 1 DAGs
[2024-12-05T07:17:53.338+0000] {logging_mixin.py:188} INFO - [2024-12-05T07:17:53.338+0000] {dag.py:3954} INFO - Setting next_dagrun for latest_only to 2024-12-05 00:00:00+00:00, run_after=2024-12-05 04:00:00+00:00
[2024-12-05T07:17:53.346+0000] {processor.py:183} INFO - Processing /home/airflow/.local/lib/python3.12/site-packages/airflow/example_dags/example_latest_only.py took 0.035 seconds
