[2024-12-05T07:16:22.249+0000] {processor.py:161} INFO - Started process (PID=148) to work on /home/airflow/.local/lib/python3.12/site-packages/airflow/example_dags/example_complex.py
[2024-12-05T07:16:22.250+0000] {processor.py:830} INFO - Processing file /home/airflow/.local/lib/python3.12/site-packages/airflow/example_dags/example_complex.py for tasks to queue
[2024-12-05T07:16:22.251+0000] {logging_mixin.py:188} INFO - [2024-12-05T07:16:22.251+0000] {dagbag.py:545} INFO - Filling up the DagBag from /home/airflow/.local/lib/python3.12/site-packages/airflow/example_dags/example_complex.py
[2024-12-05T07:16:22.257+0000] {processor.py:840} INFO - DAG(s) 'example_complex' retrieved from /home/airflow/.local/lib/python3.12/site-packages/airflow/example_dags/example_complex.py
[2024-12-05T07:16:22.340+0000] {logging_mixin.py:188} INFO - [2024-12-05T07:16:22.340+0000] {dag.py:3096} INFO - Sync 1 DAGs
[2024-12-05T07:16:22.347+0000] {logging_mixin.py:188} INFO - [2024-12-05T07:16:22.346+0000] {dag.py:3954} INFO - Setting next_dagrun for example_complex to None, run_after=None
[2024-12-05T07:16:22.372+0000] {processor.py:183} INFO - Processing /home/airflow/.local/lib/python3.12/site-packages/airflow/example_dags/example_complex.py took 0.126 seconds
[2024-12-05T07:16:53.219+0000] {processor.py:161} INFO - Started process (PID=209) to work on /home/airflow/.local/lib/python3.12/site-packages/airflow/example_dags/example_complex.py
[2024-12-05T07:16:53.219+0000] {processor.py:830} INFO - Processing file /home/airflow/.local/lib/python3.12/site-packages/airflow/example_dags/example_complex.py for tasks to queue
[2024-12-05T07:16:53.220+0000] {logging_mixin.py:188} INFO - [2024-12-05T07:16:53.220+0000] {dagbag.py:545} INFO - Filling up the DagBag from /home/airflow/.local/lib/python3.12/site-packages/airflow/example_dags/example_complex.py
[2024-12-05T07:16:53.225+0000] {processor.py:840} INFO - DAG(s) 'example_complex' retrieved from /home/airflow/.local/lib/python3.12/site-packages/airflow/example_dags/example_complex.py
[2024-12-05T07:16:53.239+0000] {logging_mixin.py:188} INFO - [2024-12-05T07:16:53.239+0000] {dag.py:3096} INFO - Sync 1 DAGs
[2024-12-05T07:16:53.248+0000] {logging_mixin.py:188} INFO - [2024-12-05T07:16:53.247+0000] {dag.py:3954} INFO - Setting next_dagrun for example_complex to None, run_after=None
[2024-12-05T07:16:53.259+0000] {processor.py:183} INFO - Processing /home/airflow/.local/lib/python3.12/site-packages/airflow/example_dags/example_complex.py took 0.043 seconds
[2024-12-05T07:17:23.991+0000] {processor.py:161} INFO - Started process (PID=270) to work on /home/airflow/.local/lib/python3.12/site-packages/airflow/example_dags/example_complex.py
[2024-12-05T07:17:23.993+0000] {processor.py:830} INFO - Processing file /home/airflow/.local/lib/python3.12/site-packages/airflow/example_dags/example_complex.py for tasks to queue
[2024-12-05T07:17:23.997+0000] {logging_mixin.py:188} INFO - [2024-12-05T07:17:23.996+0000] {dagbag.py:545} INFO - Filling up the DagBag from /home/airflow/.local/lib/python3.12/site-packages/airflow/example_dags/example_complex.py
[2024-12-05T07:17:24.008+0000] {processor.py:840} INFO - DAG(s) 'example_complex' retrieved from /home/airflow/.local/lib/python3.12/site-packages/airflow/example_dags/example_complex.py
[2024-12-05T07:17:24.039+0000] {logging_mixin.py:188} INFO - [2024-12-05T07:17:24.039+0000] {dag.py:3096} INFO - Sync 1 DAGs
[2024-12-05T07:17:24.054+0000] {logging_mixin.py:188} INFO - [2024-12-05T07:17:24.054+0000] {dag.py:3954} INFO - Setting next_dagrun for example_complex to None, run_after=None
[2024-12-05T07:17:24.079+0000] {processor.py:183} INFO - Processing /home/airflow/.local/lib/python3.12/site-packages/airflow/example_dags/example_complex.py took 0.104 seconds
[2024-12-05T07:17:54.666+0000] {processor.py:161} INFO - Started process (PID=331) to work on /home/airflow/.local/lib/python3.12/site-packages/airflow/example_dags/example_complex.py
[2024-12-05T07:17:54.668+0000] {processor.py:830} INFO - Processing file /home/airflow/.local/lib/python3.12/site-packages/airflow/example_dags/example_complex.py for tasks to queue
[2024-12-05T07:17:54.670+0000] {logging_mixin.py:188} INFO - [2024-12-05T07:17:54.670+0000] {dagbag.py:545} INFO - Filling up the DagBag from /home/airflow/.local/lib/python3.12/site-packages/airflow/example_dags/example_complex.py
[2024-12-05T07:17:54.678+0000] {processor.py:840} INFO - DAG(s) 'example_complex' retrieved from /home/airflow/.local/lib/python3.12/site-packages/airflow/example_dags/example_complex.py
[2024-12-05T07:17:54.692+0000] {logging_mixin.py:188} INFO - [2024-12-05T07:17:54.692+0000] {dag.py:3096} INFO - Sync 1 DAGs
[2024-12-05T07:17:54.698+0000] {logging_mixin.py:188} INFO - [2024-12-05T07:17:54.698+0000] {dag.py:3954} INFO - Setting next_dagrun for example_complex to None, run_after=None
[2024-12-05T07:17:54.712+0000] {processor.py:183} INFO - Processing /home/airflow/.local/lib/python3.12/site-packages/airflow/example_dags/example_complex.py took 0.050 seconds
