[2024-12-05T07:16:21.028+0000] {processor.py:161} INFO - Started process (PID=131) to work on /home/airflow/.local/lib/python3.12/site-packages/airflow/example_dags/example_branch_operator.py
[2024-12-05T07:16:21.030+0000] {processor.py:830} INFO - Processing file /home/airflow/.local/lib/python3.12/site-packages/airflow/example_dags/example_branch_operator.py for tasks to queue
[2024-12-05T07:16:21.032+0000] {logging_mixin.py:188} INFO - [2024-12-05T07:16:21.032+0000] {dagbag.py:545} INFO - Filling up the DagBag from /home/airflow/.local/lib/python3.12/site-packages/airflow/example_dags/example_branch_operator.py
[2024-12-05T07:16:21.045+0000] {processor.py:840} INFO - DAG(s) 'example_branch_operator' retrieved from /home/airflow/.local/lib/python3.12/site-packages/airflow/example_dags/example_branch_operator.py
[2024-12-05T07:16:21.112+0000] {logging_mixin.py:188} INFO - [2024-12-05T07:16:21.112+0000] {dag.py:3096} INFO - Sync 1 DAGs
[2024-12-05T07:16:21.123+0000] {logging_mixin.py:188} INFO - [2024-12-05T07:16:21.122+0000] {dag.py:3954} INFO - Setting next_dagrun for example_branch_operator to 2024-12-04 00:00:00+00:00, run_after=2024-12-05 00:00:00+00:00
[2024-12-05T07:16:21.133+0000] {processor.py:183} INFO - Processing /home/airflow/.local/lib/python3.12/site-packages/airflow/example_dags/example_branch_operator.py took 0.112 seconds
[2024-12-05T07:16:51.658+0000] {processor.py:161} INFO - Started process (PID=192) to work on /home/airflow/.local/lib/python3.12/site-packages/airflow/example_dags/example_branch_operator.py
[2024-12-05T07:16:51.658+0000] {processor.py:830} INFO - Processing file /home/airflow/.local/lib/python3.12/site-packages/airflow/example_dags/example_branch_operator.py for tasks to queue
[2024-12-05T07:16:51.662+0000] {logging_mixin.py:188} INFO - [2024-12-05T07:16:51.662+0000] {dagbag.py:545} INFO - Filling up the DagBag from /home/airflow/.local/lib/python3.12/site-packages/airflow/example_dags/example_branch_operator.py
[2024-12-05T07:16:51.668+0000] {processor.py:840} INFO - DAG(s) 'example_branch_operator' retrieved from /home/airflow/.local/lib/python3.12/site-packages/airflow/example_dags/example_branch_operator.py
[2024-12-05T07:16:51.683+0000] {logging_mixin.py:188} INFO - [2024-12-05T07:16:51.683+0000] {dag.py:3096} INFO - Sync 1 DAGs
[2024-12-05T07:16:51.692+0000] {logging_mixin.py:188} INFO - [2024-12-05T07:16:51.692+0000] {dag.py:3954} INFO - Setting next_dagrun for example_branch_operator to 2024-12-04 00:00:00+00:00, run_after=2024-12-05 00:00:00+00:00
[2024-12-05T07:16:51.699+0000] {processor.py:183} INFO - Processing /home/airflow/.local/lib/python3.12/site-packages/airflow/example_dags/example_branch_operator.py took 0.044 seconds
[2024-12-05T07:17:22.033+0000] {processor.py:161} INFO - Started process (PID=253) to work on /home/airflow/.local/lib/python3.12/site-packages/airflow/example_dags/example_branch_operator.py
[2024-12-05T07:17:22.038+0000] {processor.py:830} INFO - Processing file /home/airflow/.local/lib/python3.12/site-packages/airflow/example_dags/example_branch_operator.py for tasks to queue
[2024-12-05T07:17:22.039+0000] {logging_mixin.py:188} INFO - [2024-12-05T07:17:22.039+0000] {dagbag.py:545} INFO - Filling up the DagBag from /home/airflow/.local/lib/python3.12/site-packages/airflow/example_dags/example_branch_operator.py
[2024-12-05T07:17:22.052+0000] {processor.py:840} INFO - DAG(s) 'example_branch_operator' retrieved from /home/airflow/.local/lib/python3.12/site-packages/airflow/example_dags/example_branch_operator.py
[2024-12-05T07:17:22.072+0000] {logging_mixin.py:188} INFO - [2024-12-05T07:17:22.072+0000] {dag.py:3096} INFO - Sync 1 DAGs
[2024-12-05T07:17:22.088+0000] {logging_mixin.py:188} INFO - [2024-12-05T07:17:22.088+0000] {dag.py:3954} INFO - Setting next_dagrun for example_branch_operator to 2024-12-04 00:00:00+00:00, run_after=2024-12-05 00:00:00+00:00
[2024-12-05T07:17:22.098+0000] {processor.py:183} INFO - Processing /home/airflow/.local/lib/python3.12/site-packages/airflow/example_dags/example_branch_operator.py took 0.070 seconds
[2024-12-05T07:17:52.976+0000] {processor.py:161} INFO - Started process (PID=314) to work on /home/airflow/.local/lib/python3.12/site-packages/airflow/example_dags/example_branch_operator.py
[2024-12-05T07:17:52.978+0000] {processor.py:830} INFO - Processing file /home/airflow/.local/lib/python3.12/site-packages/airflow/example_dags/example_branch_operator.py for tasks to queue
[2024-12-05T07:17:52.979+0000] {logging_mixin.py:188} INFO - [2024-12-05T07:17:52.979+0000] {dagbag.py:545} INFO - Filling up the DagBag from /home/airflow/.local/lib/python3.12/site-packages/airflow/example_dags/example_branch_operator.py
[2024-12-05T07:17:52.988+0000] {processor.py:840} INFO - DAG(s) 'example_branch_operator' retrieved from /home/airflow/.local/lib/python3.12/site-packages/airflow/example_dags/example_branch_operator.py
[2024-12-05T07:17:53.011+0000] {logging_mixin.py:188} INFO - [2024-12-05T07:17:53.011+0000] {dag.py:3096} INFO - Sync 1 DAGs
[2024-12-05T07:17:53.022+0000] {logging_mixin.py:188} INFO - [2024-12-05T07:17:53.022+0000] {dag.py:3954} INFO - Setting next_dagrun for example_branch_operator to 2024-12-04 00:00:00+00:00, run_after=2024-12-05 00:00:00+00:00
[2024-12-05T07:17:53.030+0000] {processor.py:183} INFO - Processing /home/airflow/.local/lib/python3.12/site-packages/airflow/example_dags/example_branch_operator.py took 0.058 seconds
