[2024-12-05T07:16:22.140+0000] {processor.py:161} INFO - Started process (PID=146) to work on /home/airflow/.local/lib/python3.12/site-packages/airflow/example_dags/example_nested_branch_dag.py
[2024-12-05T07:16:22.141+0000] {processor.py:830} INFO - Processing file /home/airflow/.local/lib/python3.12/site-packages/airflow/example_dags/example_nested_branch_dag.py for tasks to queue
[2024-12-05T07:16:22.143+0000] {logging_mixin.py:188} INFO - [2024-12-05T07:16:22.143+0000] {dagbag.py:545} INFO - Filling up the DagBag from /home/airflow/.local/lib/python3.12/site-packages/airflow/example_dags/example_nested_branch_dag.py
[2024-12-05T07:16:22.153+0000] {processor.py:840} INFO - DAG(s) 'example_nested_branch_dag' retrieved from /home/airflow/.local/lib/python3.12/site-packages/airflow/example_dags/example_nested_branch_dag.py
[2024-12-05T07:16:22.210+0000] {logging_mixin.py:188} INFO - [2024-12-05T07:16:22.210+0000] {dag.py:3096} INFO - Sync 1 DAGs
[2024-12-05T07:16:22.220+0000] {logging_mixin.py:188} INFO - [2024-12-05T07:16:22.220+0000] {dag.py:3954} INFO - Setting next_dagrun for example_nested_branch_dag to 2024-12-04 00:00:00+00:00, run_after=2024-12-05 00:00:00+00:00
[2024-12-05T07:16:22.230+0000] {processor.py:183} INFO - Processing /home/airflow/.local/lib/python3.12/site-packages/airflow/example_dags/example_nested_branch_dag.py took 0.095 seconds
[2024-12-05T07:16:53.114+0000] {processor.py:161} INFO - Started process (PID=207) to work on /home/airflow/.local/lib/python3.12/site-packages/airflow/example_dags/example_nested_branch_dag.py
[2024-12-05T07:16:53.115+0000] {processor.py:830} INFO - Processing file /home/airflow/.local/lib/python3.12/site-packages/airflow/example_dags/example_nested_branch_dag.py for tasks to queue
[2024-12-05T07:16:53.117+0000] {logging_mixin.py:188} INFO - [2024-12-05T07:16:53.117+0000] {dagbag.py:545} INFO - Filling up the DagBag from /home/airflow/.local/lib/python3.12/site-packages/airflow/example_dags/example_nested_branch_dag.py
[2024-12-05T07:16:53.123+0000] {processor.py:840} INFO - DAG(s) 'example_nested_branch_dag' retrieved from /home/airflow/.local/lib/python3.12/site-packages/airflow/example_dags/example_nested_branch_dag.py
[2024-12-05T07:16:53.138+0000] {logging_mixin.py:188} INFO - [2024-12-05T07:16:53.138+0000] {dag.py:3096} INFO - Sync 1 DAGs
[2024-12-05T07:16:53.148+0000] {logging_mixin.py:188} INFO - [2024-12-05T07:16:53.148+0000] {dag.py:3954} INFO - Setting next_dagrun for example_nested_branch_dag to 2024-12-04 00:00:00+00:00, run_after=2024-12-05 00:00:00+00:00
[2024-12-05T07:16:53.161+0000] {processor.py:183} INFO - Processing /home/airflow/.local/lib/python3.12/site-packages/airflow/example_dags/example_nested_branch_dag.py took 0.050 seconds
[2024-12-05T07:17:23.842+0000] {processor.py:161} INFO - Started process (PID=268) to work on /home/airflow/.local/lib/python3.12/site-packages/airflow/example_dags/example_nested_branch_dag.py
[2024-12-05T07:17:23.843+0000] {processor.py:830} INFO - Processing file /home/airflow/.local/lib/python3.12/site-packages/airflow/example_dags/example_nested_branch_dag.py for tasks to queue
[2024-12-05T07:17:23.845+0000] {logging_mixin.py:188} INFO - [2024-12-05T07:17:23.845+0000] {dagbag.py:545} INFO - Filling up the DagBag from /home/airflow/.local/lib/python3.12/site-packages/airflow/example_dags/example_nested_branch_dag.py
[2024-12-05T07:17:23.857+0000] {processor.py:840} INFO - DAG(s) 'example_nested_branch_dag' retrieved from /home/airflow/.local/lib/python3.12/site-packages/airflow/example_dags/example_nested_branch_dag.py
[2024-12-05T07:17:23.874+0000] {logging_mixin.py:188} INFO - [2024-12-05T07:17:23.873+0000] {dag.py:3096} INFO - Sync 1 DAGs
[2024-12-05T07:17:23.890+0000] {logging_mixin.py:188} INFO - [2024-12-05T07:17:23.890+0000] {dag.py:3954} INFO - Setting next_dagrun for example_nested_branch_dag to 2024-12-04 00:00:00+00:00, run_after=2024-12-05 00:00:00+00:00
[2024-12-05T07:17:23.902+0000] {processor.py:183} INFO - Processing /home/airflow/.local/lib/python3.12/site-packages/airflow/example_dags/example_nested_branch_dag.py took 0.070 seconds
[2024-12-05T07:17:54.560+0000] {processor.py:161} INFO - Started process (PID=329) to work on /home/airflow/.local/lib/python3.12/site-packages/airflow/example_dags/example_nested_branch_dag.py
[2024-12-05T07:17:54.561+0000] {processor.py:830} INFO - Processing file /home/airflow/.local/lib/python3.12/site-packages/airflow/example_dags/example_nested_branch_dag.py for tasks to queue
[2024-12-05T07:17:54.563+0000] {logging_mixin.py:188} INFO - [2024-12-05T07:17:54.563+0000] {dagbag.py:545} INFO - Filling up the DagBag from /home/airflow/.local/lib/python3.12/site-packages/airflow/example_dags/example_nested_branch_dag.py
[2024-12-05T07:17:54.569+0000] {processor.py:840} INFO - DAG(s) 'example_nested_branch_dag' retrieved from /home/airflow/.local/lib/python3.12/site-packages/airflow/example_dags/example_nested_branch_dag.py
[2024-12-05T07:17:54.593+0000] {logging_mixin.py:188} INFO - [2024-12-05T07:17:54.593+0000] {dag.py:3096} INFO - Sync 1 DAGs
[2024-12-05T07:17:54.605+0000] {logging_mixin.py:188} INFO - [2024-12-05T07:17:54.605+0000] {dag.py:3954} INFO - Setting next_dagrun for example_nested_branch_dag to 2024-12-04 00:00:00+00:00, run_after=2024-12-05 00:00:00+00:00
[2024-12-05T07:17:54.619+0000] {processor.py:183} INFO - Processing /home/airflow/.local/lib/python3.12/site-packages/airflow/example_dags/example_nested_branch_dag.py took 0.063 seconds
