[2024-12-05T07:16:22.399+0000] {processor.py:161} INFO - Started process (PID=150) to work on /home/airflow/.local/lib/python3.12/site-packages/airflow/example_dags/example_datasets.py
[2024-12-05T07:16:22.400+0000] {processor.py:830} INFO - Processing file /home/airflow/.local/lib/python3.12/site-packages/airflow/example_dags/example_datasets.py for tasks to queue
[2024-12-05T07:16:22.402+0000] {logging_mixin.py:188} INFO - [2024-12-05T07:16:22.402+0000] {dagbag.py:545} INFO - Filling up the DagBag from /home/airflow/.local/lib/python3.12/site-packages/airflow/example_dags/example_datasets.py
[2024-12-05T07:16:22.440+0000] {processor.py:840} INFO - DAG(s) 'dataset_produces_1', 'dataset_consumes_1_and_2', 'dataset_consumes_1_never_scheduled', 'consume_1_or_2_with_dataset_expressions', 'conditional_dataset_and_time_based_timetable', 'dataset_consumes_unknown_never_scheduled', 'dataset_produces_2', 'consume_1_and_2_with_dataset_expressions', 'consume_1_or_both_2_and_3_with_dataset_expressions', 'dataset_consumes_1' retrieved from /home/airflow/.local/lib/python3.12/site-packages/airflow/example_dags/example_datasets.py
[2024-12-05T07:16:22.561+0000] {logging_mixin.py:188} INFO - [2024-12-05T07:16:22.561+0000] {dag.py:3096} INFO - Sync 10 DAGs
[2024-12-05T07:16:22.846+0000] {logging_mixin.py:188} INFO - [2024-12-05T07:16:22.846+0000] {dag.py:3954} INFO - Setting next_dagrun for conditional_dataset_and_time_based_timetable to 2024-12-04 01:00:00+00:00, run_after=2024-12-04 01:00:00+00:00
[2024-12-05T07:16:22.848+0000] {logging_mixin.py:188} INFO - [2024-12-05T07:16:22.848+0000] {dag.py:3954} INFO - Setting next_dagrun for consume_1_and_2_with_dataset_expressions to None, run_after=None
[2024-12-05T07:16:22.850+0000] {logging_mixin.py:188} INFO - [2024-12-05T07:16:22.850+0000] {dag.py:3954} INFO - Setting next_dagrun for consume_1_or_2_with_dataset_expressions to None, run_after=None
[2024-12-05T07:16:22.851+0000] {logging_mixin.py:188} INFO - [2024-12-05T07:16:22.851+0000] {dag.py:3954} INFO - Setting next_dagrun for consume_1_or_both_2_and_3_with_dataset_expressions to None, run_after=None
[2024-12-05T07:16:22.852+0000] {logging_mixin.py:188} INFO - [2024-12-05T07:16:22.852+0000] {dag.py:3954} INFO - Setting next_dagrun for dataset_consumes_1 to None, run_after=None
[2024-12-05T07:16:22.853+0000] {logging_mixin.py:188} INFO - [2024-12-05T07:16:22.853+0000] {dag.py:3954} INFO - Setting next_dagrun for dataset_consumes_1_and_2 to None, run_after=None
[2024-12-05T07:16:22.854+0000] {logging_mixin.py:188} INFO - [2024-12-05T07:16:22.854+0000] {dag.py:3954} INFO - Setting next_dagrun for dataset_consumes_1_never_scheduled to None, run_after=None
[2024-12-05T07:16:22.855+0000] {logging_mixin.py:188} INFO - [2024-12-05T07:16:22.855+0000] {dag.py:3954} INFO - Setting next_dagrun for dataset_consumes_unknown_never_scheduled to None, run_after=None
[2024-12-05T07:16:22.857+0000] {logging_mixin.py:188} INFO - [2024-12-05T07:16:22.857+0000] {dag.py:3954} INFO - Setting next_dagrun for dataset_produces_1 to 2024-12-04 00:00:00+00:00, run_after=2024-12-05 00:00:00+00:00
[2024-12-05T07:16:22.858+0000] {logging_mixin.py:188} INFO - [2024-12-05T07:16:22.858+0000] {dag.py:3954} INFO - Setting next_dagrun for dataset_produces_2 to None, run_after=None
[2024-12-05T07:16:22.888+0000] {processor.py:183} INFO - Processing /home/airflow/.local/lib/python3.12/site-packages/airflow/example_dags/example_datasets.py took 0.493 seconds
[2024-12-05T07:16:53.276+0000] {processor.py:161} INFO - Started process (PID=211) to work on /home/airflow/.local/lib/python3.12/site-packages/airflow/example_dags/example_datasets.py
[2024-12-05T07:16:53.277+0000] {processor.py:830} INFO - Processing file /home/airflow/.local/lib/python3.12/site-packages/airflow/example_dags/example_datasets.py for tasks to queue
[2024-12-05T07:16:53.279+0000] {logging_mixin.py:188} INFO - [2024-12-05T07:16:53.279+0000] {dagbag.py:545} INFO - Filling up the DagBag from /home/airflow/.local/lib/python3.12/site-packages/airflow/example_dags/example_datasets.py
[2024-12-05T07:16:53.285+0000] {processor.py:840} INFO - DAG(s) 'conditional_dataset_and_time_based_timetable', 'dataset_consumes_1', 'consume_1_or_2_with_dataset_expressions', 'dataset_consumes_1_never_scheduled', 'consume_1_or_both_2_and_3_with_dataset_expressions', 'dataset_consumes_unknown_never_scheduled', 'consume_1_and_2_with_dataset_expressions', 'dataset_produces_1', 'dataset_consumes_1_and_2', 'dataset_produces_2' retrieved from /home/airflow/.local/lib/python3.12/site-packages/airflow/example_dags/example_datasets.py
[2024-12-05T07:16:53.302+0000] {logging_mixin.py:188} INFO - [2024-12-05T07:16:53.301+0000] {dag.py:3096} INFO - Sync 10 DAGs
[2024-12-05T07:16:53.312+0000] {logging_mixin.py:188} INFO - [2024-12-05T07:16:53.312+0000] {dag.py:3954} INFO - Setting next_dagrun for conditional_dataset_and_time_based_timetable to 2024-12-04 01:00:00+00:00, run_after=2024-12-04 01:00:00+00:00
[2024-12-05T07:16:53.313+0000] {logging_mixin.py:188} INFO - [2024-12-05T07:16:53.313+0000] {dag.py:3954} INFO - Setting next_dagrun for consume_1_and_2_with_dataset_expressions to None, run_after=None
[2024-12-05T07:16:53.314+0000] {logging_mixin.py:188} INFO - [2024-12-05T07:16:53.313+0000] {dag.py:3954} INFO - Setting next_dagrun for consume_1_or_2_with_dataset_expressions to None, run_after=None
[2024-12-05T07:16:53.314+0000] {logging_mixin.py:188} INFO - [2024-12-05T07:16:53.314+0000] {dag.py:3954} INFO - Setting next_dagrun for consume_1_or_both_2_and_3_with_dataset_expressions to None, run_after=None
[2024-12-05T07:16:53.314+0000] {logging_mixin.py:188} INFO - [2024-12-05T07:16:53.314+0000] {dag.py:3954} INFO - Setting next_dagrun for dataset_consumes_1 to None, run_after=None
[2024-12-05T07:16:53.315+0000] {logging_mixin.py:188} INFO - [2024-12-05T07:16:53.315+0000] {dag.py:3954} INFO - Setting next_dagrun for dataset_consumes_1_and_2 to None, run_after=None
[2024-12-05T07:16:53.315+0000] {logging_mixin.py:188} INFO - [2024-12-05T07:16:53.315+0000] {dag.py:3954} INFO - Setting next_dagrun for dataset_consumes_1_never_scheduled to None, run_after=None
[2024-12-05T07:16:53.315+0000] {logging_mixin.py:188} INFO - [2024-12-05T07:16:53.315+0000] {dag.py:3954} INFO - Setting next_dagrun for dataset_consumes_unknown_never_scheduled to None, run_after=None
[2024-12-05T07:16:53.316+0000] {logging_mixin.py:188} INFO - [2024-12-05T07:16:53.316+0000] {dag.py:3954} INFO - Setting next_dagrun for dataset_produces_1 to 2024-12-04 00:00:00+00:00, run_after=2024-12-05 00:00:00+00:00
[2024-12-05T07:16:53.316+0000] {logging_mixin.py:188} INFO - [2024-12-05T07:16:53.316+0000] {dag.py:3954} INFO - Setting next_dagrun for dataset_produces_2 to None, run_after=None
[2024-12-05T07:16:53.328+0000] {processor.py:183} INFO - Processing /home/airflow/.local/lib/python3.12/site-packages/airflow/example_dags/example_datasets.py took 0.054 seconds
[2024-12-05T07:17:24.106+0000] {processor.py:161} INFO - Started process (PID=272) to work on /home/airflow/.local/lib/python3.12/site-packages/airflow/example_dags/example_datasets.py
[2024-12-05T07:17:24.106+0000] {processor.py:830} INFO - Processing file /home/airflow/.local/lib/python3.12/site-packages/airflow/example_dags/example_datasets.py for tasks to queue
[2024-12-05T07:17:24.107+0000] {logging_mixin.py:188} INFO - [2024-12-05T07:17:24.107+0000] {dagbag.py:545} INFO - Filling up the DagBag from /home/airflow/.local/lib/python3.12/site-packages/airflow/example_dags/example_datasets.py
[2024-12-05T07:17:24.119+0000] {processor.py:840} INFO - DAG(s) 'dataset_consumes_1_never_scheduled', 'dataset_produces_2', 'consume_1_and_2_with_dataset_expressions', 'dataset_consumes_1', 'conditional_dataset_and_time_based_timetable', 'dataset_produces_1', 'dataset_consumes_unknown_never_scheduled', 'consume_1_or_both_2_and_3_with_dataset_expressions', 'consume_1_or_2_with_dataset_expressions', 'dataset_consumes_1_and_2' retrieved from /home/airflow/.local/lib/python3.12/site-packages/airflow/example_dags/example_datasets.py
[2024-12-05T07:17:24.165+0000] {logging_mixin.py:188} INFO - [2024-12-05T07:17:24.164+0000] {dag.py:3096} INFO - Sync 10 DAGs
[2024-12-05T07:17:24.178+0000] {logging_mixin.py:188} INFO - [2024-12-05T07:17:24.178+0000] {dag.py:3954} INFO - Setting next_dagrun for conditional_dataset_and_time_based_timetable to 2024-12-04 01:00:00+00:00, run_after=2024-12-04 01:00:00+00:00
[2024-12-05T07:17:24.180+0000] {logging_mixin.py:188} INFO - [2024-12-05T07:17:24.180+0000] {dag.py:3954} INFO - Setting next_dagrun for consume_1_and_2_with_dataset_expressions to None, run_after=None
[2024-12-05T07:17:24.181+0000] {logging_mixin.py:188} INFO - [2024-12-05T07:17:24.180+0000] {dag.py:3954} INFO - Setting next_dagrun for consume_1_or_2_with_dataset_expressions to None, run_after=None
[2024-12-05T07:17:24.182+0000] {logging_mixin.py:188} INFO - [2024-12-05T07:17:24.182+0000] {dag.py:3954} INFO - Setting next_dagrun for consume_1_or_both_2_and_3_with_dataset_expressions to None, run_after=None
[2024-12-05T07:17:24.183+0000] {logging_mixin.py:188} INFO - [2024-12-05T07:17:24.182+0000] {dag.py:3954} INFO - Setting next_dagrun for dataset_consumes_1 to None, run_after=None
[2024-12-05T07:17:24.184+0000] {logging_mixin.py:188} INFO - [2024-12-05T07:17:24.184+0000] {dag.py:3954} INFO - Setting next_dagrun for dataset_consumes_1_and_2 to None, run_after=None
[2024-12-05T07:17:24.186+0000] {logging_mixin.py:188} INFO - [2024-12-05T07:17:24.185+0000] {dag.py:3954} INFO - Setting next_dagrun for dataset_consumes_1_never_scheduled to None, run_after=None
[2024-12-05T07:17:24.186+0000] {logging_mixin.py:188} INFO - [2024-12-05T07:17:24.186+0000] {dag.py:3954} INFO - Setting next_dagrun for dataset_consumes_unknown_never_scheduled to None, run_after=None
[2024-12-05T07:17:24.187+0000] {logging_mixin.py:188} INFO - [2024-12-05T07:17:24.187+0000] {dag.py:3954} INFO - Setting next_dagrun for dataset_produces_1 to 2024-12-04 00:00:00+00:00, run_after=2024-12-05 00:00:00+00:00
[2024-12-05T07:17:24.188+0000] {logging_mixin.py:188} INFO - [2024-12-05T07:17:24.188+0000] {dag.py:3954} INFO - Setting next_dagrun for dataset_produces_2 to None, run_after=None
[2024-12-05T07:17:24.207+0000] {processor.py:183} INFO - Processing /home/airflow/.local/lib/python3.12/site-packages/airflow/example_dags/example_datasets.py took 0.104 seconds
[2024-12-05T07:17:54.731+0000] {processor.py:161} INFO - Started process (PID=333) to work on /home/airflow/.local/lib/python3.12/site-packages/airflow/example_dags/example_datasets.py
[2024-12-05T07:17:54.732+0000] {processor.py:830} INFO - Processing file /home/airflow/.local/lib/python3.12/site-packages/airflow/example_dags/example_datasets.py for tasks to queue
[2024-12-05T07:17:54.733+0000] {logging_mixin.py:188} INFO - [2024-12-05T07:17:54.733+0000] {dagbag.py:545} INFO - Filling up the DagBag from /home/airflow/.local/lib/python3.12/site-packages/airflow/example_dags/example_datasets.py
[2024-12-05T07:17:54.740+0000] {processor.py:840} INFO - DAG(s) 'consume_1_or_both_2_and_3_with_dataset_expressions', 'dataset_consumes_1_and_2', 'dataset_produces_2', 'dataset_consumes_unknown_never_scheduled', 'dataset_consumes_1_never_scheduled', 'conditional_dataset_and_time_based_timetable', 'consume_1_and_2_with_dataset_expressions', 'consume_1_or_2_with_dataset_expressions', 'dataset_consumes_1', 'dataset_produces_1' retrieved from /home/airflow/.local/lib/python3.12/site-packages/airflow/example_dags/example_datasets.py
[2024-12-05T07:17:54.761+0000] {logging_mixin.py:188} INFO - [2024-12-05T07:17:54.761+0000] {dag.py:3096} INFO - Sync 10 DAGs
[2024-12-05T07:17:54.772+0000] {logging_mixin.py:188} INFO - [2024-12-05T07:17:54.772+0000] {dag.py:3954} INFO - Setting next_dagrun for conditional_dataset_and_time_based_timetable to 2024-12-04 01:00:00+00:00, run_after=2024-12-04 01:00:00+00:00
[2024-12-05T07:17:54.774+0000] {logging_mixin.py:188} INFO - [2024-12-05T07:17:54.774+0000] {dag.py:3954} INFO - Setting next_dagrun for consume_1_and_2_with_dataset_expressions to None, run_after=None
[2024-12-05T07:17:54.775+0000] {logging_mixin.py:188} INFO - [2024-12-05T07:17:54.774+0000] {dag.py:3954} INFO - Setting next_dagrun for consume_1_or_2_with_dataset_expressions to None, run_after=None
[2024-12-05T07:17:54.776+0000] {logging_mixin.py:188} INFO - [2024-12-05T07:17:54.776+0000] {dag.py:3954} INFO - Setting next_dagrun for consume_1_or_both_2_and_3_with_dataset_expressions to None, run_after=None
[2024-12-05T07:17:54.776+0000] {logging_mixin.py:188} INFO - [2024-12-05T07:17:54.776+0000] {dag.py:3954} INFO - Setting next_dagrun for dataset_consumes_1 to None, run_after=None
[2024-12-05T07:17:54.778+0000] {logging_mixin.py:188} INFO - [2024-12-05T07:17:54.778+0000] {dag.py:3954} INFO - Setting next_dagrun for dataset_consumes_1_and_2 to None, run_after=None
[2024-12-05T07:17:54.779+0000] {logging_mixin.py:188} INFO - [2024-12-05T07:17:54.779+0000] {dag.py:3954} INFO - Setting next_dagrun for dataset_consumes_1_never_scheduled to None, run_after=None
[2024-12-05T07:17:54.781+0000] {logging_mixin.py:188} INFO - [2024-12-05T07:17:54.781+0000] {dag.py:3954} INFO - Setting next_dagrun for dataset_consumes_unknown_never_scheduled to None, run_after=None
[2024-12-05T07:17:54.784+0000] {logging_mixin.py:188} INFO - [2024-12-05T07:17:54.784+0000] {dag.py:3954} INFO - Setting next_dagrun for dataset_produces_1 to 2024-12-04 00:00:00+00:00, run_after=2024-12-05 00:00:00+00:00
[2024-12-05T07:17:54.785+0000] {logging_mixin.py:188} INFO - [2024-12-05T07:17:54.785+0000] {dag.py:3954} INFO - Setting next_dagrun for dataset_produces_2 to None, run_after=None
[2024-12-05T07:17:54.807+0000] {processor.py:183} INFO - Processing /home/airflow/.local/lib/python3.12/site-packages/airflow/example_dags/example_datasets.py took 0.079 seconds
