[2024-12-05T07:16:21.735+0000] {processor.py:161} INFO - Started process (PID=142) to work on /home/airflow/.local/lib/python3.12/site-packages/airflow/example_dags/example_sla_dag.py
[2024-12-05T07:16:21.736+0000] {processor.py:830} INFO - Processing file /home/airflow/.local/lib/python3.12/site-packages/airflow/example_dags/example_sla_dag.py for tasks to queue
[2024-12-05T07:16:21.737+0000] {logging_mixin.py:188} INFO - [2024-12-05T07:16:21.737+0000] {dagbag.py:545} INFO - Filling up the DagBag from /home/airflow/.local/lib/python3.12/site-packages/airflow/example_dags/example_sla_dag.py
[2024-12-05T07:16:21.743+0000] {processor.py:840} INFO - DAG(s) 'example_sla_dag' retrieved from /home/airflow/.local/lib/python3.12/site-packages/airflow/example_dags/example_sla_dag.py
[2024-12-05T07:16:21.800+0000] {logging_mixin.py:188} INFO - [2024-12-05T07:16:21.800+0000] {dag.py:3096} INFO - Sync 1 DAGs
[2024-12-05T07:16:21.810+0000] {logging_mixin.py:188} INFO - [2024-12-05T07:16:21.810+0000] {dag.py:3954} INFO - Setting next_dagrun for example_sla_dag to 2024-12-05 07:14:00+00:00, run_after=2024-12-05 07:16:00+00:00
[2024-12-05T07:16:21.827+0000] {processor.py:183} INFO - Processing /home/airflow/.local/lib/python3.12/site-packages/airflow/example_dags/example_sla_dag.py took 0.098 seconds
[2024-12-05T07:16:51.988+0000] {processor.py:161} INFO - Started process (PID=203) to work on /home/airflow/.local/lib/python3.12/site-packages/airflow/example_dags/example_sla_dag.py
[2024-12-05T07:16:51.989+0000] {processor.py:830} INFO - Processing file /home/airflow/.local/lib/python3.12/site-packages/airflow/example_dags/example_sla_dag.py for tasks to queue
[2024-12-05T07:16:51.990+0000] {logging_mixin.py:188} INFO - [2024-12-05T07:16:51.989+0000] {dagbag.py:545} INFO - Filling up the DagBag from /home/airflow/.local/lib/python3.12/site-packages/airflow/example_dags/example_sla_dag.py
[2024-12-05T07:16:51.993+0000] {processor.py:840} INFO - DAG(s) 'example_sla_dag' retrieved from /home/airflow/.local/lib/python3.12/site-packages/airflow/example_dags/example_sla_dag.py
[2024-12-05T07:16:52.000+0000] {logging_mixin.py:188} INFO - [2024-12-05T07:16:52.000+0000] {dag.py:3096} INFO - Sync 1 DAGs
[2024-12-05T07:16:52.009+0000] {logging_mixin.py:188} INFO - [2024-12-05T07:16:52.009+0000] {dag.py:3954} INFO - Setting next_dagrun for example_sla_dag to 2024-12-05 07:14:00+00:00, run_after=2024-12-05 07:16:00+00:00
[2024-12-05T07:16:52.015+0000] {processor.py:183} INFO - Processing /home/airflow/.local/lib/python3.12/site-packages/airflow/example_dags/example_sla_dag.py took 0.029 seconds
[2024-12-05T07:17:22.581+0000] {processor.py:161} INFO - Started process (PID=264) to work on /home/airflow/.local/lib/python3.12/site-packages/airflow/example_dags/example_sla_dag.py
[2024-12-05T07:17:22.581+0000] {processor.py:830} INFO - Processing file /home/airflow/.local/lib/python3.12/site-packages/airflow/example_dags/example_sla_dag.py for tasks to queue
[2024-12-05T07:17:22.583+0000] {logging_mixin.py:188} INFO - [2024-12-05T07:17:22.583+0000] {dagbag.py:545} INFO - Filling up the DagBag from /home/airflow/.local/lib/python3.12/site-packages/airflow/example_dags/example_sla_dag.py
[2024-12-05T07:17:22.591+0000] {processor.py:840} INFO - DAG(s) 'example_sla_dag' retrieved from /home/airflow/.local/lib/python3.12/site-packages/airflow/example_dags/example_sla_dag.py
[2024-12-05T07:17:22.606+0000] {logging_mixin.py:188} INFO - [2024-12-05T07:17:22.606+0000] {dag.py:3096} INFO - Sync 1 DAGs
[2024-12-05T07:17:22.621+0000] {logging_mixin.py:188} INFO - [2024-12-05T07:17:22.620+0000] {dag.py:3954} INFO - Setting next_dagrun for example_sla_dag to 2024-12-05 07:14:00+00:00, run_after=2024-12-05 07:16:00+00:00
[2024-12-05T07:17:22.642+0000] {processor.py:183} INFO - Processing /home/airflow/.local/lib/python3.12/site-packages/airflow/example_dags/example_sla_dag.py took 0.064 seconds
[2024-12-05T07:17:53.361+0000] {processor.py:161} INFO - Started process (PID=325) to work on /home/airflow/.local/lib/python3.12/site-packages/airflow/example_dags/example_sla_dag.py
[2024-12-05T07:17:53.361+0000] {processor.py:830} INFO - Processing file /home/airflow/.local/lib/python3.12/site-packages/airflow/example_dags/example_sla_dag.py for tasks to queue
[2024-12-05T07:17:53.363+0000] {logging_mixin.py:188} INFO - [2024-12-05T07:17:53.363+0000] {dagbag.py:545} INFO - Filling up the DagBag from /home/airflow/.local/lib/python3.12/site-packages/airflow/example_dags/example_sla_dag.py
[2024-12-05T07:17:53.367+0000] {processor.py:840} INFO - DAG(s) 'example_sla_dag' retrieved from /home/airflow/.local/lib/python3.12/site-packages/airflow/example_dags/example_sla_dag.py
[2024-12-05T07:17:53.375+0000] {logging_mixin.py:188} INFO - [2024-12-05T07:17:53.375+0000] {dag.py:3096} INFO - Sync 1 DAGs
[2024-12-05T07:17:53.384+0000] {logging_mixin.py:188} INFO - [2024-12-05T07:17:53.384+0000] {dag.py:3954} INFO - Setting next_dagrun for example_sla_dag to 2024-12-05 07:14:00+00:00, run_after=2024-12-05 07:16:00+00:00
[2024-12-05T07:17:53.391+0000] {processor.py:183} INFO - Processing /home/airflow/.local/lib/python3.12/site-packages/airflow/example_dags/example_sla_dag.py took 0.033 seconds
