[2024-12-05T07:16:21.159+0000] {processor.py:161} INFO - Started process (PID=133) to work on /home/airflow/.local/lib/python3.12/site-packages/airflow/example_dags/example_python_decorator.py
[2024-12-05T07:16:21.160+0000] {processor.py:830} INFO - Processing file /home/airflow/.local/lib/python3.12/site-packages/airflow/example_dags/example_python_decorator.py for tasks to queue
[2024-12-05T07:16:21.162+0000] {logging_mixin.py:188} INFO - [2024-12-05T07:16:21.161+0000] {dagbag.py:545} INFO - Filling up the DagBag from /home/airflow/.local/lib/python3.12/site-packages/airflow/example_dags/example_python_decorator.py
[2024-12-05T07:16:21.172+0000] {processor.py:840} INFO - DAG(s) 'example_python_decorator' retrieved from /home/airflow/.local/lib/python3.12/site-packages/airflow/example_dags/example_python_decorator.py
[2024-12-05T07:16:21.230+0000] {logging_mixin.py:188} INFO - [2024-12-05T07:16:21.230+0000] {dag.py:3096} INFO - Sync 1 DAGs
[2024-12-05T07:16:21.235+0000] {logging_mixin.py:188} INFO - [2024-12-05T07:16:21.235+0000] {dag.py:3954} INFO - Setting next_dagrun for example_python_decorator to None, run_after=None
[2024-12-05T07:16:21.247+0000] {processor.py:183} INFO - Processing /home/airflow/.local/lib/python3.12/site-packages/airflow/example_dags/example_python_decorator.py took 0.093 seconds
[2024-12-05T07:16:51.716+0000] {processor.py:161} INFO - Started process (PID=194) to work on /home/airflow/.local/lib/python3.12/site-packages/airflow/example_dags/example_python_decorator.py
[2024-12-05T07:16:51.718+0000] {processor.py:830} INFO - Processing file /home/airflow/.local/lib/python3.12/site-packages/airflow/example_dags/example_python_decorator.py for tasks to queue
[2024-12-05T07:16:51.719+0000] {logging_mixin.py:188} INFO - [2024-12-05T07:16:51.719+0000] {dagbag.py:545} INFO - Filling up the DagBag from /home/airflow/.local/lib/python3.12/site-packages/airflow/example_dags/example_python_decorator.py
[2024-12-05T07:16:51.724+0000] {processor.py:840} INFO - DAG(s) 'example_python_decorator' retrieved from /home/airflow/.local/lib/python3.12/site-packages/airflow/example_dags/example_python_decorator.py
[2024-12-05T07:16:51.734+0000] {logging_mixin.py:188} INFO - [2024-12-05T07:16:51.734+0000] {dag.py:3096} INFO - Sync 1 DAGs
[2024-12-05T07:16:51.740+0000] {logging_mixin.py:188} INFO - [2024-12-05T07:16:51.740+0000] {dag.py:3954} INFO - Setting next_dagrun for example_python_decorator to None, run_after=None
[2024-12-05T07:16:51.746+0000] {processor.py:183} INFO - Processing /home/airflow/.local/lib/python3.12/site-packages/airflow/example_dags/example_python_decorator.py took 0.033 seconds
[2024-12-05T07:17:22.126+0000] {processor.py:161} INFO - Started process (PID=255) to work on /home/airflow/.local/lib/python3.12/site-packages/airflow/example_dags/example_python_decorator.py
[2024-12-05T07:17:22.127+0000] {processor.py:830} INFO - Processing file /home/airflow/.local/lib/python3.12/site-packages/airflow/example_dags/example_python_decorator.py for tasks to queue
[2024-12-05T07:17:22.132+0000] {logging_mixin.py:188} INFO - [2024-12-05T07:17:22.131+0000] {dagbag.py:545} INFO - Filling up the DagBag from /home/airflow/.local/lib/python3.12/site-packages/airflow/example_dags/example_python_decorator.py
[2024-12-05T07:17:22.141+0000] {processor.py:840} INFO - DAG(s) 'example_python_decorator' retrieved from /home/airflow/.local/lib/python3.12/site-packages/airflow/example_dags/example_python_decorator.py
[2024-12-05T07:17:22.167+0000] {logging_mixin.py:188} INFO - [2024-12-05T07:17:22.165+0000] {dag.py:3096} INFO - Sync 1 DAGs
[2024-12-05T07:17:22.177+0000] {logging_mixin.py:188} INFO - [2024-12-05T07:17:22.177+0000] {dag.py:3954} INFO - Setting next_dagrun for example_python_decorator to None, run_after=None
[2024-12-05T07:17:22.188+0000] {processor.py:183} INFO - Processing /home/airflow/.local/lib/python3.12/site-packages/airflow/example_dags/example_python_decorator.py took 0.064 seconds
[2024-12-05T07:17:53.049+0000] {processor.py:161} INFO - Started process (PID=316) to work on /home/airflow/.local/lib/python3.12/site-packages/airflow/example_dags/example_python_decorator.py
[2024-12-05T07:17:53.051+0000] {processor.py:830} INFO - Processing file /home/airflow/.local/lib/python3.12/site-packages/airflow/example_dags/example_python_decorator.py for tasks to queue
[2024-12-05T07:17:53.052+0000] {logging_mixin.py:188} INFO - [2024-12-05T07:17:53.052+0000] {dagbag.py:545} INFO - Filling up the DagBag from /home/airflow/.local/lib/python3.12/site-packages/airflow/example_dags/example_python_decorator.py
[2024-12-05T07:17:53.059+0000] {processor.py:840} INFO - DAG(s) 'example_python_decorator' retrieved from /home/airflow/.local/lib/python3.12/site-packages/airflow/example_dags/example_python_decorator.py
[2024-12-05T07:17:53.074+0000] {logging_mixin.py:188} INFO - [2024-12-05T07:17:53.073+0000] {dag.py:3096} INFO - Sync 1 DAGs
[2024-12-05T07:17:53.079+0000] {logging_mixin.py:188} INFO - [2024-12-05T07:17:53.079+0000] {dag.py:3954} INFO - Setting next_dagrun for example_python_decorator to None, run_after=None
[2024-12-05T07:17:53.086+0000] {processor.py:183} INFO - Processing /home/airflow/.local/lib/python3.12/site-packages/airflow/example_dags/example_python_decorator.py took 0.039 seconds
