[2024-12-05T07:16:20.468+0000] {processor.py:161} INFO - Started process (PID=127) to work on /home/airflow/.local/lib/python3.12/site-packages/airflow/example_dags/example_bash_operator.py
[2024-12-05T07:16:20.469+0000] {processor.py:830} INFO - Processing file /home/airflow/.local/lib/python3.12/site-packages/airflow/example_dags/example_bash_operator.py for tasks to queue
[2024-12-05T07:16:20.470+0000] {logging_mixin.py:188} INFO - [2024-12-05T07:16:20.470+0000] {dagbag.py:545} INFO - Filling up the DagBag from /home/airflow/.local/lib/python3.12/site-packages/airflow/example_dags/example_bash_operator.py
[2024-12-05T07:16:20.486+0000] {processor.py:840} INFO - DAG(s) 'example_bash_operator' retrieved from /home/airflow/.local/lib/python3.12/site-packages/airflow/example_dags/example_bash_operator.py
[2024-12-05T07:16:20.650+0000] {logging_mixin.py:188} INFO - [2024-12-05T07:16:20.649+0000] {dag.py:3096} INFO - Sync 1 DAGs
[2024-12-05T07:16:20.677+0000] {logging_mixin.py:188} INFO - [2024-12-05T07:16:20.677+0000] {dag.py:3954} INFO - Setting next_dagrun for example_bash_operator to 2024-12-04 00:00:00+00:00, run_after=2024-12-05 00:00:00+00:00
[2024-12-05T07:16:20.701+0000] {processor.py:183} INFO - Processing /home/airflow/.local/lib/python3.12/site-packages/airflow/example_dags/example_bash_operator.py took 0.239 seconds
[2024-12-05T07:16:51.531+0000] {processor.py:161} INFO - Started process (PID=188) to work on /home/airflow/.local/lib/python3.12/site-packages/airflow/example_dags/example_bash_operator.py
[2024-12-05T07:16:51.532+0000] {processor.py:830} INFO - Processing file /home/airflow/.local/lib/python3.12/site-packages/airflow/example_dags/example_bash_operator.py for tasks to queue
[2024-12-05T07:16:51.535+0000] {logging_mixin.py:188} INFO - [2024-12-05T07:16:51.534+0000] {dagbag.py:545} INFO - Filling up the DagBag from /home/airflow/.local/lib/python3.12/site-packages/airflow/example_dags/example_bash_operator.py
[2024-12-05T07:16:51.544+0000] {processor.py:840} INFO - DAG(s) 'example_bash_operator' retrieved from /home/airflow/.local/lib/python3.12/site-packages/airflow/example_dags/example_bash_operator.py
[2024-12-05T07:16:51.566+0000] {logging_mixin.py:188} INFO - [2024-12-05T07:16:51.566+0000] {dag.py:3096} INFO - Sync 1 DAGs
[2024-12-05T07:16:51.576+0000] {logging_mixin.py:188} INFO - [2024-12-05T07:16:51.576+0000] {dag.py:3954} INFO - Setting next_dagrun for example_bash_operator to 2024-12-04 00:00:00+00:00, run_after=2024-12-05 00:00:00+00:00
[2024-12-05T07:16:51.585+0000] {processor.py:183} INFO - Processing /home/airflow/.local/lib/python3.12/site-packages/airflow/example_dags/example_bash_operator.py took 0.060 seconds
[2024-12-05T07:17:21.892+0000] {processor.py:161} INFO - Started process (PID=249) to work on /home/airflow/.local/lib/python3.12/site-packages/airflow/example_dags/example_bash_operator.py
[2024-12-05T07:17:21.893+0000] {processor.py:830} INFO - Processing file /home/airflow/.local/lib/python3.12/site-packages/airflow/example_dags/example_bash_operator.py for tasks to queue
[2024-12-05T07:17:21.896+0000] {logging_mixin.py:188} INFO - [2024-12-05T07:17:21.896+0000] {dagbag.py:545} INFO - Filling up the DagBag from /home/airflow/.local/lib/python3.12/site-packages/airflow/example_dags/example_bash_operator.py
[2024-12-05T07:17:21.909+0000] {processor.py:840} INFO - DAG(s) 'example_bash_operator' retrieved from /home/airflow/.local/lib/python3.12/site-packages/airflow/example_dags/example_bash_operator.py
[2024-12-05T07:17:21.926+0000] {logging_mixin.py:188} INFO - [2024-12-05T07:17:21.926+0000] {dag.py:3096} INFO - Sync 1 DAGs
[2024-12-05T07:17:21.936+0000] {logging_mixin.py:188} INFO - [2024-12-05T07:17:21.936+0000] {dag.py:3954} INFO - Setting next_dagrun for example_bash_operator to 2024-12-04 00:00:00+00:00, run_after=2024-12-05 00:00:00+00:00
[2024-12-05T07:17:21.947+0000] {processor.py:183} INFO - Processing /home/airflow/.local/lib/python3.12/site-packages/airflow/example_dags/example_bash_operator.py took 0.063 seconds
[2024-12-05T07:17:52.840+0000] {processor.py:161} INFO - Started process (PID=310) to work on /home/airflow/.local/lib/python3.12/site-packages/airflow/example_dags/example_bash_operator.py
[2024-12-05T07:17:52.841+0000] {processor.py:830} INFO - Processing file /home/airflow/.local/lib/python3.12/site-packages/airflow/example_dags/example_bash_operator.py for tasks to queue
[2024-12-05T07:17:52.843+0000] {logging_mixin.py:188} INFO - [2024-12-05T07:17:52.842+0000] {dagbag.py:545} INFO - Filling up the DagBag from /home/airflow/.local/lib/python3.12/site-packages/airflow/example_dags/example_bash_operator.py
[2024-12-05T07:17:52.852+0000] {processor.py:840} INFO - DAG(s) 'example_bash_operator' retrieved from /home/airflow/.local/lib/python3.12/site-packages/airflow/example_dags/example_bash_operator.py
[2024-12-05T07:17:52.870+0000] {logging_mixin.py:188} INFO - [2024-12-05T07:17:52.870+0000] {dag.py:3096} INFO - Sync 1 DAGs
[2024-12-05T07:17:52.884+0000] {logging_mixin.py:188} INFO - [2024-12-05T07:17:52.884+0000] {dag.py:3954} INFO - Setting next_dagrun for example_bash_operator to 2024-12-04 00:00:00+00:00, run_after=2024-12-05 00:00:00+00:00
[2024-12-05T07:17:52.894+0000] {processor.py:183} INFO - Processing /home/airflow/.local/lib/python3.12/site-packages/airflow/example_dags/example_bash_operator.py took 0.062 seconds
