[2024-12-05T07:16:23.086+0000] {processor.py:161} INFO - Started process (PID=157) to work on /home/airflow/.local/lib/python3.12/site-packages/airflow/example_dags/example_branch_python_dop_operator_3.py
[2024-12-05T07:16:23.087+0000] {processor.py:830} INFO - Processing file /home/airflow/.local/lib/python3.12/site-packages/airflow/example_dags/example_branch_python_dop_operator_3.py for tasks to queue
[2024-12-05T07:16:23.089+0000] {logging_mixin.py:188} INFO - [2024-12-05T07:16:23.089+0000] {dagbag.py:545} INFO - Filling up the DagBag from /home/airflow/.local/lib/python3.12/site-packages/airflow/example_dags/example_branch_python_dop_operator_3.py
[2024-12-05T07:16:23.095+0000] {processor.py:840} INFO - DAG(s) 'example_branch_dop_operator_v3' retrieved from /home/airflow/.local/lib/python3.12/site-packages/airflow/example_dags/example_branch_python_dop_operator_3.py
[2024-12-05T07:16:23.138+0000] {logging_mixin.py:188} INFO - [2024-12-05T07:16:23.138+0000] {dag.py:3096} INFO - Sync 1 DAGs
[2024-12-05T07:16:23.150+0000] {logging_mixin.py:188} INFO - [2024-12-05T07:16:23.150+0000] {dag.py:3954} INFO - Setting next_dagrun for example_branch_dop_operator_v3 to 2024-12-05 07:15:00+00:00, run_after=2024-12-05 07:16:00+00:00
[2024-12-05T07:16:23.158+0000] {processor.py:183} INFO - Processing /home/airflow/.local/lib/python3.12/site-packages/airflow/example_dags/example_branch_python_dop_operator_3.py took 0.075 seconds
[2024-12-05T07:16:53.507+0000] {processor.py:161} INFO - Started process (PID=218) to work on /home/airflow/.local/lib/python3.12/site-packages/airflow/example_dags/example_branch_python_dop_operator_3.py
[2024-12-05T07:16:53.507+0000] {processor.py:830} INFO - Processing file /home/airflow/.local/lib/python3.12/site-packages/airflow/example_dags/example_branch_python_dop_operator_3.py for tasks to queue
[2024-12-05T07:16:53.508+0000] {logging_mixin.py:188} INFO - [2024-12-05T07:16:53.508+0000] {dagbag.py:545} INFO - Filling up the DagBag from /home/airflow/.local/lib/python3.12/site-packages/airflow/example_dags/example_branch_python_dop_operator_3.py
[2024-12-05T07:16:53.511+0000] {processor.py:840} INFO - DAG(s) 'example_branch_dop_operator_v3' retrieved from /home/airflow/.local/lib/python3.12/site-packages/airflow/example_dags/example_branch_python_dop_operator_3.py
[2024-12-05T07:16:53.525+0000] {logging_mixin.py:188} INFO - [2024-12-05T07:16:53.525+0000] {dag.py:3096} INFO - Sync 1 DAGs
[2024-12-05T07:16:53.536+0000] {logging_mixin.py:188} INFO - [2024-12-05T07:16:53.536+0000] {dag.py:3954} INFO - Setting next_dagrun for example_branch_dop_operator_v3 to 2024-12-05 07:15:00+00:00, run_after=2024-12-05 07:16:00+00:00
[2024-12-05T07:16:53.543+0000] {processor.py:183} INFO - Processing /home/airflow/.local/lib/python3.12/site-packages/airflow/example_dags/example_branch_python_dop_operator_3.py took 0.039 seconds
[2024-12-05T07:17:24.346+0000] {processor.py:161} INFO - Started process (PID=279) to work on /home/airflow/.local/lib/python3.12/site-packages/airflow/example_dags/example_branch_python_dop_operator_3.py
[2024-12-05T07:17:24.347+0000] {processor.py:830} INFO - Processing file /home/airflow/.local/lib/python3.12/site-packages/airflow/example_dags/example_branch_python_dop_operator_3.py for tasks to queue
[2024-12-05T07:17:24.348+0000] {logging_mixin.py:188} INFO - [2024-12-05T07:17:24.348+0000] {dagbag.py:545} INFO - Filling up the DagBag from /home/airflow/.local/lib/python3.12/site-packages/airflow/example_dags/example_branch_python_dop_operator_3.py
[2024-12-05T07:17:24.356+0000] {processor.py:840} INFO - DAG(s) 'example_branch_dop_operator_v3' retrieved from /home/airflow/.local/lib/python3.12/site-packages/airflow/example_dags/example_branch_python_dop_operator_3.py
[2024-12-05T07:17:24.366+0000] {logging_mixin.py:188} INFO - [2024-12-05T07:17:24.366+0000] {dag.py:3096} INFO - Sync 1 DAGs
[2024-12-05T07:17:24.383+0000] {logging_mixin.py:188} INFO - [2024-12-05T07:17:24.383+0000] {dag.py:3954} INFO - Setting next_dagrun for example_branch_dop_operator_v3 to 2024-12-05 07:16:00+00:00, run_after=2024-12-05 07:17:00+00:00
[2024-12-05T07:17:24.392+0000] {processor.py:183} INFO - Processing /home/airflow/.local/lib/python3.12/site-packages/airflow/example_dags/example_branch_python_dop_operator_3.py took 0.051 seconds
[2024-12-05T07:17:54.987+0000] {processor.py:161} INFO - Started process (PID=340) to work on /home/airflow/.local/lib/python3.12/site-packages/airflow/example_dags/example_branch_python_dop_operator_3.py
[2024-12-05T07:17:54.988+0000] {processor.py:830} INFO - Processing file /home/airflow/.local/lib/python3.12/site-packages/airflow/example_dags/example_branch_python_dop_operator_3.py for tasks to queue
[2024-12-05T07:17:54.988+0000] {logging_mixin.py:188} INFO - [2024-12-05T07:17:54.988+0000] {dagbag.py:545} INFO - Filling up the DagBag from /home/airflow/.local/lib/python3.12/site-packages/airflow/example_dags/example_branch_python_dop_operator_3.py
[2024-12-05T07:17:54.992+0000] {processor.py:840} INFO - DAG(s) 'example_branch_dop_operator_v3' retrieved from /home/airflow/.local/lib/python3.12/site-packages/airflow/example_dags/example_branch_python_dop_operator_3.py
[2024-12-05T07:17:55.001+0000] {logging_mixin.py:188} INFO - [2024-12-05T07:17:55.001+0000] {dag.py:3096} INFO - Sync 1 DAGs
[2024-12-05T07:17:55.012+0000] {logging_mixin.py:188} INFO - [2024-12-05T07:17:55.012+0000] {dag.py:3954} INFO - Setting next_dagrun for example_branch_dop_operator_v3 to 2024-12-05 07:16:00+00:00, run_after=2024-12-05 07:17:00+00:00
[2024-12-05T07:17:55.024+0000] {processor.py:183} INFO - Processing /home/airflow/.local/lib/python3.12/site-packages/airflow/example_dags/example_branch_python_dop_operator_3.py took 0.039 seconds
