[2024-12-05T07:16:21.518+0000] {processor.py:161} INFO - Started process (PID=138) to work on /home/airflow/.local/lib/python3.12/site-packages/airflow/example_dags/example_short_circuit_decorator.py
[2024-12-05T07:16:21.519+0000] {processor.py:830} INFO - Processing file /home/airflow/.local/lib/python3.12/site-packages/airflow/example_dags/example_short_circuit_decorator.py for tasks to queue
[2024-12-05T07:16:21.521+0000] {logging_mixin.py:188} INFO - [2024-12-05T07:16:21.521+0000] {dagbag.py:545} INFO - Filling up the DagBag from /home/airflow/.local/lib/python3.12/site-packages/airflow/example_dags/example_short_circuit_decorator.py
[2024-12-05T07:16:21.525+0000] {processor.py:840} INFO - DAG(s) 'example_short_circuit_decorator' retrieved from /home/airflow/.local/lib/python3.12/site-packages/airflow/example_dags/example_short_circuit_decorator.py
[2024-12-05T07:16:21.579+0000] {logging_mixin.py:188} INFO - [2024-12-05T07:16:21.579+0000] {dag.py:3096} INFO - Sync 1 DAGs
[2024-12-05T07:16:21.590+0000] {logging_mixin.py:188} INFO - [2024-12-05T07:16:21.590+0000] {dag.py:3954} INFO - Setting next_dagrun for example_short_circuit_decorator to 2024-12-04 00:00:00+00:00, run_after=2024-12-05 00:00:00+00:00
[2024-12-05T07:16:21.603+0000] {processor.py:183} INFO - Processing /home/airflow/.local/lib/python3.12/site-packages/airflow/example_dags/example_short_circuit_decorator.py took 0.087 seconds
[2024-12-05T07:16:51.861+0000] {processor.py:161} INFO - Started process (PID=199) to work on /home/airflow/.local/lib/python3.12/site-packages/airflow/example_dags/example_short_circuit_decorator.py
[2024-12-05T07:16:51.862+0000] {processor.py:830} INFO - Processing file /home/airflow/.local/lib/python3.12/site-packages/airflow/example_dags/example_short_circuit_decorator.py for tasks to queue
[2024-12-05T07:16:51.862+0000] {logging_mixin.py:188} INFO - [2024-12-05T07:16:51.862+0000] {dagbag.py:545} INFO - Filling up the DagBag from /home/airflow/.local/lib/python3.12/site-packages/airflow/example_dags/example_short_circuit_decorator.py
[2024-12-05T07:16:51.866+0000] {processor.py:840} INFO - DAG(s) 'example_short_circuit_decorator' retrieved from /home/airflow/.local/lib/python3.12/site-packages/airflow/example_dags/example_short_circuit_decorator.py
[2024-12-05T07:16:51.874+0000] {logging_mixin.py:188} INFO - [2024-12-05T07:16:51.874+0000] {dag.py:3096} INFO - Sync 1 DAGs
[2024-12-05T07:16:51.881+0000] {logging_mixin.py:188} INFO - [2024-12-05T07:16:51.881+0000] {dag.py:3954} INFO - Setting next_dagrun for example_short_circuit_decorator to 2024-12-04 00:00:00+00:00, run_after=2024-12-05 00:00:00+00:00
[2024-12-05T07:16:51.887+0000] {processor.py:183} INFO - Processing /home/airflow/.local/lib/python3.12/site-packages/airflow/example_dags/example_short_circuit_decorator.py took 0.028 seconds
[2024-12-05T07:17:22.417+0000] {processor.py:161} INFO - Started process (PID=260) to work on /home/airflow/.local/lib/python3.12/site-packages/airflow/example_dags/example_short_circuit_decorator.py
[2024-12-05T07:17:22.418+0000] {processor.py:830} INFO - Processing file /home/airflow/.local/lib/python3.12/site-packages/airflow/example_dags/example_short_circuit_decorator.py for tasks to queue
[2024-12-05T07:17:22.419+0000] {logging_mixin.py:188} INFO - [2024-12-05T07:17:22.419+0000] {dagbag.py:545} INFO - Filling up the DagBag from /home/airflow/.local/lib/python3.12/site-packages/airflow/example_dags/example_short_circuit_decorator.py
[2024-12-05T07:17:22.423+0000] {processor.py:840} INFO - DAG(s) 'example_short_circuit_decorator' retrieved from /home/airflow/.local/lib/python3.12/site-packages/airflow/example_dags/example_short_circuit_decorator.py
[2024-12-05T07:17:22.448+0000] {logging_mixin.py:188} INFO - [2024-12-05T07:17:22.447+0000] {dag.py:3096} INFO - Sync 1 DAGs
[2024-12-05T07:17:22.459+0000] {logging_mixin.py:188} INFO - [2024-12-05T07:17:22.459+0000] {dag.py:3954} INFO - Setting next_dagrun for example_short_circuit_decorator to 2024-12-04 00:00:00+00:00, run_after=2024-12-05 00:00:00+00:00
[2024-12-05T07:17:22.476+0000] {processor.py:183} INFO - Processing /home/airflow/.local/lib/python3.12/site-packages/airflow/example_dags/example_short_circuit_decorator.py took 0.062 seconds
[2024-12-05T07:17:53.261+0000] {processor.py:161} INFO - Started process (PID=321) to work on /home/airflow/.local/lib/python3.12/site-packages/airflow/example_dags/example_short_circuit_decorator.py
[2024-12-05T07:17:53.262+0000] {processor.py:830} INFO - Processing file /home/airflow/.local/lib/python3.12/site-packages/airflow/example_dags/example_short_circuit_decorator.py for tasks to queue
[2024-12-05T07:17:53.263+0000] {logging_mixin.py:188} INFO - [2024-12-05T07:17:53.263+0000] {dagbag.py:545} INFO - Filling up the DagBag from /home/airflow/.local/lib/python3.12/site-packages/airflow/example_dags/example_short_circuit_decorator.py
[2024-12-05T07:17:53.270+0000] {processor.py:840} INFO - DAG(s) 'example_short_circuit_decorator' retrieved from /home/airflow/.local/lib/python3.12/site-packages/airflow/example_dags/example_short_circuit_decorator.py
[2024-12-05T07:17:53.283+0000] {logging_mixin.py:188} INFO - [2024-12-05T07:17:53.283+0000] {dag.py:3096} INFO - Sync 1 DAGs
[2024-12-05T07:17:53.292+0000] {logging_mixin.py:188} INFO - [2024-12-05T07:17:53.292+0000] {dag.py:3954} INFO - Setting next_dagrun for example_short_circuit_decorator to 2024-12-04 00:00:00+00:00, run_after=2024-12-05 00:00:00+00:00
[2024-12-05T07:17:53.301+0000] {processor.py:183} INFO - Processing /home/airflow/.local/lib/python3.12/site-packages/airflow/example_dags/example_short_circuit_decorator.py took 0.042 seconds
