[2024-12-05T07:16:21.553+0000] {processor.py:161} INFO - Started process (PID=139) to work on /home/airflow/.local/lib/python3.12/site-packages/airflow/example_dags/example_task_group.py
[2024-12-05T07:16:21.554+0000] {processor.py:830} INFO - Processing file /home/airflow/.local/lib/python3.12/site-packages/airflow/example_dags/example_task_group.py for tasks to queue
[2024-12-05T07:16:21.557+0000] {logging_mixin.py:188} INFO - [2024-12-05T07:16:21.557+0000] {dagbag.py:545} INFO - Filling up the DagBag from /home/airflow/.local/lib/python3.12/site-packages/airflow/example_dags/example_task_group.py
[2024-12-05T07:16:21.561+0000] {processor.py:840} INFO - DAG(s) 'example_task_group' retrieved from /home/airflow/.local/lib/python3.12/site-packages/airflow/example_dags/example_task_group.py
[2024-12-05T07:16:21.611+0000] {logging_mixin.py:188} INFO - [2024-12-05T07:16:21.611+0000] {dag.py:3096} INFO - Sync 1 DAGs
[2024-12-05T07:16:21.622+0000] {logging_mixin.py:188} INFO - [2024-12-05T07:16:21.621+0000] {dag.py:3954} INFO - Setting next_dagrun for example_task_group to 2024-12-04 00:00:00+00:00, run_after=2024-12-05 00:00:00+00:00
[2024-12-05T07:16:21.636+0000] {processor.py:183} INFO - Processing /home/airflow/.local/lib/python3.12/site-packages/airflow/example_dags/example_task_group.py took 0.085 seconds
[2024-12-05T07:16:51.898+0000] {processor.py:161} INFO - Started process (PID=200) to work on /home/airflow/.local/lib/python3.12/site-packages/airflow/example_dags/example_task_group.py
[2024-12-05T07:16:51.899+0000] {processor.py:830} INFO - Processing file /home/airflow/.local/lib/python3.12/site-packages/airflow/example_dags/example_task_group.py for tasks to queue
[2024-12-05T07:16:51.900+0000] {logging_mixin.py:188} INFO - [2024-12-05T07:16:51.899+0000] {dagbag.py:545} INFO - Filling up the DagBag from /home/airflow/.local/lib/python3.12/site-packages/airflow/example_dags/example_task_group.py
[2024-12-05T07:16:51.903+0000] {processor.py:840} INFO - DAG(s) 'example_task_group' retrieved from /home/airflow/.local/lib/python3.12/site-packages/airflow/example_dags/example_task_group.py
[2024-12-05T07:16:51.914+0000] {logging_mixin.py:188} INFO - [2024-12-05T07:16:51.914+0000] {dag.py:3096} INFO - Sync 1 DAGs
[2024-12-05T07:16:51.924+0000] {logging_mixin.py:188} INFO - [2024-12-05T07:16:51.924+0000] {dag.py:3954} INFO - Setting next_dagrun for example_task_group to 2024-12-04 00:00:00+00:00, run_after=2024-12-05 00:00:00+00:00
[2024-12-05T07:16:51.935+0000] {processor.py:183} INFO - Processing /home/airflow/.local/lib/python3.12/site-packages/airflow/example_dags/example_task_group.py took 0.040 seconds
[2024-12-05T07:17:22.451+0000] {processor.py:161} INFO - Started process (PID=261) to work on /home/airflow/.local/lib/python3.12/site-packages/airflow/example_dags/example_task_group.py
[2024-12-05T07:17:22.453+0000] {processor.py:830} INFO - Processing file /home/airflow/.local/lib/python3.12/site-packages/airflow/example_dags/example_task_group.py for tasks to queue
[2024-12-05T07:17:22.454+0000] {logging_mixin.py:188} INFO - [2024-12-05T07:17:22.453+0000] {dagbag.py:545} INFO - Filling up the DagBag from /home/airflow/.local/lib/python3.12/site-packages/airflow/example_dags/example_task_group.py
[2024-12-05T07:17:22.458+0000] {processor.py:840} INFO - DAG(s) 'example_task_group' retrieved from /home/airflow/.local/lib/python3.12/site-packages/airflow/example_dags/example_task_group.py
[2024-12-05T07:17:22.480+0000] {logging_mixin.py:188} INFO - [2024-12-05T07:17:22.480+0000] {dag.py:3096} INFO - Sync 1 DAGs
[2024-12-05T07:17:22.494+0000] {logging_mixin.py:188} INFO - [2024-12-05T07:17:22.494+0000] {dag.py:3954} INFO - Setting next_dagrun for example_task_group to 2024-12-04 00:00:00+00:00, run_after=2024-12-05 00:00:00+00:00
[2024-12-05T07:17:22.508+0000] {processor.py:183} INFO - Processing /home/airflow/.local/lib/python3.12/site-packages/airflow/example_dags/example_task_group.py took 0.060 seconds
[2024-12-05T07:17:53.275+0000] {processor.py:161} INFO - Started process (PID=322) to work on /home/airflow/.local/lib/python3.12/site-packages/airflow/example_dags/example_task_group.py
[2024-12-05T07:17:53.276+0000] {processor.py:830} INFO - Processing file /home/airflow/.local/lib/python3.12/site-packages/airflow/example_dags/example_task_group.py for tasks to queue
[2024-12-05T07:17:53.277+0000] {logging_mixin.py:188} INFO - [2024-12-05T07:17:53.277+0000] {dagbag.py:545} INFO - Filling up the DagBag from /home/airflow/.local/lib/python3.12/site-packages/airflow/example_dags/example_task_group.py
[2024-12-05T07:17:53.280+0000] {processor.py:840} INFO - DAG(s) 'example_task_group' retrieved from /home/airflow/.local/lib/python3.12/site-packages/airflow/example_dags/example_task_group.py
[2024-12-05T07:17:53.290+0000] {logging_mixin.py:188} INFO - [2024-12-05T07:17:53.290+0000] {dag.py:3096} INFO - Sync 1 DAGs
[2024-12-05T07:17:53.299+0000] {logging_mixin.py:188} INFO - [2024-12-05T07:17:53.299+0000] {dag.py:3954} INFO - Setting next_dagrun for example_task_group to 2024-12-04 00:00:00+00:00, run_after=2024-12-05 00:00:00+00:00
[2024-12-05T07:17:53.307+0000] {processor.py:183} INFO - Processing /home/airflow/.local/lib/python3.12/site-packages/airflow/example_dags/example_task_group.py took 0.036 seconds
