[2024-12-05T07:16:23.172+0000] {processor.py:161} INFO - Started process (PID=159) to work on /home/airflow/.local/lib/python3.12/site-packages/airflow/example_dags/example_display_name.py
[2024-12-05T07:16:23.173+0000] {processor.py:830} INFO - Processing file /home/airflow/.local/lib/python3.12/site-packages/airflow/example_dags/example_display_name.py for tasks to queue
[2024-12-05T07:16:23.174+0000] {logging_mixin.py:188} INFO - [2024-12-05T07:16:23.174+0000] {dagbag.py:545} INFO - Filling up the DagBag from /home/airflow/.local/lib/python3.12/site-packages/airflow/example_dags/example_display_name.py
[2024-12-05T07:16:23.178+0000] {processor.py:840} INFO - DAG(s) 'example_display_name' retrieved from /home/airflow/.local/lib/python3.12/site-packages/airflow/example_dags/example_display_name.py
[2024-12-05T07:16:23.221+0000] {logging_mixin.py:188} INFO - [2024-12-05T07:16:23.220+0000] {dag.py:3096} INFO - Sync 1 DAGs
[2024-12-05T07:16:23.225+0000] {logging_mixin.py:188} INFO - [2024-12-05T07:16:23.225+0000] {dag.py:3954} INFO - Setting next_dagrun for example_display_name to None, run_after=None
[2024-12-05T07:16:23.238+0000] {processor.py:183} INFO - Processing /home/airflow/.local/lib/python3.12/site-packages/airflow/example_dags/example_display_name.py took 0.068 seconds
[2024-12-05T07:16:53.572+0000] {processor.py:161} INFO - Started process (PID=220) to work on /home/airflow/.local/lib/python3.12/site-packages/airflow/example_dags/example_display_name.py
[2024-12-05T07:16:53.577+0000] {processor.py:830} INFO - Processing file /home/airflow/.local/lib/python3.12/site-packages/airflow/example_dags/example_display_name.py for tasks to queue
[2024-12-05T07:16:53.578+0000] {logging_mixin.py:188} INFO - [2024-12-05T07:16:53.578+0000] {dagbag.py:545} INFO - Filling up the DagBag from /home/airflow/.local/lib/python3.12/site-packages/airflow/example_dags/example_display_name.py
[2024-12-05T07:16:53.581+0000] {processor.py:840} INFO - DAG(s) 'example_display_name' retrieved from /home/airflow/.local/lib/python3.12/site-packages/airflow/example_dags/example_display_name.py
[2024-12-05T07:16:53.594+0000] {logging_mixin.py:188} INFO - [2024-12-05T07:16:53.593+0000] {dag.py:3096} INFO - Sync 1 DAGs
[2024-12-05T07:16:53.608+0000] {logging_mixin.py:188} INFO - [2024-12-05T07:16:53.608+0000] {dag.py:3954} INFO - Setting next_dagrun for example_display_name to None, run_after=None
[2024-12-05T07:16:53.615+0000] {processor.py:183} INFO - Processing /home/airflow/.local/lib/python3.12/site-packages/airflow/example_dags/example_display_name.py took 0.058 seconds
[2024-12-05T07:17:24.412+0000] {processor.py:161} INFO - Started process (PID=281) to work on /home/airflow/.local/lib/python3.12/site-packages/airflow/example_dags/example_display_name.py
[2024-12-05T07:17:24.412+0000] {processor.py:830} INFO - Processing file /home/airflow/.local/lib/python3.12/site-packages/airflow/example_dags/example_display_name.py for tasks to queue
[2024-12-05T07:17:24.413+0000] {logging_mixin.py:188} INFO - [2024-12-05T07:17:24.413+0000] {dagbag.py:545} INFO - Filling up the DagBag from /home/airflow/.local/lib/python3.12/site-packages/airflow/example_dags/example_display_name.py
[2024-12-05T07:17:24.417+0000] {processor.py:840} INFO - DAG(s) 'example_display_name' retrieved from /home/airflow/.local/lib/python3.12/site-packages/airflow/example_dags/example_display_name.py
[2024-12-05T07:17:24.434+0000] {logging_mixin.py:188} INFO - [2024-12-05T07:17:24.434+0000] {dag.py:3096} INFO - Sync 1 DAGs
[2024-12-05T07:17:24.440+0000] {logging_mixin.py:188} INFO - [2024-12-05T07:17:24.440+0000] {dag.py:3954} INFO - Setting next_dagrun for example_display_name to None, run_after=None
[2024-12-05T07:17:24.453+0000] {processor.py:183} INFO - Processing /home/airflow/.local/lib/python3.12/site-packages/airflow/example_dags/example_display_name.py took 0.046 seconds
[2024-12-05T07:17:55.035+0000] {processor.py:161} INFO - Started process (PID=342) to work on /home/airflow/.local/lib/python3.12/site-packages/airflow/example_dags/example_display_name.py
[2024-12-05T07:17:55.036+0000] {processor.py:830} INFO - Processing file /home/airflow/.local/lib/python3.12/site-packages/airflow/example_dags/example_display_name.py for tasks to queue
[2024-12-05T07:17:55.036+0000] {logging_mixin.py:188} INFO - [2024-12-05T07:17:55.036+0000] {dagbag.py:545} INFO - Filling up the DagBag from /home/airflow/.local/lib/python3.12/site-packages/airflow/example_dags/example_display_name.py
[2024-12-05T07:17:55.039+0000] {processor.py:840} INFO - DAG(s) 'example_display_name' retrieved from /home/airflow/.local/lib/python3.12/site-packages/airflow/example_dags/example_display_name.py
[2024-12-05T07:17:55.048+0000] {logging_mixin.py:188} INFO - [2024-12-05T07:17:55.048+0000] {dag.py:3096} INFO - Sync 1 DAGs
[2024-12-05T07:17:55.053+0000] {logging_mixin.py:188} INFO - [2024-12-05T07:17:55.053+0000] {dag.py:3954} INFO - Setting next_dagrun for example_display_name to None, run_after=None
[2024-12-05T07:17:55.064+0000] {processor.py:183} INFO - Processing /home/airflow/.local/lib/python3.12/site-packages/airflow/example_dags/example_display_name.py took 0.031 seconds
