[2024-12-05T07:16:19.438+0000] {processor.py:161} INFO - Started process (PID=122) to work on /home/airflow/.local/lib/python3.12/site-packages/airflow/example_dags/example_subdag_operator.py
[2024-12-05T07:16:19.438+0000] {processor.py:830} INFO - Processing file /home/airflow/.local/lib/python3.12/site-packages/airflow/example_dags/example_subdag_operator.py for tasks to queue
[2024-12-05T07:16:19.440+0000] {logging_mixin.py:188} INFO - [2024-12-05T07:16:19.440+0000] {dagbag.py:545} INFO - Filling up the DagBag from /home/airflow/.local/lib/python3.12/site-packages/airflow/example_dags/example_subdag_operator.py
[2024-12-05T07:16:19.518+0000] {processor.py:840} INFO - DAG(s) 'example_subdag_operator.section-1', 'example_subdag_operator.section-2', 'example_subdag_operator' retrieved from /home/airflow/.local/lib/python3.12/site-packages/airflow/example_dags/example_subdag_operator.py
[2024-12-05T07:16:19.609+0000] {logging_mixin.py:188} INFO - [2024-12-05T07:16:19.608+0000] {dag.py:3096} INFO - Sync 3 DAGs
[2024-12-05T07:16:19.626+0000] {logging_mixin.py:188} INFO - [2024-12-05T07:16:19.626+0000] {dag.py:3954} INFO - Setting next_dagrun for example_subdag_operator to 2022-01-01 00:00:00+00:00, run_after=2022-01-01 00:00:00+00:00
[2024-12-05T07:16:19.628+0000] {logging_mixin.py:188} INFO - [2024-12-05T07:16:19.628+0000] {dag.py:3954} INFO - Setting next_dagrun for example_subdag_operator.section-1 to None, run_after=None
[2024-12-05T07:16:19.631+0000] {logging_mixin.py:188} INFO - [2024-12-05T07:16:19.631+0000] {dag.py:3954} INFO - Setting next_dagrun for example_subdag_operator.section-2 to None, run_after=None
[2024-12-05T07:16:19.645+0000] {logging_mixin.py:188} INFO - [2024-12-05T07:16:19.645+0000] {dag.py:3096} INFO - Sync 2 DAGs
[2024-12-05T07:16:19.650+0000] {logging_mixin.py:188} INFO - [2024-12-05T07:16:19.650+0000] {dag.py:3954} INFO - Setting next_dagrun for example_subdag_operator.section-1 to None, run_after=None
[2024-12-05T07:16:19.651+0000] {logging_mixin.py:188} INFO - [2024-12-05T07:16:19.651+0000] {dag.py:3954} INFO - Setting next_dagrun for example_subdag_operator.section-2 to None, run_after=None
[2024-12-05T07:16:19.662+0000] {processor.py:183} INFO - Processing /home/airflow/.local/lib/python3.12/site-packages/airflow/example_dags/example_subdag_operator.py took 0.229 seconds
[2024-12-05T07:16:50.341+0000] {processor.py:161} INFO - Started process (PID=183) to work on /home/airflow/.local/lib/python3.12/site-packages/airflow/example_dags/example_subdag_operator.py
[2024-12-05T07:16:50.342+0000] {processor.py:830} INFO - Processing file /home/airflow/.local/lib/python3.12/site-packages/airflow/example_dags/example_subdag_operator.py for tasks to queue
[2024-12-05T07:16:50.343+0000] {logging_mixin.py:188} INFO - [2024-12-05T07:16:50.343+0000] {dagbag.py:545} INFO - Filling up the DagBag from /home/airflow/.local/lib/python3.12/site-packages/airflow/example_dags/example_subdag_operator.py
[2024-12-05T07:16:50.355+0000] {processor.py:840} INFO - DAG(s) 'example_subdag_operator.section-1', 'example_subdag_operator.section-2', 'example_subdag_operator' retrieved from /home/airflow/.local/lib/python3.12/site-packages/airflow/example_dags/example_subdag_operator.py
[2024-12-05T07:16:50.365+0000] {logging_mixin.py:188} INFO - [2024-12-05T07:16:50.365+0000] {dag.py:3096} INFO - Sync 3 DAGs
[2024-12-05T07:16:50.376+0000] {logging_mixin.py:188} INFO - [2024-12-05T07:16:50.376+0000] {dag.py:3954} INFO - Setting next_dagrun for example_subdag_operator to 2022-01-01 00:00:00+00:00, run_after=2022-01-01 00:00:00+00:00
[2024-12-05T07:16:50.377+0000] {logging_mixin.py:188} INFO - [2024-12-05T07:16:50.377+0000] {dag.py:3954} INFO - Setting next_dagrun for example_subdag_operator.section-1 to None, run_after=None
[2024-12-05T07:16:50.378+0000] {logging_mixin.py:188} INFO - [2024-12-05T07:16:50.378+0000] {dag.py:3954} INFO - Setting next_dagrun for example_subdag_operator.section-2 to None, run_after=None
[2024-12-05T07:16:50.380+0000] {logging_mixin.py:188} INFO - [2024-12-05T07:16:50.380+0000] {dag.py:3096} INFO - Sync 2 DAGs
[2024-12-05T07:16:50.382+0000] {logging_mixin.py:188} INFO - [2024-12-05T07:16:50.382+0000] {dag.py:3954} INFO - Setting next_dagrun for example_subdag_operator.section-1 to None, run_after=None
[2024-12-05T07:16:50.383+0000] {logging_mixin.py:188} INFO - [2024-12-05T07:16:50.382+0000] {dag.py:3954} INFO - Setting next_dagrun for example_subdag_operator.section-2 to None, run_after=None
[2024-12-05T07:16:50.387+0000] {processor.py:183} INFO - Processing /home/airflow/.local/lib/python3.12/site-packages/airflow/example_dags/example_subdag_operator.py took 0.052 seconds
[2024-12-05T07:17:20.697+0000] {processor.py:161} INFO - Started process (PID=244) to work on /home/airflow/.local/lib/python3.12/site-packages/airflow/example_dags/example_subdag_operator.py
[2024-12-05T07:17:20.699+0000] {processor.py:830} INFO - Processing file /home/airflow/.local/lib/python3.12/site-packages/airflow/example_dags/example_subdag_operator.py for tasks to queue
[2024-12-05T07:17:20.700+0000] {logging_mixin.py:188} INFO - [2024-12-05T07:17:20.700+0000] {dagbag.py:545} INFO - Filling up the DagBag from /home/airflow/.local/lib/python3.12/site-packages/airflow/example_dags/example_subdag_operator.py
[2024-12-05T07:17:20.726+0000] {processor.py:840} INFO - DAG(s) 'example_subdag_operator.section-1', 'example_subdag_operator.section-2', 'example_subdag_operator' retrieved from /home/airflow/.local/lib/python3.12/site-packages/airflow/example_dags/example_subdag_operator.py
[2024-12-05T07:17:20.754+0000] {logging_mixin.py:188} INFO - [2024-12-05T07:17:20.753+0000] {dag.py:3096} INFO - Sync 3 DAGs
[2024-12-05T07:17:20.768+0000] {logging_mixin.py:188} INFO - [2024-12-05T07:17:20.767+0000] {dag.py:3954} INFO - Setting next_dagrun for example_subdag_operator to 2022-01-01 00:00:00+00:00, run_after=2022-01-01 00:00:00+00:00
[2024-12-05T07:17:20.773+0000] {logging_mixin.py:188} INFO - [2024-12-05T07:17:20.772+0000] {dag.py:3954} INFO - Setting next_dagrun for example_subdag_operator.section-1 to None, run_after=None
[2024-12-05T07:17:20.774+0000] {logging_mixin.py:188} INFO - [2024-12-05T07:17:20.774+0000] {dag.py:3954} INFO - Setting next_dagrun for example_subdag_operator.section-2 to None, run_after=None
[2024-12-05T07:17:20.777+0000] {logging_mixin.py:188} INFO - [2024-12-05T07:17:20.777+0000] {dag.py:3096} INFO - Sync 2 DAGs
[2024-12-05T07:17:20.780+0000] {logging_mixin.py:188} INFO - [2024-12-05T07:17:20.780+0000] {dag.py:3954} INFO - Setting next_dagrun for example_subdag_operator.section-1 to None, run_after=None
[2024-12-05T07:17:20.780+0000] {logging_mixin.py:188} INFO - [2024-12-05T07:17:20.780+0000] {dag.py:3954} INFO - Setting next_dagrun for example_subdag_operator.section-2 to None, run_after=None
[2024-12-05T07:17:20.785+0000] {processor.py:183} INFO - Processing /home/airflow/.local/lib/python3.12/site-packages/airflow/example_dags/example_subdag_operator.py took 0.093 seconds
[2024-12-05T07:17:51.596+0000] {processor.py:161} INFO - Started process (PID=305) to work on /home/airflow/.local/lib/python3.12/site-packages/airflow/example_dags/example_subdag_operator.py
[2024-12-05T07:17:51.596+0000] {processor.py:830} INFO - Processing file /home/airflow/.local/lib/python3.12/site-packages/airflow/example_dags/example_subdag_operator.py for tasks to queue
[2024-12-05T07:17:51.597+0000] {logging_mixin.py:188} INFO - [2024-12-05T07:17:51.597+0000] {dagbag.py:545} INFO - Filling up the DagBag from /home/airflow/.local/lib/python3.12/site-packages/airflow/example_dags/example_subdag_operator.py
[2024-12-05T07:17:51.608+0000] {processor.py:840} INFO - DAG(s) 'example_subdag_operator.section-1', 'example_subdag_operator.section-2', 'example_subdag_operator' retrieved from /home/airflow/.local/lib/python3.12/site-packages/airflow/example_dags/example_subdag_operator.py
[2024-12-05T07:17:51.615+0000] {logging_mixin.py:188} INFO - [2024-12-05T07:17:51.614+0000] {dag.py:3096} INFO - Sync 3 DAGs
[2024-12-05T07:17:51.639+0000] {logging_mixin.py:188} INFO - [2024-12-05T07:17:51.638+0000] {dag.py:3954} INFO - Setting next_dagrun for example_subdag_operator to 2022-01-01 00:00:00+00:00, run_after=2022-01-01 00:00:00+00:00
[2024-12-05T07:17:51.649+0000] {logging_mixin.py:188} INFO - [2024-12-05T07:17:51.649+0000] {dag.py:3954} INFO - Setting next_dagrun for example_subdag_operator.section-1 to None, run_after=None
[2024-12-05T07:17:51.652+0000] {logging_mixin.py:188} INFO - [2024-12-05T07:17:51.652+0000] {dag.py:3954} INFO - Setting next_dagrun for example_subdag_operator.section-2 to None, run_after=None
[2024-12-05T07:17:51.666+0000] {logging_mixin.py:188} INFO - [2024-12-05T07:17:51.666+0000] {dag.py:3096} INFO - Sync 2 DAGs
[2024-12-05T07:17:51.675+0000] {logging_mixin.py:188} INFO - [2024-12-05T07:17:51.675+0000] {dag.py:3954} INFO - Setting next_dagrun for example_subdag_operator.section-1 to None, run_after=None
[2024-12-05T07:17:51.675+0000] {logging_mixin.py:188} INFO - [2024-12-05T07:17:51.675+0000] {dag.py:3954} INFO - Setting next_dagrun for example_subdag_operator.section-2 to None, run_after=None
[2024-12-05T07:17:51.684+0000] {processor.py:183} INFO - Processing /home/airflow/.local/lib/python3.12/site-packages/airflow/example_dags/example_subdag_operator.py took 0.091 seconds
