[2024-12-05T07:16:21.152+0000] {processor.py:161} INFO - Started process (PID=132) to work on /home/airflow/.local/lib/python3.12/site-packages/airflow/example_dags/example_xcomargs.py
[2024-12-05T07:16:21.153+0000] {processor.py:830} INFO - Processing file /home/airflow/.local/lib/python3.12/site-packages/airflow/example_dags/example_xcomargs.py for tasks to queue
[2024-12-05T07:16:21.154+0000] {logging_mixin.py:188} INFO - [2024-12-05T07:16:21.154+0000] {dagbag.py:545} INFO - Filling up the DagBag from /home/airflow/.local/lib/python3.12/site-packages/airflow/example_dags/example_xcomargs.py
[2024-12-05T07:16:21.160+0000] {processor.py:840} INFO - DAG(s) 'example_xcom_args', 'example_xcom_args_with_operators' retrieved from /home/airflow/.local/lib/python3.12/site-packages/airflow/example_dags/example_xcomargs.py
[2024-12-05T07:16:21.233+0000] {logging_mixin.py:188} INFO - [2024-12-05T07:16:21.233+0000] {dag.py:3096} INFO - Sync 2 DAGs
[2024-12-05T07:16:21.240+0000] {logging_mixin.py:188} INFO - [2024-12-05T07:16:21.239+0000] {dag.py:3954} INFO - Setting next_dagrun for example_xcom_args to None, run_after=None
[2024-12-05T07:16:21.241+0000] {logging_mixin.py:188} INFO - [2024-12-05T07:16:21.241+0000] {dag.py:3954} INFO - Setting next_dagrun for example_xcom_args_with_operators to None, run_after=None
[2024-12-05T07:16:21.254+0000] {processor.py:183} INFO - Processing /home/airflow/.local/lib/python3.12/site-packages/airflow/example_dags/example_xcomargs.py took 0.108 seconds
[2024-12-05T07:16:51.700+0000] {processor.py:161} INFO - Started process (PID=193) to work on /home/airflow/.local/lib/python3.12/site-packages/airflow/example_dags/example_xcomargs.py
[2024-12-05T07:16:51.701+0000] {processor.py:830} INFO - Processing file /home/airflow/.local/lib/python3.12/site-packages/airflow/example_dags/example_xcomargs.py for tasks to queue
[2024-12-05T07:16:51.702+0000] {logging_mixin.py:188} INFO - [2024-12-05T07:16:51.702+0000] {dagbag.py:545} INFO - Filling up the DagBag from /home/airflow/.local/lib/python3.12/site-packages/airflow/example_dags/example_xcomargs.py
[2024-12-05T07:16:51.706+0000] {processor.py:840} INFO - DAG(s) 'example_xcom_args', 'example_xcom_args_with_operators' retrieved from /home/airflow/.local/lib/python3.12/site-packages/airflow/example_dags/example_xcomargs.py
[2024-12-05T07:16:51.715+0000] {logging_mixin.py:188} INFO - [2024-12-05T07:16:51.715+0000] {dag.py:3096} INFO - Sync 2 DAGs
[2024-12-05T07:16:51.720+0000] {logging_mixin.py:188} INFO - [2024-12-05T07:16:51.720+0000] {dag.py:3954} INFO - Setting next_dagrun for example_xcom_args to None, run_after=None
[2024-12-05T07:16:51.724+0000] {logging_mixin.py:188} INFO - [2024-12-05T07:16:51.724+0000] {dag.py:3954} INFO - Setting next_dagrun for example_xcom_args_with_operators to None, run_after=None
[2024-12-05T07:16:51.738+0000] {processor.py:183} INFO - Processing /home/airflow/.local/lib/python3.12/site-packages/airflow/example_dags/example_xcomargs.py took 0.041 seconds
[2024-12-05T07:17:22.090+0000] {processor.py:161} INFO - Started process (PID=254) to work on /home/airflow/.local/lib/python3.12/site-packages/airflow/example_dags/example_xcomargs.py
[2024-12-05T07:17:22.091+0000] {processor.py:830} INFO - Processing file /home/airflow/.local/lib/python3.12/site-packages/airflow/example_dags/example_xcomargs.py for tasks to queue
[2024-12-05T07:17:22.092+0000] {logging_mixin.py:188} INFO - [2024-12-05T07:17:22.092+0000] {dagbag.py:545} INFO - Filling up the DagBag from /home/airflow/.local/lib/python3.12/site-packages/airflow/example_dags/example_xcomargs.py
[2024-12-05T07:17:22.097+0000] {processor.py:840} INFO - DAG(s) 'example_xcom_args_with_operators', 'example_xcom_args' retrieved from /home/airflow/.local/lib/python3.12/site-packages/airflow/example_dags/example_xcomargs.py
[2024-12-05T07:17:22.117+0000] {logging_mixin.py:188} INFO - [2024-12-05T07:17:22.117+0000] {dag.py:3096} INFO - Sync 2 DAGs
[2024-12-05T07:17:22.125+0000] {logging_mixin.py:188} INFO - [2024-12-05T07:17:22.125+0000] {dag.py:3954} INFO - Setting next_dagrun for example_xcom_args to None, run_after=None
[2024-12-05T07:17:22.135+0000] {logging_mixin.py:188} INFO - [2024-12-05T07:17:22.135+0000] {dag.py:3954} INFO - Setting next_dagrun for example_xcom_args_with_operators to None, run_after=None
[2024-12-05T07:17:22.148+0000] {processor.py:183} INFO - Processing /home/airflow/.local/lib/python3.12/site-packages/airflow/example_dags/example_xcomargs.py took 0.064 seconds
[2024-12-05T07:17:53.029+0000] {processor.py:161} INFO - Started process (PID=315) to work on /home/airflow/.local/lib/python3.12/site-packages/airflow/example_dags/example_xcomargs.py
[2024-12-05T07:17:53.030+0000] {processor.py:830} INFO - Processing file /home/airflow/.local/lib/python3.12/site-packages/airflow/example_dags/example_xcomargs.py for tasks to queue
[2024-12-05T07:17:53.031+0000] {logging_mixin.py:188} INFO - [2024-12-05T07:17:53.031+0000] {dagbag.py:545} INFO - Filling up the DagBag from /home/airflow/.local/lib/python3.12/site-packages/airflow/example_dags/example_xcomargs.py
[2024-12-05T07:17:53.036+0000] {processor.py:840} INFO - DAG(s) 'example_xcom_args_with_operators', 'example_xcom_args' retrieved from /home/airflow/.local/lib/python3.12/site-packages/airflow/example_dags/example_xcomargs.py
[2024-12-05T07:17:53.047+0000] {logging_mixin.py:188} INFO - [2024-12-05T07:17:53.047+0000] {dag.py:3096} INFO - Sync 2 DAGs
[2024-12-05T07:17:53.054+0000] {logging_mixin.py:188} INFO - [2024-12-05T07:17:53.054+0000] {dag.py:3954} INFO - Setting next_dagrun for example_xcom_args to None, run_after=None
[2024-12-05T07:17:53.058+0000] {logging_mixin.py:188} INFO - [2024-12-05T07:17:53.058+0000] {dag.py:3954} INFO - Setting next_dagrun for example_xcom_args_with_operators to None, run_after=None
[2024-12-05T07:17:53.070+0000] {processor.py:183} INFO - Processing /home/airflow/.local/lib/python3.12/site-packages/airflow/example_dags/example_xcomargs.py took 0.043 seconds
