[2024-12-05T07:16:21.858+0000] {processor.py:161} INFO - Started process (PID=144) to work on /home/airflow/.local/lib/python3.12/site-packages/airflow/example_dags/example_sensors.py
[2024-12-05T07:16:21.859+0000] {processor.py:830} INFO - Processing file /home/airflow/.local/lib/python3.12/site-packages/airflow/example_dags/example_sensors.py for tasks to queue
[2024-12-05T07:16:21.861+0000] {logging_mixin.py:188} INFO - [2024-12-05T07:16:21.861+0000] {dagbag.py:545} INFO - Filling up the DagBag from /home/airflow/.local/lib/python3.12/site-packages/airflow/example_dags/example_sensors.py
[2024-12-05T07:16:21.870+0000] {processor.py:840} INFO - DAG(s) 'example_sensors' retrieved from /home/airflow/.local/lib/python3.12/site-packages/airflow/example_dags/example_sensors.py
[2024-12-05T07:16:21.965+0000] {logging_mixin.py:188} INFO - [2024-12-05T07:16:21.965+0000] {dag.py:3096} INFO - Sync 1 DAGs
[2024-12-05T07:16:21.973+0000] {logging_mixin.py:188} INFO - [2024-12-05T07:16:21.973+0000] {dag.py:3954} INFO - Setting next_dagrun for example_sensors to None, run_after=None
[2024-12-05T07:16:21.990+0000] {processor.py:183} INFO - Processing /home/airflow/.local/lib/python3.12/site-packages/airflow/example_dags/example_sensors.py took 0.136 seconds
[2024-12-05T07:16:52.028+0000] {processor.py:161} INFO - Started process (PID=204) to work on /home/airflow/.local/lib/python3.12/site-packages/airflow/example_dags/example_sensors.py
[2024-12-05T07:16:52.029+0000] {processor.py:830} INFO - Processing file /home/airflow/.local/lib/python3.12/site-packages/airflow/example_dags/example_sensors.py for tasks to queue
[2024-12-05T07:16:52.030+0000] {logging_mixin.py:188} INFO - [2024-12-05T07:16:52.029+0000] {dagbag.py:545} INFO - Filling up the DagBag from /home/airflow/.local/lib/python3.12/site-packages/airflow/example_dags/example_sensors.py
[2024-12-05T07:16:52.039+0000] {processor.py:840} INFO - DAG(s) 'example_sensors' retrieved from /home/airflow/.local/lib/python3.12/site-packages/airflow/example_dags/example_sensors.py
[2024-12-05T07:16:52.049+0000] {logging_mixin.py:188} INFO - [2024-12-05T07:16:52.049+0000] {dag.py:3096} INFO - Sync 1 DAGs
[2024-12-05T07:16:52.053+0000] {logging_mixin.py:188} INFO - [2024-12-05T07:16:52.053+0000] {dag.py:3954} INFO - Setting next_dagrun for example_sensors to None, run_after=None
[2024-12-05T07:16:52.059+0000] {processor.py:183} INFO - Processing /home/airflow/.local/lib/python3.12/site-packages/airflow/example_dags/example_sensors.py took 0.033 seconds
[2024-12-05T07:17:22.637+0000] {processor.py:161} INFO - Started process (PID=265) to work on /home/airflow/.local/lib/python3.12/site-packages/airflow/example_dags/example_sensors.py
[2024-12-05T07:17:22.638+0000] {processor.py:830} INFO - Processing file /home/airflow/.local/lib/python3.12/site-packages/airflow/example_dags/example_sensors.py for tasks to queue
[2024-12-05T07:17:22.641+0000] {logging_mixin.py:188} INFO - [2024-12-05T07:17:22.641+0000] {dagbag.py:545} INFO - Filling up the DagBag from /home/airflow/.local/lib/python3.12/site-packages/airflow/example_dags/example_sensors.py
[2024-12-05T07:17:22.647+0000] {processor.py:840} INFO - DAG(s) 'example_sensors' retrieved from /home/airflow/.local/lib/python3.12/site-packages/airflow/example_dags/example_sensors.py
[2024-12-05T07:17:22.662+0000] {logging_mixin.py:188} INFO - [2024-12-05T07:17:22.662+0000] {dag.py:3096} INFO - Sync 1 DAGs
[2024-12-05T07:17:22.669+0000] {logging_mixin.py:188} INFO - [2024-12-05T07:17:22.669+0000] {dag.py:3954} INFO - Setting next_dagrun for example_sensors to None, run_after=None
[2024-12-05T07:17:22.678+0000] {processor.py:183} INFO - Processing /home/airflow/.local/lib/python3.12/site-packages/airflow/example_dags/example_sensors.py took 0.045 seconds
[2024-12-05T07:17:53.378+0000] {processor.py:161} INFO - Started process (PID=326) to work on /home/airflow/.local/lib/python3.12/site-packages/airflow/example_dags/example_sensors.py
[2024-12-05T07:17:53.379+0000] {processor.py:830} INFO - Processing file /home/airflow/.local/lib/python3.12/site-packages/airflow/example_dags/example_sensors.py for tasks to queue
[2024-12-05T07:17:53.380+0000] {logging_mixin.py:188} INFO - [2024-12-05T07:17:53.380+0000] {dagbag.py:545} INFO - Filling up the DagBag from /home/airflow/.local/lib/python3.12/site-packages/airflow/example_dags/example_sensors.py
[2024-12-05T07:17:53.384+0000] {processor.py:840} INFO - DAG(s) 'example_sensors' retrieved from /home/airflow/.local/lib/python3.12/site-packages/airflow/example_dags/example_sensors.py
[2024-12-05T07:17:53.394+0000] {logging_mixin.py:188} INFO - [2024-12-05T07:17:53.394+0000] {dag.py:3096} INFO - Sync 1 DAGs
[2024-12-05T07:17:53.399+0000] {logging_mixin.py:188} INFO - [2024-12-05T07:17:53.399+0000] {dag.py:3954} INFO - Setting next_dagrun for example_sensors to None, run_after=None
[2024-12-05T07:17:53.405+0000] {processor.py:183} INFO - Processing /home/airflow/.local/lib/python3.12/site-packages/airflow/example_dags/example_sensors.py took 0.029 seconds
