[2024-12-05T07:16:22.972+0000] {processor.py:161} INFO - Started process (PID=154) to work on /home/airflow/.local/lib/python3.12/site-packages/airflow/example_dags/example_branch_day_of_week_operator.py
[2024-12-05T07:16:22.973+0000] {processor.py:830} INFO - Processing file /home/airflow/.local/lib/python3.12/site-packages/airflow/example_dags/example_branch_day_of_week_operator.py for tasks to queue
[2024-12-05T07:16:22.975+0000] {logging_mixin.py:188} INFO - [2024-12-05T07:16:22.974+0000] {dagbag.py:545} INFO - Filling up the DagBag from /home/airflow/.local/lib/python3.12/site-packages/airflow/example_dags/example_branch_day_of_week_operator.py
[2024-12-05T07:16:22.982+0000] {processor.py:840} INFO - DAG(s) 'example_weekday_branch_operator' retrieved from /home/airflow/.local/lib/python3.12/site-packages/airflow/example_dags/example_branch_day_of_week_operator.py
[2024-12-05T07:16:23.031+0000] {logging_mixin.py:188} INFO - [2024-12-05T07:16:23.030+0000] {dag.py:3096} INFO - Sync 1 DAGs
[2024-12-05T07:16:23.041+0000] {logging_mixin.py:188} INFO - [2024-12-05T07:16:23.041+0000] {dag.py:3954} INFO - Setting next_dagrun for example_weekday_branch_operator to 2024-12-04 00:00:00+00:00, run_after=2024-12-05 00:00:00+00:00
[2024-12-05T07:16:23.049+0000] {processor.py:183} INFO - Processing /home/airflow/.local/lib/python3.12/site-packages/airflow/example_dags/example_branch_day_of_week_operator.py took 0.080 seconds
[2024-12-05T07:16:53.405+0000] {processor.py:161} INFO - Started process (PID=215) to work on /home/airflow/.local/lib/python3.12/site-packages/airflow/example_dags/example_branch_day_of_week_operator.py
[2024-12-05T07:16:53.406+0000] {processor.py:830} INFO - Processing file /home/airflow/.local/lib/python3.12/site-packages/airflow/example_dags/example_branch_day_of_week_operator.py for tasks to queue
[2024-12-05T07:16:53.408+0000] {logging_mixin.py:188} INFO - [2024-12-05T07:16:53.408+0000] {dagbag.py:545} INFO - Filling up the DagBag from /home/airflow/.local/lib/python3.12/site-packages/airflow/example_dags/example_branch_day_of_week_operator.py
[2024-12-05T07:16:53.414+0000] {processor.py:840} INFO - DAG(s) 'example_weekday_branch_operator' retrieved from /home/airflow/.local/lib/python3.12/site-packages/airflow/example_dags/example_branch_day_of_week_operator.py
[2024-12-05T07:16:53.431+0000] {logging_mixin.py:188} INFO - [2024-12-05T07:16:53.431+0000] {dag.py:3096} INFO - Sync 1 DAGs
[2024-12-05T07:16:53.445+0000] {logging_mixin.py:188} INFO - [2024-12-05T07:16:53.445+0000] {dag.py:3954} INFO - Setting next_dagrun for example_weekday_branch_operator to 2024-12-04 00:00:00+00:00, run_after=2024-12-05 00:00:00+00:00
[2024-12-05T07:16:53.452+0000] {processor.py:183} INFO - Processing /home/airflow/.local/lib/python3.12/site-packages/airflow/example_dags/example_branch_day_of_week_operator.py took 0.050 seconds
[2024-12-05T07:17:24.262+0000] {processor.py:161} INFO - Started process (PID=276) to work on /home/airflow/.local/lib/python3.12/site-packages/airflow/example_dags/example_branch_day_of_week_operator.py
[2024-12-05T07:17:24.264+0000] {processor.py:830} INFO - Processing file /home/airflow/.local/lib/python3.12/site-packages/airflow/example_dags/example_branch_day_of_week_operator.py for tasks to queue
[2024-12-05T07:17:24.265+0000] {logging_mixin.py:188} INFO - [2024-12-05T07:17:24.265+0000] {dagbag.py:545} INFO - Filling up the DagBag from /home/airflow/.local/lib/python3.12/site-packages/airflow/example_dags/example_branch_day_of_week_operator.py
[2024-12-05T07:17:24.269+0000] {processor.py:840} INFO - DAG(s) 'example_weekday_branch_operator' retrieved from /home/airflow/.local/lib/python3.12/site-packages/airflow/example_dags/example_branch_day_of_week_operator.py
[2024-12-05T07:17:24.285+0000] {logging_mixin.py:188} INFO - [2024-12-05T07:17:24.285+0000] {dag.py:3096} INFO - Sync 1 DAGs
[2024-12-05T07:17:24.302+0000] {logging_mixin.py:188} INFO - [2024-12-05T07:17:24.302+0000] {dag.py:3954} INFO - Setting next_dagrun for example_weekday_branch_operator to 2024-12-04 00:00:00+00:00, run_after=2024-12-05 00:00:00+00:00
[2024-12-05T07:17:24.316+0000] {processor.py:183} INFO - Processing /home/airflow/.local/lib/python3.12/site-packages/airflow/example_dags/example_branch_day_of_week_operator.py took 0.058 seconds
[2024-12-05T07:17:54.881+0000] {processor.py:161} INFO - Started process (PID=337) to work on /home/airflow/.local/lib/python3.12/site-packages/airflow/example_dags/example_branch_day_of_week_operator.py
[2024-12-05T07:17:54.882+0000] {processor.py:830} INFO - Processing file /home/airflow/.local/lib/python3.12/site-packages/airflow/example_dags/example_branch_day_of_week_operator.py for tasks to queue
[2024-12-05T07:17:54.884+0000] {logging_mixin.py:188} INFO - [2024-12-05T07:17:54.884+0000] {dagbag.py:545} INFO - Filling up the DagBag from /home/airflow/.local/lib/python3.12/site-packages/airflow/example_dags/example_branch_day_of_week_operator.py
[2024-12-05T07:17:54.888+0000] {processor.py:840} INFO - DAG(s) 'example_weekday_branch_operator' retrieved from /home/airflow/.local/lib/python3.12/site-packages/airflow/example_dags/example_branch_day_of_week_operator.py
[2024-12-05T07:17:54.903+0000] {logging_mixin.py:188} INFO - [2024-12-05T07:17:54.903+0000] {dag.py:3096} INFO - Sync 1 DAGs
[2024-12-05T07:17:54.914+0000] {logging_mixin.py:188} INFO - [2024-12-05T07:17:54.914+0000] {dag.py:3954} INFO - Setting next_dagrun for example_weekday_branch_operator to 2024-12-04 00:00:00+00:00, run_after=2024-12-05 00:00:00+00:00
[2024-12-05T07:17:54.926+0000] {processor.py:183} INFO - Processing /home/airflow/.local/lib/python3.12/site-packages/airflow/example_dags/example_branch_day_of_week_operator.py took 0.047 seconds
