[2024-12-05T07:16:22.018+0000] {processor.py:161} INFO - Started process (PID=145) to work on /home/airflow/.local/lib/python3.12/site-packages/airflow/example_dags/example_skip_dag.py
[2024-12-05T07:16:22.021+0000] {processor.py:830} INFO - Processing file /home/airflow/.local/lib/python3.12/site-packages/airflow/example_dags/example_skip_dag.py for tasks to queue
[2024-12-05T07:16:22.024+0000] {logging_mixin.py:188} INFO - [2024-12-05T07:16:22.024+0000] {dagbag.py:545} INFO - Filling up the DagBag from /home/airflow/.local/lib/python3.12/site-packages/airflow/example_dags/example_skip_dag.py
[2024-12-05T07:16:22.034+0000] {processor.py:840} INFO - DAG(s) 'example_skip_dag' retrieved from /home/airflow/.local/lib/python3.12/site-packages/airflow/example_dags/example_skip_dag.py
[2024-12-05T07:16:22.131+0000] {logging_mixin.py:188} INFO - [2024-12-05T07:16:22.130+0000] {dag.py:3096} INFO - Sync 1 DAGs
[2024-12-05T07:16:22.152+0000] {logging_mixin.py:188} INFO - [2024-12-05T07:16:22.152+0000] {dag.py:3954} INFO - Setting next_dagrun for example_skip_dag to 2024-12-04 00:00:00+00:00, run_after=2024-12-05 00:00:00+00:00
[2024-12-05T07:16:22.170+0000] {processor.py:183} INFO - Processing /home/airflow/.local/lib/python3.12/site-packages/airflow/example_dags/example_skip_dag.py took 0.155 seconds
[2024-12-05T07:16:53.051+0000] {processor.py:161} INFO - Started process (PID=206) to work on /home/airflow/.local/lib/python3.12/site-packages/airflow/example_dags/example_skip_dag.py
[2024-12-05T07:16:53.052+0000] {processor.py:830} INFO - Processing file /home/airflow/.local/lib/python3.12/site-packages/airflow/example_dags/example_skip_dag.py for tasks to queue
[2024-12-05T07:16:53.054+0000] {logging_mixin.py:188} INFO - [2024-12-05T07:16:53.054+0000] {dagbag.py:545} INFO - Filling up the DagBag from /home/airflow/.local/lib/python3.12/site-packages/airflow/example_dags/example_skip_dag.py
[2024-12-05T07:16:53.060+0000] {processor.py:840} INFO - DAG(s) 'example_skip_dag' retrieved from /home/airflow/.local/lib/python3.12/site-packages/airflow/example_dags/example_skip_dag.py
[2024-12-05T07:16:53.080+0000] {logging_mixin.py:188} INFO - [2024-12-05T07:16:53.080+0000] {dag.py:3096} INFO - Sync 1 DAGs
[2024-12-05T07:16:53.090+0000] {logging_mixin.py:188} INFO - [2024-12-05T07:16:53.090+0000] {dag.py:3954} INFO - Setting next_dagrun for example_skip_dag to 2024-12-04 00:00:00+00:00, run_after=2024-12-05 00:00:00+00:00
[2024-12-05T07:16:53.100+0000] {processor.py:183} INFO - Processing /home/airflow/.local/lib/python3.12/site-packages/airflow/example_dags/example_skip_dag.py took 0.053 seconds
[2024-12-05T07:17:23.717+0000] {processor.py:161} INFO - Started process (PID=267) to work on /home/airflow/.local/lib/python3.12/site-packages/airflow/example_dags/example_skip_dag.py
[2024-12-05T07:17:23.720+0000] {processor.py:830} INFO - Processing file /home/airflow/.local/lib/python3.12/site-packages/airflow/example_dags/example_skip_dag.py for tasks to queue
[2024-12-05T07:17:23.723+0000] {logging_mixin.py:188} INFO - [2024-12-05T07:17:23.723+0000] {dagbag.py:545} INFO - Filling up the DagBag from /home/airflow/.local/lib/python3.12/site-packages/airflow/example_dags/example_skip_dag.py
[2024-12-05T07:17:23.741+0000] {processor.py:840} INFO - DAG(s) 'example_skip_dag' retrieved from /home/airflow/.local/lib/python3.12/site-packages/airflow/example_dags/example_skip_dag.py
[2024-12-05T07:17:23.770+0000] {logging_mixin.py:188} INFO - [2024-12-05T07:17:23.770+0000] {dag.py:3096} INFO - Sync 1 DAGs
[2024-12-05T07:17:23.801+0000] {logging_mixin.py:188} INFO - [2024-12-05T07:17:23.801+0000] {dag.py:3954} INFO - Setting next_dagrun for example_skip_dag to 2024-12-04 00:00:00+00:00, run_after=2024-12-05 00:00:00+00:00
[2024-12-05T07:17:23.814+0000] {processor.py:183} INFO - Processing /home/airflow/.local/lib/python3.12/site-packages/airflow/example_dags/example_skip_dag.py took 0.106 seconds
[2024-12-05T07:17:54.469+0000] {processor.py:161} INFO - Started process (PID=328) to work on /home/airflow/.local/lib/python3.12/site-packages/airflow/example_dags/example_skip_dag.py
[2024-12-05T07:17:54.471+0000] {processor.py:830} INFO - Processing file /home/airflow/.local/lib/python3.12/site-packages/airflow/example_dags/example_skip_dag.py for tasks to queue
[2024-12-05T07:17:54.474+0000] {logging_mixin.py:188} INFO - [2024-12-05T07:17:54.473+0000] {dagbag.py:545} INFO - Filling up the DagBag from /home/airflow/.local/lib/python3.12/site-packages/airflow/example_dags/example_skip_dag.py
[2024-12-05T07:17:54.481+0000] {processor.py:840} INFO - DAG(s) 'example_skip_dag' retrieved from /home/airflow/.local/lib/python3.12/site-packages/airflow/example_dags/example_skip_dag.py
[2024-12-05T07:17:54.503+0000] {logging_mixin.py:188} INFO - [2024-12-05T07:17:54.502+0000] {dag.py:3096} INFO - Sync 1 DAGs
[2024-12-05T07:17:54.523+0000] {logging_mixin.py:188} INFO - [2024-12-05T07:17:54.523+0000] {dag.py:3954} INFO - Setting next_dagrun for example_skip_dag to 2024-12-04 00:00:00+00:00, run_after=2024-12-05 00:00:00+00:00
[2024-12-05T07:17:54.534+0000] {processor.py:183} INFO - Processing /home/airflow/.local/lib/python3.12/site-packages/airflow/example_dags/example_skip_dag.py took 0.070 seconds
