[2024-12-05T07:16:19.260+0000] {processor.py:161} INFO - Started process (PID=120) to work on /home/airflow/.local/lib/python3.12/site-packages/airflow/example_dags/example_external_task_marker_dag.py
[2024-12-05T07:16:19.261+0000] {processor.py:830} INFO - Processing file /home/airflow/.local/lib/python3.12/site-packages/airflow/example_dags/example_external_task_marker_dag.py for tasks to queue
[2024-12-05T07:16:19.263+0000] {logging_mixin.py:188} INFO - [2024-12-05T07:16:19.263+0000] {dagbag.py:545} INFO - Filling up the DagBag from /home/airflow/.local/lib/python3.12/site-packages/airflow/example_dags/example_external_task_marker_dag.py
[2024-12-05T07:16:19.270+0000] {processor.py:840} INFO - DAG(s) 'example_external_task_marker_parent', 'example_external_task_marker_child' retrieved from /home/airflow/.local/lib/python3.12/site-packages/airflow/example_dags/example_external_task_marker_dag.py
[2024-12-05T07:16:19.358+0000] {logging_mixin.py:188} INFO - [2024-12-05T07:16:19.357+0000] {dag.py:3096} INFO - Sync 2 DAGs
[2024-12-05T07:16:19.363+0000] {logging_mixin.py:188} INFO - [2024-12-05T07:16:19.363+0000] {dag.py:3954} INFO - Setting next_dagrun for example_external_task_marker_child to None, run_after=None
[2024-12-05T07:16:19.364+0000] {logging_mixin.py:188} INFO - [2024-12-05T07:16:19.364+0000] {dag.py:3954} INFO - Setting next_dagrun for example_external_task_marker_parent to None, run_after=None
[2024-12-05T07:16:19.379+0000] {processor.py:183} INFO - Processing /home/airflow/.local/lib/python3.12/site-packages/airflow/example_dags/example_external_task_marker_dag.py took 0.124 seconds
[2024-12-05T07:16:50.273+0000] {processor.py:161} INFO - Started process (PID=181) to work on /home/airflow/.local/lib/python3.12/site-packages/airflow/example_dags/example_external_task_marker_dag.py
[2024-12-05T07:16:50.274+0000] {processor.py:830} INFO - Processing file /home/airflow/.local/lib/python3.12/site-packages/airflow/example_dags/example_external_task_marker_dag.py for tasks to queue
[2024-12-05T07:16:50.275+0000] {logging_mixin.py:188} INFO - [2024-12-05T07:16:50.275+0000] {dagbag.py:545} INFO - Filling up the DagBag from /home/airflow/.local/lib/python3.12/site-packages/airflow/example_dags/example_external_task_marker_dag.py
[2024-12-05T07:16:50.278+0000] {processor.py:840} INFO - DAG(s) 'example_external_task_marker_parent', 'example_external_task_marker_child' retrieved from /home/airflow/.local/lib/python3.12/site-packages/airflow/example_dags/example_external_task_marker_dag.py
[2024-12-05T07:16:50.302+0000] {logging_mixin.py:188} INFO - [2024-12-05T07:16:50.301+0000] {dag.py:3096} INFO - Sync 2 DAGs
[2024-12-05T07:16:50.309+0000] {logging_mixin.py:188} INFO - [2024-12-05T07:16:50.309+0000] {dag.py:3954} INFO - Setting next_dagrun for example_external_task_marker_child to None, run_after=None
[2024-12-05T07:16:50.311+0000] {logging_mixin.py:188} INFO - [2024-12-05T07:16:50.311+0000] {dag.py:3954} INFO - Setting next_dagrun for example_external_task_marker_parent to None, run_after=None
[2024-12-05T07:16:50.318+0000] {processor.py:183} INFO - Processing /home/airflow/.local/lib/python3.12/site-packages/airflow/example_dags/example_external_task_marker_dag.py took 0.048 seconds
[2024-12-05T07:17:20.634+0000] {processor.py:161} INFO - Started process (PID=242) to work on /home/airflow/.local/lib/python3.12/site-packages/airflow/example_dags/example_external_task_marker_dag.py
[2024-12-05T07:17:20.637+0000] {processor.py:830} INFO - Processing file /home/airflow/.local/lib/python3.12/site-packages/airflow/example_dags/example_external_task_marker_dag.py for tasks to queue
[2024-12-05T07:17:20.638+0000] {logging_mixin.py:188} INFO - [2024-12-05T07:17:20.638+0000] {dagbag.py:545} INFO - Filling up the DagBag from /home/airflow/.local/lib/python3.12/site-packages/airflow/example_dags/example_external_task_marker_dag.py
[2024-12-05T07:17:20.641+0000] {processor.py:840} INFO - DAG(s) 'example_external_task_marker_parent', 'example_external_task_marker_child' retrieved from /home/airflow/.local/lib/python3.12/site-packages/airflow/example_dags/example_external_task_marker_dag.py
[2024-12-05T07:17:20.655+0000] {logging_mixin.py:188} INFO - [2024-12-05T07:17:20.655+0000] {dag.py:3096} INFO - Sync 2 DAGs
[2024-12-05T07:17:20.662+0000] {logging_mixin.py:188} INFO - [2024-12-05T07:17:20.662+0000] {dag.py:3954} INFO - Setting next_dagrun for example_external_task_marker_child to None, run_after=None
[2024-12-05T07:17:20.665+0000] {logging_mixin.py:188} INFO - [2024-12-05T07:17:20.665+0000] {dag.py:3954} INFO - Setting next_dagrun for example_external_task_marker_parent to None, run_after=None
[2024-12-05T07:17:20.674+0000] {processor.py:183} INFO - Processing /home/airflow/.local/lib/python3.12/site-packages/airflow/example_dags/example_external_task_marker_dag.py took 0.043 seconds
[2024-12-05T07:17:51.546+0000] {processor.py:161} INFO - Started process (PID=303) to work on /home/airflow/.local/lib/python3.12/site-packages/airflow/example_dags/example_external_task_marker_dag.py
[2024-12-05T07:17:51.549+0000] {processor.py:830} INFO - Processing file /home/airflow/.local/lib/python3.12/site-packages/airflow/example_dags/example_external_task_marker_dag.py for tasks to queue
[2024-12-05T07:17:51.550+0000] {logging_mixin.py:188} INFO - [2024-12-05T07:17:51.550+0000] {dagbag.py:545} INFO - Filling up the DagBag from /home/airflow/.local/lib/python3.12/site-packages/airflow/example_dags/example_external_task_marker_dag.py
[2024-12-05T07:17:51.559+0000] {processor.py:840} INFO - DAG(s) 'example_external_task_marker_child', 'example_external_task_marker_parent' retrieved from /home/airflow/.local/lib/python3.12/site-packages/airflow/example_dags/example_external_task_marker_dag.py
[2024-12-05T07:17:51.580+0000] {logging_mixin.py:188} INFO - [2024-12-05T07:17:51.580+0000] {dag.py:3096} INFO - Sync 2 DAGs
[2024-12-05T07:17:51.587+0000] {logging_mixin.py:188} INFO - [2024-12-05T07:17:51.587+0000] {dag.py:3954} INFO - Setting next_dagrun for example_external_task_marker_child to None, run_after=None
[2024-12-05T07:17:51.590+0000] {logging_mixin.py:188} INFO - [2024-12-05T07:17:51.589+0000] {dag.py:3954} INFO - Setting next_dagrun for example_external_task_marker_parent to None, run_after=None
[2024-12-05T07:17:51.596+0000] {processor.py:183} INFO - Processing /home/airflow/.local/lib/python3.12/site-packages/airflow/example_dags/example_external_task_marker_dag.py took 0.074 seconds
