[2024-12-05T07:16:22.191+0000] {processor.py:161} INFO - Started process (PID=147) to work on /home/airflow/.local/lib/python3.12/site-packages/airflow/example_dags/example_latest_only_with_trigger.py
[2024-12-05T07:16:22.192+0000] {processor.py:830} INFO - Processing file /home/airflow/.local/lib/python3.12/site-packages/airflow/example_dags/example_latest_only_with_trigger.py for tasks to queue
[2024-12-05T07:16:22.193+0000] {logging_mixin.py:188} INFO - [2024-12-05T07:16:22.192+0000] {dagbag.py:545} INFO - Filling up the DagBag from /home/airflow/.local/lib/python3.12/site-packages/airflow/example_dags/example_latest_only_with_trigger.py
[2024-12-05T07:16:22.196+0000] {processor.py:840} INFO - DAG(s) 'latest_only_with_trigger' retrieved from /home/airflow/.local/lib/python3.12/site-packages/airflow/example_dags/example_latest_only_with_trigger.py
[2024-12-05T07:16:22.249+0000] {logging_mixin.py:188} INFO - [2024-12-05T07:16:22.248+0000] {dag.py:3096} INFO - Sync 1 DAGs
[2024-12-05T07:16:22.259+0000] {logging_mixin.py:188} INFO - [2024-12-05T07:16:22.259+0000] {dag.py:3954} INFO - Setting next_dagrun for latest_only_with_trigger to 2024-12-05 00:00:00+00:00, run_after=2024-12-05 04:00:00+00:00
[2024-12-05T07:16:22.282+0000] {processor.py:183} INFO - Processing /home/airflow/.local/lib/python3.12/site-packages/airflow/example_dags/example_latest_only_with_trigger.py took 0.094 seconds
[2024-12-05T07:16:53.175+0000] {processor.py:161} INFO - Started process (PID=208) to work on /home/airflow/.local/lib/python3.12/site-packages/airflow/example_dags/example_latest_only_with_trigger.py
[2024-12-05T07:16:53.175+0000] {processor.py:830} INFO - Processing file /home/airflow/.local/lib/python3.12/site-packages/airflow/example_dags/example_latest_only_with_trigger.py for tasks to queue
[2024-12-05T07:16:53.176+0000] {logging_mixin.py:188} INFO - [2024-12-05T07:16:53.176+0000] {dagbag.py:545} INFO - Filling up the DagBag from /home/airflow/.local/lib/python3.12/site-packages/airflow/example_dags/example_latest_only_with_trigger.py
[2024-12-05T07:16:53.179+0000] {processor.py:840} INFO - DAG(s) 'latest_only_with_trigger' retrieved from /home/airflow/.local/lib/python3.12/site-packages/airflow/example_dags/example_latest_only_with_trigger.py
[2024-12-05T07:16:53.189+0000] {logging_mixin.py:188} INFO - [2024-12-05T07:16:53.189+0000] {dag.py:3096} INFO - Sync 1 DAGs
[2024-12-05T07:16:53.199+0000] {logging_mixin.py:188} INFO - [2024-12-05T07:16:53.198+0000] {dag.py:3954} INFO - Setting next_dagrun for latest_only_with_trigger to 2024-12-05 00:00:00+00:00, run_after=2024-12-05 04:00:00+00:00
[2024-12-05T07:16:53.205+0000] {processor.py:183} INFO - Processing /home/airflow/.local/lib/python3.12/site-packages/airflow/example_dags/example_latest_only_with_trigger.py took 0.033 seconds
[2024-12-05T07:17:23.923+0000] {processor.py:161} INFO - Started process (PID=269) to work on /home/airflow/.local/lib/python3.12/site-packages/airflow/example_dags/example_latest_only_with_trigger.py
[2024-12-05T07:17:23.923+0000] {processor.py:830} INFO - Processing file /home/airflow/.local/lib/python3.12/site-packages/airflow/example_dags/example_latest_only_with_trigger.py for tasks to queue
[2024-12-05T07:17:23.925+0000] {logging_mixin.py:188} INFO - [2024-12-05T07:17:23.925+0000] {dagbag.py:545} INFO - Filling up the DagBag from /home/airflow/.local/lib/python3.12/site-packages/airflow/example_dags/example_latest_only_with_trigger.py
[2024-12-05T07:17:23.930+0000] {processor.py:840} INFO - DAG(s) 'latest_only_with_trigger' retrieved from /home/airflow/.local/lib/python3.12/site-packages/airflow/example_dags/example_latest_only_with_trigger.py
[2024-12-05T07:17:23.953+0000] {logging_mixin.py:188} INFO - [2024-12-05T07:17:23.952+0000] {dag.py:3096} INFO - Sync 1 DAGs
[2024-12-05T07:17:23.965+0000] {logging_mixin.py:188} INFO - [2024-12-05T07:17:23.965+0000] {dag.py:3954} INFO - Setting next_dagrun for latest_only_with_trigger to 2024-12-05 00:00:00+00:00, run_after=2024-12-05 04:00:00+00:00
[2024-12-05T07:17:23.998+0000] {processor.py:183} INFO - Processing /home/airflow/.local/lib/python3.12/site-packages/airflow/example_dags/example_latest_only_with_trigger.py took 0.081 seconds
[2024-12-05T07:17:54.637+0000] {processor.py:161} INFO - Started process (PID=330) to work on /home/airflow/.local/lib/python3.12/site-packages/airflow/example_dags/example_latest_only_with_trigger.py
[2024-12-05T07:17:54.641+0000] {processor.py:830} INFO - Processing file /home/airflow/.local/lib/python3.12/site-packages/airflow/example_dags/example_latest_only_with_trigger.py for tasks to queue
[2024-12-05T07:17:54.644+0000] {logging_mixin.py:188} INFO - [2024-12-05T07:17:54.643+0000] {dagbag.py:545} INFO - Filling up the DagBag from /home/airflow/.local/lib/python3.12/site-packages/airflow/example_dags/example_latest_only_with_trigger.py
[2024-12-05T07:17:54.647+0000] {processor.py:840} INFO - DAG(s) 'latest_only_with_trigger' retrieved from /home/airflow/.local/lib/python3.12/site-packages/airflow/example_dags/example_latest_only_with_trigger.py
[2024-12-05T07:17:54.664+0000] {logging_mixin.py:188} INFO - [2024-12-05T07:17:54.664+0000] {dag.py:3096} INFO - Sync 1 DAGs
[2024-12-05T07:17:54.679+0000] {logging_mixin.py:188} INFO - [2024-12-05T07:17:54.679+0000] {dag.py:3954} INFO - Setting next_dagrun for latest_only_with_trigger to 2024-12-05 00:00:00+00:00, run_after=2024-12-05 04:00:00+00:00
[2024-12-05T07:17:54.687+0000] {processor.py:183} INFO - Processing /home/airflow/.local/lib/python3.12/site-packages/airflow/example_dags/example_latest_only_with_trigger.py took 0.053 seconds
