[2024-12-05T07:16:21.358+0000] {processor.py:161} INFO - Started process (PID=136) to work on /home/airflow/.local/lib/python3.12/site-packages/airflow/example_dags/example_params_trigger_ui.py
[2024-12-05T07:16:21.361+0000] {processor.py:830} INFO - Processing file /home/airflow/.local/lib/python3.12/site-packages/airflow/example_dags/example_params_trigger_ui.py for tasks to queue
[2024-12-05T07:16:21.363+0000] {logging_mixin.py:188} INFO - [2024-12-05T07:16:21.363+0000] {dagbag.py:545} INFO - Filling up the DagBag from /home/airflow/.local/lib/python3.12/site-packages/airflow/example_dags/example_params_trigger_ui.py
[2024-12-05T07:16:21.372+0000] {processor.py:840} INFO - DAG(s) 'example_params_trigger_ui' retrieved from /home/airflow/.local/lib/python3.12/site-packages/airflow/example_dags/example_params_trigger_ui.py
[2024-12-05T07:16:21.467+0000] {logging_mixin.py:188} INFO - [2024-12-05T07:16:21.467+0000] {dag.py:3096} INFO - Sync 1 DAGs
[2024-12-05T07:16:21.476+0000] {logging_mixin.py:188} INFO - [2024-12-05T07:16:21.476+0000] {dag.py:3954} INFO - Setting next_dagrun for example_params_trigger_ui to None, run_after=None
[2024-12-05T07:16:21.494+0000] {processor.py:183} INFO - Processing /home/airflow/.local/lib/python3.12/site-packages/airflow/example_dags/example_params_trigger_ui.py took 0.139 seconds
[2024-12-05T07:16:51.808+0000] {processor.py:161} INFO - Started process (PID=197) to work on /home/airflow/.local/lib/python3.12/site-packages/airflow/example_dags/example_params_trigger_ui.py
[2024-12-05T07:16:51.808+0000] {processor.py:830} INFO - Processing file /home/airflow/.local/lib/python3.12/site-packages/airflow/example_dags/example_params_trigger_ui.py for tasks to queue
[2024-12-05T07:16:51.809+0000] {logging_mixin.py:188} INFO - [2024-12-05T07:16:51.809+0000] {dagbag.py:545} INFO - Filling up the DagBag from /home/airflow/.local/lib/python3.12/site-packages/airflow/example_dags/example_params_trigger_ui.py
[2024-12-05T07:16:51.816+0000] {processor.py:840} INFO - DAG(s) 'example_params_trigger_ui' retrieved from /home/airflow/.local/lib/python3.12/site-packages/airflow/example_dags/example_params_trigger_ui.py
[2024-12-05T07:16:51.837+0000] {logging_mixin.py:188} INFO - [2024-12-05T07:16:51.836+0000] {dag.py:3096} INFO - Sync 1 DAGs
[2024-12-05T07:16:51.842+0000] {logging_mixin.py:188} INFO - [2024-12-05T07:16:51.841+0000] {dag.py:3954} INFO - Setting next_dagrun for example_params_trigger_ui to None, run_after=None
[2024-12-05T07:16:51.851+0000] {processor.py:183} INFO - Processing /home/airflow/.local/lib/python3.12/site-packages/airflow/example_dags/example_params_trigger_ui.py took 0.045 seconds
[2024-12-05T07:17:22.301+0000] {processor.py:161} INFO - Started process (PID=258) to work on /home/airflow/.local/lib/python3.12/site-packages/airflow/example_dags/example_params_trigger_ui.py
[2024-12-05T07:17:22.303+0000] {processor.py:830} INFO - Processing file /home/airflow/.local/lib/python3.12/site-packages/airflow/example_dags/example_params_trigger_ui.py for tasks to queue
[2024-12-05T07:17:22.305+0000] {logging_mixin.py:188} INFO - [2024-12-05T07:17:22.304+0000] {dagbag.py:545} INFO - Filling up the DagBag from /home/airflow/.local/lib/python3.12/site-packages/airflow/example_dags/example_params_trigger_ui.py
[2024-12-05T07:17:22.318+0000] {processor.py:840} INFO - DAG(s) 'example_params_trigger_ui' retrieved from /home/airflow/.local/lib/python3.12/site-packages/airflow/example_dags/example_params_trigger_ui.py
[2024-12-05T07:17:22.359+0000] {logging_mixin.py:188} INFO - [2024-12-05T07:17:22.358+0000] {dag.py:3096} INFO - Sync 1 DAGs
[2024-12-05T07:17:22.372+0000] {logging_mixin.py:188} INFO - [2024-12-05T07:17:22.371+0000] {dag.py:3954} INFO - Setting next_dagrun for example_params_trigger_ui to None, run_after=None
[2024-12-05T07:17:22.394+0000] {processor.py:183} INFO - Processing /home/airflow/.local/lib/python3.12/site-packages/airflow/example_dags/example_params_trigger_ui.py took 0.100 seconds
[2024-12-05T07:17:53.161+0000] {processor.py:161} INFO - Started process (PID=319) to work on /home/airflow/.local/lib/python3.12/site-packages/airflow/example_dags/example_params_trigger_ui.py
[2024-12-05T07:17:53.164+0000] {processor.py:830} INFO - Processing file /home/airflow/.local/lib/python3.12/site-packages/airflow/example_dags/example_params_trigger_ui.py for tasks to queue
[2024-12-05T07:17:53.166+0000] {logging_mixin.py:188} INFO - [2024-12-05T07:17:53.166+0000] {dagbag.py:545} INFO - Filling up the DagBag from /home/airflow/.local/lib/python3.12/site-packages/airflow/example_dags/example_params_trigger_ui.py
[2024-12-05T07:17:53.172+0000] {processor.py:840} INFO - DAG(s) 'example_params_trigger_ui' retrieved from /home/airflow/.local/lib/python3.12/site-packages/airflow/example_dags/example_params_trigger_ui.py
[2024-12-05T07:17:53.190+0000] {logging_mixin.py:188} INFO - [2024-12-05T07:17:53.189+0000] {dag.py:3096} INFO - Sync 1 DAGs
[2024-12-05T07:17:53.195+0000] {logging_mixin.py:188} INFO - [2024-12-05T07:17:53.195+0000] {dag.py:3954} INFO - Setting next_dagrun for example_params_trigger_ui to None, run_after=None
[2024-12-05T07:17:53.203+0000] {processor.py:183} INFO - Processing /home/airflow/.local/lib/python3.12/site-packages/airflow/example_dags/example_params_trigger_ui.py took 0.045 seconds
