[2024-12-05T07:16:22.876+0000] {processor.py:161} INFO - Started process (PID=152) to work on /home/airflow/.local/lib/python3.12/site-packages/airflow/example_dags/example_bash_decorator.py
[2024-12-05T07:16:22.877+0000] {processor.py:830} INFO - Processing file /home/airflow/.local/lib/python3.12/site-packages/airflow/example_dags/example_bash_decorator.py for tasks to queue
[2024-12-05T07:16:22.878+0000] {logging_mixin.py:188} INFO - [2024-12-05T07:16:22.878+0000] {dagbag.py:545} INFO - Filling up the DagBag from /home/airflow/.local/lib/python3.12/site-packages/airflow/example_dags/example_bash_decorator.py
[2024-12-05T07:16:22.891+0000] {processor.py:840} INFO - DAG(s) 'example_bash_decorator' retrieved from /home/airflow/.local/lib/python3.12/site-packages/airflow/example_dags/example_bash_decorator.py
[2024-12-05T07:16:22.939+0000] {logging_mixin.py:188} INFO - [2024-12-05T07:16:22.939+0000] {dag.py:3096} INFO - Sync 1 DAGs
[2024-12-05T07:16:22.945+0000] {logging_mixin.py:188} INFO - [2024-12-05T07:16:22.945+0000] {dag.py:3954} INFO - Setting next_dagrun for example_bash_decorator to None, run_after=None
[2024-12-05T07:16:22.955+0000] {processor.py:183} INFO - Processing /home/airflow/.local/lib/python3.12/site-packages/airflow/example_dags/example_bash_decorator.py took 0.083 seconds
[2024-12-05T07:16:53.351+0000] {processor.py:161} INFO - Started process (PID=213) to work on /home/airflow/.local/lib/python3.12/site-packages/airflow/example_dags/example_bash_decorator.py
[2024-12-05T07:16:53.351+0000] {processor.py:830} INFO - Processing file /home/airflow/.local/lib/python3.12/site-packages/airflow/example_dags/example_bash_decorator.py for tasks to queue
[2024-12-05T07:16:53.353+0000] {logging_mixin.py:188} INFO - [2024-12-05T07:16:53.352+0000] {dagbag.py:545} INFO - Filling up the DagBag from /home/airflow/.local/lib/python3.12/site-packages/airflow/example_dags/example_bash_decorator.py
[2024-12-05T07:16:53.358+0000] {processor.py:840} INFO - DAG(s) 'example_bash_decorator' retrieved from /home/airflow/.local/lib/python3.12/site-packages/airflow/example_dags/example_bash_decorator.py
[2024-12-05T07:16:53.373+0000] {logging_mixin.py:188} INFO - [2024-12-05T07:16:53.373+0000] {dag.py:3096} INFO - Sync 1 DAGs
[2024-12-05T07:16:53.379+0000] {logging_mixin.py:188} INFO - [2024-12-05T07:16:53.379+0000] {dag.py:3954} INFO - Setting next_dagrun for example_bash_decorator to None, run_after=None
[2024-12-05T07:16:53.389+0000] {processor.py:183} INFO - Processing /home/airflow/.local/lib/python3.12/site-packages/airflow/example_dags/example_bash_decorator.py took 0.042 seconds
[2024-12-05T07:17:24.209+0000] {processor.py:161} INFO - Started process (PID=274) to work on /home/airflow/.local/lib/python3.12/site-packages/airflow/example_dags/example_bash_decorator.py
[2024-12-05T07:17:24.210+0000] {processor.py:830} INFO - Processing file /home/airflow/.local/lib/python3.12/site-packages/airflow/example_dags/example_bash_decorator.py for tasks to queue
[2024-12-05T07:17:24.211+0000] {logging_mixin.py:188} INFO - [2024-12-05T07:17:24.211+0000] {dagbag.py:545} INFO - Filling up the DagBag from /home/airflow/.local/lib/python3.12/site-packages/airflow/example_dags/example_bash_decorator.py
[2024-12-05T07:17:24.217+0000] {processor.py:840} INFO - DAG(s) 'example_bash_decorator' retrieved from /home/airflow/.local/lib/python3.12/site-packages/airflow/example_dags/example_bash_decorator.py
[2024-12-05T07:17:24.231+0000] {logging_mixin.py:188} INFO - [2024-12-05T07:17:24.231+0000] {dag.py:3096} INFO - Sync 1 DAGs
[2024-12-05T07:17:24.238+0000] {logging_mixin.py:188} INFO - [2024-12-05T07:17:24.238+0000] {dag.py:3954} INFO - Setting next_dagrun for example_bash_decorator to None, run_after=None
[2024-12-05T07:17:24.246+0000] {processor.py:183} INFO - Processing /home/airflow/.local/lib/python3.12/site-packages/airflow/example_dags/example_bash_decorator.py took 0.040 seconds
[2024-12-05T07:17:54.824+0000] {processor.py:161} INFO - Started process (PID=335) to work on /home/airflow/.local/lib/python3.12/site-packages/airflow/example_dags/example_bash_decorator.py
[2024-12-05T07:17:54.825+0000] {processor.py:830} INFO - Processing file /home/airflow/.local/lib/python3.12/site-packages/airflow/example_dags/example_bash_decorator.py for tasks to queue
[2024-12-05T07:17:54.826+0000] {logging_mixin.py:188} INFO - [2024-12-05T07:17:54.825+0000] {dagbag.py:545} INFO - Filling up the DagBag from /home/airflow/.local/lib/python3.12/site-packages/airflow/example_dags/example_bash_decorator.py
[2024-12-05T07:17:54.832+0000] {processor.py:840} INFO - DAG(s) 'example_bash_decorator' retrieved from /home/airflow/.local/lib/python3.12/site-packages/airflow/example_dags/example_bash_decorator.py
[2024-12-05T07:17:54.843+0000] {logging_mixin.py:188} INFO - [2024-12-05T07:17:54.843+0000] {dag.py:3096} INFO - Sync 1 DAGs
[2024-12-05T07:17:54.848+0000] {logging_mixin.py:188} INFO - [2024-12-05T07:17:54.848+0000] {dag.py:3954} INFO - Setting next_dagrun for example_bash_decorator to None, run_after=None
[2024-12-05T07:17:54.854+0000] {processor.py:183} INFO - Processing /home/airflow/.local/lib/python3.12/site-packages/airflow/example_dags/example_bash_decorator.py took 0.034 seconds
