[2024-12-05T07:16:22.995+0000] {processor.py:161} INFO - Started process (PID=155) to work on /home/airflow/.local/lib/python3.12/site-packages/airflow/example_dags/example_setup_teardown.py
[2024-12-05T07:16:22.996+0000] {processor.py:830} INFO - Processing file /home/airflow/.local/lib/python3.12/site-packages/airflow/example_dags/example_setup_teardown.py for tasks to queue
[2024-12-05T07:16:22.997+0000] {logging_mixin.py:188} INFO - [2024-12-05T07:16:22.997+0000] {dagbag.py:545} INFO - Filling up the DagBag from /home/airflow/.local/lib/python3.12/site-packages/airflow/example_dags/example_setup_teardown.py
[2024-12-05T07:16:23.001+0000] {processor.py:840} INFO - DAG(s) 'example_setup_teardown' retrieved from /home/airflow/.local/lib/python3.12/site-packages/airflow/example_dags/example_setup_teardown.py
[2024-12-05T07:16:23.044+0000] {logging_mixin.py:188} INFO - [2024-12-05T07:16:23.044+0000] {dag.py:3096} INFO - Sync 1 DAGs
[2024-12-05T07:16:23.053+0000] {logging_mixin.py:188} INFO - [2024-12-05T07:16:23.053+0000] {dag.py:3954} INFO - Setting next_dagrun for example_setup_teardown to 2024-12-04 00:00:00+00:00, run_after=2024-12-05 00:00:00+00:00
[2024-12-05T07:16:23.062+0000] {processor.py:183} INFO - Processing /home/airflow/.local/lib/python3.12/site-packages/airflow/example_dags/example_setup_teardown.py took 0.070 seconds
[2024-12-05T07:16:53.453+0000] {processor.py:161} INFO - Started process (PID=216) to work on /home/airflow/.local/lib/python3.12/site-packages/airflow/example_dags/example_setup_teardown.py
[2024-12-05T07:16:53.455+0000] {processor.py:830} INFO - Processing file /home/airflow/.local/lib/python3.12/site-packages/airflow/example_dags/example_setup_teardown.py for tasks to queue
[2024-12-05T07:16:53.456+0000] {logging_mixin.py:188} INFO - [2024-12-05T07:16:53.456+0000] {dagbag.py:545} INFO - Filling up the DagBag from /home/airflow/.local/lib/python3.12/site-packages/airflow/example_dags/example_setup_teardown.py
[2024-12-05T07:16:53.459+0000] {processor.py:840} INFO - DAG(s) 'example_setup_teardown' retrieved from /home/airflow/.local/lib/python3.12/site-packages/airflow/example_dags/example_setup_teardown.py
[2024-12-05T07:16:53.477+0000] {logging_mixin.py:188} INFO - [2024-12-05T07:16:53.477+0000] {dag.py:3096} INFO - Sync 1 DAGs
[2024-12-05T07:16:53.487+0000] {logging_mixin.py:188} INFO - [2024-12-05T07:16:53.487+0000] {dag.py:3954} INFO - Setting next_dagrun for example_setup_teardown to 2024-12-04 00:00:00+00:00, run_after=2024-12-05 00:00:00+00:00
[2024-12-05T07:16:53.496+0000] {processor.py:183} INFO - Processing /home/airflow/.local/lib/python3.12/site-packages/airflow/example_dags/example_setup_teardown.py took 0.046 seconds
[2024-12-05T07:17:24.277+0000] {processor.py:161} INFO - Started process (PID=277) to work on /home/airflow/.local/lib/python3.12/site-packages/airflow/example_dags/example_setup_teardown.py
[2024-12-05T07:17:24.279+0000] {processor.py:830} INFO - Processing file /home/airflow/.local/lib/python3.12/site-packages/airflow/example_dags/example_setup_teardown.py for tasks to queue
[2024-12-05T07:17:24.281+0000] {logging_mixin.py:188} INFO - [2024-12-05T07:17:24.281+0000] {dagbag.py:545} INFO - Filling up the DagBag from /home/airflow/.local/lib/python3.12/site-packages/airflow/example_dags/example_setup_teardown.py
[2024-12-05T07:17:24.285+0000] {processor.py:840} INFO - DAG(s) 'example_setup_teardown' retrieved from /home/airflow/.local/lib/python3.12/site-packages/airflow/example_dags/example_setup_teardown.py
[2024-12-05T07:17:24.302+0000] {logging_mixin.py:188} INFO - [2024-12-05T07:17:24.302+0000] {dag.py:3096} INFO - Sync 1 DAGs
[2024-12-05T07:17:24.313+0000] {logging_mixin.py:188} INFO - [2024-12-05T07:17:24.313+0000] {dag.py:3954} INFO - Setting next_dagrun for example_setup_teardown to 2024-12-04 00:00:00+00:00, run_after=2024-12-05 00:00:00+00:00
[2024-12-05T07:17:24.324+0000] {processor.py:183} INFO - Processing /home/airflow/.local/lib/python3.12/site-packages/airflow/example_dags/example_setup_teardown.py took 0.051 seconds
[2024-12-05T07:17:54.934+0000] {processor.py:161} INFO - Started process (PID=338) to work on /home/airflow/.local/lib/python3.12/site-packages/airflow/example_dags/example_setup_teardown.py
[2024-12-05T07:17:54.935+0000] {processor.py:830} INFO - Processing file /home/airflow/.local/lib/python3.12/site-packages/airflow/example_dags/example_setup_teardown.py for tasks to queue
[2024-12-05T07:17:54.936+0000] {logging_mixin.py:188} INFO - [2024-12-05T07:17:54.936+0000] {dagbag.py:545} INFO - Filling up the DagBag from /home/airflow/.local/lib/python3.12/site-packages/airflow/example_dags/example_setup_teardown.py
[2024-12-05T07:17:54.942+0000] {processor.py:840} INFO - DAG(s) 'example_setup_teardown' retrieved from /home/airflow/.local/lib/python3.12/site-packages/airflow/example_dags/example_setup_teardown.py
[2024-12-05T07:17:54.955+0000] {logging_mixin.py:188} INFO - [2024-12-05T07:17:54.955+0000] {dag.py:3096} INFO - Sync 1 DAGs
[2024-12-05T07:17:54.966+0000] {logging_mixin.py:188} INFO - [2024-12-05T07:17:54.966+0000] {dag.py:3954} INFO - Setting next_dagrun for example_setup_teardown to 2024-12-04 00:00:00+00:00, run_after=2024-12-05 00:00:00+00:00
[2024-12-05T07:17:54.975+0000] {processor.py:183} INFO - Processing /home/airflow/.local/lib/python3.12/site-packages/airflow/example_dags/example_setup_teardown.py took 0.045 seconds
