[2024-12-05T07:16:21.657+0000] {processor.py:161} INFO - Started process (PID=141) to work on /home/airflow/.local/lib/python3.12/site-packages/airflow/example_dags/example_kubernetes_executor.py
[2024-12-05T07:16:21.658+0000] {processor.py:830} INFO - Processing file /home/airflow/.local/lib/python3.12/site-packages/airflow/example_dags/example_kubernetes_executor.py for tasks to queue
[2024-12-05T07:16:21.661+0000] {logging_mixin.py:188} INFO - [2024-12-05T07:16:21.661+0000] {dagbag.py:545} INFO - Filling up the DagBag from /home/airflow/.local/lib/python3.12/site-packages/airflow/example_dags/example_kubernetes_executor.py
[2024-12-05T07:16:21.669+0000] {processor.py:840} INFO - DAG(s) 'example_kubernetes_executor' retrieved from /home/airflow/.local/lib/python3.12/site-packages/airflow/example_dags/example_kubernetes_executor.py
[2024-12-05T07:16:21.728+0000] {logging_mixin.py:188} INFO - [2024-12-05T07:16:21.727+0000] {dag.py:3096} INFO - Sync 1 DAGs
[2024-12-05T07:16:21.736+0000] {logging_mixin.py:188} INFO - [2024-12-05T07:16:21.736+0000] {dag.py:3954} INFO - Setting next_dagrun for example_kubernetes_executor to None, run_after=None
[2024-12-05T07:16:21.750+0000] {processor.py:183} INFO - Processing /home/airflow/.local/lib/python3.12/site-packages/airflow/example_dags/example_kubernetes_executor.py took 0.096 seconds
[2024-12-05T07:16:51.947+0000] {processor.py:161} INFO - Started process (PID=202) to work on /home/airflow/.local/lib/python3.12/site-packages/airflow/example_dags/example_kubernetes_executor.py
[2024-12-05T07:16:51.947+0000] {processor.py:830} INFO - Processing file /home/airflow/.local/lib/python3.12/site-packages/airflow/example_dags/example_kubernetes_executor.py for tasks to queue
[2024-12-05T07:16:51.948+0000] {logging_mixin.py:188} INFO - [2024-12-05T07:16:51.948+0000] {dagbag.py:545} INFO - Filling up the DagBag from /home/airflow/.local/lib/python3.12/site-packages/airflow/example_dags/example_kubernetes_executor.py
[2024-12-05T07:16:51.953+0000] {processor.py:840} INFO - DAG(s) 'example_kubernetes_executor' retrieved from /home/airflow/.local/lib/python3.12/site-packages/airflow/example_dags/example_kubernetes_executor.py
[2024-12-05T07:16:51.968+0000] {logging_mixin.py:188} INFO - [2024-12-05T07:16:51.968+0000] {dag.py:3096} INFO - Sync 1 DAGs
[2024-12-05T07:16:51.972+0000] {logging_mixin.py:188} INFO - [2024-12-05T07:16:51.972+0000] {dag.py:3954} INFO - Setting next_dagrun for example_kubernetes_executor to None, run_after=None
[2024-12-05T07:16:51.978+0000] {processor.py:183} INFO - Processing /home/airflow/.local/lib/python3.12/site-packages/airflow/example_dags/example_kubernetes_executor.py took 0.034 seconds
[2024-12-05T07:17:22.540+0000] {processor.py:161} INFO - Started process (PID=263) to work on /home/airflow/.local/lib/python3.12/site-packages/airflow/example_dags/example_kubernetes_executor.py
[2024-12-05T07:17:22.541+0000] {processor.py:830} INFO - Processing file /home/airflow/.local/lib/python3.12/site-packages/airflow/example_dags/example_kubernetes_executor.py for tasks to queue
[2024-12-05T07:17:22.542+0000] {logging_mixin.py:188} INFO - [2024-12-05T07:17:22.542+0000] {dagbag.py:545} INFO - Filling up the DagBag from /home/airflow/.local/lib/python3.12/site-packages/airflow/example_dags/example_kubernetes_executor.py
[2024-12-05T07:17:22.556+0000] {processor.py:840} INFO - DAG(s) 'example_kubernetes_executor' retrieved from /home/airflow/.local/lib/python3.12/site-packages/airflow/example_dags/example_kubernetes_executor.py
[2024-12-05T07:17:22.583+0000] {logging_mixin.py:188} INFO - [2024-12-05T07:17:22.582+0000] {dag.py:3096} INFO - Sync 1 DAGs
[2024-12-05T07:17:22.593+0000] {logging_mixin.py:188} INFO - [2024-12-05T07:17:22.593+0000] {dag.py:3954} INFO - Setting next_dagrun for example_kubernetes_executor to None, run_after=None
[2024-12-05T07:17:22.612+0000] {processor.py:183} INFO - Processing /home/airflow/.local/lib/python3.12/site-packages/airflow/example_dags/example_kubernetes_executor.py took 0.077 seconds
[2024-12-05T07:17:53.322+0000] {processor.py:161} INFO - Started process (PID=324) to work on /home/airflow/.local/lib/python3.12/site-packages/airflow/example_dags/example_kubernetes_executor.py
[2024-12-05T07:17:53.322+0000] {processor.py:830} INFO - Processing file /home/airflow/.local/lib/python3.12/site-packages/airflow/example_dags/example_kubernetes_executor.py for tasks to queue
[2024-12-05T07:17:53.324+0000] {logging_mixin.py:188} INFO - [2024-12-05T07:17:53.324+0000] {dagbag.py:545} INFO - Filling up the DagBag from /home/airflow/.local/lib/python3.12/site-packages/airflow/example_dags/example_kubernetes_executor.py
[2024-12-05T07:17:53.330+0000] {processor.py:840} INFO - DAG(s) 'example_kubernetes_executor' retrieved from /home/airflow/.local/lib/python3.12/site-packages/airflow/example_dags/example_kubernetes_executor.py
[2024-12-05T07:17:53.350+0000] {logging_mixin.py:188} INFO - [2024-12-05T07:17:53.350+0000] {dag.py:3096} INFO - Sync 1 DAGs
[2024-12-05T07:17:53.355+0000] {logging_mixin.py:188} INFO - [2024-12-05T07:17:53.355+0000] {dag.py:3954} INFO - Setting next_dagrun for example_kubernetes_executor to None, run_after=None
[2024-12-05T07:17:53.361+0000] {processor.py:183} INFO - Processing /home/airflow/.local/lib/python3.12/site-packages/airflow/example_dags/example_kubernetes_executor.py took 0.042 seconds
