[2024-12-05T07:16:23.315+0000] {processor.py:161} INFO - Started process (PID=161) to work on /home/airflow/.local/lib/python3.12/site-packages/airflow/example_dags/example_dynamic_task_mapping_with_no_taskflow_operators.py
[2024-12-05T07:16:23.316+0000] {processor.py:830} INFO - Processing file /home/airflow/.local/lib/python3.12/site-packages/airflow/example_dags/example_dynamic_task_mapping_with_no_taskflow_operators.py for tasks to queue
[2024-12-05T07:16:23.317+0000] {logging_mixin.py:188} INFO - [2024-12-05T07:16:23.317+0000] {dagbag.py:545} INFO - Filling up the DagBag from /home/airflow/.local/lib/python3.12/site-packages/airflow/example_dags/example_dynamic_task_mapping_with_no_taskflow_operators.py
[2024-12-05T07:16:23.321+0000] {processor.py:840} INFO - DAG(s) 'example_dynamic_task_mapping_with_no_taskflow_operators' retrieved from /home/airflow/.local/lib/python3.12/site-packages/airflow/example_dags/example_dynamic_task_mapping_with_no_taskflow_operators.py
[2024-12-05T07:16:23.371+0000] {logging_mixin.py:188} INFO - [2024-12-05T07:16:23.370+0000] {dag.py:3096} INFO - Sync 1 DAGs
[2024-12-05T07:16:23.382+0000] {logging_mixin.py:188} INFO - [2024-12-05T07:16:23.382+0000] {dag.py:3954} INFO - Setting next_dagrun for example_dynamic_task_mapping_with_no_taskflow_operators to 2024-12-04 00:00:00+00:00, run_after=2024-12-05 00:00:00+00:00
[2024-12-05T07:16:23.396+0000] {processor.py:183} INFO - Processing /home/airflow/.local/lib/python3.12/site-packages/airflow/example_dags/example_dynamic_task_mapping_with_no_taskflow_operators.py took 0.084 seconds
[2024-12-05T07:16:53.646+0000] {processor.py:161} INFO - Started process (PID=222) to work on /home/airflow/.local/lib/python3.12/site-packages/airflow/example_dags/example_dynamic_task_mapping_with_no_taskflow_operators.py
[2024-12-05T07:16:53.649+0000] {processor.py:830} INFO - Processing file /home/airflow/.local/lib/python3.12/site-packages/airflow/example_dags/example_dynamic_task_mapping_with_no_taskflow_operators.py for tasks to queue
[2024-12-05T07:16:53.650+0000] {logging_mixin.py:188} INFO - [2024-12-05T07:16:53.650+0000] {dagbag.py:545} INFO - Filling up the DagBag from /home/airflow/.local/lib/python3.12/site-packages/airflow/example_dags/example_dynamic_task_mapping_with_no_taskflow_operators.py
[2024-12-05T07:16:53.654+0000] {processor.py:840} INFO - DAG(s) 'example_dynamic_task_mapping_with_no_taskflow_operators' retrieved from /home/airflow/.local/lib/python3.12/site-packages/airflow/example_dags/example_dynamic_task_mapping_with_no_taskflow_operators.py
[2024-12-05T07:16:53.663+0000] {logging_mixin.py:188} INFO - [2024-12-05T07:16:53.663+0000] {dag.py:3096} INFO - Sync 1 DAGs
[2024-12-05T07:16:53.674+0000] {logging_mixin.py:188} INFO - [2024-12-05T07:16:53.674+0000] {dag.py:3954} INFO - Setting next_dagrun for example_dynamic_task_mapping_with_no_taskflow_operators to 2024-12-04 00:00:00+00:00, run_after=2024-12-05 00:00:00+00:00
[2024-12-05T07:16:53.681+0000] {processor.py:183} INFO - Processing /home/airflow/.local/lib/python3.12/site-packages/airflow/example_dags/example_dynamic_task_mapping_with_no_taskflow_operators.py took 0.041 seconds
[2024-12-05T07:17:24.512+0000] {processor.py:161} INFO - Started process (PID=283) to work on /home/airflow/.local/lib/python3.12/site-packages/airflow/example_dags/example_dynamic_task_mapping_with_no_taskflow_operators.py
[2024-12-05T07:17:24.513+0000] {processor.py:830} INFO - Processing file /home/airflow/.local/lib/python3.12/site-packages/airflow/example_dags/example_dynamic_task_mapping_with_no_taskflow_operators.py for tasks to queue
[2024-12-05T07:17:24.514+0000] {logging_mixin.py:188} INFO - [2024-12-05T07:17:24.514+0000] {dagbag.py:545} INFO - Filling up the DagBag from /home/airflow/.local/lib/python3.12/site-packages/airflow/example_dags/example_dynamic_task_mapping_with_no_taskflow_operators.py
[2024-12-05T07:17:24.518+0000] {processor.py:840} INFO - DAG(s) 'example_dynamic_task_mapping_with_no_taskflow_operators' retrieved from /home/airflow/.local/lib/python3.12/site-packages/airflow/example_dags/example_dynamic_task_mapping_with_no_taskflow_operators.py
[2024-12-05T07:17:24.533+0000] {logging_mixin.py:188} INFO - [2024-12-05T07:17:24.533+0000] {dag.py:3096} INFO - Sync 1 DAGs
[2024-12-05T07:17:24.547+0000] {logging_mixin.py:188} INFO - [2024-12-05T07:17:24.547+0000] {dag.py:3954} INFO - Setting next_dagrun for example_dynamic_task_mapping_with_no_taskflow_operators to 2024-12-04 00:00:00+00:00, run_after=2024-12-05 00:00:00+00:00
[2024-12-05T07:17:24.564+0000] {processor.py:183} INFO - Processing /home/airflow/.local/lib/python3.12/site-packages/airflow/example_dags/example_dynamic_task_mapping_with_no_taskflow_operators.py took 0.055 seconds
[2024-12-05T07:17:55.077+0000] {processor.py:161} INFO - Started process (PID=344) to work on /home/airflow/.local/lib/python3.12/site-packages/airflow/example_dags/example_dynamic_task_mapping_with_no_taskflow_operators.py
[2024-12-05T07:17:55.078+0000] {processor.py:830} INFO - Processing file /home/airflow/.local/lib/python3.12/site-packages/airflow/example_dags/example_dynamic_task_mapping_with_no_taskflow_operators.py for tasks to queue
[2024-12-05T07:17:55.079+0000] {logging_mixin.py:188} INFO - [2024-12-05T07:17:55.078+0000] {dagbag.py:545} INFO - Filling up the DagBag from /home/airflow/.local/lib/python3.12/site-packages/airflow/example_dags/example_dynamic_task_mapping_with_no_taskflow_operators.py
[2024-12-05T07:17:55.082+0000] {processor.py:840} INFO - DAG(s) 'example_dynamic_task_mapping_with_no_taskflow_operators' retrieved from /home/airflow/.local/lib/python3.12/site-packages/airflow/example_dags/example_dynamic_task_mapping_with_no_taskflow_operators.py
[2024-12-05T07:17:55.090+0000] {logging_mixin.py:188} INFO - [2024-12-05T07:17:55.090+0000] {dag.py:3096} INFO - Sync 1 DAGs
[2024-12-05T07:17:55.099+0000] {logging_mixin.py:188} INFO - [2024-12-05T07:17:55.099+0000] {dag.py:3954} INFO - Setting next_dagrun for example_dynamic_task_mapping_with_no_taskflow_operators to 2024-12-04 00:00:00+00:00, run_after=2024-12-05 00:00:00+00:00
[2024-12-05T07:17:55.109+0000] {processor.py:183} INFO - Processing /home/airflow/.local/lib/python3.12/site-packages/airflow/example_dags/example_dynamic_task_mapping_with_no_taskflow_operators.py took 0.034 seconds
