[2024-12-05T07:16:23.420+0000] {processor.py:161} INFO - Started process (PID=162) to work on /home/airflow/.local/lib/python3.12/site-packages/airflow/example_dags/tutorial_objectstorage.py
[2024-12-05T07:16:23.421+0000] {processor.py:830} INFO - Processing file /home/airflow/.local/lib/python3.12/site-packages/airflow/example_dags/tutorial_objectstorage.py for tasks to queue
[2024-12-05T07:16:23.422+0000] {logging_mixin.py:188} INFO - [2024-12-05T07:16:23.422+0000] {dagbag.py:545} INFO - Filling up the DagBag from /home/airflow/.local/lib/python3.12/site-packages/airflow/example_dags/tutorial_objectstorage.py
[2024-12-05T07:16:23.428+0000] {processor.py:840} INFO - DAG(s) 'tutorial_objectstorage' retrieved from /home/airflow/.local/lib/python3.12/site-packages/airflow/example_dags/tutorial_objectstorage.py
[2024-12-05T07:16:23.477+0000] {logging_mixin.py:188} INFO - [2024-12-05T07:16:23.477+0000] {dag.py:3096} INFO - Sync 1 DAGs
[2024-12-05T07:16:23.481+0000] {logging_mixin.py:188} INFO - [2024-12-05T07:16:23.481+0000] {dag.py:3954} INFO - Setting next_dagrun for tutorial_objectstorage to None, run_after=None
[2024-12-05T07:16:23.489+0000] {processor.py:183} INFO - Processing /home/airflow/.local/lib/python3.12/site-packages/airflow/example_dags/tutorial_objectstorage.py took 0.073 seconds
[2024-12-05T07:16:53.686+0000] {processor.py:161} INFO - Started process (PID=223) to work on /home/airflow/.local/lib/python3.12/site-packages/airflow/example_dags/tutorial_objectstorage.py
[2024-12-05T07:16:53.687+0000] {processor.py:830} INFO - Processing file /home/airflow/.local/lib/python3.12/site-packages/airflow/example_dags/tutorial_objectstorage.py for tasks to queue
[2024-12-05T07:16:53.688+0000] {logging_mixin.py:188} INFO - [2024-12-05T07:16:53.688+0000] {dagbag.py:545} INFO - Filling up the DagBag from /home/airflow/.local/lib/python3.12/site-packages/airflow/example_dags/tutorial_objectstorage.py
[2024-12-05T07:16:53.693+0000] {processor.py:840} INFO - DAG(s) 'tutorial_objectstorage' retrieved from /home/airflow/.local/lib/python3.12/site-packages/airflow/example_dags/tutorial_objectstorage.py
[2024-12-05T07:16:53.706+0000] {logging_mixin.py:188} INFO - [2024-12-05T07:16:53.706+0000] {dag.py:3096} INFO - Sync 1 DAGs
[2024-12-05T07:16:53.714+0000] {logging_mixin.py:188} INFO - [2024-12-05T07:16:53.714+0000] {dag.py:3954} INFO - Setting next_dagrun for tutorial_objectstorage to None, run_after=None
[2024-12-05T07:16:53.725+0000] {processor.py:183} INFO - Processing /home/airflow/.local/lib/python3.12/site-packages/airflow/example_dags/tutorial_objectstorage.py took 0.043 seconds
[2024-12-05T07:17:24.517+0000] {processor.py:161} INFO - Started process (PID=284) to work on /home/airflow/.local/lib/python3.12/site-packages/airflow/example_dags/tutorial_objectstorage.py
[2024-12-05T07:17:24.517+0000] {processor.py:830} INFO - Processing file /home/airflow/.local/lib/python3.12/site-packages/airflow/example_dags/tutorial_objectstorage.py for tasks to queue
[2024-12-05T07:17:24.518+0000] {logging_mixin.py:188} INFO - [2024-12-05T07:17:24.518+0000] {dagbag.py:545} INFO - Filling up the DagBag from /home/airflow/.local/lib/python3.12/site-packages/airflow/example_dags/tutorial_objectstorage.py
[2024-12-05T07:17:24.523+0000] {processor.py:840} INFO - DAG(s) 'tutorial_objectstorage' retrieved from /home/airflow/.local/lib/python3.12/site-packages/airflow/example_dags/tutorial_objectstorage.py
[2024-12-05T07:17:24.538+0000] {logging_mixin.py:188} INFO - [2024-12-05T07:17:24.537+0000] {dag.py:3096} INFO - Sync 1 DAGs
[2024-12-05T07:17:24.544+0000] {logging_mixin.py:188} INFO - [2024-12-05T07:17:24.544+0000] {dag.py:3954} INFO - Setting next_dagrun for tutorial_objectstorage to None, run_after=None
[2024-12-05T07:17:24.555+0000] {processor.py:183} INFO - Processing /home/airflow/.local/lib/python3.12/site-packages/airflow/example_dags/tutorial_objectstorage.py took 0.041 seconds
[2024-12-05T07:17:55.087+0000] {processor.py:161} INFO - Started process (PID=345) to work on /home/airflow/.local/lib/python3.12/site-packages/airflow/example_dags/tutorial_objectstorage.py
[2024-12-05T07:17:55.090+0000] {processor.py:830} INFO - Processing file /home/airflow/.local/lib/python3.12/site-packages/airflow/example_dags/tutorial_objectstorage.py for tasks to queue
[2024-12-05T07:17:55.091+0000] {logging_mixin.py:188} INFO - [2024-12-05T07:17:55.091+0000] {dagbag.py:545} INFO - Filling up the DagBag from /home/airflow/.local/lib/python3.12/site-packages/airflow/example_dags/tutorial_objectstorage.py
[2024-12-05T07:17:55.097+0000] {processor.py:840} INFO - DAG(s) 'tutorial_objectstorage' retrieved from /home/airflow/.local/lib/python3.12/site-packages/airflow/example_dags/tutorial_objectstorage.py
[2024-12-05T07:17:55.110+0000] {logging_mixin.py:188} INFO - [2024-12-05T07:17:55.110+0000] {dag.py:3096} INFO - Sync 1 DAGs
[2024-12-05T07:17:55.116+0000] {logging_mixin.py:188} INFO - [2024-12-05T07:17:55.116+0000] {dag.py:3954} INFO - Setting next_dagrun for tutorial_objectstorage to None, run_after=None
[2024-12-05T07:17:55.122+0000] {processor.py:183} INFO - Processing /home/airflow/.local/lib/python3.12/site-packages/airflow/example_dags/tutorial_objectstorage.py took 0.038 seconds
