[2024-12-05T07:16:19.335+0000] {processor.py:161} INFO - Started process (PID=121) to work on /home/airflow/.local/lib/python3.12/site-packages/airflow/example_dags/tutorial_dag.py
[2024-12-05T07:16:19.336+0000] {processor.py:830} INFO - Processing file /home/airflow/.local/lib/python3.12/site-packages/airflow/example_dags/tutorial_dag.py for tasks to queue
[2024-12-05T07:16:19.340+0000] {logging_mixin.py:188} INFO - [2024-12-05T07:16:19.340+0000] {dagbag.py:545} INFO - Filling up the DagBag from /home/airflow/.local/lib/python3.12/site-packages/airflow/example_dags/tutorial_dag.py
[2024-12-05T07:16:19.415+0000] {processor.py:840} INFO - DAG(s) 'tutorial_dag' retrieved from /home/airflow/.local/lib/python3.12/site-packages/airflow/example_dags/tutorial_dag.py
[2024-12-05T07:16:19.535+0000] {logging_mixin.py:188} INFO - [2024-12-05T07:16:19.535+0000] {dag.py:3096} INFO - Sync 1 DAGs
[2024-12-05T07:16:19.542+0000] {logging_mixin.py:188} INFO - [2024-12-05T07:16:19.541+0000] {dag.py:3954} INFO - Setting next_dagrun for tutorial_dag to None, run_after=None
[2024-12-05T07:16:19.562+0000] {processor.py:183} INFO - Processing /home/airflow/.local/lib/python3.12/site-packages/airflow/example_dags/tutorial_dag.py took 0.236 seconds
[2024-12-05T07:16:50.317+0000] {processor.py:161} INFO - Started process (PID=182) to work on /home/airflow/.local/lib/python3.12/site-packages/airflow/example_dags/tutorial_dag.py
[2024-12-05T07:16:50.318+0000] {processor.py:830} INFO - Processing file /home/airflow/.local/lib/python3.12/site-packages/airflow/example_dags/tutorial_dag.py for tasks to queue
[2024-12-05T07:16:50.320+0000] {logging_mixin.py:188} INFO - [2024-12-05T07:16:50.320+0000] {dagbag.py:545} INFO - Filling up the DagBag from /home/airflow/.local/lib/python3.12/site-packages/airflow/example_dags/tutorial_dag.py
[2024-12-05T07:16:50.324+0000] {processor.py:840} INFO - DAG(s) 'tutorial_dag' retrieved from /home/airflow/.local/lib/python3.12/site-packages/airflow/example_dags/tutorial_dag.py
[2024-12-05T07:16:50.338+0000] {logging_mixin.py:188} INFO - [2024-12-05T07:16:50.338+0000] {dag.py:3096} INFO - Sync 1 DAGs
[2024-12-05T07:16:50.344+0000] {logging_mixin.py:188} INFO - [2024-12-05T07:16:50.344+0000] {dag.py:3954} INFO - Setting next_dagrun for tutorial_dag to None, run_after=None
[2024-12-05T07:16:50.355+0000] {processor.py:183} INFO - Processing /home/airflow/.local/lib/python3.12/site-packages/airflow/example_dags/tutorial_dag.py took 0.041 seconds
[2024-12-05T07:17:20.652+0000] {processor.py:161} INFO - Started process (PID=243) to work on /home/airflow/.local/lib/python3.12/site-packages/airflow/example_dags/tutorial_dag.py
[2024-12-05T07:17:20.653+0000] {processor.py:830} INFO - Processing file /home/airflow/.local/lib/python3.12/site-packages/airflow/example_dags/tutorial_dag.py for tasks to queue
[2024-12-05T07:17:20.654+0000] {logging_mixin.py:188} INFO - [2024-12-05T07:17:20.654+0000] {dagbag.py:545} INFO - Filling up the DagBag from /home/airflow/.local/lib/python3.12/site-packages/airflow/example_dags/tutorial_dag.py
[2024-12-05T07:17:20.656+0000] {processor.py:840} INFO - DAG(s) 'tutorial_dag' retrieved from /home/airflow/.local/lib/python3.12/site-packages/airflow/example_dags/tutorial_dag.py
[2024-12-05T07:17:20.668+0000] {logging_mixin.py:188} INFO - [2024-12-05T07:17:20.668+0000] {dag.py:3096} INFO - Sync 1 DAGs
[2024-12-05T07:17:20.674+0000] {logging_mixin.py:188} INFO - [2024-12-05T07:17:20.674+0000] {dag.py:3954} INFO - Setting next_dagrun for tutorial_dag to None, run_after=None
[2024-12-05T07:17:20.687+0000] {processor.py:183} INFO - Processing /home/airflow/.local/lib/python3.12/site-packages/airflow/example_dags/tutorial_dag.py took 0.039 seconds
[2024-12-05T07:17:51.536+0000] {processor.py:161} INFO - Started process (PID=304) to work on /home/airflow/.local/lib/python3.12/site-packages/airflow/example_dags/tutorial_dag.py
[2024-12-05T07:17:51.537+0000] {processor.py:830} INFO - Processing file /home/airflow/.local/lib/python3.12/site-packages/airflow/example_dags/tutorial_dag.py for tasks to queue
[2024-12-05T07:17:51.538+0000] {logging_mixin.py:188} INFO - [2024-12-05T07:17:51.538+0000] {dagbag.py:545} INFO - Filling up the DagBag from /home/airflow/.local/lib/python3.12/site-packages/airflow/example_dags/tutorial_dag.py
[2024-12-05T07:17:51.542+0000] {processor.py:840} INFO - DAG(s) 'tutorial_dag' retrieved from /home/airflow/.local/lib/python3.12/site-packages/airflow/example_dags/tutorial_dag.py
[2024-12-05T07:17:51.555+0000] {logging_mixin.py:188} INFO - [2024-12-05T07:17:51.555+0000] {dag.py:3096} INFO - Sync 1 DAGs
[2024-12-05T07:17:51.564+0000] {logging_mixin.py:188} INFO - [2024-12-05T07:17:51.563+0000] {dag.py:3954} INFO - Setting next_dagrun for tutorial_dag to None, run_after=None
[2024-12-05T07:17:51.571+0000] {processor.py:183} INFO - Processing /home/airflow/.local/lib/python3.12/site-packages/airflow/example_dags/tutorial_dag.py took 0.039 seconds
