[2024-12-05T07:16:19.854+0000] {processor.py:161} INFO - Started process (PID=125) to work on /home/airflow/.local/lib/python3.12/site-packages/airflow/example_dags/tutorial.py
[2024-12-05T07:16:19.856+0000] {processor.py:830} INFO - Processing file /home/airflow/.local/lib/python3.12/site-packages/airflow/example_dags/tutorial.py for tasks to queue
[2024-12-05T07:16:19.861+0000] {logging_mixin.py:188} INFO - [2024-12-05T07:16:19.860+0000] {dagbag.py:545} INFO - Filling up the DagBag from /home/airflow/.local/lib/python3.12/site-packages/airflow/example_dags/tutorial.py
[2024-12-05T07:16:19.886+0000] {processor.py:840} INFO - DAG(s) 'tutorial' retrieved from /home/airflow/.local/lib/python3.12/site-packages/airflow/example_dags/tutorial.py
[2024-12-05T07:16:20.103+0000] {logging_mixin.py:188} INFO - [2024-12-05T07:16:20.102+0000] {dag.py:3096} INFO - Sync 1 DAGs
[2024-12-05T07:16:20.154+0000] {logging_mixin.py:188} INFO - [2024-12-05T07:16:20.154+0000] {dag.py:3954} INFO - Setting next_dagrun for tutorial to 2024-12-04 00:00:00+00:00, run_after=2024-12-05 00:00:00+00:00
[2024-12-05T07:16:20.192+0000] {processor.py:183} INFO - Processing /home/airflow/.local/lib/python3.12/site-packages/airflow/example_dags/tutorial.py took 0.352 seconds
[2024-12-05T07:16:50.449+0000] {processor.py:161} INFO - Started process (PID=186) to work on /home/airflow/.local/lib/python3.12/site-packages/airflow/example_dags/tutorial.py
[2024-12-05T07:16:50.450+0000] {processor.py:830} INFO - Processing file /home/airflow/.local/lib/python3.12/site-packages/airflow/example_dags/tutorial.py for tasks to queue
[2024-12-05T07:16:50.451+0000] {logging_mixin.py:188} INFO - [2024-12-05T07:16:50.451+0000] {dagbag.py:545} INFO - Filling up the DagBag from /home/airflow/.local/lib/python3.12/site-packages/airflow/example_dags/tutorial.py
[2024-12-05T07:16:50.454+0000] {processor.py:840} INFO - DAG(s) 'tutorial' retrieved from /home/airflow/.local/lib/python3.12/site-packages/airflow/example_dags/tutorial.py
[2024-12-05T07:16:50.463+0000] {logging_mixin.py:188} INFO - [2024-12-05T07:16:50.463+0000] {dag.py:3096} INFO - Sync 1 DAGs
[2024-12-05T07:16:50.471+0000] {logging_mixin.py:188} INFO - [2024-12-05T07:16:50.471+0000] {dag.py:3954} INFO - Setting next_dagrun for tutorial to 2024-12-04 00:00:00+00:00, run_after=2024-12-05 00:00:00+00:00
[2024-12-05T07:16:50.478+0000] {processor.py:183} INFO - Processing /home/airflow/.local/lib/python3.12/site-packages/airflow/example_dags/tutorial.py took 0.032 seconds
[2024-12-05T07:17:20.801+0000] {processor.py:161} INFO - Started process (PID=247) to work on /home/airflow/.local/lib/python3.12/site-packages/airflow/example_dags/tutorial.py
[2024-12-05T07:17:20.802+0000] {processor.py:830} INFO - Processing file /home/airflow/.local/lib/python3.12/site-packages/airflow/example_dags/tutorial.py for tasks to queue
[2024-12-05T07:17:20.803+0000] {logging_mixin.py:188} INFO - [2024-12-05T07:17:20.803+0000] {dagbag.py:545} INFO - Filling up the DagBag from /home/airflow/.local/lib/python3.12/site-packages/airflow/example_dags/tutorial.py
[2024-12-05T07:17:20.806+0000] {processor.py:840} INFO - DAG(s) 'tutorial' retrieved from /home/airflow/.local/lib/python3.12/site-packages/airflow/example_dags/tutorial.py
[2024-12-05T07:17:20.818+0000] {logging_mixin.py:188} INFO - [2024-12-05T07:17:20.818+0000] {dag.py:3096} INFO - Sync 1 DAGs
[2024-12-05T07:17:20.828+0000] {logging_mixin.py:188} INFO - [2024-12-05T07:17:20.828+0000] {dag.py:3954} INFO - Setting next_dagrun for tutorial to 2024-12-04 00:00:00+00:00, run_after=2024-12-05 00:00:00+00:00
[2024-12-05T07:17:20.836+0000] {processor.py:183} INFO - Processing /home/airflow/.local/lib/python3.12/site-packages/airflow/example_dags/tutorial.py took 0.039 seconds
[2024-12-05T07:17:51.728+0000] {processor.py:161} INFO - Started process (PID=308) to work on /home/airflow/.local/lib/python3.12/site-packages/airflow/example_dags/tutorial.py
[2024-12-05T07:17:51.730+0000] {processor.py:830} INFO - Processing file /home/airflow/.local/lib/python3.12/site-packages/airflow/example_dags/tutorial.py for tasks to queue
[2024-12-05T07:17:51.740+0000] {logging_mixin.py:188} INFO - [2024-12-05T07:17:51.739+0000] {dagbag.py:545} INFO - Filling up the DagBag from /home/airflow/.local/lib/python3.12/site-packages/airflow/example_dags/tutorial.py
[2024-12-05T07:17:51.744+0000] {processor.py:840} INFO - DAG(s) 'tutorial' retrieved from /home/airflow/.local/lib/python3.12/site-packages/airflow/example_dags/tutorial.py
[2024-12-05T07:17:51.760+0000] {logging_mixin.py:188} INFO - [2024-12-05T07:17:51.760+0000] {dag.py:3096} INFO - Sync 1 DAGs
[2024-12-05T07:17:51.775+0000] {logging_mixin.py:188} INFO - [2024-12-05T07:17:51.775+0000] {dag.py:3954} INFO - Setting next_dagrun for tutorial to 2024-12-04 00:00:00+00:00, run_after=2024-12-05 00:00:00+00:00
[2024-12-05T07:17:51.784+0000] {processor.py:183} INFO - Processing /home/airflow/.local/lib/python3.12/site-packages/airflow/example_dags/tutorial.py took 0.058 seconds
