[2024-12-04T23:16:56.053+0000] {local_task_job_runner.py:120} INFO - ::group::Pre task execution logs
[2024-12-04T23:16:56.070+0000] {taskinstance.py:2076} INFO - Dependencies all met for dep_context=non-requeueable deps ti=<TaskInstance: etl_tmdb_us_movies.load_tmdb_data_to_snowflake manual__2024-12-04T23:04:20.456807+00:00 [queued]>
[2024-12-04T23:16:56.073+0000] {taskinstance.py:2076} INFO - Dependencies all met for dep_context=requeueable deps ti=<TaskInstance: etl_tmdb_us_movies.load_tmdb_data_to_snowflake manual__2024-12-04T23:04:20.456807+00:00 [queued]>
[2024-12-04T23:16:56.073+0000] {taskinstance.py:2306} INFO - Starting attempt 3 of 4
[2024-12-04T23:16:56.078+0000] {taskinstance.py:2330} INFO - Executing <Task(_PythonDecoratedOperator): load_tmdb_data_to_snowflake> on 2024-12-04 23:04:20.456807+00:00
[2024-12-04T23:16:56.087+0000] {standard_task_runner.py:90} INFO - Running: ['***', 'tasks', 'run', 'etl_tmdb_us_movies', 'load_tmdb_data_to_snowflake', 'manual__2024-12-04T23:04:20.456807+00:00', '--job-id', '801', '--raw', '--subdir', 'DAGS_FOLDER/tmdb_historical.py', '--cfg-path', '/tmp/tmp52p88ij1']
[2024-12-04T23:16:56.090+0000] {standard_task_runner.py:91} INFO - Job 801: Subtask load_tmdb_data_to_snowflake
[2024-12-04T23:16:56.090+0000] {logging_mixin.py:188} WARNING - /home/***/.local/lib/python3.12/site-packages/***/task/task_runner/standard_task_runner.py:61 DeprecationWarning: This process (pid=75812) is multi-threaded, use of fork() may lead to deadlocks in the child.
[2024-12-04T23:16:56.092+0000] {standard_task_runner.py:63} INFO - Started process 75815 to run task
[2024-12-04T23:16:56.156+0000] {task_command.py:426} INFO - Running <TaskInstance: etl_tmdb_us_movies.load_tmdb_data_to_snowflake manual__2024-12-04T23:04:20.456807+00:00 [running]> on host bbf2723bdd9c
[2024-12-04T23:16:56.228+0000] {taskinstance.py:2648} INFO - Exporting env vars: AIRFLOW_CTX_DAG_OWNER='***' AIRFLOW_CTX_DAG_ID='etl_tmdb_us_movies' AIRFLOW_CTX_TASK_ID='load_tmdb_data_to_snowflake' AIRFLOW_CTX_EXECUTION_DATE='2024-12-04T23:04:20.456807+00:00' AIRFLOW_CTX_TRY_NUMBER='3' AIRFLOW_CTX_DAG_RUN_ID='manual__2024-12-04T23:04:20.456807+00:00'
[2024-12-04T23:16:56.229+0000] {taskinstance.py:430} INFO - ::endgroup::
[2024-12-04T23:16:56.233+0000] {base.py:84} INFO - Using connection ID 'snowflake_conn' for task execution.
[2024-12-04T23:16:56.233+0000] {connection.py:399} INFO - Snowflake Connector for Python Version: 3.10.0, Python Version: 3.12.3, Platform: Linux-6.10.14-linuxkit-aarch64-with-glibc2.36
[2024-12-04T23:16:56.234+0000] {connection.py:1239} INFO - This connection is in OCSP Fail Open Mode. TLS Certificates would be checked for validity and revocation status. Any other Certificate Revocation related exceptions or OCSP Responder failures would be disregarded in favor of connectivity.
[2024-12-04T23:16:56.769+0000] {logging_mixin.py:188} INFO - Starting transaction...
[2024-12-04T23:16:56.949+0000] {cursor.py:1149} INFO - Number of results in first chunk: 1
[2024-12-04T23:16:57.469+0000] {cursor.py:1149} INFO - Number of results in first chunk: 1
[2024-12-04T23:21:35.805+0000] {cursor.py:1149} INFO - Number of results in first chunk: 1
[2024-12-04T23:21:35.815+0000] {logging_mixin.py:188} INFO - Successfully loaded 400 records into Snowflake table: movies.raw_data.tmdb_data.
[2024-12-04T23:21:35.817+0000] {connection.py:762} INFO - closed
[2024-12-04T23:21:35.872+0000] {connection.py:768} INFO - No async queries seem to be running, deleting session
[2024-12-04T23:21:35.973+0000] {python.py:237} INFO - Done. Returned value was: None
[2024-12-04T23:21:35.975+0000] {taskinstance.py:441} INFO - ::group::Post task execution logs
[2024-12-04T23:21:35.997+0000] {taskinstance.py:1206} INFO - Marking task as SUCCESS. dag_id=etl_tmdb_us_movies, task_id=load_tmdb_data_to_snowflake, run_id=manual__2024-12-04T23:04:20.456807+00:00, execution_date=20241204T230420, start_date=20241204T231656, end_date=20241204T232135
[2024-12-04T23:21:36.055+0000] {local_task_job_runner.py:240} INFO - Task exited with return code 0
[2024-12-04T23:21:36.067+0000] {taskinstance.py:3498} INFO - 0 downstream tasks scheduled from follow-on schedule check
[2024-12-04T23:21:36.068+0000] {local_task_job_runner.py:222} INFO - ::endgroup::
