[2024-12-05T07:32:54.899+0000] {local_task_job_runner.py:120} INFO - ::group::Pre task execution logs
[2024-12-05T07:32:54.916+0000] {taskinstance.py:2076} INFO - Dependencies all met for dep_context=non-requeueable deps ti=<TaskInstance: dbt_elt_process.dbt_snapshot manual__2024-12-05T07:32:32.041590+00:00 [queued]>
[2024-12-05T07:32:54.920+0000] {taskinstance.py:2076} INFO - Dependencies all met for dep_context=requeueable deps ti=<TaskInstance: dbt_elt_process.dbt_snapshot manual__2024-12-05T07:32:32.041590+00:00 [queued]>
[2024-12-05T07:32:54.920+0000] {taskinstance.py:2306} INFO - Starting attempt 1 of 1
[2024-12-05T07:32:54.924+0000] {taskinstance.py:2330} INFO - Executing <Task(BashOperator): dbt_snapshot> on 2024-12-05 07:32:32.041590+00:00
[2024-12-05T07:32:54.929+0000] {standard_task_runner.py:90} INFO - Running: ['***', 'tasks', 'run', 'dbt_elt_process', 'dbt_snapshot', 'manual__2024-12-05T07:32:32.041590+00:00', '--job-id', '865', '--raw', '--subdir', 'DAGS_FOLDER/dbt_elt_process.py', '--cfg-path', '/tmp/tmpcg2ybytl']
[2024-12-05T07:32:54.931+0000] {standard_task_runner.py:91} INFO - Job 865: Subtask dbt_snapshot
[2024-12-05T07:32:54.931+0000] {logging_mixin.py:188} WARNING - /home/***/.local/lib/python3.12/site-packages/***/task/task_runner/standard_task_runner.py:61 DeprecationWarning: This process (pid=437) is multi-threaded, use of fork() may lead to deadlocks in the child.
[2024-12-05T07:32:54.932+0000] {standard_task_runner.py:63} INFO - Started process 438 to run task
[2024-12-05T07:32:54.950+0000] {task_command.py:426} INFO - Running <TaskInstance: dbt_elt_process.dbt_snapshot manual__2024-12-05T07:32:32.041590+00:00 [running]> on host a7c1fb604220
[2024-12-05T07:32:54.980+0000] {taskinstance.py:2648} INFO - Exporting env vars: AIRFLOW_CTX_DAG_OWNER='***' AIRFLOW_CTX_DAG_ID='dbt_elt_process' AIRFLOW_CTX_TASK_ID='dbt_snapshot' AIRFLOW_CTX_EXECUTION_DATE='2024-12-05T07:32:32.041590+00:00' AIRFLOW_CTX_TRY_NUMBER='1' AIRFLOW_CTX_DAG_RUN_ID='manual__2024-12-05T07:32:32.041590+00:00'
[2024-12-05T07:32:54.980+0000] {taskinstance.py:430} INFO - ::endgroup::
[2024-12-05T07:32:54.987+0000] {subprocess.py:63} INFO - Tmp dir root location: /tmp
[2024-12-05T07:32:54.987+0000] {subprocess.py:75} INFO - Running command: ['/usr/bin/bash', '-c', '/home/***/.local/bin/dbt snapshot --profiles-dir /opt/***/dbt_movie/ --project-dir /opt/***/dbt_movie/']
[2024-12-05T07:32:54.991+0000] {subprocess.py:86} INFO - Output:
[2024-12-05T07:32:55.801+0000] {subprocess.py:93} INFO - [0m07:32:55  Running with dbt=1.8.7
[2024-12-05T07:32:56.164+0000] {subprocess.py:93} INFO - [0m07:32:56  Registered adapter: snowflake=1.8.4
[2024-12-05T07:32:56.330+0000] {subprocess.py:93} INFO - [0m07:32:56  Found 5 models, 1 snapshot, 2 data tests, 7 sources, 459 macros
[2024-12-05T07:32:56.331+0000] {subprocess.py:93} INFO - [0m07:32:56
[2024-12-05T07:32:58.290+0000] {subprocess.py:93} INFO - [0m07:32:58  Concurrency: 1 threads (target='dev')
[2024-12-05T07:32:58.291+0000] {subprocess.py:93} INFO - [0m07:32:58
[2024-12-05T07:32:58.303+0000] {subprocess.py:93} INFO - [0m07:32:58  1 of 1 START snapshot snapshots.movie_analytics_snapshot ....................... [RUN]
[2024-12-05T07:33:02.154+0000] {subprocess.py:93} INFO - [0m07:33:02  1 of 1 OK snapshotted snapshots.movie_analytics_snapshot ....................... [[32mSUCCESS 0[0m in 3.85s]
[2024-12-05T07:33:02.165+0000] {subprocess.py:93} INFO - [0m07:33:02
[2024-12-05T07:33:02.165+0000] {subprocess.py:93} INFO - [0m07:33:02  Finished running 1 snapshot in 0 hours 0 minutes and 5.83 seconds (5.83s).
[2024-12-05T07:33:02.197+0000] {subprocess.py:93} INFO - [0m07:33:02
[2024-12-05T07:33:02.197+0000] {subprocess.py:93} INFO - [0m07:33:02  [32mCompleted successfully[0m
[2024-12-05T07:33:02.197+0000] {subprocess.py:93} INFO - [0m07:33:02
[2024-12-05T07:33:02.198+0000] {subprocess.py:93} INFO - [0m07:33:02  Done. PASS=1 WARN=0 ERROR=0 SKIP=0 TOTAL=1
[2024-12-05T07:33:02.845+0000] {subprocess.py:97} INFO - Command exited with return code 0
[2024-12-05T07:33:02.846+0000] {taskinstance.py:441} INFO - ::group::Post task execution logs
[2024-12-05T07:33:02.874+0000] {taskinstance.py:1206} INFO - Marking task as SUCCESS. dag_id=dbt_elt_process, task_id=dbt_snapshot, run_id=manual__2024-12-05T07:32:32.041590+00:00, execution_date=20241205T073232, start_date=20241205T073254, end_date=20241205T073302
[2024-12-05T07:33:02.912+0000] {local_task_job_runner.py:240} INFO - Task exited with return code 0
[2024-12-05T07:33:02.921+0000] {taskinstance.py:3498} INFO - 0 downstream tasks scheduled from follow-on schedule check
[2024-12-05T07:33:02.922+0000] {local_task_job_runner.py:222} INFO - ::endgroup::
