[2024-12-05T07:32:33.122+0000] {local_task_job_runner.py:120} INFO - ::group::Pre task execution logs
[2024-12-05T07:32:33.150+0000] {taskinstance.py:2076} INFO - Dependencies all met for dep_context=non-requeueable deps ti=<TaskInstance: dbt_elt_process.dbt_run manual__2024-12-05T07:32:32.041590+00:00 [queued]>
[2024-12-05T07:32:33.157+0000] {taskinstance.py:2076} INFO - Dependencies all met for dep_context=requeueable deps ti=<TaskInstance: dbt_elt_process.dbt_run manual__2024-12-05T07:32:32.041590+00:00 [queued]>
[2024-12-05T07:32:33.157+0000] {taskinstance.py:2306} INFO - Starting attempt 1 of 1
[2024-12-05T07:32:33.163+0000] {taskinstance.py:2330} INFO - Executing <Task(BashOperator): dbt_run> on 2024-12-05 07:32:32.041590+00:00
[2024-12-05T07:32:33.174+0000] {standard_task_runner.py:90} INFO - Running: ['***', 'tasks', 'run', 'dbt_elt_process', 'dbt_run', 'manual__2024-12-05T07:32:32.041590+00:00', '--job-id', '863', '--raw', '--subdir', 'DAGS_FOLDER/dbt_elt_process.py', '--cfg-path', '/tmp/tmpshjwuni_']
[2024-12-05T07:32:33.177+0000] {standard_task_runner.py:91} INFO - Job 863: Subtask dbt_run
[2024-12-05T07:32:33.177+0000] {logging_mixin.py:188} WARNING - /home/***/.local/lib/python3.12/site-packages/***/task/task_runner/standard_task_runner.py:61 DeprecationWarning: This process (pid=366) is multi-threaded, use of fork() may lead to deadlocks in the child.
[2024-12-05T07:32:33.178+0000] {standard_task_runner.py:63} INFO - Started process 367 to run task
[2024-12-05T07:32:33.217+0000] {task_command.py:426} INFO - Running <TaskInstance: dbt_elt_process.dbt_run manual__2024-12-05T07:32:32.041590+00:00 [running]> on host a7c1fb604220
[2024-12-05T07:32:33.264+0000] {taskinstance.py:2648} INFO - Exporting env vars: AIRFLOW_CTX_DAG_OWNER='***' AIRFLOW_CTX_DAG_ID='dbt_elt_process' AIRFLOW_CTX_TASK_ID='dbt_run' AIRFLOW_CTX_EXECUTION_DATE='2024-12-05T07:32:32.041590+00:00' AIRFLOW_CTX_TRY_NUMBER='1' AIRFLOW_CTX_DAG_RUN_ID='manual__2024-12-05T07:32:32.041590+00:00'
[2024-12-05T07:32:33.265+0000] {taskinstance.py:430} INFO - ::endgroup::
[2024-12-05T07:32:33.274+0000] {subprocess.py:63} INFO - Tmp dir root location: /tmp
[2024-12-05T07:32:33.275+0000] {subprocess.py:75} INFO - Running command: ['/usr/bin/bash', '-c', '/home/***/.local/bin/dbt run --profiles-dir /opt/***/dbt_movie/ --project-dir /opt/***/dbt_movie/']
[2024-12-05T07:32:33.284+0000] {subprocess.py:86} INFO - Output:
[2024-12-05T07:32:34.355+0000] {subprocess.py:93} INFO - [0m07:32:34  Running with dbt=1.8.7
[2024-12-05T07:32:34.868+0000] {subprocess.py:93} INFO - [0m07:32:34  Registered adapter: snowflake=1.8.4
[2024-12-05T07:32:34.961+0000] {subprocess.py:93} INFO - [0m07:32:34  Unable to do partial parsing because profile has changed
[2024-12-05T07:32:35.545+0000] {subprocess.py:93} INFO - [0m07:32:35  [[33mWARNING[0m]: Deprecated functionality
[2024-12-05T07:32:35.551+0000] {subprocess.py:93} INFO - The `tests` config has been renamed to `data_tests`. Please see
[2024-12-05T07:32:35.551+0000] {subprocess.py:93} INFO - https://docs.getdbt.com/docs/build/data-tests#new-data_tests-syntax for more
[2024-12-05T07:32:35.551+0000] {subprocess.py:93} INFO - information.
[2024-12-05T07:32:36.016+0000] {subprocess.py:93} INFO - [0m07:32:36  Found 5 models, 1 snapshot, 2 data tests, 7 sources, 459 macros
[2024-12-05T07:32:36.019+0000] {subprocess.py:93} INFO - [0m07:32:36
[2024-12-05T07:32:38.624+0000] {subprocess.py:93} INFO - [0m07:32:38  Concurrency: 1 threads (target='dev')
[2024-12-05T07:32:38.628+0000] {subprocess.py:93} INFO - [0m07:32:38
[2024-12-05T07:32:38.645+0000] {subprocess.py:93} INFO - [0m07:32:38  1 of 5 START sql view model analytics.staging_imdb_tmdb_movies ................. [RUN]
[2024-12-05T07:32:39.822+0000] {subprocess.py:93} INFO - [0m07:32:39  1 of 5 OK created sql view model analytics.staging_imdb_tmdb_movies ............ [[32mSUCCESS 1[0m in 1.17s]
[2024-12-05T07:32:39.826+0000] {subprocess.py:93} INFO - [0m07:32:39  2 of 5 START sql table model analytics.avg_vote_count_by_genre ................. [RUN]
[2024-12-05T07:32:41.675+0000] {subprocess.py:93} INFO - [0m07:32:41  2 of 5 OK created sql table model analytics.avg_vote_count_by_genre ............ [[32mSUCCESS 1[0m in 1.84s]
[2024-12-05T07:32:41.679+0000] {subprocess.py:93} INFO - [0m07:32:41  3 of 5 START sql table model analytics.movies_by_genre ......................... [RUN]
[2024-12-05T07:32:43.200+0000] {subprocess.py:93} INFO - [0m07:32:43  3 of 5 OK created sql table model analytics.movies_by_genre .................... [[32mSUCCESS 1[0m in 1.52s]
[2024-12-05T07:32:43.202+0000] {subprocess.py:93} INFO - [0m07:32:43  4 of 5 START sql table model analytics.movies_by_release_year .................. [RUN]
[2024-12-05T07:32:44.986+0000] {subprocess.py:93} INFO - [0m07:32:44  4 of 5 OK created sql table model analytics.movies_by_release_year ............. [[32mSUCCESS 1[0m in 1.78s]
[2024-12-05T07:32:44.991+0000] {subprocess.py:93} INFO - [0m07:32:44  5 of 5 START sql table model analytics.top_10_most_popular_movies .............. [RUN]
[2024-12-05T07:32:46.952+0000] {subprocess.py:93} INFO - [0m07:32:46  5 of 5 OK created sql table model analytics.top_10_most_popular_movies ......... [[32mSUCCESS 1[0m in 1.96s]
[2024-12-05T07:32:46.959+0000] {subprocess.py:93} INFO - [0m07:32:46
[2024-12-05T07:32:46.960+0000] {subprocess.py:93} INFO - [0m07:32:46  Finished running 1 view model, 4 table models in 0 hours 0 minutes and 10.94 seconds (10.94s).
[2024-12-05T07:32:46.996+0000] {subprocess.py:93} INFO - [0m07:32:46
[2024-12-05T07:32:46.996+0000] {subprocess.py:93} INFO - [0m07:32:46  [32mCompleted successfully[0m
[2024-12-05T07:32:46.997+0000] {subprocess.py:93} INFO - [0m07:32:46
[2024-12-05T07:32:46.997+0000] {subprocess.py:93} INFO - [0m07:32:46  Done. PASS=5 WARN=0 ERROR=0 SKIP=0 TOTAL=5
[2024-12-05T07:32:47.925+0000] {subprocess.py:97} INFO - Command exited with return code 0
[2024-12-05T07:32:47.927+0000] {taskinstance.py:441} INFO - ::group::Post task execution logs
[2024-12-05T07:32:47.970+0000] {taskinstance.py:1206} INFO - Marking task as SUCCESS. dag_id=dbt_elt_process, task_id=dbt_run, run_id=manual__2024-12-05T07:32:32.041590+00:00, execution_date=20241205T073232, start_date=20241205T073233, end_date=20241205T073247
[2024-12-05T07:32:48.024+0000] {local_task_job_runner.py:240} INFO - Task exited with return code 0
[2024-12-05T07:32:48.049+0000] {taskinstance.py:3498} INFO - 1 downstream tasks scheduled from follow-on schedule check
[2024-12-05T07:32:48.049+0000] {local_task_job_runner.py:222} INFO - ::endgroup::
