[2024-12-05T18:40:59.866+0000] {local_task_job_runner.py:120} INFO - ::group::Pre task execution logs
[2024-12-05T18:40:59.885+0000] {taskinstance.py:2076} INFO - Dependencies all met for dep_context=non-requeueable deps ti=<TaskInstance: dbt_elt_process.dbt_run manual__2024-12-05T18:40:58.995455+00:00 [queued]>
[2024-12-05T18:40:59.888+0000] {taskinstance.py:2076} INFO - Dependencies all met for dep_context=requeueable deps ti=<TaskInstance: dbt_elt_process.dbt_run manual__2024-12-05T18:40:58.995455+00:00 [queued]>
[2024-12-05T18:40:59.888+0000] {taskinstance.py:2306} INFO - Starting attempt 1 of 1
[2024-12-05T18:40:59.892+0000] {taskinstance.py:2330} INFO - Executing <Task(BashOperator): dbt_run> on 2024-12-05 18:40:58.995455+00:00
[2024-12-05T18:40:59.897+0000] {standard_task_runner.py:90} INFO - Running: ['***', 'tasks', 'run', 'dbt_elt_process', 'dbt_run', 'manual__2024-12-05T18:40:58.995455+00:00', '--job-id', '875', '--raw', '--subdir', 'DAGS_FOLDER/dbt_elt_process.py', '--cfg-path', '/tmp/tmprnx0llwd']
[2024-12-05T18:40:59.903+0000] {standard_task_runner.py:91} INFO - Job 875: Subtask dbt_run
[2024-12-05T18:40:59.904+0000] {logging_mixin.py:188} WARNING - /home/***/.local/lib/python3.12/site-packages/***/task/task_runner/standard_task_runner.py:61 DeprecationWarning: This process (pid=4813) is multi-threaded, use of fork() may lead to deadlocks in the child.
[2024-12-05T18:40:59.905+0000] {standard_task_runner.py:63} INFO - Started process 4814 to run task
[2024-12-05T18:40:59.921+0000] {task_command.py:426} INFO - Running <TaskInstance: dbt_elt_process.dbt_run manual__2024-12-05T18:40:58.995455+00:00 [running]> on host a7c1fb604220
[2024-12-05T18:40:59.951+0000] {taskinstance.py:2648} INFO - Exporting env vars: AIRFLOW_CTX_DAG_OWNER='***' AIRFLOW_CTX_DAG_ID='dbt_elt_process' AIRFLOW_CTX_TASK_ID='dbt_run' AIRFLOW_CTX_EXECUTION_DATE='2024-12-05T18:40:58.995455+00:00' AIRFLOW_CTX_TRY_NUMBER='1' AIRFLOW_CTX_DAG_RUN_ID='manual__2024-12-05T18:40:58.995455+00:00'
[2024-12-05T18:40:59.951+0000] {taskinstance.py:430} INFO - ::endgroup::
[2024-12-05T18:40:59.957+0000] {subprocess.py:63} INFO - Tmp dir root location: /tmp
[2024-12-05T18:40:59.957+0000] {subprocess.py:75} INFO - Running command: ['/usr/bin/bash', '-c', '/home/***/.local/bin/dbt run --profiles-dir /opt/***/dbt_movie/ --project-dir /opt/***/dbt_movie/']
[2024-12-05T18:40:59.960+0000] {subprocess.py:86} INFO - Output:
[2024-12-05T18:41:00.785+0000] {subprocess.py:93} INFO - [0m18:41:00  Running with dbt=1.8.7
[2024-12-05T18:41:01.213+0000] {subprocess.py:93} INFO - [0m18:41:01  Registered adapter: snowflake=1.8.4
[2024-12-05T18:41:01.388+0000] {subprocess.py:93} INFO - [0m18:41:01  Found 7 models, 7 snapshots, 4 data tests, 9 sources, 459 macros
[2024-12-05T18:41:01.389+0000] {subprocess.py:93} INFO - [0m18:41:01
[2024-12-05T18:41:03.159+0000] {subprocess.py:93} INFO - [0m18:41:03  Concurrency: 1 threads (target='dev')
[2024-12-05T18:41:03.161+0000] {subprocess.py:93} INFO - [0m18:41:03
[2024-12-05T18:41:03.175+0000] {subprocess.py:93} INFO - [0m18:41:03  1 of 7 START sql view model analytics.staging_imdb_tmdb_movies ................. [RUN]
[2024-12-05T18:41:04.190+0000] {subprocess.py:93} INFO - [0m18:41:04  1 of 7 OK created sql view model analytics.staging_imdb_tmdb_movies ............ [[32mSUCCESS 1[0m in 1.01s]
[2024-12-05T18:41:04.196+0000] {subprocess.py:93} INFO - [0m18:41:04  2 of 7 START sql table model analytics.avg_popularity_by_language .............. [RUN]
[2024-12-05T18:41:05.514+0000] {subprocess.py:93} INFO - [0m18:41:05  2 of 7 OK created sql table model analytics.avg_popularity_by_language ......... [[32mSUCCESS 1[0m in 1.32s]
[2024-12-05T18:41:05.517+0000] {subprocess.py:93} INFO - [0m18:41:05  3 of 7 START sql table model analytics.avg_vote_count_by_genre ................. [RUN]
[2024-12-05T18:41:06.709+0000] {subprocess.py:93} INFO - [0m18:41:06  3 of 7 OK created sql table model analytics.avg_vote_count_by_genre ............ [[32mSUCCESS 1[0m in 1.19s]
[2024-12-05T18:41:06.713+0000] {subprocess.py:93} INFO - [0m18:41:06  4 of 7 START sql table model analytics.most_popular_genres ..................... [RUN]
[2024-12-05T18:41:08.033+0000] {subprocess.py:93} INFO - [0m18:41:08  4 of 7 OK created sql table model analytics.most_popular_genres ................ [[32mSUCCESS 1[0m in 1.32s]
[2024-12-05T18:41:08.037+0000] {subprocess.py:93} INFO - [0m18:41:08  5 of 7 START sql table model analytics.movies_by_genre ......................... [RUN]
[2024-12-05T18:41:09.260+0000] {subprocess.py:93} INFO - [0m18:41:09  5 of 7 OK created sql table model analytics.movies_by_genre .................... [[32mSUCCESS 1[0m in 1.22s]
[2024-12-05T18:41:09.265+0000] {subprocess.py:93} INFO - [0m18:41:09  6 of 7 START sql table model analytics.movies_by_release_year .................. [RUN]
[2024-12-05T18:41:10.548+0000] {subprocess.py:93} INFO - [0m18:41:10  6 of 7 OK created sql table model analytics.movies_by_release_year ............. [[32mSUCCESS 1[0m in 1.28s]
[2024-12-05T18:41:10.554+0000] {subprocess.py:93} INFO - [0m18:41:10  7 of 7 START sql table model analytics.top_10_most_popular_movies .............. [RUN]
[2024-12-05T18:41:11.956+0000] {subprocess.py:93} INFO - [0m18:41:11  7 of 7 OK created sql table model analytics.top_10_most_popular_movies ......... [[32mSUCCESS 1[0m in 1.40s]
[2024-12-05T18:41:11.965+0000] {subprocess.py:93} INFO - [0m18:41:11
[2024-12-05T18:41:11.966+0000] {subprocess.py:93} INFO - [0m18:41:11  Finished running 1 view model, 6 table models in 0 hours 0 minutes and 10.57 seconds (10.57s).
[2024-12-05T18:41:12.004+0000] {subprocess.py:93} INFO - [0m18:41:12
[2024-12-05T18:41:12.004+0000] {subprocess.py:93} INFO - [0m18:41:12  [32mCompleted successfully[0m
[2024-12-05T18:41:12.005+0000] {subprocess.py:93} INFO - [0m18:41:12
[2024-12-05T18:41:12.005+0000] {subprocess.py:93} INFO - [0m18:41:12  Done. PASS=7 WARN=0 ERROR=0 SKIP=0 TOTAL=7
[2024-12-05T18:41:12.700+0000] {subprocess.py:97} INFO - Command exited with return code 0
[2024-12-05T18:41:12.702+0000] {taskinstance.py:441} INFO - ::group::Post task execution logs
[2024-12-05T18:41:12.725+0000] {taskinstance.py:1206} INFO - Marking task as SUCCESS. dag_id=dbt_elt_process, task_id=dbt_run, run_id=manual__2024-12-05T18:40:58.995455+00:00, execution_date=20241205T184058, start_date=20241205T184059, end_date=20241205T184112
[2024-12-05T18:41:12.773+0000] {local_task_job_runner.py:240} INFO - Task exited with return code 0
[2024-12-05T18:41:12.789+0000] {taskinstance.py:3498} INFO - 1 downstream tasks scheduled from follow-on schedule check
[2024-12-05T18:41:12.790+0000] {local_task_job_runner.py:222} INFO - ::endgroup::
