[2024-12-05T18:40:04.394+0000] {local_task_job_runner.py:120} INFO - ::group::Pre task execution logs
[2024-12-05T18:40:04.414+0000] {taskinstance.py:2076} INFO - Dependencies all met for dep_context=non-requeueable deps ti=<TaskInstance: dbt_elt_process.dbt_run manual__2024-12-05T07:08:12.333135+00:00 [queued]>
[2024-12-05T18:40:04.416+0000] {taskinstance.py:2076} INFO - Dependencies all met for dep_context=requeueable deps ti=<TaskInstance: dbt_elt_process.dbt_run manual__2024-12-05T07:08:12.333135+00:00 [queued]>
[2024-12-05T18:40:04.417+0000] {taskinstance.py:2306} INFO - Starting attempt 3 of 3
[2024-12-05T18:40:04.421+0000] {taskinstance.py:2330} INFO - Executing <Task(BashOperator): dbt_run> on 2024-12-05 07:08:12.333135+00:00
[2024-12-05T18:40:04.425+0000] {standard_task_runner.py:90} INFO - Running: ['***', 'tasks', 'run', 'dbt_elt_process', 'dbt_run', 'manual__2024-12-05T07:08:12.333135+00:00', '--job-id', '869', '--raw', '--subdir', 'DAGS_FOLDER/dbt_elt_process.py', '--cfg-path', '/tmp/tmp8gm2bln4']
[2024-12-05T18:40:04.427+0000] {standard_task_runner.py:91} INFO - Job 869: Subtask dbt_run
[2024-12-05T18:40:04.426+0000] {logging_mixin.py:188} WARNING - /home/***/.local/lib/python3.12/site-packages/***/task/task_runner/standard_task_runner.py:61 DeprecationWarning: This process (pid=4642) is multi-threaded, use of fork() may lead to deadlocks in the child.
[2024-12-05T18:40:04.428+0000] {standard_task_runner.py:63} INFO - Started process 4643 to run task
[2024-12-05T18:40:04.444+0000] {task_command.py:426} INFO - Running <TaskInstance: dbt_elt_process.dbt_run manual__2024-12-05T07:08:12.333135+00:00 [running]> on host a7c1fb604220
[2024-12-05T18:40:04.483+0000] {taskinstance.py:2648} INFO - Exporting env vars: AIRFLOW_CTX_DAG_OWNER='***' AIRFLOW_CTX_DAG_ID='dbt_elt_process' AIRFLOW_CTX_TASK_ID='dbt_run' AIRFLOW_CTX_EXECUTION_DATE='2024-12-05T07:08:12.333135+00:00' AIRFLOW_CTX_TRY_NUMBER='3' AIRFLOW_CTX_DAG_RUN_ID='manual__2024-12-05T07:08:12.333135+00:00'
[2024-12-05T18:40:04.484+0000] {taskinstance.py:430} INFO - ::endgroup::
[2024-12-05T18:40:04.491+0000] {subprocess.py:63} INFO - Tmp dir root location: /tmp
[2024-12-05T18:40:04.491+0000] {subprocess.py:75} INFO - Running command: ['/usr/bin/bash', '-c', '/home/***/.local/bin/dbt run --profiles-dir /opt/***/dbt_movie/ --project-dir /opt/***/dbt_movie/']
[2024-12-05T18:40:04.494+0000] {subprocess.py:86} INFO - Output:
[2024-12-05T18:40:05.491+0000] {subprocess.py:93} INFO - [0m18:40:05  Running with dbt=1.8.7
[2024-12-05T18:40:06.002+0000] {subprocess.py:93} INFO - [0m18:40:06  Registered adapter: snowflake=1.8.4
[2024-12-05T18:40:06.097+0000] {subprocess.py:93} INFO - [0m18:40:06  Unable to do partial parsing because profile has changed
[2024-12-05T18:40:06.699+0000] {subprocess.py:93} INFO - [0m18:40:06  Found 7 models, 7 snapshots, 4 data tests, 9 sources, 459 macros
[2024-12-05T18:40:06.701+0000] {subprocess.py:93} INFO - [0m18:40:06
[2024-12-05T18:40:08.500+0000] {subprocess.py:93} INFO - [0m18:40:08  Concurrency: 1 threads (target='dev')
[2024-12-05T18:40:08.500+0000] {subprocess.py:93} INFO - [0m18:40:08
[2024-12-05T18:40:08.506+0000] {subprocess.py:93} INFO - [0m18:40:08  1 of 7 START sql view model analytics.staging_imdb_tmdb_movies ................. [RUN]
[2024-12-05T18:40:09.521+0000] {subprocess.py:93} INFO - [0m18:40:09  1 of 7 OK created sql view model analytics.staging_imdb_tmdb_movies ............ [[32mSUCCESS 1[0m in 1.01s]
[2024-12-05T18:40:09.525+0000] {subprocess.py:93} INFO - [0m18:40:09  2 of 7 START sql table model analytics.avg_popularity_by_language .............. [RUN]
[2024-12-05T18:40:10.940+0000] {subprocess.py:93} INFO - [0m18:40:10  2 of 7 OK created sql table model analytics.avg_popularity_by_language ......... [[32mSUCCESS 1[0m in 1.41s]
[2024-12-05T18:40:10.943+0000] {subprocess.py:93} INFO - [0m18:40:10  3 of 7 START sql table model analytics.avg_vote_count_by_genre ................. [RUN]
[2024-12-05T18:40:12.344+0000] {subprocess.py:93} INFO - [0m18:40:12  3 of 7 OK created sql table model analytics.avg_vote_count_by_genre ............ [[32mSUCCESS 1[0m in 1.40s]
[2024-12-05T18:40:12.348+0000] {subprocess.py:93} INFO - [0m18:40:12  4 of 7 START sql table model analytics.most_popular_genres ..................... [RUN]
[2024-12-05T18:40:13.820+0000] {subprocess.py:93} INFO - [0m18:40:13  4 of 7 OK created sql table model analytics.most_popular_genres ................ [[32mSUCCESS 1[0m in 1.47s]
[2024-12-05T18:40:13.824+0000] {subprocess.py:93} INFO - [0m18:40:13  5 of 7 START sql table model analytics.movies_by_genre ......................... [RUN]
[2024-12-05T18:40:15.079+0000] {subprocess.py:93} INFO - [0m18:40:15  5 of 7 OK created sql table model analytics.movies_by_genre .................... [[32mSUCCESS 1[0m in 1.25s]
[2024-12-05T18:40:15.083+0000] {subprocess.py:93} INFO - [0m18:40:15  6 of 7 START sql table model analytics.movies_by_release_year .................. [RUN]
[2024-12-05T18:40:16.347+0000] {subprocess.py:93} INFO - [0m18:40:16  6 of 7 OK created sql table model analytics.movies_by_release_year ............. [[32mSUCCESS 1[0m in 1.26s]
[2024-12-05T18:40:16.351+0000] {subprocess.py:93} INFO - [0m18:40:16  7 of 7 START sql table model analytics.top_10_most_popular_movies .............. [RUN]
[2024-12-05T18:40:17.651+0000] {subprocess.py:93} INFO - [0m18:40:17  7 of 7 OK created sql table model analytics.top_10_most_popular_movies ......... [[32mSUCCESS 1[0m in 1.30s]
[2024-12-05T18:40:17.657+0000] {subprocess.py:93} INFO - [0m18:40:17
[2024-12-05T18:40:17.658+0000] {subprocess.py:93} INFO - [0m18:40:17  Finished running 1 view model, 6 table models in 0 hours 0 minutes and 10.96 seconds (10.96s).
[2024-12-05T18:40:17.693+0000] {subprocess.py:93} INFO - [0m18:40:17
[2024-12-05T18:40:17.694+0000] {subprocess.py:93} INFO - [0m18:40:17  [32mCompleted successfully[0m
[2024-12-05T18:40:17.694+0000] {subprocess.py:93} INFO - [0m18:40:17
[2024-12-05T18:40:17.695+0000] {subprocess.py:93} INFO - [0m18:40:17  Done. PASS=7 WARN=0 ERROR=0 SKIP=0 TOTAL=7
[2024-12-05T18:40:18.354+0000] {subprocess.py:97} INFO - Command exited with return code 0
[2024-12-05T18:40:18.356+0000] {taskinstance.py:441} INFO - ::group::Post task execution logs
[2024-12-05T18:40:18.383+0000] {taskinstance.py:1206} INFO - Marking task as SUCCESS. dag_id=dbt_elt_process, task_id=dbt_run, run_id=manual__2024-12-05T07:08:12.333135+00:00, execution_date=20241205T070812, start_date=20241205T184004, end_date=20241205T184018
[2024-12-05T18:40:18.416+0000] {local_task_job_runner.py:240} INFO - Task exited with return code 0
[2024-12-05T18:40:18.439+0000] {taskinstance.py:3498} INFO - 1 downstream tasks scheduled from follow-on schedule check
[2024-12-05T18:40:18.439+0000] {local_task_job_runner.py:222} INFO - ::endgroup::
