[2024-12-05T18:41:19.969+0000] {local_task_job_runner.py:120} INFO - ::group::Pre task execution logs
[2024-12-05T18:41:19.984+0000] {taskinstance.py:2076} INFO - Dependencies all met for dep_context=non-requeueable deps ti=<TaskInstance: dbt_elt_process.dbt_snapshot manual__2024-12-05T18:40:58.995455+00:00 [queued]>
[2024-12-05T18:41:19.987+0000] {taskinstance.py:2076} INFO - Dependencies all met for dep_context=requeueable deps ti=<TaskInstance: dbt_elt_process.dbt_snapshot manual__2024-12-05T18:40:58.995455+00:00 [queued]>
[2024-12-05T18:41:19.987+0000] {taskinstance.py:2306} INFO - Starting attempt 1 of 1
[2024-12-05T18:41:19.991+0000] {taskinstance.py:2330} INFO - Executing <Task(BashOperator): dbt_snapshot> on 2024-12-05 18:40:58.995455+00:00
[2024-12-05T18:41:19.994+0000] {standard_task_runner.py:90} INFO - Running: ['***', 'tasks', 'run', 'dbt_elt_process', 'dbt_snapshot', 'manual__2024-12-05T18:40:58.995455+00:00', '--job-id', '877', '--raw', '--subdir', 'DAGS_FOLDER/dbt_elt_process.py', '--cfg-path', '/tmp/tmpr_3utguo']
[2024-12-05T18:41:19.997+0000] {standard_task_runner.py:91} INFO - Job 877: Subtask dbt_snapshot
[2024-12-05T18:41:19.997+0000] {logging_mixin.py:188} WARNING - /home/***/.local/lib/python3.12/site-packages/***/task/task_runner/standard_task_runner.py:61 DeprecationWarning: This process (pid=4850) is multi-threaded, use of fork() may lead to deadlocks in the child.
[2024-12-05T18:41:19.998+0000] {standard_task_runner.py:63} INFO - Started process 4851 to run task
[2024-12-05T18:41:20.013+0000] {task_command.py:426} INFO - Running <TaskInstance: dbt_elt_process.dbt_snapshot manual__2024-12-05T18:40:58.995455+00:00 [running]> on host a7c1fb604220
[2024-12-05T18:41:20.040+0000] {taskinstance.py:2648} INFO - Exporting env vars: AIRFLOW_CTX_DAG_OWNER='***' AIRFLOW_CTX_DAG_ID='dbt_elt_process' AIRFLOW_CTX_TASK_ID='dbt_snapshot' AIRFLOW_CTX_EXECUTION_DATE='2024-12-05T18:40:58.995455+00:00' AIRFLOW_CTX_TRY_NUMBER='1' AIRFLOW_CTX_DAG_RUN_ID='manual__2024-12-05T18:40:58.995455+00:00'
[2024-12-05T18:41:20.041+0000] {taskinstance.py:430} INFO - ::endgroup::
[2024-12-05T18:41:20.046+0000] {subprocess.py:63} INFO - Tmp dir root location: /tmp
[2024-12-05T18:41:20.046+0000] {subprocess.py:75} INFO - Running command: ['/usr/bin/bash', '-c', '/home/***/.local/bin/dbt snapshot --profiles-dir /opt/***/dbt_movie/ --project-dir /opt/***/dbt_movie/']
[2024-12-05T18:41:20.049+0000] {subprocess.py:86} INFO - Output:
[2024-12-05T18:41:20.860+0000] {subprocess.py:93} INFO - [0m18:41:20  Running with dbt=1.8.7
[2024-12-05T18:41:21.311+0000] {subprocess.py:93} INFO - [0m18:41:21  Registered adapter: snowflake=1.8.4
[2024-12-05T18:41:21.490+0000] {subprocess.py:93} INFO - [0m18:41:21  Found 7 models, 7 snapshots, 4 data tests, 9 sources, 459 macros
[2024-12-05T18:41:21.492+0000] {subprocess.py:93} INFO - [0m18:41:21
[2024-12-05T18:41:23.393+0000] {subprocess.py:93} INFO - [0m18:41:23  Concurrency: 1 threads (target='dev')
[2024-12-05T18:41:23.396+0000] {subprocess.py:93} INFO - [0m18:41:23
[2024-12-05T18:41:23.409+0000] {subprocess.py:93} INFO - [0m18:41:23  1 of 7 START snapshot snapshots.avg_popularity_by_language_snapshot ............ [RUN]
[2024-12-05T18:41:27.604+0000] {subprocess.py:93} INFO - [0m18:41:27  1 of 7 OK snapshotted snapshots.avg_popularity_by_language_snapshot ............ [[32mSUCCESS 0[0m in 4.19s]
[2024-12-05T18:41:27.608+0000] {subprocess.py:93} INFO - [0m18:41:27  2 of 7 START snapshot snapshots.avg_vote_count_by_genre_snapshot ............... [RUN]
[2024-12-05T18:41:31.273+0000] {subprocess.py:93} INFO - [0m18:41:31  2 of 7 OK snapshotted snapshots.avg_vote_count_by_genre_snapshot ............... [[32mSUCCESS 0[0m in 3.66s]
[2024-12-05T18:41:31.277+0000] {subprocess.py:93} INFO - [0m18:41:31  3 of 7 START snapshot snapshots.most_popular_genres_snapshot ................... [RUN]
[2024-12-05T18:41:35.340+0000] {subprocess.py:93} INFO - [0m18:41:35  3 of 7 OK snapshotted snapshots.most_popular_genres_snapshot ................... [[32mSUCCESS 0[0m in 4.06s]
[2024-12-05T18:41:35.344+0000] {subprocess.py:93} INFO - [0m18:41:35  4 of 7 START snapshot snapshots.movie_analytics_snapshot ....................... [RUN]
[2024-12-05T18:41:39.704+0000] {subprocess.py:93} INFO - [0m18:41:39  4 of 7 OK snapshotted snapshots.movie_analytics_snapshot ....................... [[32mSUCCESS 0[0m in 4.36s]
[2024-12-05T18:41:39.708+0000] {subprocess.py:93} INFO - [0m18:41:39  5 of 7 START snapshot snapshots.movies_by_genre_snapshot ....................... [RUN]
[2024-12-05T18:41:43.265+0000] {subprocess.py:93} INFO - [0m18:41:43  5 of 7 OK snapshotted snapshots.movies_by_genre_snapshot ....................... [[32mSUCCESS 0[0m in 3.55s]
[2024-12-05T18:41:43.274+0000] {subprocess.py:93} INFO - [0m18:41:43  6 of 7 START snapshot snapshots.movies_by_release_year_snapshot ................ [RUN]
[2024-12-05T18:41:46.946+0000] {subprocess.py:93} INFO - [0m18:41:46  6 of 7 OK snapshotted snapshots.movies_by_release_year_snapshot ................ [[32mSUCCESS 0[0m in 3.67s]
[2024-12-05T18:41:46.950+0000] {subprocess.py:93} INFO - [0m18:41:46  7 of 7 START snapshot snapshots.top_10_most_popular_movies_snapshot ............ [RUN]
[2024-12-05T18:41:50.428+0000] {subprocess.py:93} INFO - [0m18:41:50  7 of 7 OK snapshotted snapshots.top_10_most_popular_movies_snapshot ............ [[32mSUCCESS 0[0m in 3.47s]
[2024-12-05T18:41:50.437+0000] {subprocess.py:93} INFO - [0m18:41:50
[2024-12-05T18:41:50.438+0000] {subprocess.py:93} INFO - [0m18:41:50  Finished running 7 snapshots in 0 hours 0 minutes and 28.94 seconds (28.94s).
[2024-12-05T18:41:50.478+0000] {subprocess.py:93} INFO - [0m18:41:50
[2024-12-05T18:41:50.479+0000] {subprocess.py:93} INFO - [0m18:41:50  [32mCompleted successfully[0m
[2024-12-05T18:41:50.479+0000] {subprocess.py:93} INFO - [0m18:41:50
[2024-12-05T18:41:50.479+0000] {subprocess.py:93} INFO - [0m18:41:50  Done. PASS=7 WARN=0 ERROR=0 SKIP=0 TOTAL=7
[2024-12-05T18:41:51.152+0000] {subprocess.py:97} INFO - Command exited with return code 0
[2024-12-05T18:41:51.153+0000] {taskinstance.py:441} INFO - ::group::Post task execution logs
[2024-12-05T18:41:51.172+0000] {taskinstance.py:1206} INFO - Marking task as SUCCESS. dag_id=dbt_elt_process, task_id=dbt_snapshot, run_id=manual__2024-12-05T18:40:58.995455+00:00, execution_date=20241205T184058, start_date=20241205T184119, end_date=20241205T184151
[2024-12-05T18:41:51.220+0000] {local_task_job_runner.py:240} INFO - Task exited with return code 0
[2024-12-05T18:41:51.233+0000] {taskinstance.py:3498} INFO - 0 downstream tasks scheduled from follow-on schedule check
[2024-12-05T18:41:51.233+0000] {local_task_job_runner.py:222} INFO - ::endgroup::
