[2024-12-05T18:40:28.073+0000] {local_task_job_runner.py:120} INFO - ::group::Pre task execution logs
[2024-12-05T18:40:28.086+0000] {taskinstance.py:2076} INFO - Dependencies all met for dep_context=non-requeueable deps ti=<TaskInstance: dbt_elt_process.dbt_snapshot manual__2024-12-05T07:23:21.096389+00:00 [queued]>
[2024-12-05T18:40:28.089+0000] {taskinstance.py:2076} INFO - Dependencies all met for dep_context=requeueable deps ti=<TaskInstance: dbt_elt_process.dbt_snapshot manual__2024-12-05T07:23:21.096389+00:00 [queued]>
[2024-12-05T18:40:28.089+0000] {taskinstance.py:2306} INFO - Starting attempt 1 of 1
[2024-12-05T18:40:28.093+0000] {taskinstance.py:2330} INFO - Executing <Task(BashOperator): dbt_snapshot> on 2024-12-05 07:23:21.096389+00:00
[2024-12-05T18:40:28.099+0000] {logging_mixin.py:188} WARNING - /home/***/.local/lib/python3.12/site-packages/***/task/task_runner/standard_task_runner.py:61 DeprecationWarning: This process (pid=4758) is multi-threaded, use of fork() may lead to deadlocks in the child.
[2024-12-05T18:40:28.097+0000] {standard_task_runner.py:90} INFO - Running: ['***', 'tasks', 'run', 'dbt_elt_process', 'dbt_snapshot', 'manual__2024-12-05T07:23:21.096389+00:00', '--job-id', '874', '--raw', '--subdir', 'DAGS_FOLDER/dbt_elt_process.py', '--cfg-path', '/tmp/tmpftfjperh']
[2024-12-05T18:40:28.099+0000] {standard_task_runner.py:63} INFO - Started process 4760 to run task
[2024-12-05T18:40:28.099+0000] {standard_task_runner.py:91} INFO - Job 874: Subtask dbt_snapshot
[2024-12-05T18:40:28.115+0000] {task_command.py:426} INFO - Running <TaskInstance: dbt_elt_process.dbt_snapshot manual__2024-12-05T07:23:21.096389+00:00 [running]> on host a7c1fb604220
[2024-12-05T18:40:28.144+0000] {taskinstance.py:2648} INFO - Exporting env vars: AIRFLOW_CTX_DAG_OWNER='***' AIRFLOW_CTX_DAG_ID='dbt_elt_process' AIRFLOW_CTX_TASK_ID='dbt_snapshot' AIRFLOW_CTX_EXECUTION_DATE='2024-12-05T07:23:21.096389+00:00' AIRFLOW_CTX_TRY_NUMBER='1' AIRFLOW_CTX_DAG_RUN_ID='manual__2024-12-05T07:23:21.096389+00:00'
[2024-12-05T18:40:28.145+0000] {taskinstance.py:430} INFO - ::endgroup::
[2024-12-05T18:40:28.153+0000] {subprocess.py:63} INFO - Tmp dir root location: /tmp
[2024-12-05T18:40:28.153+0000] {subprocess.py:75} INFO - Running command: ['/usr/bin/bash', '-c', '/home/***/.local/bin/dbt snapshot --profiles-dir /opt/***/dbt_movie/ --project-dir /opt/***/dbt_movie/']
[2024-12-05T18:40:28.156+0000] {subprocess.py:86} INFO - Output:
[2024-12-05T18:40:28.997+0000] {subprocess.py:93} INFO - [0m18:40:28  Running with dbt=1.8.7
[2024-12-05T18:40:29.364+0000] {subprocess.py:93} INFO - [0m18:40:29  Registered adapter: snowflake=1.8.4
[2024-12-05T18:40:29.531+0000] {subprocess.py:93} INFO - [0m18:40:29  Found 7 models, 7 snapshots, 4 data tests, 9 sources, 459 macros
[2024-12-05T18:40:29.532+0000] {subprocess.py:93} INFO - [0m18:40:29
[2024-12-05T18:40:31.150+0000] {subprocess.py:93} INFO - [0m18:40:31  Concurrency: 1 threads (target='dev')
[2024-12-05T18:40:31.152+0000] {subprocess.py:93} INFO - [0m18:40:31
[2024-12-05T18:40:31.163+0000] {subprocess.py:93} INFO - [0m18:40:31  1 of 7 START snapshot snapshots.avg_popularity_by_language_snapshot ............ [RUN]
[2024-12-05T18:40:34.797+0000] {subprocess.py:93} INFO - [0m18:40:34  1 of 7 OK snapshotted snapshots.avg_popularity_by_language_snapshot ............ [[32mSUCCESS 4[0m in 3.63s]
[2024-12-05T18:40:34.801+0000] {subprocess.py:93} INFO - [0m18:40:34  2 of 7 START snapshot snapshots.avg_vote_count_by_genre_snapshot ............... [RUN]
[2024-12-05T18:40:38.309+0000] {subprocess.py:93} INFO - [0m18:40:38  2 of 7 OK snapshotted snapshots.avg_vote_count_by_genre_snapshot ............... [[32mSUCCESS 0[0m in 3.50s]
[2024-12-05T18:40:38.313+0000] {subprocess.py:93} INFO - [0m18:40:38  3 of 7 START snapshot snapshots.most_popular_genres_snapshot ................... [RUN]
[2024-12-05T18:40:41.627+0000] {subprocess.py:93} INFO - [0m18:40:41  3 of 7 OK snapshotted snapshots.most_popular_genres_snapshot ................... [[32mSUCCESS 0[0m in 3.31s]
[2024-12-05T18:40:41.630+0000] {subprocess.py:93} INFO - [0m18:40:41  4 of 7 START snapshot snapshots.movie_analytics_snapshot ....................... [RUN]
[2024-12-05T18:40:45.300+0000] {subprocess.py:93} INFO - [0m18:40:45  4 of 7 OK snapshotted snapshots.movie_analytics_snapshot ....................... [[32mSUCCESS 0[0m in 3.67s]
[2024-12-05T18:40:45.304+0000] {subprocess.py:93} INFO - [0m18:40:45  5 of 7 START snapshot snapshots.movies_by_genre_snapshot ....................... [RUN]
[2024-12-05T18:40:49.095+0000] {subprocess.py:93} INFO - [0m18:40:49  5 of 7 OK snapshotted snapshots.movies_by_genre_snapshot ....................... [[32mSUCCESS 0[0m in 3.78s]
[2024-12-05T18:40:49.100+0000] {subprocess.py:93} INFO - [0m18:40:49  6 of 7 START snapshot snapshots.movies_by_release_year_snapshot ................ [RUN]
[2024-12-05T18:40:52.837+0000] {subprocess.py:93} INFO - [0m18:40:52  6 of 7 OK snapshotted snapshots.movies_by_release_year_snapshot ................ [[32mSUCCESS 0[0m in 3.73s]
[2024-12-05T18:40:52.841+0000] {subprocess.py:93} INFO - [0m18:40:52  7 of 7 START snapshot snapshots.top_10_most_popular_movies_snapshot ............ [RUN]
[2024-12-05T18:40:56.581+0000] {subprocess.py:93} INFO - [0m18:40:56  7 of 7 OK snapshotted snapshots.top_10_most_popular_movies_snapshot ............ [[32mSUCCESS 0[0m in 3.74s]
[2024-12-05T18:40:56.591+0000] {subprocess.py:93} INFO - [0m18:40:56
[2024-12-05T18:40:56.592+0000] {subprocess.py:93} INFO - [0m18:40:56  Finished running 7 snapshots in 0 hours 0 minutes and 27.06 seconds (27.06s).
[2024-12-05T18:40:56.629+0000] {subprocess.py:93} INFO - [0m18:40:56
[2024-12-05T18:40:56.629+0000] {subprocess.py:93} INFO - [0m18:40:56  [32mCompleted successfully[0m
[2024-12-05T18:40:56.629+0000] {subprocess.py:93} INFO - [0m18:40:56
[2024-12-05T18:40:56.630+0000] {subprocess.py:93} INFO - [0m18:40:56  Done. PASS=7 WARN=0 ERROR=0 SKIP=0 TOTAL=7
[2024-12-05T18:40:57.256+0000] {subprocess.py:97} INFO - Command exited with return code 0
[2024-12-05T18:40:57.257+0000] {taskinstance.py:441} INFO - ::group::Post task execution logs
[2024-12-05T18:40:57.277+0000] {taskinstance.py:1206} INFO - Marking task as SUCCESS. dag_id=dbt_elt_process, task_id=dbt_snapshot, run_id=manual__2024-12-05T07:23:21.096389+00:00, execution_date=20241205T072321, start_date=20241205T184028, end_date=20241205T184057
[2024-12-05T18:40:57.311+0000] {local_task_job_runner.py:240} INFO - Task exited with return code 0
[2024-12-05T18:40:57.319+0000] {taskinstance.py:3498} INFO - 0 downstream tasks scheduled from follow-on schedule check
[2024-12-05T18:40:57.319+0000] {local_task_job_runner.py:222} INFO - ::endgroup::
