[2024-12-05T18:40:08.369+0000] {local_task_job_runner.py:120} INFO - ::group::Pre task execution logs
[2024-12-05T18:40:08.384+0000] {taskinstance.py:2076} INFO - Dependencies all met for dep_context=non-requeueable deps ti=<TaskInstance: dbt_elt_process.dbt_run manual__2024-12-05T07:23:21.096389+00:00 [queued]>
[2024-12-05T18:40:08.387+0000] {taskinstance.py:2076} INFO - Dependencies all met for dep_context=requeueable deps ti=<TaskInstance: dbt_elt_process.dbt_run manual__2024-12-05T07:23:21.096389+00:00 [queued]>
[2024-12-05T18:40:08.387+0000] {taskinstance.py:2306} INFO - Starting attempt 2 of 2
[2024-12-05T18:40:08.393+0000] {taskinstance.py:2330} INFO - Executing <Task(BashOperator): dbt_run> on 2024-12-05 07:23:21.096389+00:00
[2024-12-05T18:40:08.397+0000] {standard_task_runner.py:90} INFO - Running: ['***', 'tasks', 'run', 'dbt_elt_process', 'dbt_run', 'manual__2024-12-05T07:23:21.096389+00:00', '--job-id', '870', '--raw', '--subdir', 'DAGS_FOLDER/dbt_elt_process.py', '--cfg-path', '/tmp/tmpmpfvox6h']
[2024-12-05T18:40:08.398+0000] {logging_mixin.py:188} WARNING - /home/***/.local/lib/python3.12/site-packages/***/task/task_runner/standard_task_runner.py:61 DeprecationWarning: This process (pid=4665) is multi-threaded, use of fork() may lead to deadlocks in the child.
[2024-12-05T18:40:08.398+0000] {standard_task_runner.py:91} INFO - Job 870: Subtask dbt_run
[2024-12-05T18:40:08.399+0000] {standard_task_runner.py:63} INFO - Started process 4666 to run task
[2024-12-05T18:40:08.417+0000] {task_command.py:426} INFO - Running <TaskInstance: dbt_elt_process.dbt_run manual__2024-12-05T07:23:21.096389+00:00 [running]> on host a7c1fb604220
[2024-12-05T18:40:08.446+0000] {taskinstance.py:2648} INFO - Exporting env vars: AIRFLOW_CTX_DAG_OWNER='***' AIRFLOW_CTX_DAG_ID='dbt_elt_process' AIRFLOW_CTX_TASK_ID='dbt_run' AIRFLOW_CTX_EXECUTION_DATE='2024-12-05T07:23:21.096389+00:00' AIRFLOW_CTX_TRY_NUMBER='2' AIRFLOW_CTX_DAG_RUN_ID='manual__2024-12-05T07:23:21.096389+00:00'
[2024-12-05T18:40:08.447+0000] {taskinstance.py:430} INFO - ::endgroup::
[2024-12-05T18:40:08.453+0000] {subprocess.py:63} INFO - Tmp dir root location: /tmp
[2024-12-05T18:40:08.454+0000] {subprocess.py:75} INFO - Running command: ['/usr/bin/bash', '-c', '/home/***/.local/bin/dbt run --profiles-dir /opt/***/dbt_movie/ --project-dir /opt/***/dbt_movie/']
[2024-12-05T18:40:08.457+0000] {subprocess.py:86} INFO - Output:
[2024-12-05T18:40:09.336+0000] {subprocess.py:93} INFO - [0m18:40:09  Running with dbt=1.8.7
[2024-12-05T18:40:09.822+0000] {subprocess.py:93} INFO - [0m18:40:09  Registered adapter: snowflake=1.8.4
[2024-12-05T18:40:09.998+0000] {subprocess.py:93} INFO - [0m18:40:09  Found 7 models, 7 snapshots, 4 data tests, 9 sources, 459 macros
[2024-12-05T18:40:09.999+0000] {subprocess.py:93} INFO - [0m18:40:09
[2024-12-05T18:40:11.780+0000] {subprocess.py:93} INFO - [0m18:40:11  Concurrency: 1 threads (target='dev')
[2024-12-05T18:40:11.780+0000] {subprocess.py:93} INFO - [0m18:40:11
[2024-12-05T18:40:11.790+0000] {subprocess.py:93} INFO - [0m18:40:11  1 of 7 START sql view model analytics.staging_imdb_tmdb_movies ................. [RUN]
[2024-12-05T18:40:12.794+0000] {subprocess.py:93} INFO - [0m18:40:12  1 of 7 OK created sql view model analytics.staging_imdb_tmdb_movies ............ [[32mSUCCESS 1[0m in 1.00s]
[2024-12-05T18:40:12.797+0000] {subprocess.py:93} INFO - [0m18:40:12  2 of 7 START sql table model analytics.avg_popularity_by_language .............. [RUN]
[2024-12-05T18:40:14.121+0000] {subprocess.py:93} INFO - [0m18:40:14  2 of 7 OK created sql table model analytics.avg_popularity_by_language ......... [[32mSUCCESS 1[0m in 1.32s]
[2024-12-05T18:40:14.123+0000] {subprocess.py:93} INFO - [0m18:40:14  3 of 7 START sql table model analytics.avg_vote_count_by_genre ................. [RUN]
[2024-12-05T18:40:15.374+0000] {subprocess.py:93} INFO - [0m18:40:15  3 of 7 OK created sql table model analytics.avg_vote_count_by_genre ............ [[32mSUCCESS 1[0m in 1.25s]
[2024-12-05T18:40:15.377+0000] {subprocess.py:93} INFO - [0m18:40:15  4 of 7 START sql table model analytics.most_popular_genres ..................... [RUN]
[2024-12-05T18:40:16.566+0000] {subprocess.py:93} INFO - [0m18:40:16  4 of 7 OK created sql table model analytics.most_popular_genres ................ [[32mSUCCESS 1[0m in 1.18s]
[2024-12-05T18:40:16.569+0000] {subprocess.py:93} INFO - [0m18:40:16  5 of 7 START sql table model analytics.movies_by_genre ......................... [RUN]
[2024-12-05T18:40:17.743+0000] {subprocess.py:93} INFO - [0m18:40:17  5 of 7 OK created sql table model analytics.movies_by_genre .................... [[32mSUCCESS 1[0m in 1.17s]
[2024-12-05T18:40:17.744+0000] {subprocess.py:93} INFO - [0m18:40:17  6 of 7 START sql table model analytics.movies_by_release_year .................. [RUN]
[2024-12-05T18:40:18.994+0000] {subprocess.py:93} INFO - [0m18:40:18  6 of 7 OK created sql table model analytics.movies_by_release_year ............. [[32mSUCCESS 1[0m in 1.25s]
[2024-12-05T18:40:18.997+0000] {subprocess.py:93} INFO - [0m18:40:18  7 of 7 START sql table model analytics.top_10_most_popular_movies .............. [RUN]
[2024-12-05T18:40:20.285+0000] {subprocess.py:93} INFO - [0m18:40:20  7 of 7 OK created sql table model analytics.top_10_most_popular_movies ......... [[32mSUCCESS 1[0m in 1.29s]
[2024-12-05T18:40:20.287+0000] {subprocess.py:93} INFO - [0m18:40:20
[2024-12-05T18:40:20.288+0000] {subprocess.py:93} INFO - [0m18:40:20  Finished running 1 view model, 6 table models in 0 hours 0 minutes and 10.29 seconds (10.29s).
[2024-12-05T18:40:20.309+0000] {subprocess.py:93} INFO - [0m18:40:20
[2024-12-05T18:40:20.310+0000] {subprocess.py:93} INFO - [0m18:40:20  [32mCompleted successfully[0m
[2024-12-05T18:40:20.310+0000] {subprocess.py:93} INFO - [0m18:40:20
[2024-12-05T18:40:20.310+0000] {subprocess.py:93} INFO - [0m18:40:20  Done. PASS=7 WARN=0 ERROR=0 SKIP=0 TOTAL=7
[2024-12-05T18:40:20.981+0000] {subprocess.py:97} INFO - Command exited with return code 0
[2024-12-05T18:40:20.983+0000] {taskinstance.py:441} INFO - ::group::Post task execution logs
[2024-12-05T18:40:21.005+0000] {taskinstance.py:1206} INFO - Marking task as SUCCESS. dag_id=dbt_elt_process, task_id=dbt_run, run_id=manual__2024-12-05T07:23:21.096389+00:00, execution_date=20241205T072321, start_date=20241205T184008, end_date=20241205T184021
[2024-12-05T18:40:21.021+0000] {local_task_job_runner.py:240} INFO - Task exited with return code 0
[2024-12-05T18:40:21.033+0000] {taskinstance.py:3498} INFO - 1 downstream tasks scheduled from follow-on schedule check
[2024-12-05T18:40:21.033+0000] {local_task_job_runner.py:222} INFO - ::endgroup::
